[openstudio.runmanager.RunManager] <-1> Time to load for uuid: {d29c6ab0-9d3d-4645-9022-56695207b2d6} 0
[openstudio.runmanager.RunManager] <-1> Time to parse tools for uuid: {d29c6ab0-9d3d-4645-9022-56695207b2d6} 0
[openstudio.runmanager.RunManager] <-1> Time to parse params for uuid: {d29c6ab0-9d3d-4645-9022-56695207b2d6} 0
[openstudio.runmanager.RunManager] <-1> Time to parse files for uuid: {d29c6ab0-9d3d-4645-9022-56695207b2d6} 0
[openstudio.runmanager.RunManager] <-1> Time to load for uuid: {7b5cb69f-9cae-46bb-8750-937927639970} 0
[openstudio.runmanager.RunManager] <-1> Time to parse tools for uuid: {7b5cb69f-9cae-46bb-8750-937927639970} 0
[openstudio.runmanager.RunManager] <-1> Time to parse params for uuid: {7b5cb69f-9cae-46bb-8750-937927639970} 0
[openstudio.runmanager.RunManager] <-1> Time to parse files for uuid: {7b5cb69f-9cae-46bb-8750-937927639970} 0
[openstudio.runmanager.RunManager] <-1> Time to load for uuid: {d884872e-fde0-48e5-9ca3-d88c2d316d1a} 0
[openstudio.runmanager.RunManager] <-1> Time to parse tools for uuid: {d884872e-fde0-48e5-9ca3-d88c2d316d1a} 0
[openstudio.runmanager.RunManager] <-1> Time to parse params for uuid: {d884872e-fde0-48e5-9ca3-d88c2d316d1a} 0
[openstudio.runmanager.RunManager] <-1> Time to parse files for uuid: {d884872e-fde0-48e5-9ca3-d88c2d316d1a} 0
[openstudio.runmanager.RunManager] <-1> Time to load for uuid: {e0cc9c6e-bd02-4e49-aef1-64abae23d828} 0
[openstudio.runmanager.RunManager] <-1> Time to parse tools for uuid: {e0cc9c6e-bd02-4e49-aef1-64abae23d828} 0
[openstudio.runmanager.RunManager] <-1> Time to parse params for uuid: {e0cc9c6e-bd02-4e49-aef1-64abae23d828} 0
[openstudio.runmanager.RunManager] <-1> Time to parse files for uuid: {e0cc9c6e-bd02-4e49-aef1-64abae23d828} 0
[openstudio.runmanager.RunManager] <-1> Time to load for uuid: {d32e6408-6fbb-45ef-873b-37c7161175a8} 0
[openstudio.runmanager.RunManager] <-1> Time to parse tools for uuid: {d32e6408-6fbb-45ef-873b-37c7161175a8} 0
[openstudio.runmanager.RunManager] <-1> Time to parse params for uuid: {d32e6408-6fbb-45ef-873b-37c7161175a8} 0
[openstudio.runmanager.RunManager] <-1> Time to parse files for uuid: {d32e6408-6fbb-45ef-873b-37c7161175a8} 0
[RunManager.ConfigOptions] <-1> Tools list in QSettings is from a previous version of OpenStudio, ignoring
[RunManager.ConfigOptions] <-1> RunManager settings in QSettings is from a previous version of OpenStudio, ignoring
[openstudio.LocalLibraryController] <-2> Creating LocalLibraryController with base app 000000000021FAE0
[openstudio.MeasureManager] <1> UUID of user measure at 'C:/Users/jmaguire/BCL/e6642d40-7366-4647-8724-53a37991d579/662dc30c-678c-467d-a6be-15e075a3885b' conflicts with other measure, other measure will be used instead
[openstudio.MeasureManager] <1> UUID of user measure at 'C:/Users/jmaguire/BCL/fc337100-8634-404e-8966-01243d292a79/c418b65d-aa8d-41c2-98b3-7ae3af82a788' conflicts with other measure, other measure will be used instead
[openstudio.MeasureManager] <1> UUID of user measure at 'C:/Users/jmaguire/BCL/e6642d40-7366-4647-8724-53a37991d579/662dc30c-678c-467d-a6be-15e075a3885b' conflicts with other measure, other measure will be used instead
[openstudio.MeasureManager] <1> UUID of user measure at 'C:/Users/jmaguire/BCL/fc337100-8634-404e-8966-01243d292a79/c418b65d-aa8d-41c2-98b3-7ae3af82a788' conflicts with other measure, other measure will be used instead
[openstudio.MeasureManager] <1> UUID of user measure at 'C:/Users/jmaguire/BCL/e6642d40-7366-4647-8724-53a37991d579/662dc30c-678c-467d-a6be-15e075a3885b' conflicts with other measure, other measure will be used instead
[openstudio.MeasureManager] <1> UUID of user measure at 'C:/Users/jmaguire/BCL/fc337100-8634-404e-8966-01243d292a79/c418b65d-aa8d-41c2-98b3-7ae3af82a788' conflicts with other measure, other measure will be used instead
[openstudio.MeasureManager] <1> UUID of user measure at 'C:/Users/jmaguire/BCL/e6642d40-7366-4647-8724-53a37991d579/662dc30c-678c-467d-a6be-15e075a3885b' conflicts with other measure, other measure will be used instead
[openstudio.MeasureManager] <1> UUID of user measure at 'C:/Users/jmaguire/BCL/fc337100-8634-404e-8966-01243d292a79/c418b65d-aa8d-41c2-98b3-7ae3af82a788' conflicts with other measure, other measure will be used instead
[openstudio.MeasureManager] <1> UUID of user measure at 'C:/Users/jmaguire/BCL/e6642d40-7366-4647-8724-53a37991d579/662dc30c-678c-467d-a6be-15e075a3885b' conflicts with other measure, other measure will be used instead
[openstudio.MeasureManager] <1> UUID of user measure at 'C:/Users/jmaguire/BCL/fc337100-8634-404e-8966-01243d292a79/c418b65d-aa8d-41c2-98b3-7ae3af82a788' conflicts with other measure, other measure will be used instead
[openstudio.MeasureManager] <1> UUID of user measure at 'C:/Users/jmaguire/BCL/e6642d40-7366-4647-8724-53a37991d579/662dc30c-678c-467d-a6be-15e075a3885b' conflicts with other measure, other measure will be used instead
[openstudio.MeasureManager] <1> UUID of user measure at 'C:/Users/jmaguire/BCL/fc337100-8634-404e-8966-01243d292a79/c418b65d-aa8d-41c2-98b3-7ae3af82a788' conflicts with other measure, other measure will be used instead
[openstudio.MeasureManager] <1> UUID of user measure at 'C:/Users/jmaguire/BCL/e6642d40-7366-4647-8724-53a37991d579/662dc30c-678c-467d-a6be-15e075a3885b' conflicts with other measure, other measure will be used instead
[openstudio.MeasureManager] <1> UUID of user measure at 'C:/Users/jmaguire/BCL/fc337100-8634-404e-8966-01243d292a79/c418b65d-aa8d-41c2-98b3-7ae3af82a788' conflicts with other measure, other measure will be used instead
[openstudio.MeasureManager] <1> UUID of user measure at 'C:/Users/jmaguire/BCL/e6642d40-7366-4647-8724-53a37991d579/662dc30c-678c-467d-a6be-15e075a3885b' conflicts with other measure, other measure will be used instead
[openstudio.MeasureManager] <1> UUID of user measure at 'C:/Users/jmaguire/BCL/fc337100-8634-404e-8966-01243d292a79/c418b65d-aa8d-41c2-98b3-7ae3af82a788' conflicts with other measure, other measure will be used instead
[openstudio.MeasureManager] <1> UUID of user measure at 'C:/Users/jmaguire/BCL/e6642d40-7366-4647-8724-53a37991d579/662dc30c-678c-467d-a6be-15e075a3885b' conflicts with other measure, other measure will be used instead
[openstudio.MeasureManager] <1> UUID of user measure at 'C:/Users/jmaguire/BCL/fc337100-8634-404e-8966-01243d292a79/c418b65d-aa8d-41c2-98b3-7ae3af82a788' conflicts with other measure, other measure will be used instead
[openstudio.MeasureManager] <1> UUID of user measure at 'C:/Users/jmaguire/BCL/e6642d40-7366-4647-8724-53a37991d579/662dc30c-678c-467d-a6be-15e075a3885b' conflicts with other measure, other measure will be used instead
[openstudio.MeasureManager] <1> UUID of user measure at 'C:/Users/jmaguire/BCL/fc337100-8634-404e-8966-01243d292a79/c418b65d-aa8d-41c2-98b3-7ae3af82a788' conflicts with other measure, other measure will be used instead
[openstudio.MeasureManager] <1> UUID of user measure at 'C:/Users/jmaguire/BCL/e6642d40-7366-4647-8724-53a37991d579/662dc30c-678c-467d-a6be-15e075a3885b' conflicts with other measure, other measure will be used instead
[openstudio.MeasureManager] <1> UUID of user measure at 'C:/Users/jmaguire/BCL/fc337100-8634-404e-8966-01243d292a79/c418b65d-aa8d-41c2-98b3-7ae3af82a788' conflicts with other measure, other measure will be used instead
[openstudio.MeasureManager] <1> UUID of user measure at 'C:/Users/jmaguire/BCL/e6642d40-7366-4647-8724-53a37991d579/662dc30c-678c-467d-a6be-15e075a3885b' conflicts with other measure, other measure will be used instead
[openstudio.MeasureManager] <1> UUID of user measure at 'C:/Users/jmaguire/BCL/fc337100-8634-404e-8966-01243d292a79/c418b65d-aa8d-41c2-98b3-7ae3af82a788' conflicts with other measure, other measure will be used instead
[openstudio.MeasureManager] <1> UUID of user measure at 'C:/Users/jmaguire/BCL/e6642d40-7366-4647-8724-53a37991d579/662dc30c-678c-467d-a6be-15e075a3885b' conflicts with other measure, other measure will be used instead
[openstudio.MeasureManager] <1> UUID of user measure at 'C:/Users/jmaguire/BCL/fc337100-8634-404e-8966-01243d292a79/c418b65d-aa8d-41c2-98b3-7ae3af82a788' conflicts with other measure, other measure will be used instead
[openstudio.MeasureManager] <1> UUID of user measure at 'C:/Users/jmaguire/BCL/e6642d40-7366-4647-8724-53a37991d579/662dc30c-678c-467d-a6be-15e075a3885b' conflicts with other measure, other measure will be used instead
[openstudio.MeasureManager] <1> UUID of user measure at 'C:/Users/jmaguire/BCL/fc337100-8634-404e-8966-01243d292a79/c418b65d-aa8d-41c2-98b3-7ae3af82a788' conflicts with other measure, other measure will be used instead
[openstudio.MeasureManager] <1> UUID of user measure at 'C:/Users/jmaguire/BCL/e6642d40-7366-4647-8724-53a37991d579/662dc30c-678c-467d-a6be-15e075a3885b' conflicts with other measure, other measure will be used instead
[openstudio.MeasureManager] <1> UUID of user measure at 'C:/Users/jmaguire/BCL/fc337100-8634-404e-8966-01243d292a79/c418b65d-aa8d-41c2-98b3-7ae3af82a788' conflicts with other measure, other measure will be used instead
[openstudio.MeasureManager] <1> UUID of user measure at 'C:/Users/jmaguire/BCL/e6642d40-7366-4647-8724-53a37991d579/662dc30c-678c-467d-a6be-15e075a3885b' conflicts with other measure, other measure will be used instead
[openstudio.MeasureManager] <1> UUID of user measure at 'C:/Users/jmaguire/BCL/fc337100-8634-404e-8966-01243d292a79/c418b65d-aa8d-41c2-98b3-7ae3af82a788' conflicts with other measure, other measure will be used instead
[openstudio.MeasureManager] <1> UUID of user measure at 'C:/Users/jmaguire/BCL/e6642d40-7366-4647-8724-53a37991d579/662dc30c-678c-467d-a6be-15e075a3885b' conflicts with other measure, other measure will be used instead
[openstudio.MeasureManager] <1> UUID of user measure at 'C:/Users/jmaguire/BCL/fc337100-8634-404e-8966-01243d292a79/c418b65d-aa8d-41c2-98b3-7ae3af82a788' conflicts with other measure, other measure will be used instead
[openstudio.MeasureManager] <1> UUID of user measure at 'C:/Users/jmaguire/BCL/e6642d40-7366-4647-8724-53a37991d579/662dc30c-678c-467d-a6be-15e075a3885b' conflicts with other measure, other measure will be used instead
[openstudio.MeasureManager] <1> UUID of user measure at 'C:/Users/jmaguire/BCL/fc337100-8634-404e-8966-01243d292a79/c418b65d-aa8d-41c2-98b3-7ae3af82a788' conflicts with other measure, other measure will be used instead
[openstudio.MeasureManager] <1> UUID of user measure at 'C:/Users/jmaguire/BCL/e6642d40-7366-4647-8724-53a37991d579/662dc30c-678c-467d-a6be-15e075a3885b' conflicts with other measure, other measure will be used instead
[openstudio.MeasureManager] <1> UUID of user measure at 'C:/Users/jmaguire/BCL/fc337100-8634-404e-8966-01243d292a79/c418b65d-aa8d-41c2-98b3-7ae3af82a788' conflicts with other measure, other measure will be used instead
[openstudio.MeasureManager] <1> UUID of user measure at 'C:/Users/jmaguire/BCL/e6642d40-7366-4647-8724-53a37991d579/662dc30c-678c-467d-a6be-15e075a3885b' conflicts with other measure, other measure will be used instead
[openstudio.MeasureManager] <1> UUID of user measure at 'C:/Users/jmaguire/BCL/fc337100-8634-404e-8966-01243d292a79/c418b65d-aa8d-41c2-98b3-7ae3af82a788' conflicts with other measure, other measure will be used instead
[openstudio.MeasureManager] <1> UUID of user measure at 'C:/Users/jmaguire/BCL/e6642d40-7366-4647-8724-53a37991d579/662dc30c-678c-467d-a6be-15e075a3885b' conflicts with other measure, other measure will be used instead
[openstudio.MeasureManager] <1> UUID of user measure at 'C:/Users/jmaguire/BCL/fc337100-8634-404e-8966-01243d292a79/c418b65d-aa8d-41c2-98b3-7ae3af82a788' conflicts with other measure, other measure will be used instead
[openstudio.MeasureManager] <1> UUID of user measure at 'C:/Users/jmaguire/BCL/e6642d40-7366-4647-8724-53a37991d579/662dc30c-678c-467d-a6be-15e075a3885b' conflicts with other measure, other measure will be used instead
[openstudio.MeasureManager] <1> UUID of user measure at 'C:/Users/jmaguire/BCL/fc337100-8634-404e-8966-01243d292a79/c418b65d-aa8d-41c2-98b3-7ae3af82a788' conflicts with other measure, other measure will be used instead
[openstudio.MeasureManager] <1> UUID of user measure at 'C:/Users/jmaguire/BCL/e6642d40-7366-4647-8724-53a37991d579/662dc30c-678c-467d-a6be-15e075a3885b' conflicts with other measure, other measure will be used instead
[openstudio.MeasureManager] <1> UUID of user measure at 'C:/Users/jmaguire/BCL/fc337100-8634-404e-8966-01243d292a79/c418b65d-aa8d-41c2-98b3-7ae3af82a788' conflicts with other measure, other measure will be used instead
[openstudio.MeasureManager] <1> UUID of user measure at 'C:/Users/jmaguire/BCL/e6642d40-7366-4647-8724-53a37991d579/662dc30c-678c-467d-a6be-15e075a3885b' conflicts with other measure, other measure will be used instead
[openstudio.MeasureManager] <1> UUID of user measure at 'C:/Users/jmaguire/BCL/fc337100-8634-404e-8966-01243d292a79/c418b65d-aa8d-41c2-98b3-7ae3af82a788' conflicts with other measure, other measure will be used instead
[openstudio.MeasureManager] <1> UUID of user measure at 'C:/Users/jmaguire/BCL/e6642d40-7366-4647-8724-53a37991d579/662dc30c-678c-467d-a6be-15e075a3885b' conflicts with other measure, other measure will be used instead
[openstudio.MeasureManager] <1> UUID of user measure at 'C:/Users/jmaguire/BCL/fc337100-8634-404e-8966-01243d292a79/c418b65d-aa8d-41c2-98b3-7ae3af82a788' conflicts with other measure, other measure will be used instead
[openstudio.MeasureManager] <1> UUID of user measure at 'C:/Users/jmaguire/BCL/e6642d40-7366-4647-8724-53a37991d579/662dc30c-678c-467d-a6be-15e075a3885b' conflicts with other measure, other measure will be used instead
[openstudio.MeasureManager] <1> UUID of user measure at 'C:/Users/jmaguire/BCL/fc337100-8634-404e-8966-01243d292a79/c418b65d-aa8d-41c2-98b3-7ae3af82a788' conflicts with other measure, other measure will be used instead
[openstudio.MeasureManager] <1> UUID of user measure at 'C:/Users/jmaguire/BCL/e6642d40-7366-4647-8724-53a37991d579/662dc30c-678c-467d-a6be-15e075a3885b' conflicts with other measure, other measure will be used instead
[openstudio.MeasureManager] <1> UUID of user measure at 'C:/Users/jmaguire/BCL/fc337100-8634-404e-8966-01243d292a79/c418b65d-aa8d-41c2-98b3-7ae3af82a788' conflicts with other measure, other measure will be used instead
[openstudio.MeasureManager] <1> UUID of user measure at 'C:/Users/jmaguire/BCL/e6642d40-7366-4647-8724-53a37991d579/662dc30c-678c-467d-a6be-15e075a3885b' conflicts with other measure, other measure will be used instead
[openstudio.MeasureManager] <1> UUID of user measure at 'C:/Users/jmaguire/BCL/fc337100-8634-404e-8966-01243d292a79/c418b65d-aa8d-41c2-98b3-7ae3af82a788' conflicts with other measure, other measure will be used instead
[openstudio.MeasureManager] <1> UUID of user measure at 'C:/Users/jmaguire/BCL/e6642d40-7366-4647-8724-53a37991d579/662dc30c-678c-467d-a6be-15e075a3885b' conflicts with other measure, other measure will be used instead
[openstudio.MeasureManager] <1> UUID of user measure at 'C:/Users/jmaguire/BCL/fc337100-8634-404e-8966-01243d292a79/c418b65d-aa8d-41c2-98b3-7ae3af82a788' conflicts with other measure, other measure will be used instead
[openstudio.MeasureManager] <1> UUID of user measure at 'C:/Users/jmaguire/BCL/e6642d40-7366-4647-8724-53a37991d579/662dc30c-678c-467d-a6be-15e075a3885b' conflicts with other measure, other measure will be used instead
[openstudio.MeasureManager] <1> UUID of user measure at 'C:/Users/jmaguire/BCL/fc337100-8634-404e-8966-01243d292a79/c418b65d-aa8d-41c2-98b3-7ae3af82a788' conflicts with other measure, other measure will be used instead
[openstudio.MeasureManager] <1> UUID of user measure at 'C:/Users/jmaguire/BCL/e6642d40-7366-4647-8724-53a37991d579/662dc30c-678c-467d-a6be-15e075a3885b' conflicts with other measure, other measure will be used instead
[openstudio.MeasureManager] <1> UUID of user measure at 'C:/Users/jmaguire/BCL/fc337100-8634-404e-8966-01243d292a79/c418b65d-aa8d-41c2-98b3-7ae3af82a788' conflicts with other measure, other measure will be used instead
[openstudio.MeasureManager] <1> UUID of user measure at 'C:/Users/jmaguire/BCL/e6642d40-7366-4647-8724-53a37991d579/662dc30c-678c-467d-a6be-15e075a3885b' conflicts with other measure, other measure will be used instead
[openstudio.MeasureManager] <1> UUID of user measure at 'C:/Users/jmaguire/BCL/fc337100-8634-404e-8966-01243d292a79/c418b65d-aa8d-41c2-98b3-7ae3af82a788' conflicts with other measure, other measure will be used instead
[openstudio.MeasureManager] <1> UUID of user measure at 'C:/Users/jmaguire/BCL/e6642d40-7366-4647-8724-53a37991d579/662dc30c-678c-467d-a6be-15e075a3885b' conflicts with other measure, other measure will be used instead
[openstudio.MeasureManager] <1> UUID of user measure at 'C:/Users/jmaguire/BCL/fc337100-8634-404e-8966-01243d292a79/c418b65d-aa8d-41c2-98b3-7ae3af82a788' conflicts with other measure, other measure will be used instead
[openstudio.MeasureManager] <1> UUID of user measure at 'C:/Users/jmaguire/BCL/e6642d40-7366-4647-8724-53a37991d579/662dc30c-678c-467d-a6be-15e075a3885b' conflicts with other measure, other measure will be used instead
[openstudio.MeasureManager] <1> UUID of user measure at 'C:/Users/jmaguire/BCL/fc337100-8634-404e-8966-01243d292a79/c418b65d-aa8d-41c2-98b3-7ae3af82a788' conflicts with other measure, other measure will be used instead
[openstudio.MeasureManager] <1> UUID of user measure at 'C:/Users/jmaguire/BCL/e6642d40-7366-4647-8724-53a37991d579/662dc30c-678c-467d-a6be-15e075a3885b' conflicts with other measure, other measure will be used instead
[openstudio.MeasureManager] <1> UUID of user measure at 'C:/Users/jmaguire/BCL/fc337100-8634-404e-8966-01243d292a79/c418b65d-aa8d-41c2-98b3-7ae3af82a788' conflicts with other measure, other measure will be used instead
[utilities.bcl.BCLMeasure] <-2> Loading measures in path: C:/Program Files/OpenStudio 1.9.0/share/openstudio-1.9.0/pat/Measures
[utilities.bcl.BCLMeasure] <-2> Attempting to load measure: C:/Program Files/OpenStudio 1.9.0/share/openstudio-1.9.0/pat/Measures/CalibrationReports
[utilities.bcl.BCLMeasure] <-2> Success loading measure: C:/Program Files/OpenStudio 1.9.0/share/openstudio-1.9.0/pat/Measures/CalibrationReports
[utilities.bcl.BCLMeasure] <-2> Attempting to load measure: C:/Program Files/OpenStudio 1.9.0/share/openstudio-1.9.0/pat/Measures/RadianceMeasure
[utilities.bcl.BCLMeasure] <-2> Success loading measure: C:/Program Files/OpenStudio 1.9.0/share/openstudio-1.9.0/pat/Measures/RadianceMeasure
[utilities.bcl.BCLMeasure] <-2> Attempting to load measure: C:/Program Files/OpenStudio 1.9.0/share/openstudio-1.9.0/pat/Measures/ReplaceModel
[utilities.bcl.BCLMeasure] <-2> Success loading measure: C:/Program Files/OpenStudio 1.9.0/share/openstudio-1.9.0/pat/Measures/ReplaceModel
[utilities.bcl.BCLMeasure] <-2> Attempting to load measure: C:/Program Files/OpenStudio 1.9.0/share/openstudio-1.9.0/pat/Measures/ReportRequest
[utilities.bcl.BCLMeasure] <-2> Success loading measure: C:/Program Files/OpenStudio 1.9.0/share/openstudio-1.9.0/pat/Measures/ReportRequest
[utilities.bcl.BCLMeasure] <-2> Attempting to load measure: C:/Program Files/OpenStudio 1.9.0/share/openstudio-1.9.0/pat/Measures/StandardReports
[utilities.bcl.BCLMeasure] <-2> Success loading measure: C:/Program Files/OpenStudio 1.9.0/share/openstudio-1.9.0/pat/Measures/StandardReports
[utilities.bcl.BCLMeasure] <-2> Loading measures in path: C:/Res_measures_git/OpenStudio-Beopt/measures
[utilities.bcl.BCLMeasure] <-2> Attempting to load measure: C:/Res_measures_git/OpenStudio-Beopt/measures/AddBuildingAmericaBenchmarkOccupants
[utilities.bcl.BCLMeasure] <-2> Success loading measure: C:/Res_measures_git/OpenStudio-Beopt/measures/AddBuildingAmericaBenchmarkOccupants
[utilities.bcl.BCLMeasure] <-2> Attempting to load measure: C:/Res_measures_git/OpenStudio-Beopt/measures/AddDistributionTimerAndRecirc
[utilities.bcl.BCLMeasure] <-2> Success loading measure: C:/Res_measures_git/OpenStudio-Beopt/measures/AddDistributionTimerAndRecirc
[utilities.bcl.BCLMeasure] <-2> Attempting to load measure: C:/Res_measures_git/OpenStudio-Beopt/measures/AddOSWaterHeaterMixedStorageElectric
[utilities.bcl.BCLMeasure] <-2> Success loading measure: C:/Res_measures_git/OpenStudio-Beopt/measures/AddOSWaterHeaterMixedStorageElectric
[utilities.bcl.BCLMeasure] <-2> Attempting to load measure: C:/Res_measures_git/OpenStudio-Beopt/measures/AddOSWaterHeaterMixedStorageGas
[utilities.bcl.BCLMeasure] <-2> Success loading measure: C:/Res_measures_git/OpenStudio-Beopt/measures/AddOSWaterHeaterMixedStorageGas
[utilities.bcl.BCLMeasure] <-2> Attempting to load measure: C:/Res_measures_git/OpenStudio-Beopt/measures/AddOSWaterHeaterMixedStorageOil
[utilities.bcl.BCLMeasure] <-2> Success loading measure: C:/Res_measures_git/OpenStudio-Beopt/measures/AddOSWaterHeaterMixedStorageOil
[utilities.bcl.BCLMeasure] <-2> Attempting to load measure: C:/Res_measures_git/OpenStudio-Beopt/measures/AddOSWaterHeaterMixedTanklessElectric
[utilities.bcl.BCLMeasure] <-2> Success loading measure: C:/Res_measures_git/OpenStudio-Beopt/measures/AddOSWaterHeaterMixedTanklessElectric
[utilities.bcl.BCLMeasure] <-2> Attempting to load measure: C:/Res_measures_git/OpenStudio-Beopt/measures/AddOSWaterHeaterMixedTanklessGas
[utilities.bcl.BCLMeasure] <-2> Success loading measure: C:/Res_measures_git/OpenStudio-Beopt/measures/AddOSWaterHeaterMixedTanklessGas
[utilities.bcl.BCLMeasure] <-2> Attempting to load measure: C:/Res_measures_git/OpenStudio-Beopt/measures/AddResidentialDehumidifier
[utilities.bcl.BCLMeasure] <-2> Success loading measure: C:/Res_measures_git/OpenStudio-Beopt/measures/AddResidentialDehumidifier
[utilities.bcl.BCLMeasure] <-2> Attempting to load measure: C:/Res_measures_git/OpenStudio-Beopt/measures/AddResidentialRefrigerator
[utilities.bcl.BCLMeasure] <-2> Success loading measure: C:/Res_measures_git/OpenStudio-Beopt/measures/AddResidentialRefrigerator
[utilities.bcl.BCLMeasure] <-2> Attempting to load measure: C:/Res_measures_git/OpenStudio-Beopt/measures/ModifySiteWaterMainsTemperature
[utilities.bcl.BCLMeasure] <-2> Success loading measure: C:/Res_measures_git/OpenStudio-Beopt/measures/ModifySiteWaterMainsTemperature
[utilities.bcl.BCLMeasure] <-2> Attempting to load measure: C:/Res_measures_git/OpenStudio-Beopt/measures/ProcessAirflow
[utilities.bcl.BCLMeasure] <-2> Success loading measure: C:/Res_measures_git/OpenStudio-Beopt/measures/ProcessAirflow
[utilities.bcl.BCLMeasure] <-2> Attempting to load measure: C:/Res_measures_git/OpenStudio-Beopt/measures/ProcessAirSourceHeatPump
[utilities.bcl.BCLMeasure] <-2> Success loading measure: C:/Res_measures_git/OpenStudio-Beopt/measures/ProcessAirSourceHeatPump
[utilities.bcl.BCLMeasure] <-2> Attempting to load measure: C:/Res_measures_git/OpenStudio-Beopt/measures/ProcessCentralAirConditioner
[utilities.bcl.BCLMeasure] <-2> Success loading measure: C:/Res_measures_git/OpenStudio-Beopt/measures/ProcessCentralAirConditioner
[utilities.bcl.BCLMeasure] <-2> Attempting to load measure: C:/Res_measures_git/OpenStudio-Beopt/measures/ProcessConstructionsCrawlspace
[utilities.bcl.BCLMeasure] <-2> Success loading measure: C:/Res_measures_git/OpenStudio-Beopt/measures/ProcessConstructionsCrawlspace
[utilities.bcl.BCLMeasure] <-2> Attempting to load measure: C:/Res_measures_git/OpenStudio-Beopt/measures/ProcessConstructionsDoors
[utilities.bcl.BCLMeasure] <-2> Success loading measure: C:/Res_measures_git/OpenStudio-Beopt/measures/ProcessConstructionsDoors
[utilities.bcl.BCLMeasure] <-2> Attempting to load measure: C:/Res_measures_git/OpenStudio-Beopt/measures/ProcessConstructionsExteriorInsulatedWallsDoubleWoodStud
[utilities.bcl.BCLMeasure] <-2> Success loading measure: C:/Res_measures_git/OpenStudio-Beopt/measures/ProcessConstructionsExteriorInsulatedWallsDoubleWoodStud
[utilities.bcl.BCLMeasure] <-2> Attempting to load measure: C:/Res_measures_git/OpenStudio-Beopt/measures/ProcessConstructionsExteriorInsulatedWallsSteelStud
[utilities.bcl.BCLMeasure] <-2> Success loading measure: C:/Res_measures_git/OpenStudio-Beopt/measures/ProcessConstructionsExteriorInsulatedWallsSteelStud
[utilities.bcl.BCLMeasure] <-2> Attempting to load measure: C:/Res_measures_git/OpenStudio-Beopt/measures/ProcessConstructionsExteriorInsulatedWallsWoodStud
[utilities.bcl.BCLMeasure] <-2> Success loading measure: C:/Res_measures_git/OpenStudio-Beopt/measures/ProcessConstructionsExteriorInsulatedWallsWoodStud
[utilities.bcl.BCLMeasure] <-2> Attempting to load measure: C:/Res_measures_git/OpenStudio-Beopt/measures/ProcessConstructionsExteriorUninsulatedWalls
[utilities.bcl.BCLMeasure] <-2> Success loading measure: C:/Res_measures_git/OpenStudio-Beopt/measures/ProcessConstructionsExteriorUninsulatedWalls
[utilities.bcl.BCLMeasure] <-2> Attempting to load measure: C:/Res_measures_git/OpenStudio-Beopt/measures/ProcessConstructionsFinishedBasement
[utilities.bcl.BCLMeasure] <-2> Success loading measure: C:/Res_measures_git/OpenStudio-Beopt/measures/ProcessConstructionsFinishedBasement
[utilities.bcl.BCLMeasure] <-2> Attempting to load measure: C:/Res_measures_git/OpenStudio-Beopt/measures/ProcessConstructionsGarageRoof
[utilities.bcl.BCLMeasure] <-2> Success loading measure: C:/Res_measures_git/OpenStudio-Beopt/measures/ProcessConstructionsGarageRoof
[utilities.bcl.BCLMeasure] <-2> Attempting to load measure: C:/Res_measures_git/OpenStudio-Beopt/measures/ProcessConstructionsGarageSlab
[utilities.bcl.BCLMeasure] <-2> Success loading measure: C:/Res_measures_git/OpenStudio-Beopt/measures/ProcessConstructionsGarageSlab
[utilities.bcl.BCLMeasure] <-2> Attempting to load measure: C:/Res_measures_git/OpenStudio-Beopt/measures/ProcessConstructionsInsulatedRoof
[utilities.bcl.BCLMeasure] <-2> Success loading measure: C:/Res_measures_git/OpenStudio-Beopt/measures/ProcessConstructionsInsulatedRoof
[utilities.bcl.BCLMeasure] <-2> Attempting to load measure: C:/Res_measures_git/OpenStudio-Beopt/measures/ProcessConstructionsInteriorInsulatedFloors
[utilities.bcl.BCLMeasure] <-2> Success loading measure: C:/Res_measures_git/OpenStudio-Beopt/measures/ProcessConstructionsInteriorInsulatedFloors
[utilities.bcl.BCLMeasure] <-2> Attempting to load measure: C:/Res_measures_git/OpenStudio-Beopt/measures/ProcessConstructionsInteriorInsulatedWalls
[utilities.bcl.BCLMeasure] <-2> Success loading measure: C:/Res_measures_git/OpenStudio-Beopt/measures/ProcessConstructionsInteriorInsulatedWalls
[utilities.bcl.BCLMeasure] <-2> Attempting to load measure: C:/Res_measures_git/OpenStudio-Beopt/measures/ProcessConstructionsInteriorUninsulatedFloors
[utilities.bcl.BCLMeasure] <-2> Success loading measure: C:/Res_measures_git/OpenStudio-Beopt/measures/ProcessConstructionsInteriorUninsulatedFloors
[utilities.bcl.BCLMeasure] <-2> Attempting to load measure: C:/Res_measures_git/OpenStudio-Beopt/measures/ProcessConstructionsInteriorUninsulatedWalls
[utilities.bcl.BCLMeasure] <-2> Success loading measure: C:/Res_measures_git/OpenStudio-Beopt/measures/ProcessConstructionsInteriorUninsulatedWalls
[utilities.bcl.BCLMeasure] <-2> Attempting to load measure: C:/Res_measures_git/OpenStudio-Beopt/measures/ProcessConstructionsSlab
[utilities.bcl.BCLMeasure] <-2> Success loading measure: C:/Res_measures_git/OpenStudio-Beopt/measures/ProcessConstructionsSlab
[utilities.bcl.BCLMeasure] <-2> Attempting to load measure: C:/Res_measures_git/OpenStudio-Beopt/measures/ProcessConstructionsUnfinishedAttic
[utilities.bcl.BCLMeasure] <-2> Success loading measure: C:/Res_measures_git/OpenStudio-Beopt/measures/ProcessConstructionsUnfinishedAttic
[utilities.bcl.BCLMeasure] <-2> Attempting to load measure: C:/Res_measures_git/OpenStudio-Beopt/measures/ProcessConstructionsUnfinishedBasement
[utilities.bcl.BCLMeasure] <-2> Success loading measure: C:/Res_measures_git/OpenStudio-Beopt/measures/ProcessConstructionsUnfinishedBasement
[utilities.bcl.BCLMeasure] <-2> Attempting to load measure: C:/Res_measures_git/OpenStudio-Beopt/measures/ProcessConstructionsWindows
[utilities.bcl.BCLMeasure] <-2> Success loading measure: C:/Res_measures_git/OpenStudio-Beopt/measures/ProcessConstructionsWindows
[utilities.bcl.BCLMeasure] <-2> Attempting to load measure: C:/Res_measures_git/OpenStudio-Beopt/measures/ProcessElectricBaseboard
[utilities.bcl.BCLMeasure] <-2> Success loading measure: C:/Res_measures_git/OpenStudio-Beopt/measures/ProcessElectricBaseboard
[utilities.bcl.BCLMeasure] <-2> Attempting to load measure: C:/Res_measures_git/OpenStudio-Beopt/measures/ProcessFurnace
[utilities.bcl.BCLMeasure] <-2> Success loading measure: C:/Res_measures_git/OpenStudio-Beopt/measures/ProcessFurnace
[utilities.bcl.BCLMeasure] <-2> Attempting to load measure: C:/Res_measures_git/OpenStudio-Beopt/measures/ProcessGroundTemperature
[utilities.bcl.BCLMeasure] <-2> Success loading measure: C:/Res_measures_git/OpenStudio-Beopt/measures/ProcessGroundTemperature
[utilities.bcl.BCLMeasure] <-2> Attempting to load measure: C:/Res_measures_git/OpenStudio-Beopt/measures/ProcessHeatingandCoolingSetpoints
[utilities.bcl.BCLMeasure] <-2> Success loading measure: C:/Res_measures_git/OpenStudio-Beopt/measures/ProcessHeatingandCoolingSetpoints
[utilities.bcl.BCLMeasure] <-2> Attempting to load measure: C:/Res_measures_git/OpenStudio-Beopt/measures/ProcessSystemCrankcaseHeater
[utilities.bcl.BCLMeasure] <-2> Success loading measure: C:/Res_measures_git/OpenStudio-Beopt/measures/ProcessSystemCrankcaseHeater
[utilities.bcl.BCLMeasure] <-2> Attempting to load measure: C:/Res_measures_git/OpenStudio-Beopt/measures/ProcessThermalMassFurniture
[utilities.bcl.BCLMeasure] <-2> Success loading measure: C:/Res_measures_git/OpenStudio-Beopt/measures/ProcessThermalMassFurniture
[utilities.bcl.BCLMeasure] <-2> Attempting to load measure: C:/Res_measures_git/OpenStudio-Beopt/measures/ProcessThermalMassPartitionWall
[utilities.bcl.BCLMeasure] <-2> Success loading measure: C:/Res_measures_git/OpenStudio-Beopt/measures/ProcessThermalMassPartitionWall
[utilities.bcl.BCLMeasure] <-2> Attempting to load measure: C:/Res_measures_git/OpenStudio-Beopt/measures/ResidentialClothesWasherandDryer
[utilities.bcl.BCLMeasure] <-2> Success loading measure: C:/Res_measures_git/OpenStudio-Beopt/measures/ResidentialClothesWasherandDryer
[utilities.bcl.BCLMeasure] <-2> Attempting to load measure: C:/Res_measures_git/OpenStudio-Beopt/measures/ResidentialCookingRange
[utilities.bcl.BCLMeasure] <-2> Success loading measure: C:/Res_measures_git/OpenStudio-Beopt/measures/ResidentialCookingRange
[utilities.bcl.BCLMeasure] <-2> Attempting to load measure: C:/Res_measures_git/OpenStudio-Beopt/measures/ResidentialDishwasher
[utilities.bcl.BCLMeasure] <-2> Success loading measure: C:/Res_measures_git/OpenStudio-Beopt/measures/ResidentialDishwasher
[utilities.bcl.BCLMeasure] <-2> Attempting to load measure: C:/Res_measures_git/OpenStudio-Beopt/measures/ResidentialLighting
[utilities.bcl.BCLMeasure] <-2> Success loading measure: C:/Res_measures_git/OpenStudio-Beopt/measures/ResidentialLighting
[utilities.bcl.BCLMeasure] <-2> Attempting to load measure: C:/Res_measures_git/OpenStudio-Beopt/measures/ResidentialMiscellaneousElectricLoads
[utilities.bcl.BCLMeasure] <-2> Success loading measure: C:/Res_measures_git/OpenStudio-Beopt/measures/ResidentialMiscellaneousElectricLoads
[utilities.bcl.BCLMeasure] <-2> Attempting to load measure: C:/Res_measures_git/OpenStudio-Beopt/measures/ResidentialMiscellaneousGasLoads
[utilities.bcl.BCLMeasure] <-2> Success loading measure: C:/Res_measures_git/OpenStudio-Beopt/measures/ResidentialMiscellaneousGasLoads
[utilities.bcl.BCLMeasure] <-2> Attempting to load measure: C:/Res_measures_git/OpenStudio-Beopt/measures/SetDRWeatherFile
[utilities.bcl.BCLXML] <2> 'C:/Res_measures_git/OpenStudio-Beopt/measures/SetDRWeatherFile/measure.xml' does not exist
[utilities.bcl.BCLMeasure] <2> 'C:/Res_measures_git/OpenStudio-Beopt/measures/SetDRWeatherFile' is not a measure
[openstudio.MeasureManager] <1> UUID of user measure at 'C:/Users/jmaguire/BCL/e6642d40-7366-4647-8724-53a37991d579/662dc30c-678c-467d-a6be-15e075a3885b' conflicts with other measure, other measure will be used instead
[openstudio.MeasureManager] <1> UUID of user measure at 'C:/Users/jmaguire/BCL/fc337100-8634-404e-8966-01243d292a79/c418b65d-aa8d-41c2-98b3-7ae3af82a788' conflicts with other measure, other measure will be used instead
[openstudio.MeasureManager] <1> UUID of user measure at 'C:/Users/jmaguire/BCL/e6642d40-7366-4647-8724-53a37991d579/662dc30c-678c-467d-a6be-15e075a3885b' conflicts with other measure, other measure will be used instead
[openstudio.MeasureManager] <1> UUID of user measure at 'C:/Users/jmaguire/BCL/fc337100-8634-404e-8966-01243d292a79/c418b65d-aa8d-41c2-98b3-7ae3af82a788' conflicts with other measure, other measure will be used instead
[openstudio.MeasureManager] <1> UUID of user measure at 'C:/Users/jmaguire/BCL/e6642d40-7366-4647-8724-53a37991d579/662dc30c-678c-467d-a6be-15e075a3885b' conflicts with other measure, other measure will be used instead
[openstudio.MeasureManager] <1> UUID of user measure at 'C:/Users/jmaguire/BCL/fc337100-8634-404e-8966-01243d292a79/c418b65d-aa8d-41c2-98b3-7ae3af82a788' conflicts with other measure, other measure will be used instead
[openstudio.MeasureManager] <1> UUID of user measure at 'C:/Users/jmaguire/BCL/e6642d40-7366-4647-8724-53a37991d579/662dc30c-678c-467d-a6be-15e075a3885b' conflicts with other measure, other measure will be used instead
[openstudio.MeasureManager] <1> UUID of user measure at 'C:/Users/jmaguire/BCL/fc337100-8634-404e-8966-01243d292a79/c418b65d-aa8d-41c2-98b3-7ae3af82a788' conflicts with other measure, other measure will be used instead
[openstudio.MeasureManager] <1> UUID of user measure at 'C:/Users/jmaguire/BCL/e6642d40-7366-4647-8724-53a37991d579/662dc30c-678c-467d-a6be-15e075a3885b' conflicts with other measure, other measure will be used instead
[openstudio.MeasureManager] <1> UUID of user measure at 'C:/Users/jmaguire/BCL/fc337100-8634-404e-8966-01243d292a79/c418b65d-aa8d-41c2-98b3-7ae3af82a788' conflicts with other measure, other measure will be used instead
[openstudio.MeasureManager] <1> UUID of user measure at 'C:/Users/jmaguire/BCL/e6642d40-7366-4647-8724-53a37991d579/662dc30c-678c-467d-a6be-15e075a3885b' conflicts with other measure, other measure will be used instead
[openstudio.MeasureManager] <1> UUID of user measure at 'C:/Users/jmaguire/BCL/fc337100-8634-404e-8966-01243d292a79/c418b65d-aa8d-41c2-98b3-7ae3af82a788' conflicts with other measure, other measure will be used instead
[openstudio.MeasureManager] <1> UUID of user measure at 'C:/Users/jmaguire/BCL/e6642d40-7366-4647-8724-53a37991d579/662dc30c-678c-467d-a6be-15e075a3885b' conflicts with other measure, other measure will be used instead
[openstudio.MeasureManager] <1> UUID of user measure at 'C:/Users/jmaguire/BCL/fc337100-8634-404e-8966-01243d292a79/c418b65d-aa8d-41c2-98b3-7ae3af82a788' conflicts with other measure, other measure will be used instead
[openstudio.MeasureManager] <1> UUID of user measure at 'C:/Users/jmaguire/BCL/e6642d40-7366-4647-8724-53a37991d579/662dc30c-678c-467d-a6be-15e075a3885b' conflicts with other measure, other measure will be used instead
[openstudio.MeasureManager] <1> UUID of user measure at 'C:/Users/jmaguire/BCL/fc337100-8634-404e-8966-01243d292a79/c418b65d-aa8d-41c2-98b3-7ae3af82a788' conflicts with other measure, other measure will be used instead
[openstudio.MeasureManager] <1> UUID of user measure at 'C:/Users/jmaguire/BCL/e6642d40-7366-4647-8724-53a37991d579/662dc30c-678c-467d-a6be-15e075a3885b' conflicts with other measure, other measure will be used instead
[openstudio.MeasureManager] <1> UUID of user measure at 'C:/Users/jmaguire/BCL/fc337100-8634-404e-8966-01243d292a79/c418b65d-aa8d-41c2-98b3-7ae3af82a788' conflicts with other measure, other measure will be used instead
[openstudio.MeasureManager] <1> UUID of user measure at 'C:/Users/jmaguire/BCL/e6642d40-7366-4647-8724-53a37991d579/662dc30c-678c-467d-a6be-15e075a3885b' conflicts with other measure, other measure will be used instead
[openstudio.MeasureManager] <1> UUID of user measure at 'C:/Users/jmaguire/BCL/fc337100-8634-404e-8966-01243d292a79/c418b65d-aa8d-41c2-98b3-7ae3af82a788' conflicts with other measure, other measure will be used instead
[openstudio.MeasureManager] <1> UUID of user measure at 'C:/Users/jmaguire/BCL/e6642d40-7366-4647-8724-53a37991d579/662dc30c-678c-467d-a6be-15e075a3885b' conflicts with other measure, other measure will be used instead
[openstudio.MeasureManager] <1> UUID of user measure at 'C:/Users/jmaguire/BCL/fc337100-8634-404e-8966-01243d292a79/c418b65d-aa8d-41c2-98b3-7ae3af82a788' conflicts with other measure, other measure will be used instead
[openstudio.MeasureManager] <1> UUID of user measure at 'C:/Users/jmaguire/BCL/e6642d40-7366-4647-8724-53a37991d579/662dc30c-678c-467d-a6be-15e075a3885b' conflicts with other measure, other measure will be used instead
[openstudio.MeasureManager] <1> UUID of user measure at 'C:/Users/jmaguire/BCL/fc337100-8634-404e-8966-01243d292a79/c418b65d-aa8d-41c2-98b3-7ae3af82a788' conflicts with other measure, other measure will be used instead
[openstudio.MeasureManager] <1> UUID of user measure at 'C:/Users/jmaguire/BCL/e6642d40-7366-4647-8724-53a37991d579/662dc30c-678c-467d-a6be-15e075a3885b' conflicts with other measure, other measure will be used instead
[openstudio.MeasureManager] <1> UUID of user measure at 'C:/Users/jmaguire/BCL/fc337100-8634-404e-8966-01243d292a79/c418b65d-aa8d-41c2-98b3-7ae3af82a788' conflicts with other measure, other measure will be used instead
[openstudio.MeasureManager] <1> UUID of user measure at 'C:/Users/jmaguire/BCL/e6642d40-7366-4647-8724-53a37991d579/662dc30c-678c-467d-a6be-15e075a3885b' conflicts with other measure, other measure will be used instead
[openstudio.MeasureManager] <1> UUID of user measure at 'C:/Users/jmaguire/BCL/fc337100-8634-404e-8966-01243d292a79/c418b65d-aa8d-41c2-98b3-7ae3af82a788' conflicts with other measure, other measure will be used instead
[openstudio.MeasureManager] <1> UUID of user measure at 'C:/Users/jmaguire/BCL/e6642d40-7366-4647-8724-53a37991d579/662dc30c-678c-467d-a6be-15e075a3885b' conflicts with other measure, other measure will be used instead
[openstudio.MeasureManager] <1> UUID of user measure at 'C:/Users/jmaguire/BCL/fc337100-8634-404e-8966-01243d292a79/c418b65d-aa8d-41c2-98b3-7ae3af82a788' conflicts with other measure, other measure will be used instead
[openstudio.MeasureManager] <1> UUID of user measure at 'C:/Users/jmaguire/BCL/e6642d40-7366-4647-8724-53a37991d579/662dc30c-678c-467d-a6be-15e075a3885b' conflicts with other measure, other measure will be used instead
[openstudio.MeasureManager] <1> UUID of user measure at 'C:/Users/jmaguire/BCL/fc337100-8634-404e-8966-01243d292a79/c418b65d-aa8d-41c2-98b3-7ae3af82a788' conflicts with other measure, other measure will be used instead
[openstudio.MeasureManager] <1> UUID of user measure at 'C:/Users/jmaguire/BCL/e6642d40-7366-4647-8724-53a37991d579/662dc30c-678c-467d-a6be-15e075a3885b' conflicts with other measure, other measure will be used instead
[openstudio.MeasureManager] <1> UUID of user measure at 'C:/Users/jmaguire/BCL/fc337100-8634-404e-8966-01243d292a79/c418b65d-aa8d-41c2-98b3-7ae3af82a788' conflicts with other measure, other measure will be used instead
[openstudio.MeasureManager] <1> UUID of user measure at 'C:/Users/jmaguire/BCL/e6642d40-7366-4647-8724-53a37991d579/662dc30c-678c-467d-a6be-15e075a3885b' conflicts with other measure, other measure will be used instead
[openstudio.MeasureManager] <1> UUID of user measure at 'C:/Users/jmaguire/BCL/fc337100-8634-404e-8966-01243d292a79/c418b65d-aa8d-41c2-98b3-7ae3af82a788' conflicts with other measure, other measure will be used instead
[openstudio.MeasureManager] <1> UUID of user measure at 'C:/Users/jmaguire/BCL/e6642d40-7366-4647-8724-53a37991d579/662dc30c-678c-467d-a6be-15e075a3885b' conflicts with other measure, other measure will be used instead
[openstudio.MeasureManager] <1> UUID of user measure at 'C:/Users/jmaguire/BCL/fc337100-8634-404e-8966-01243d292a79/c418b65d-aa8d-41c2-98b3-7ae3af82a788' conflicts with other measure, other measure will be used instead
[openstudio.MeasureManager] <1> UUID of user measure at 'C:/Users/jmaguire/BCL/e6642d40-7366-4647-8724-53a37991d579/662dc30c-678c-467d-a6be-15e075a3885b' conflicts with other measure, other measure will be used instead
[openstudio.MeasureManager] <1> UUID of user measure at 'C:/Users/jmaguire/BCL/fc337100-8634-404e-8966-01243d292a79/c418b65d-aa8d-41c2-98b3-7ae3af82a788' conflicts with other measure, other measure will be used instead
[openstudio.MeasureManager] <1> UUID of user measure at 'C:/Users/jmaguire/BCL/e6642d40-7366-4647-8724-53a37991d579/662dc30c-678c-467d-a6be-15e075a3885b' conflicts with other measure, other measure will be used instead
[openstudio.MeasureManager] <1> UUID of user measure at 'C:/Users/jmaguire/BCL/fc337100-8634-404e-8966-01243d292a79/c418b65d-aa8d-41c2-98b3-7ae3af82a788' conflicts with other measure, other measure will be used instead
[openstudio.MeasureManager] <1> UUID of user measure at 'C:/Users/jmaguire/BCL/e6642d40-7366-4647-8724-53a37991d579/662dc30c-678c-467d-a6be-15e075a3885b' conflicts with other measure, other measure will be used instead
[openstudio.MeasureManager] <1> UUID of user measure at 'C:/Users/jmaguire/BCL/fc337100-8634-404e-8966-01243d292a79/c418b65d-aa8d-41c2-98b3-7ae3af82a788' conflicts with other measure, other measure will be used instead
[openstudio.MeasureManager] <1> UUID of user measure at 'C:/Users/jmaguire/BCL/e6642d40-7366-4647-8724-53a37991d579/662dc30c-678c-467d-a6be-15e075a3885b' conflicts with other measure, other measure will be used instead
[openstudio.MeasureManager] <1> UUID of user measure at 'C:/Users/jmaguire/BCL/fc337100-8634-404e-8966-01243d292a79/c418b65d-aa8d-41c2-98b3-7ae3af82a788' conflicts with other measure, other measure will be used instead
[openstudio.MeasureManager] <1> UUID of user measure at 'C:/Users/jmaguire/BCL/e6642d40-7366-4647-8724-53a37991d579/662dc30c-678c-467d-a6be-15e075a3885b' conflicts with other measure, other measure will be used instead
[openstudio.MeasureManager] <1> UUID of user measure at 'C:/Users/jmaguire/BCL/fc337100-8634-404e-8966-01243d292a79/c418b65d-aa8d-41c2-98b3-7ae3af82a788' conflicts with other measure, other measure will be used instead
[openstudio.MeasureManager] <1> UUID of user measure at 'C:/Users/jmaguire/BCL/e6642d40-7366-4647-8724-53a37991d579/662dc30c-678c-467d-a6be-15e075a3885b' conflicts with other measure, other measure will be used instead
[openstudio.MeasureManager] <1> UUID of user measure at 'C:/Users/jmaguire/BCL/fc337100-8634-404e-8966-01243d292a79/c418b65d-aa8d-41c2-98b3-7ae3af82a788' conflicts with other measure, other measure will be used instead
[openstudio.MeasureManager] <1> UUID of user measure at 'C:/Users/jmaguire/BCL/e6642d40-7366-4647-8724-53a37991d579/662dc30c-678c-467d-a6be-15e075a3885b' conflicts with other measure, other measure will be used instead
[openstudio.MeasureManager] <1> UUID of user measure at 'C:/Users/jmaguire/BCL/fc337100-8634-404e-8966-01243d292a79/c418b65d-aa8d-41c2-98b3-7ae3af82a788' conflicts with other measure, other measure will be used instead
[openstudio.MeasureManager] <1> UUID of user measure at 'C:/Users/jmaguire/BCL/e6642d40-7366-4647-8724-53a37991d579/662dc30c-678c-467d-a6be-15e075a3885b' conflicts with other measure, other measure will be used instead
[openstudio.MeasureManager] <1> UUID of user measure at 'C:/Users/jmaguire/BCL/fc337100-8634-404e-8966-01243d292a79/c418b65d-aa8d-41c2-98b3-7ae3af82a788' conflicts with other measure, other measure will be used instead
[openstudio.MeasureManager] <1> UUID of user measure at 'C:/Users/jmaguire/BCL/e6642d40-7366-4647-8724-53a37991d579/662dc30c-678c-467d-a6be-15e075a3885b' conflicts with other measure, other measure will be used instead
[openstudio.MeasureManager] <1> UUID of user measure at 'C:/Users/jmaguire/BCL/fc337100-8634-404e-8966-01243d292a79/c418b65d-aa8d-41c2-98b3-7ae3af82a788' conflicts with other measure, other measure will be used instead
[openstudio.MeasureManager] <1> UUID of user measure at 'C:/Users/jmaguire/BCL/e6642d40-7366-4647-8724-53a37991d579/662dc30c-678c-467d-a6be-15e075a3885b' conflicts with other measure, other measure will be used instead
[openstudio.MeasureManager] <1> UUID of user measure at 'C:/Users/jmaguire/BCL/fc337100-8634-404e-8966-01243d292a79/c418b65d-aa8d-41c2-98b3-7ae3af82a788' conflicts with other measure, other measure will be used instead
[openstudio.MeasureManager] <1> UUID of user measure at 'C:/Users/jmaguire/BCL/e6642d40-7366-4647-8724-53a37991d579/662dc30c-678c-467d-a6be-15e075a3885b' conflicts with other measure, other measure will be used instead
[openstudio.MeasureManager] <1> UUID of user measure at 'C:/Users/jmaguire/BCL/fc337100-8634-404e-8966-01243d292a79/c418b65d-aa8d-41c2-98b3-7ae3af82a788' conflicts with other measure, other measure will be used instead
[openstudio.MeasureManager] <1> UUID of user measure at 'C:/Users/jmaguire/BCL/e6642d40-7366-4647-8724-53a37991d579/662dc30c-678c-467d-a6be-15e075a3885b' conflicts with other measure, other measure will be used instead
[openstudio.MeasureManager] <1> UUID of user measure at 'C:/Users/jmaguire/BCL/fc337100-8634-404e-8966-01243d292a79/c418b65d-aa8d-41c2-98b3-7ae3af82a788' conflicts with other measure, other measure will be used instead
[openstudio.MeasureManager] <1> UUID of user measure at 'C:/Users/jmaguire/BCL/e6642d40-7366-4647-8724-53a37991d579/662dc30c-678c-467d-a6be-15e075a3885b' conflicts with other measure, other measure will be used instead
[openstudio.MeasureManager] <1> UUID of user measure at 'C:/Users/jmaguire/BCL/fc337100-8634-404e-8966-01243d292a79/c418b65d-aa8d-41c2-98b3-7ae3af82a788' conflicts with other measure, other measure will be used instead
[openstudio.MeasureManager] <1> UUID of user measure at 'C:/Users/jmaguire/BCL/e6642d40-7366-4647-8724-53a37991d579/662dc30c-678c-467d-a6be-15e075a3885b' conflicts with other measure, other measure will be used instead
[openstudio.MeasureManager] <1> UUID of user measure at 'C:/Users/jmaguire/BCL/fc337100-8634-404e-8966-01243d292a79/c418b65d-aa8d-41c2-98b3-7ae3af82a788' conflicts with other measure, other measure will be used instead
[openstudio.MeasureManager] <1> UUID of user measure at 'C:/Users/jmaguire/BCL/e6642d40-7366-4647-8724-53a37991d579/662dc30c-678c-467d-a6be-15e075a3885b' conflicts with other measure, other measure will be used instead
[openstudio.MeasureManager] <1> UUID of user measure at 'C:/Users/jmaguire/BCL/fc337100-8634-404e-8966-01243d292a79/c418b65d-aa8d-41c2-98b3-7ae3af82a788' conflicts with other measure, other measure will be used instead
[openstudio.MeasureManager] <1> UUID of user measure at 'C:/Users/jmaguire/BCL/e6642d40-7366-4647-8724-53a37991d579/662dc30c-678c-467d-a6be-15e075a3885b' conflicts with other measure, other measure will be used instead
[openstudio.MeasureManager] <1> UUID of user measure at 'C:/Users/jmaguire/BCL/fc337100-8634-404e-8966-01243d292a79/c418b65d-aa8d-41c2-98b3-7ae3af82a788' conflicts with other measure, other measure will be used instead
[openstudio.model.WeatherFile] <-2> Current path 'files/USA_AZ_Phoenix-Sky.Harbor.Intl.AP.722780_TMY3.epw' not complete. After calling system_complete have 'C:/Program Files/OpenStudio 1.9.0/files/USA_AZ_Phoenix-Sky.Harbor.Intl.AP.722780_TMY3.epw'.
[openstudio.model.WeatherFile] <-2> Going to look for 'C:/Res_measures_git/OpenStudio-Beopt/geometries/008Phoenix_MF_Duplex/008Phoenix_MF_Duplex_c/files/USA_AZ_Phoenix-Sky.Harbor.Intl.AP.722780_TMY3.epw'.
[openstudio.model.WeatherFile] <-2> Going to look for 'C:/Res_measures_git/OpenStudio-Beopt/geometries/008Phoenix_MF_Duplex/008Phoenix_MF_Duplex_c/USA_AZ_Phoenix-Sky.Harbor.Intl.AP.722780_TMY3.epw'.
[openstudio.EpwFile] <0> Successive data points (2002-Jan-31 to 1986-Feb-01, ending on line 753) are greater than 1 day apart in EPW file 'C:/Users/jmaguire/AppData/Local/Temp/1/OpenStudio.ie5016/resources/files/USA_AZ_Phoenix-Sky.Harbor.Intl.AP.722780_TMY3.epw'. Data will be treated as typical (TMY)
[openstudio.model.WeatherFile] <-2> Setting weather file url to file:files/USA_AZ_Phoenix-Sky.Harbor.Intl.AP.722780_TMY3.epw
[openstudio.EpwFile] <0> Successive data points (2002-Jan-31 to 1986-Feb-01, ending on line 753) are greater than 1 day apart in EPW file 'C:/Users/jmaguire/AppData/Local/Temp/1/OpenStudio.ie5016/resources/files/USA_AZ_Phoenix-Sky.Harbor.Intl.AP.722780_TMY3.epw'. Data will be treated as typical (TMY)
[BOOST_ASSERT] <2> Assertion m_choicesMap.find(result) != m_choicesMap.end() failed on line 534 of class std::basic_string<char,struct std::char_traits<char>,class std::allocator<char> > __cdecl openstudio::RequiredChoiceConceptImpl<class std::basic_string<char,struct std::char_traits<char>,class std::allocator<char> > >::get(void) in file c:\git\openstudio_1\openstudiocore\src\shared_gui_components\OSConcepts.hpp.
[BOOST_ASSERT] <2> Assertion m_choicesMap.find(result) != m_choicesMap.end() failed on line 534 of class std::basic_string<char,struct std::char_traits<char>,class std::allocator<char> > __cdecl openstudio::RequiredChoiceConceptImpl<class std::basic_string<char,struct std::char_traits<char>,class std::allocator<char> > >::get(void) in file c:\git\openstudio_1\openstudiocore\src\shared_gui_components\OSConcepts.hpp.
[BOOST_ASSERT] <2> Assertion m_choicesMap.find(result) != m_choicesMap.end() failed on line 534 of class std::basic_string<char,struct std::char_traits<char>,class std::allocator<char> > __cdecl openstudio::RequiredChoiceConceptImpl<class std::basic_string<char,struct std::char_traits<char>,class std::allocator<char> > >::get(void) in file c:\git\openstudio_1\openstudiocore\src\shared_gui_components\OSConcepts.hpp.
[BOOST_ASSERT] <2> Assertion m_choicesMap.find(result) != m_choicesMap.end() failed on line 534 of class std::basic_string<char,struct std::char_traits<char>,class std::allocator<char> > __cdecl openstudio::RequiredChoiceConceptImpl<class std::basic_string<char,struct std::char_traits<char>,class std::allocator<char> > >::get(void) in file c:\git\openstudio_1\openstudiocore\src\shared_gui_components\OSConcepts.hpp.
[BOOST_ASSERT] <2> Assertion m_choicesMap.find(result) != m_choicesMap.end() failed on line 534 of class std::basic_string<char,struct std::char_traits<char>,class std::allocator<char> > __cdecl openstudio::RequiredChoiceConceptImpl<class std::basic_string<char,struct std::char_traits<char>,class std::allocator<char> > >::get(void) in file c:\git\openstudio_1\openstudiocore\src\shared_gui_components\OSConcepts.hpp.
[BOOST_ASSERT] <2> Assertion m_choicesMap.find(result) != m_choicesMap.end() failed on line 534 of class std::basic_string<char,struct std::char_traits<char>,class std::allocator<char> > __cdecl openstudio::RequiredChoiceConceptImpl<class std::basic_string<char,struct std::char_traits<char>,class std::allocator<char> > >::get(void) in file c:\git\openstudio_1\openstudiocore\src\shared_gui_components\OSConcepts.hpp.
[BOOST_ASSERT] <2> Assertion m_choicesMap.find(result) != m_choicesMap.end() failed on line 534 of class std::basic_string<char,struct std::char_traits<char>,class std::allocator<char> > __cdecl openstudio::RequiredChoiceConceptImpl<class std::basic_string<char,struct std::char_traits<char>,class std::allocator<char> > >::get(void) in file c:\git\openstudio_1\openstudiocore\src\shared_gui_components\OSConcepts.hpp.
[BOOST_ASSERT] <2> Assertion m_choicesMap.find(result) != m_choicesMap.end() failed on line 534 of class std::basic_string<char,struct std::char_traits<char>,class std::allocator<char> > __cdecl openstudio::RequiredChoiceConceptImpl<class std::basic_string<char,struct std::char_traits<char>,class std::allocator<char> > >::get(void) in file c:\git\openstudio_1\openstudiocore\src\shared_gui_components\OSConcepts.hpp.
[BOOST_ASSERT] <2> Assertion m_choicesMap.find(result) != m_choicesMap.end() failed on line 534 of class std::basic_string<char,struct std::char_traits<char>,class std::allocator<char> > __cdecl openstudio::RequiredChoiceConceptImpl<class std::basic_string<char,struct std::char_traits<char>,class std::allocator<char> > >::get(void) in file c:\git\openstudio_1\openstudiocore\src\shared_gui_components\OSConcepts.hpp.
[BOOST_ASSERT] <2> Assertion m_choicesMap.find(result) != m_choicesMap.end() failed on line 534 of class std::basic_string<char,struct std::char_traits<char>,class std::allocator<char> > __cdecl openstudio::RequiredChoiceConceptImpl<class std::basic_string<char,struct std::char_traits<char>,class std::allocator<char> > >::get(void) in file c:\git\openstudio_1\openstudiocore\src\shared_gui_components\OSConcepts.hpp.
[BOOST_ASSERT] <2> Assertion m_choicesMap.find(result) != m_choicesMap.end() failed on line 534 of class std::basic_string<char,struct std::char_traits<char>,class std::allocator<char> > __cdecl openstudio::RequiredChoiceConceptImpl<class std::basic_string<char,struct std::char_traits<char>,class std::allocator<char> > >::get(void) in file c:\git\openstudio_1\openstudiocore\src\shared_gui_components\OSConcepts.hpp.
[BOOST_ASSERT] <2> Assertion m_choicesMap.find(result) != m_choicesMap.end() failed on line 534 of class std::basic_string<char,struct std::char_traits<char>,class std::allocator<char> > __cdecl openstudio::RequiredChoiceConceptImpl<class std::basic_string<char,struct std::char_traits<char>,class std::allocator<char> > >::get(void) in file c:\git\openstudio_1\openstudiocore\src\shared_gui_components\OSConcepts.hpp.
[BOOST_ASSERT] <2> Assertion m_choicesMap.find(result) != m_choicesMap.end() failed on line 534 of class std::basic_string<char,struct std::char_traits<char>,class std::allocator<char> > __cdecl openstudio::RequiredChoiceConceptImpl<class std::basic_string<char,struct std::char_traits<char>,class std::allocator<char> > >::get(void) in file c:\git\openstudio_1\openstudiocore\src\shared_gui_components\OSConcepts.hpp.
[BOOST_ASSERT] <2> Assertion m_choicesMap.find(result) != m_choicesMap.end() failed on line 534 of class std::basic_string<char,struct std::char_traits<char>,class std::allocator<char> > __cdecl openstudio::RequiredChoiceConceptImpl<class std::basic_string<char,struct std::char_traits<char>,class std::allocator<char> > >::get(void) in file c:\git\openstudio_1\openstudiocore\src\shared_gui_components\OSConcepts.hpp.
[BOOST_ASSERT] <2> Assertion m_choicesMap.find(result) != m_choicesMap.end() failed on line 534 of class std::basic_string<char,struct std::char_traits<char>,class std::allocator<char> > __cdecl openstudio::RequiredChoiceConceptImpl<class std::basic_string<char,struct std::char_traits<char>,class std::allocator<char> > >::get(void) in file c:\git\openstudio_1\openstudiocore\src\shared_gui_components\OSConcepts.hpp.
[BOOST_ASSERT] <2> Assertion m_choicesMap.find(result) != m_choicesMap.end() failed on line 534 of class std::basic_string<char,struct std::char_traits<char>,class std::allocator<char> > __cdecl openstudio::RequiredChoiceConceptImpl<class std::basic_string<char,struct std::char_traits<char>,class std::allocator<char> > >::get(void) in file c:\git\openstudio_1\openstudiocore\src\shared_gui_components\OSConcepts.hpp.
[BOOST_ASSERT] <2> Assertion m_choicesMap.find(result) != m_choicesMap.end() failed on line 534 of class std::basic_string<char,struct std::char_traits<char>,class std::allocator<char> > __cdecl openstudio::RequiredChoiceConceptImpl<class std::basic_string<char,struct std::char_traits<char>,class std::allocator<char> > >::get(void) in file c:\git\openstudio_1\openstudiocore\src\shared_gui_components\OSConcepts.hpp.
[BOOST_ASSERT] <2> Assertion m_choicesMap.find(result) != m_choicesMap.end() failed on line 534 of class std::basic_string<char,struct std::char_traits<char>,class std::allocator<char> > __cdecl openstudio::RequiredChoiceConceptImpl<class std::basic_string<char,struct std::char_traits<char>,class std::allocator<char> > >::get(void) in file c:\git\openstudio_1\openstudiocore\src\shared_gui_components\OSConcepts.hpp.
[BOOST_ASSERT] <2> Assertion m_choicesMap.find(result) != m_choicesMap.end() failed on line 534 of class std::basic_string<char,struct std::char_traits<char>,class std::allocator<char> > __cdecl openstudio::RequiredChoiceConceptImpl<class std::basic_string<char,struct std::char_traits<char>,class std::allocator<char> > >::get(void) in file c:\git\openstudio_1\openstudiocore\src\shared_gui_components\OSConcepts.hpp.
[BOOST_ASSERT] <2> Assertion m_choicesMap.find(result) != m_choicesMap.end() failed on line 534 of class std::basic_string<char,struct std::char_traits<char>,class std::allocator<char> > __cdecl openstudio::RequiredChoiceConceptImpl<class std::basic_string<char,struct std::char_traits<char>,class std::allocator<char> > >::get(void) in file c:\git\openstudio_1\openstudiocore\src\shared_gui_components\OSConcepts.hpp.
[BOOST_ASSERT] <2> Assertion m_choicesMap.find(result) != m_choicesMap.end() failed on line 534 of class std::basic_string<char,struct std::char_traits<char>,class std::allocator<char> > __cdecl openstudio::RequiredChoiceConceptImpl<class std::basic_string<char,struct std::char_traits<char>,class std::allocator<char> > >::get(void) in file c:\git\openstudio_1\openstudiocore\src\shared_gui_components\OSConcepts.hpp.
[BOOST_ASSERT] <2> Assertion m_choicesMap.find(result) != m_choicesMap.end() failed on line 534 of class std::basic_string<char,struct std::char_traits<char>,class std::allocator<char> > __cdecl openstudio::RequiredChoiceConceptImpl<class std::basic_string<char,struct std::char_traits<char>,class std::allocator<char> > >::get(void) in file c:\git\openstudio_1\openstudiocore\src\shared_gui_components\OSConcepts.hpp.
[BOOST_ASSERT] <2> Assertion m_choicesMap.find(result) != m_choicesMap.end() failed on line 534 of class std::basic_string<char,struct std::char_traits<char>,class std::allocator<char> > __cdecl openstudio::RequiredChoiceConceptImpl<class std::basic_string<char,struct std::char_traits<char>,class std::allocator<char> > >::get(void) in file c:\git\openstudio_1\openstudiocore\src\shared_gui_components\OSConcepts.hpp.
[BOOST_ASSERT] <2> Assertion m_choicesMap.find(result) != m_choicesMap.end() failed on line 534 of class std::basic_string<char,struct std::char_traits<char>,class std::allocator<char> > __cdecl openstudio::RequiredChoiceConceptImpl<class std::basic_string<char,struct std::char_traits<char>,class std::allocator<char> > >::get(void) in file c:\git\openstudio_1\openstudiocore\src\shared_gui_components\OSConcepts.hpp.
[BOOST_ASSERT] <2> Assertion m_choicesMap.find(result) != m_choicesMap.end() failed on line 534 of class std::basic_string<char,struct std::char_traits<char>,class std::allocator<char> > __cdecl openstudio::RequiredChoiceConceptImpl<class std::basic_string<char,struct std::char_traits<char>,class std::allocator<char> > >::get(void) in file c:\git\openstudio_1\openstudiocore\src\shared_gui_components\OSConcepts.hpp.
[BOOST_ASSERT] <2> Assertion m_choicesMap.find(result) != m_choicesMap.end() failed on line 534 of class std::basic_string<char,struct std::char_traits<char>,class std::allocator<char> > __cdecl openstudio::RequiredChoiceConceptImpl<class std::basic_string<char,struct std::char_traits<char>,class std::allocator<char> > >::get(void) in file c:\git\openstudio_1\openstudiocore\src\shared_gui_components\OSConcepts.hpp.
[BOOST_ASSERT] <2> Assertion m_choicesMap.find(result) != m_choicesMap.end() failed on line 534 of class std::basic_string<char,struct std::char_traits<char>,class std::allocator<char> > __cdecl openstudio::RequiredChoiceConceptImpl<class std::basic_string<char,struct std::char_traits<char>,class std::allocator<char> > >::get(void) in file c:\git\openstudio_1\openstudiocore\src\shared_gui_components\OSConcepts.hpp.
[BOOST_ASSERT] <2> Assertion m_choicesMap.find(result) != m_choicesMap.end() failed on line 534 of class std::basic_string<char,struct std::char_traits<char>,class std::allocator<char> > __cdecl openstudio::RequiredChoiceConceptImpl<class std::basic_string<char,struct std::char_traits<char>,class std::allocator<char> > >::get(void) in file c:\git\openstudio_1\openstudiocore\src\shared_gui_components\OSConcepts.hpp.
[BOOST_ASSERT] <2> Assertion m_choicesMap.find(result) != m_choicesMap.end() failed on line 534 of class std::basic_string<char,struct std::char_traits<char>,class std::allocator<char> > __cdecl openstudio::RequiredChoiceConceptImpl<class std::basic_string<char,struct std::char_traits<char>,class std::allocator<char> > >::get(void) in file c:\git\openstudio_1\openstudiocore\src\shared_gui_components\OSConcepts.hpp.
[BOOST_ASSERT] <2> Assertion m_choicesMap.find(result) != m_choicesMap.end() failed on line 534 of class std::basic_string<char,struct std::char_traits<char>,class std::allocator<char> > __cdecl openstudio::RequiredChoiceConceptImpl<class std::basic_string<char,struct std::char_traits<char>,class std::allocator<char> > >::get(void) in file c:\git\openstudio_1\openstudiocore\src\shared_gui_components\OSConcepts.hpp.
[BOOST_ASSERT] <2> Assertion m_choicesMap.find(result) != m_choicesMap.end() failed on line 534 of class std::basic_string<char,struct std::char_traits<char>,class std::allocator<char> > __cdecl openstudio::RequiredChoiceConceptImpl<class std::basic_string<char,struct std::char_traits<char>,class std::allocator<char> > >::get(void) in file c:\git\openstudio_1\openstudiocore\src\shared_gui_components\OSConcepts.hpp.
[BOOST_ASSERT] <2> Assertion m_choicesMap.find(result) != m_choicesMap.end() failed on line 534 of class std::basic_string<char,struct std::char_traits<char>,class std::allocator<char> > __cdecl openstudio::RequiredChoiceConceptImpl<class std::basic_string<char,struct std::char_traits<char>,class std::allocator<char> > >::get(void) in file c:\git\openstudio_1\openstudiocore\src\shared_gui_components\OSConcepts.hpp.
[BOOST_ASSERT] <2> Assertion m_choicesMap.find(result) != m_choicesMap.end() failed on line 534 of class std::basic_string<char,struct std::char_traits<char>,class std::allocator<char> > __cdecl openstudio::RequiredChoiceConceptImpl<class std::basic_string<char,struct std::char_traits<char>,class std::allocator<char> > >::get(void) in file c:\git\openstudio_1\openstudiocore\src\shared_gui_components\OSConcepts.hpp.
[BOOST_ASSERT] <2> Assertion m_choicesMap.find(result) != m_choicesMap.end() failed on line 534 of class std::basic_string<char,struct std::char_traits<char>,class std::allocator<char> > __cdecl openstudio::RequiredChoiceConceptImpl<class std::basic_string<char,struct std::char_traits<char>,class std::allocator<char> > >::get(void) in file c:\git\openstudio_1\openstudiocore\src\shared_gui_components\OSConcepts.hpp.
[BOOST_ASSERT] <2> Assertion m_choicesMap.find(result) != m_choicesMap.end() failed on line 534 of class std::basic_string<char,struct std::char_traits<char>,class std::allocator<char> > __cdecl openstudio::RequiredChoiceConceptImpl<class std::basic_string<char,struct std::char_traits<char>,class std::allocator<char> > >::get(void) in file c:\git\openstudio_1\openstudiocore\src\shared_gui_components\OSConcepts.hpp.
[BOOST_ASSERT] <2> Assertion m_choicesMap.find(result) != m_choicesMap.end() failed on line 534 of class std::basic_string<char,struct std::char_traits<char>,class std::allocator<char> > __cdecl openstudio::RequiredChoiceConceptImpl<class std::basic_string<char,struct std::char_traits<char>,class std::allocator<char> > >::get(void) in file c:\git\openstudio_1\openstudiocore\src\shared_gui_components\OSConcepts.hpp.
[BOOST_ASSERT] <2> Assertion m_choicesMap.find(result) != m_choicesMap.end() failed on line 534 of class std::basic_string<char,struct std::char_traits<char>,class std::allocator<char> > __cdecl openstudio::RequiredChoiceConceptImpl<class std::basic_string<char,struct std::char_traits<char>,class std::allocator<char> > >::get(void) in file c:\git\openstudio_1\openstudiocore\src\shared_gui_components\OSConcepts.hpp.
[BOOST_ASSERT] <2> Assertion m_choicesMap.find(result) != m_choicesMap.end() failed on line 534 of class std::basic_string<char,struct std::char_traits<char>,class std::allocator<char> > __cdecl openstudio::RequiredChoiceConceptImpl<class std::basic_string<char,struct std::char_traits<char>,class std::allocator<char> > >::get(void) in file c:\git\openstudio_1\openstudiocore\src\shared_gui_components\OSConcepts.hpp.
[BOOST_ASSERT] <2> Assertion m_choicesMap.find(result) != m_choicesMap.end() failed on line 534 of class std::basic_string<char,struct std::char_traits<char>,class std::allocator<char> > __cdecl openstudio::RequiredChoiceConceptImpl<class std::basic_string<char,struct std::char_traits<char>,class std::allocator<char> > >::get(void) in file c:\git\openstudio_1\openstudiocore\src\shared_gui_components\OSConcepts.hpp.
[BOOST_ASSERT] <2> Assertion m_choicesMap.find(result) != m_choicesMap.end() failed on line 534 of class std::basic_string<char,struct std::char_traits<char>,class std::allocator<char> > __cdecl openstudio::RequiredChoiceConceptImpl<class std::basic_string<char,struct std::char_traits<char>,class std::allocator<char> > >::get(void) in file c:\git\openstudio_1\openstudiocore\src\shared_gui_components\OSConcepts.hpp.
[BOOST_ASSERT] <2> Assertion m_choicesMap.find(result) != m_choicesMap.end() failed on line 534 of class std::basic_string<char,struct std::char_traits<char>,class std::allocator<char> > __cdecl openstudio::RequiredChoiceConceptImpl<class std::basic_string<char,struct std::char_traits<char>,class std::allocator<char> > >::get(void) in file c:\git\openstudio_1\openstudiocore\src\shared_gui_components\OSConcepts.hpp.
[BOOST_ASSERT] <2> Assertion m_choicesMap.find(result) != m_choicesMap.end() failed on line 534 of class std::basic_string<char,struct std::char_traits<char>,class std::allocator<char> > __cdecl openstudio::RequiredChoiceConceptImpl<class std::basic_string<char,struct std::char_traits<char>,class std::allocator<char> > >::get(void) in file c:\git\openstudio_1\openstudiocore\src\shared_gui_components\OSConcepts.hpp.
[BOOST_ASSERT] <2> Assertion m_choicesMap.find(result) != m_choicesMap.end() failed on line 534 of class std::basic_string<char,struct std::char_traits<char>,class std::allocator<char> > __cdecl openstudio::RequiredChoiceConceptImpl<class std::basic_string<char,struct std::char_traits<char>,class std::allocator<char> > >::get(void) in file c:\git\openstudio_1\openstudiocore\src\shared_gui_components\OSConcepts.hpp.
[BOOST_ASSERT] <2> Assertion m_choicesMap.find(result) != m_choicesMap.end() failed on line 534 of class std::basic_string<char,struct std::char_traits<char>,class std::allocator<char> > __cdecl openstudio::RequiredChoiceConceptImpl<class std::basic_string<char,struct std::char_traits<char>,class std::allocator<char> > >::get(void) in file c:\git\openstudio_1\openstudiocore\src\shared_gui_components\OSConcepts.hpp.
[BOOST_ASSERT] <2> Assertion m_choicesMap.find(result) != m_choicesMap.end() failed on line 534 of class std::basic_string<char,struct std::char_traits<char>,class std::allocator<char> > __cdecl openstudio::RequiredChoiceConceptImpl<class std::basic_string<char,struct std::char_traits<char>,class std::allocator<char> > >::get(void) in file c:\git\openstudio_1\openstudiocore\src\shared_gui_components\OSConcepts.hpp.
[BOOST_ASSERT] <2> Assertion m_choicesMap.find(result) != m_choicesMap.end() failed on line 534 of class std::basic_string<char,struct std::char_traits<char>,class std::allocator<char> > __cdecl openstudio::RequiredChoiceConceptImpl<class std::basic_string<char,struct std::char_traits<char>,class std::allocator<char> > >::get(void) in file c:\git\openstudio_1\openstudiocore\src\shared_gui_components\OSConcepts.hpp.
[BOOST_ASSERT] <2> Assertion m_choicesMap.find(result) != m_choicesMap.end() failed on line 534 of class std::basic_string<char,struct std::char_traits<char>,class std::allocator<char> > __cdecl openstudio::RequiredChoiceConceptImpl<class std::basic_string<char,struct std::char_traits<char>,class std::allocator<char> > >::get(void) in file c:\git\openstudio_1\openstudiocore\src\shared_gui_components\OSConcepts.hpp.
[BOOST_ASSERT] <2> Assertion m_choicesMap.find(result) != m_choicesMap.end() failed on line 534 of class std::basic_string<char,struct std::char_traits<char>,class std::allocator<char> > __cdecl openstudio::RequiredChoiceConceptImpl<class std::basic_string<char,struct std::char_traits<char>,class std::allocator<char> > >::get(void) in file c:\git\openstudio_1\openstudiocore\src\shared_gui_components\OSConcepts.hpp.
[BOOST_ASSERT] <2> Assertion m_choicesMap.find(result) != m_choicesMap.end() failed on line 534 of class std::basic_string<char,struct std::char_traits<char>,class std::allocator<char> > __cdecl openstudio::RequiredChoiceConceptImpl<class std::basic_string<char,struct std::char_traits<char>,class std::allocator<char> > >::get(void) in file c:\git\openstudio_1\openstudiocore\src\shared_gui_components\OSConcepts.hpp.
[BOOST_ASSERT] <2> Assertion m_choicesMap.find(result) != m_choicesMap.end() failed on line 534 of class std::basic_string<char,struct std::char_traits<char>,class std::allocator<char> > __cdecl openstudio::RequiredChoiceConceptImpl<class std::basic_string<char,struct std::char_traits<char>,class std::allocator<char> > >::get(void) in file c:\git\openstudio_1\openstudiocore\src\shared_gui_components\OSConcepts.hpp.
[BOOST_ASSERT] <2> Assertion m_choicesMap.find(result) != m_choicesMap.end() failed on line 534 of class std::basic_string<char,struct std::char_traits<char>,class std::allocator<char> > __cdecl openstudio::RequiredChoiceConceptImpl<class std::basic_string<char,struct std::char_traits<char>,class std::allocator<char> > >::get(void) in file c:\git\openstudio_1\openstudiocore\src\shared_gui_components\OSConcepts.hpp.
[BOOST_ASSERT] <2> Assertion m_choicesMap.find(result) != m_choicesMap.end() failed on line 534 of class std::basic_string<char,struct std::char_traits<char>,class std::allocator<char> > __cdecl openstudio::RequiredChoiceConceptImpl<class std::basic_string<char,struct std::char_traits<char>,class std::allocator<char> > >::get(void) in file c:\git\openstudio_1\openstudiocore\src\shared_gui_components\OSConcepts.hpp.
[BOOST_ASSERT] <2> Assertion m_choicesMap.find(result) != m_choicesMap.end() failed on line 534 of class std::basic_string<char,struct std::char_traits<char>,class std::allocator<char> > __cdecl openstudio::RequiredChoiceConceptImpl<class std::basic_string<char,struct std::char_traits<char>,class std::allocator<char> > >::get(void) in file c:\git\openstudio_1\openstudiocore\src\shared_gui_components\OSConcepts.hpp.
[BOOST_ASSERT] <2> Assertion m_choicesMap.find(result) != m_choicesMap.end() failed on line 534 of class std::basic_string<char,struct std::char_traits<char>,class std::allocator<char> > __cdecl openstudio::RequiredChoiceConceptImpl<class std::basic_string<char,struct std::char_traits<char>,class std::allocator<char> > >::get(void) in file c:\git\openstudio_1\openstudiocore\src\shared_gui_components\OSConcepts.hpp.
[BOOST_ASSERT] <2> Assertion m_choicesMap.find(result) != m_choicesMap.end() failed on line 534 of class std::basic_string<char,struct std::char_traits<char>,class std::allocator<char> > __cdecl openstudio::RequiredChoiceConceptImpl<class std::basic_string<char,struct std::char_traits<char>,class std::allocator<char> > >::get(void) in file c:\git\openstudio_1\openstudiocore\src\shared_gui_components\OSConcepts.hpp.
[BOOST_ASSERT] <2> Assertion m_choicesMap.find(result) != m_choicesMap.end() failed on line 534 of class std::basic_string<char,struct std::char_traits<char>,class std::allocator<char> > __cdecl openstudio::RequiredChoiceConceptImpl<class std::basic_string<char,struct std::char_traits<char>,class std::allocator<char> > >::get(void) in file c:\git\openstudio_1\openstudiocore\src\shared_gui_components\OSConcepts.hpp.
[openstudio.project.ProjectDatabase] <-1> DB Message: cannot start a transaction within a transaction Unable to begin transaction
[saveModel] <-2> Saved model to 'C:/Users/jmaguire/AppData/Local/Temp/1/OpenStudio.ie5016/in.osm'
[saveModelTempDir] <-2> Copying C:/Users/jmaguire/AppData/Local/Temp/1/OpenStudio.ie5016/resources to C:/Res_measures_git/OpenStudio-Beopt/geometries/008Phoenix_MF_Duplex/008Phoenix_MF_Duplex_c
[copyDir] <-1> copyDir 'C:/Users/jmaguire/AppData/Local/Temp/1/OpenStudio.ie5016/resources' to 'C:/Res_measures_git/OpenStudio-Beopt/geometries/008Phoenix_MF_Duplex/008Phoenix_MF_Duplex_c'
[synchDirStructures] <-1> Synching destination 'C:/Res_measures_git/OpenStudio-Beopt/geometries/008Phoenix_MF_Duplex/008Phoenix_MF_Duplex_c' with source 'C:/Users/jmaguire/AppData/Local/Temp/1/OpenStudio.ie5016/resources'
[synchDirStructures] <-1> Synching destination 'C:/Res_measures_git/OpenStudio-Beopt/geometries/008Phoenix_MF_Duplex/008Phoenix_MF_Duplex_c/files' with source 'C:/Users/jmaguire/AppData/Local/Temp/1/OpenStudio.ie5016/resources/files'
[synchDirStructures] <-1> Synching destination 'C:/Res_measures_git/OpenStudio-Beopt/geometries/008Phoenix_MF_Duplex/008Phoenix_MF_Duplex_c/run' with source 'C:/Users/jmaguire/AppData/Local/Temp/1/OpenStudio.ie5016/resources/run'
[synchDirStructures] <-1> Synching destination 'C:/Res_measures_git/OpenStudio-Beopt/geometries/008Phoenix_MF_Duplex/008Phoenix_MF_Duplex_c/scripts' with source 'C:/Users/jmaguire/AppData/Local/Temp/1/OpenStudio.ie5016/resources/scripts'
[copyDir] <-1> copyDir 'C:/Users/jmaguire/AppData/Local/Temp/1/OpenStudio.ie5016/resources/files' to 'C:/Res_measures_git/OpenStudio-Beopt/geometries/008Phoenix_MF_Duplex/008Phoenix_MF_Duplex_c/files'
[synchDirStructures] <-1> Synching destination 'C:/Res_measures_git/OpenStudio-Beopt/geometries/008Phoenix_MF_Duplex/008Phoenix_MF_Duplex_c/files' with source 'C:/Users/jmaguire/AppData/Local/Temp/1/OpenStudio.ie5016/resources/files'
[copyDir] <-1> copyDir 'C:/Users/jmaguire/AppData/Local/Temp/1/OpenStudio.ie5016/resources/run' to 'C:/Res_measures_git/OpenStudio-Beopt/geometries/008Phoenix_MF_Duplex/008Phoenix_MF_Duplex_c/run'
[synchDirStructures] <-1> Synching destination 'C:/Res_measures_git/OpenStudio-Beopt/geometries/008Phoenix_MF_Duplex/008Phoenix_MF_Duplex_c/run' with source 'C:/Users/jmaguire/AppData/Local/Temp/1/OpenStudio.ie5016/resources/run'
[copyDir] <-1> copyDir 'C:/Users/jmaguire/AppData/Local/Temp/1/OpenStudio.ie5016/resources/scripts' to 'C:/Res_measures_git/OpenStudio-Beopt/geometries/008Phoenix_MF_Duplex/008Phoenix_MF_Duplex_c/scripts'
[synchDirStructures] <-1> Synching destination 'C:/Res_measures_git/OpenStudio-Beopt/geometries/008Phoenix_MF_Duplex/008Phoenix_MF_Duplex_c/scripts' with source 'C:/Users/jmaguire/AppData/Local/Temp/1/OpenStudio.ie5016/resources/scripts'
[openstudio.openstudio_lib.MainRightColumnController] <-2> Setting new edit widget: 0000000011E0D6E0
[BOOST_ASSERT] <2> Assertion m_choicesMap.find(result) != m_choicesMap.end() failed on line 534 of class std::basic_string<char,struct std::char_traits<char>,class std::allocator<char> > __cdecl openstudio::RequiredChoiceConceptImpl<class std::basic_string<char,struct std::char_traits<char>,class std::allocator<char> > >::get(void) in file c:\git\openstudio_1\openstudiocore\src\shared_gui_components\OSConcepts.hpp.
[BOOST_ASSERT] <2> Assertion m_choicesMap.find(result) != m_choicesMap.end() failed on line 534 of class std::basic_string<char,struct std::char_traits<char>,class std::allocator<char> > __cdecl openstudio::RequiredChoiceConceptImpl<class std::basic_string<char,struct std::char_traits<char>,class std::allocator<char> > >::get(void) in file c:\git\openstudio_1\openstudiocore\src\shared_gui_components\OSConcepts.hpp.
[BOOST_ASSERT] <2> Assertion m_choicesMap.find(result) != m_choicesMap.end() failed on line 534 of class std::basic_string<char,struct std::char_traits<char>,class std::allocator<char> > __cdecl openstudio::RequiredChoiceConceptImpl<class std::basic_string<char,struct std::char_traits<char>,class std::allocator<char> > >::get(void) in file c:\git\openstudio_1\openstudiocore\src\shared_gui_components\OSConcepts.hpp.
[BOOST_ASSERT] <2> Assertion m_choicesMap.find(result) != m_choicesMap.end() failed on line 534 of class std::basic_string<char,struct std::char_traits<char>,class std::allocator<char> > __cdecl openstudio::RequiredChoiceConceptImpl<class std::basic_string<char,struct std::char_traits<char>,class std::allocator<char> > >::get(void) in file c:\git\openstudio_1\openstudiocore\src\shared_gui_components\OSConcepts.hpp.
[BOOST_ASSERT] <2> Assertion m_choicesMap.find(result) != m_choicesMap.end() failed on line 534 of class std::basic_string<char,struct std::char_traits<char>,class std::allocator<char> > __cdecl openstudio::RequiredChoiceConceptImpl<class std::basic_string<char,struct std::char_traits<char>,class std::allocator<char> > >::get(void) in file c:\git\openstudio_1\openstudiocore\src\shared_gui_components\OSConcepts.hpp.
[BOOST_ASSERT] <2> Assertion m_choicesMap.find(result) != m_choicesMap.end() failed on line 534 of class std::basic_string<char,struct std::char_traits<char>,class std::allocator<char> > __cdecl openstudio::RequiredChoiceConceptImpl<class std::basic_string<char,struct std::char_traits<char>,class std::allocator<char> > >::get(void) in file c:\git\openstudio_1\openstudiocore\src\shared_gui_components\OSConcepts.hpp.
[BOOST_ASSERT] <2> Assertion m_choicesMap.find(result) != m_choicesMap.end() failed on line 534 of class std::basic_string<char,struct std::char_traits<char>,class std::allocator<char> > __cdecl openstudio::RequiredChoiceConceptImpl<class std::basic_string<char,struct std::char_traits<char>,class std::allocator<char> > >::get(void) in file c:\git\openstudio_1\openstudiocore\src\shared_gui_components\OSConcepts.hpp.
[BOOST_ASSERT] <2> Assertion m_choicesMap.find(result) != m_choicesMap.end() failed on line 534 of class std::basic_string<char,struct std::char_traits<char>,class std::allocator<char> > __cdecl openstudio::RequiredChoiceConceptImpl<class std::basic_string<char,struct std::char_traits<char>,class std::allocator<char> > >::get(void) in file c:\git\openstudio_1\openstudiocore\src\shared_gui_components\OSConcepts.hpp.
[BOOST_ASSERT] <2> Assertion m_choicesMap.find(result) != m_choicesMap.end() failed on line 534 of class std::basic_string<char,struct std::char_traits<char>,class std::allocator<char> > __cdecl openstudio::RequiredChoiceConceptImpl<class std::basic_string<char,struct std::char_traits<char>,class std::allocator<char> > >::get(void) in file c:\git\openstudio_1\openstudiocore\src\shared_gui_components\OSConcepts.hpp.
[BOOST_ASSERT] <2> Assertion m_choicesMap.find(result) != m_choicesMap.end() failed on line 534 of class std::basic_string<char,struct std::char_traits<char>,class std::allocator<char> > __cdecl openstudio::RequiredChoiceConceptImpl<class std::basic_string<char,struct std::char_traits<char>,class std::allocator<char> > >::get(void) in file c:\git\openstudio_1\openstudiocore\src\shared_gui_components\OSConcepts.hpp.
[BOOST_ASSERT] <2> Assertion m_choicesMap.find(result) != m_choicesMap.end() failed on line 534 of class std::basic_string<char,struct std::char_traits<char>,class std::allocator<char> > __cdecl openstudio::RequiredChoiceConceptImpl<class std::basic_string<char,struct std::char_traits<char>,class std::allocator<char> > >::get(void) in file c:\git\openstudio_1\openstudiocore\src\shared_gui_components\OSConcepts.hpp.
[BOOST_ASSERT] <2> Assertion m_choicesMap.find(result) != m_choicesMap.end() failed on line 534 of class std::basic_string<char,struct std::char_traits<char>,class std::allocator<char> > __cdecl openstudio::RequiredChoiceConceptImpl<class std::basic_string<char,struct std::char_traits<char>,class std::allocator<char> > >::get(void) in file c:\git\openstudio_1\openstudiocore\src\shared_gui_components\OSConcepts.hpp.
[BOOST_ASSERT] <2> Assertion m_choicesMap.find(result) != m_choicesMap.end() failed on line 534 of class std::basic_string<char,struct std::char_traits<char>,class std::allocator<char> > __cdecl openstudio::RequiredChoiceConceptImpl<class std::basic_string<char,struct std::char_traits<char>,class std::allocator<char> > >::get(void) in file c:\git\openstudio_1\openstudiocore\src\shared_gui_components\OSConcepts.hpp.
[BOOST_ASSERT] <2> Assertion m_choicesMap.find(result) != m_choicesMap.end() failed on line 534 of class std::basic_string<char,struct std::char_traits<char>,class std::allocator<char> > __cdecl openstudio::RequiredChoiceConceptImpl<class std::basic_string<char,struct std::char_traits<char>,class std::allocator<char> > >::get(void) in file c:\git\openstudio_1\openstudiocore\src\shared_gui_components\OSConcepts.hpp.
[openstudio.project.ProjectDatabase] <-1> DB Message: cannot start a transaction within a transaction Unable to begin transaction
[saveModel] <-2> Saved model to 'C:/Users/jmaguire/AppData/Local/Temp/1/OpenStudio.ie5016/in.osm'
[saveModelTempDir] <-2> Copying C:/Users/jmaguire/AppData/Local/Temp/1/OpenStudio.ie5016/resources to C:/Res_measures_git/OpenStudio-Beopt/geometries/008Phoenix_MF_Duplex/008Phoenix_MF_Duplex_c
[copyDir] <-1> copyDir 'C:/Users/jmaguire/AppData/Local/Temp/1/OpenStudio.ie5016/resources' to 'C:/Res_measures_git/OpenStudio-Beopt/geometries/008Phoenix_MF_Duplex/008Phoenix_MF_Duplex_c'
[synchDirStructures] <-1> Synching destination 'C:/Res_measures_git/OpenStudio-Beopt/geometries/008Phoenix_MF_Duplex/008Phoenix_MF_Duplex_c' with source 'C:/Users/jmaguire/AppData/Local/Temp/1/OpenStudio.ie5016/resources'
[synchDirStructures] <-1> Synching destination 'C:/Res_measures_git/OpenStudio-Beopt/geometries/008Phoenix_MF_Duplex/008Phoenix_MF_Duplex_c/files' with source 'C:/Users/jmaguire/AppData/Local/Temp/1/OpenStudio.ie5016/resources/files'
[synchDirStructures] <-1> Synching destination 'C:/Res_measures_git/OpenStudio-Beopt/geometries/008Phoenix_MF_Duplex/008Phoenix_MF_Duplex_c/run' with source 'C:/Users/jmaguire/AppData/Local/Temp/1/OpenStudio.ie5016/resources/run'
[synchDirStructures] <-1> Synching destination 'C:/Res_measures_git/OpenStudio-Beopt/geometries/008Phoenix_MF_Duplex/008Phoenix_MF_Duplex_c/scripts' with source 'C:/Users/jmaguire/AppData/Local/Temp/1/OpenStudio.ie5016/resources/scripts'
[copyDir] <-1> copyDir 'C:/Users/jmaguire/AppData/Local/Temp/1/OpenStudio.ie5016/resources/files' to 'C:/Res_measures_git/OpenStudio-Beopt/geometries/008Phoenix_MF_Duplex/008Phoenix_MF_Duplex_c/files'
[synchDirStructures] <-1> Synching destination 'C:/Res_measures_git/OpenStudio-Beopt/geometries/008Phoenix_MF_Duplex/008Phoenix_MF_Duplex_c/files' with source 'C:/Users/jmaguire/AppData/Local/Temp/1/OpenStudio.ie5016/resources/files'
