[openstudio.runmanager.RunManager] <-1> Time to load for uuid: {2bf79498-5bd0-4643-a0fa-bf85d2fb2f6e} 0
[openstudio.runmanager.RunManager] <-1> Time to parse tools for uuid: {2bf79498-5bd0-4643-a0fa-bf85d2fb2f6e} 0
[openstudio.runmanager.RunManager] <-1> Time to parse params for uuid: {2bf79498-5bd0-4643-a0fa-bf85d2fb2f6e} 0
[openstudio.runmanager.RunManager] <-1> Time to parse files for uuid: {2bf79498-5bd0-4643-a0fa-bf85d2fb2f6e} 0
[openstudio.runmanager.RunManager] <-1> Time to load for uuid: {2c79a9aa-795b-463b-9708-c8f3c85e060c} 0
[openstudio.runmanager.RunManager] <-1> Time to parse tools for uuid: {2c79a9aa-795b-463b-9708-c8f3c85e060c} 0
[openstudio.runmanager.RunManager] <-1> Time to parse params for uuid: {2c79a9aa-795b-463b-9708-c8f3c85e060c} 0
[openstudio.runmanager.RunManager] <-1> Time to parse files for uuid: {2c79a9aa-795b-463b-9708-c8f3c85e060c} 0
[openstudio.runmanager.RunManager] <-1> Time to load for uuid: {79f9507c-b4a1-40ca-9049-4511370c444a} 0
[openstudio.runmanager.RunManager] <-1> Time to parse tools for uuid: {79f9507c-b4a1-40ca-9049-4511370c444a} 0
[openstudio.runmanager.RunManager] <-1> Time to parse params for uuid: {79f9507c-b4a1-40ca-9049-4511370c444a} 0
[openstudio.runmanager.RunManager] <-1> Time to parse files for uuid: {79f9507c-b4a1-40ca-9049-4511370c444a} 0
[openstudio.runmanager.RunManager] <-1> Time to load for uuid: {88242a5d-bbd7-4b17-9d54-177801f28c22} 0
[openstudio.runmanager.RunManager] <-1> Time to parse tools for uuid: {88242a5d-bbd7-4b17-9d54-177801f28c22} 0
[openstudio.runmanager.RunManager] <-1> Time to parse params for uuid: {88242a5d-bbd7-4b17-9d54-177801f28c22} 0
[openstudio.runmanager.RunManager] <-1> Time to parse files for uuid: {88242a5d-bbd7-4b17-9d54-177801f28c22} 0
[openstudio.runmanager.RunManager] <-1> Time to load for uuid: {14d98789-0d75-435b-ab57-97ddb0423499} 0
[openstudio.runmanager.RunManager] <-1> Time to parse tools for uuid: {14d98789-0d75-435b-ab57-97ddb0423499} 0
[openstudio.runmanager.RunManager] <-1> Time to parse params for uuid: {14d98789-0d75-435b-ab57-97ddb0423499} 0
[openstudio.runmanager.RunManager] <-1> Time to parse files for uuid: {14d98789-0d75-435b-ab57-97ddb0423499} 0
[openstudio.LocalLibraryController] <-2> Creating LocalLibraryController with base app 0044FB30
[openstudio.MeasureManager] <1> UUID of user measure at 'C:/Users/jmaguire/BCL/e6642d40-7366-4647-8724-53a37991d579/662dc30c-678c-467d-a6be-15e075a3885b' conflicts with other measure, other measure will be used instead
[openstudio.MeasureManager] <1> UUID of user measure at 'C:/Users/jmaguire/BCL/fc337100-8634-404e-8966-01243d292a79/c418b65d-aa8d-41c2-98b3-7ae3af82a788' conflicts with other measure, other measure will be used instead
[openstudio.MeasureManager] <1> UUID of user measure at 'C:/Users/jmaguire/BCL/e6642d40-7366-4647-8724-53a37991d579/662dc30c-678c-467d-a6be-15e075a3885b' conflicts with other measure, other measure will be used instead
[openstudio.MeasureManager] <1> UUID of user measure at 'C:/Users/jmaguire/BCL/fc337100-8634-404e-8966-01243d292a79/c418b65d-aa8d-41c2-98b3-7ae3af82a788' conflicts with other measure, other measure will be used instead
[openstudio.MeasureManager] <1> UUID of user measure at 'C:/Users/jmaguire/BCL/e6642d40-7366-4647-8724-53a37991d579/662dc30c-678c-467d-a6be-15e075a3885b' conflicts with other measure, other measure will be used instead
[openstudio.MeasureManager] <1> UUID of user measure at 'C:/Users/jmaguire/BCL/fc337100-8634-404e-8966-01243d292a79/c418b65d-aa8d-41c2-98b3-7ae3af82a788' conflicts with other measure, other measure will be used instead
[openstudio.MeasureManager] <1> UUID of user measure at 'C:/Users/jmaguire/BCL/e6642d40-7366-4647-8724-53a37991d579/662dc30c-678c-467d-a6be-15e075a3885b' conflicts with other measure, other measure will be used instead
[openstudio.MeasureManager] <1> UUID of user measure at 'C:/Users/jmaguire/BCL/fc337100-8634-404e-8966-01243d292a79/c418b65d-aa8d-41c2-98b3-7ae3af82a788' conflicts with other measure, other measure will be used instead
[openstudio.MeasureManager] <1> UUID of user measure at 'C:/Users/jmaguire/BCL/e6642d40-7366-4647-8724-53a37991d579/662dc30c-678c-467d-a6be-15e075a3885b' conflicts with other measure, other measure will be used instead
[openstudio.MeasureManager] <1> UUID of user measure at 'C:/Users/jmaguire/BCL/fc337100-8634-404e-8966-01243d292a79/c418b65d-aa8d-41c2-98b3-7ae3af82a788' conflicts with other measure, other measure will be used instead
[openstudio.MeasureManager] <1> UUID of user measure at 'C:/Users/jmaguire/BCL/e6642d40-7366-4647-8724-53a37991d579/662dc30c-678c-467d-a6be-15e075a3885b' conflicts with other measure, other measure will be used instead
[openstudio.MeasureManager] <1> UUID of user measure at 'C:/Users/jmaguire/BCL/fc337100-8634-404e-8966-01243d292a79/c418b65d-aa8d-41c2-98b3-7ae3af82a788' conflicts with other measure, other measure will be used instead
[openstudio.MeasureManager] <1> UUID of user measure at 'C:/Users/jmaguire/BCL/e6642d40-7366-4647-8724-53a37991d579/662dc30c-678c-467d-a6be-15e075a3885b' conflicts with other measure, other measure will be used instead
[openstudio.MeasureManager] <1> UUID of user measure at 'C:/Users/jmaguire/BCL/fc337100-8634-404e-8966-01243d292a79/c418b65d-aa8d-41c2-98b3-7ae3af82a788' conflicts with other measure, other measure will be used instead
[openstudio.MeasureManager] <1> UUID of user measure at 'C:/Users/jmaguire/BCL/e6642d40-7366-4647-8724-53a37991d579/662dc30c-678c-467d-a6be-15e075a3885b' conflicts with other measure, other measure will be used instead
[openstudio.MeasureManager] <1> UUID of user measure at 'C:/Users/jmaguire/BCL/fc337100-8634-404e-8966-01243d292a79/c418b65d-aa8d-41c2-98b3-7ae3af82a788' conflicts with other measure, other measure will be used instead
[openstudio.MeasureManager] <1> UUID of user measure at 'C:/Users/jmaguire/BCL/e6642d40-7366-4647-8724-53a37991d579/662dc30c-678c-467d-a6be-15e075a3885b' conflicts with other measure, other measure will be used instead
[openstudio.MeasureManager] <1> UUID of user measure at 'C:/Users/jmaguire/BCL/fc337100-8634-404e-8966-01243d292a79/c418b65d-aa8d-41c2-98b3-7ae3af82a788' conflicts with other measure, other measure will be used instead
[openstudio.MeasureManager] <1> UUID of user measure at 'C:/Users/jmaguire/BCL/e6642d40-7366-4647-8724-53a37991d579/662dc30c-678c-467d-a6be-15e075a3885b' conflicts with other measure, other measure will be used instead
[openstudio.MeasureManager] <1> UUID of user measure at 'C:/Users/jmaguire/BCL/fc337100-8634-404e-8966-01243d292a79/c418b65d-aa8d-41c2-98b3-7ae3af82a788' conflicts with other measure, other measure will be used instead
[openstudio.MeasureManager] <1> UUID of user measure at 'C:/Users/jmaguire/BCL/e6642d40-7366-4647-8724-53a37991d579/662dc30c-678c-467d-a6be-15e075a3885b' conflicts with other measure, other measure will be used instead
[openstudio.MeasureManager] <1> UUID of user measure at 'C:/Users/jmaguire/BCL/fc337100-8634-404e-8966-01243d292a79/c418b65d-aa8d-41c2-98b3-7ae3af82a788' conflicts with other measure, other measure will be used instead
[openstudio.MeasureManager] <1> UUID of user measure at 'C:/Users/jmaguire/BCL/e6642d40-7366-4647-8724-53a37991d579/662dc30c-678c-467d-a6be-15e075a3885b' conflicts with other measure, other measure will be used instead
[openstudio.MeasureManager] <1> UUID of user measure at 'C:/Users/jmaguire/BCL/fc337100-8634-404e-8966-01243d292a79/c418b65d-aa8d-41c2-98b3-7ae3af82a788' conflicts with other measure, other measure will be used instead
[openstudio.MeasureManager] <1> UUID of user measure at 'C:/Users/jmaguire/BCL/e6642d40-7366-4647-8724-53a37991d579/662dc30c-678c-467d-a6be-15e075a3885b' conflicts with other measure, other measure will be used instead
[openstudio.MeasureManager] <1> UUID of user measure at 'C:/Users/jmaguire/BCL/fc337100-8634-404e-8966-01243d292a79/c418b65d-aa8d-41c2-98b3-7ae3af82a788' conflicts with other measure, other measure will be used instead
[openstudio.MeasureManager] <1> UUID of user measure at 'C:/Users/jmaguire/BCL/e6642d40-7366-4647-8724-53a37991d579/662dc30c-678c-467d-a6be-15e075a3885b' conflicts with other measure, other measure will be used instead
[openstudio.MeasureManager] <1> UUID of user measure at 'C:/Users/jmaguire/BCL/fc337100-8634-404e-8966-01243d292a79/c418b65d-aa8d-41c2-98b3-7ae3af82a788' conflicts with other measure, other measure will be used instead
[openstudio.MeasureManager] <1> UUID of user measure at 'C:/Users/jmaguire/BCL/e6642d40-7366-4647-8724-53a37991d579/662dc30c-678c-467d-a6be-15e075a3885b' conflicts with other measure, other measure will be used instead
[openstudio.MeasureManager] <1> UUID of user measure at 'C:/Users/jmaguire/BCL/fc337100-8634-404e-8966-01243d292a79/c418b65d-aa8d-41c2-98b3-7ae3af82a788' conflicts with other measure, other measure will be used instead
[openstudio.MeasureManager] <1> UUID of user measure at 'C:/Users/jmaguire/BCL/e6642d40-7366-4647-8724-53a37991d579/662dc30c-678c-467d-a6be-15e075a3885b' conflicts with other measure, other measure will be used instead
[openstudio.MeasureManager] <1> UUID of user measure at 'C:/Users/jmaguire/BCL/fc337100-8634-404e-8966-01243d292a79/c418b65d-aa8d-41c2-98b3-7ae3af82a788' conflicts with other measure, other measure will be used instead
[openstudio.MeasureManager] <1> UUID of user measure at 'C:/Users/jmaguire/BCL/e6642d40-7366-4647-8724-53a37991d579/662dc30c-678c-467d-a6be-15e075a3885b' conflicts with other measure, other measure will be used instead
[openstudio.MeasureManager] <1> UUID of user measure at 'C:/Users/jmaguire/BCL/fc337100-8634-404e-8966-01243d292a79/c418b65d-aa8d-41c2-98b3-7ae3af82a788' conflicts with other measure, other measure will be used instead
[openstudio.MeasureManager] <1> UUID of user measure at 'C:/Users/jmaguire/BCL/e6642d40-7366-4647-8724-53a37991d579/662dc30c-678c-467d-a6be-15e075a3885b' conflicts with other measure, other measure will be used instead
[openstudio.MeasureManager] <1> UUID of user measure at 'C:/Users/jmaguire/BCL/fc337100-8634-404e-8966-01243d292a79/c418b65d-aa8d-41c2-98b3-7ae3af82a788' conflicts with other measure, other measure will be used instead
[openstudio.MeasureManager] <1> UUID of user measure at 'C:/Users/jmaguire/BCL/e6642d40-7366-4647-8724-53a37991d579/662dc30c-678c-467d-a6be-15e075a3885b' conflicts with other measure, other measure will be used instead
[openstudio.MeasureManager] <1> UUID of user measure at 'C:/Users/jmaguire/BCL/fc337100-8634-404e-8966-01243d292a79/c418b65d-aa8d-41c2-98b3-7ae3af82a788' conflicts with other measure, other measure will be used instead
[openstudio.MeasureManager] <1> UUID of user measure at 'C:/Users/jmaguire/BCL/e6642d40-7366-4647-8724-53a37991d579/662dc30c-678c-467d-a6be-15e075a3885b' conflicts with other measure, other measure will be used instead
[openstudio.MeasureManager] <1> UUID of user measure at 'C:/Users/jmaguire/BCL/fc337100-8634-404e-8966-01243d292a79/c418b65d-aa8d-41c2-98b3-7ae3af82a788' conflicts with other measure, other measure will be used instead
[openstudio.MeasureManager] <1> UUID of user measure at 'C:/Users/jmaguire/BCL/e6642d40-7366-4647-8724-53a37991d579/662dc30c-678c-467d-a6be-15e075a3885b' conflicts with other measure, other measure will be used instead
[openstudio.MeasureManager] <1> UUID of user measure at 'C:/Users/jmaguire/BCL/fc337100-8634-404e-8966-01243d292a79/c418b65d-aa8d-41c2-98b3-7ae3af82a788' conflicts with other measure, other measure will be used instead
[openstudio.MeasureManager] <1> UUID of user measure at 'C:/Users/jmaguire/BCL/e6642d40-7366-4647-8724-53a37991d579/662dc30c-678c-467d-a6be-15e075a3885b' conflicts with other measure, other measure will be used instead
[openstudio.MeasureManager] <1> UUID of user measure at 'C:/Users/jmaguire/BCL/fc337100-8634-404e-8966-01243d292a79/c418b65d-aa8d-41c2-98b3-7ae3af82a788' conflicts with other measure, other measure will be used instead
[openstudio.MeasureManager] <1> UUID of user measure at 'C:/Users/jmaguire/BCL/e6642d40-7366-4647-8724-53a37991d579/662dc30c-678c-467d-a6be-15e075a3885b' conflicts with other measure, other measure will be used instead
[openstudio.MeasureManager] <1> UUID of user measure at 'C:/Users/jmaguire/BCL/fc337100-8634-404e-8966-01243d292a79/c418b65d-aa8d-41c2-98b3-7ae3af82a788' conflicts with other measure, other measure will be used instead
[openstudio.MeasureManager] <1> UUID of user measure at 'C:/Users/jmaguire/BCL/e6642d40-7366-4647-8724-53a37991d579/662dc30c-678c-467d-a6be-15e075a3885b' conflicts with other measure, other measure will be used instead
[openstudio.MeasureManager] <1> UUID of user measure at 'C:/Users/jmaguire/BCL/fc337100-8634-404e-8966-01243d292a79/c418b65d-aa8d-41c2-98b3-7ae3af82a788' conflicts with other measure, other measure will be used instead
[openstudio.MeasureManager] <1> UUID of user measure at 'C:/Users/jmaguire/BCL/e6642d40-7366-4647-8724-53a37991d579/662dc30c-678c-467d-a6be-15e075a3885b' conflicts with other measure, other measure will be used instead
[openstudio.MeasureManager] <1> UUID of user measure at 'C:/Users/jmaguire/BCL/fc337100-8634-404e-8966-01243d292a79/c418b65d-aa8d-41c2-98b3-7ae3af82a788' conflicts with other measure, other measure will be used instead
[openstudio.MeasureManager] <1> UUID of user measure at 'C:/Users/jmaguire/BCL/e6642d40-7366-4647-8724-53a37991d579/662dc30c-678c-467d-a6be-15e075a3885b' conflicts with other measure, other measure will be used instead
[openstudio.MeasureManager] <1> UUID of user measure at 'C:/Users/jmaguire/BCL/fc337100-8634-404e-8966-01243d292a79/c418b65d-aa8d-41c2-98b3-7ae3af82a788' conflicts with other measure, other measure will be used instead
[openstudio.MeasureManager] <1> UUID of user measure at 'C:/Users/jmaguire/BCL/e6642d40-7366-4647-8724-53a37991d579/662dc30c-678c-467d-a6be-15e075a3885b' conflicts with other measure, other measure will be used instead
[openstudio.MeasureManager] <1> UUID of user measure at 'C:/Users/jmaguire/BCL/fc337100-8634-404e-8966-01243d292a79/c418b65d-aa8d-41c2-98b3-7ae3af82a788' conflicts with other measure, other measure will be used instead
[openstudio.MeasureManager] <1> UUID of user measure at 'C:/Users/jmaguire/BCL/e6642d40-7366-4647-8724-53a37991d579/662dc30c-678c-467d-a6be-15e075a3885b' conflicts with other measure, other measure will be used instead
[openstudio.MeasureManager] <1> UUID of user measure at 'C:/Users/jmaguire/BCL/fc337100-8634-404e-8966-01243d292a79/c418b65d-aa8d-41c2-98b3-7ae3af82a788' conflicts with other measure, other measure will be used instead
[openstudio.MeasureManager] <1> UUID of user measure at 'C:/Users/jmaguire/BCL/e6642d40-7366-4647-8724-53a37991d579/662dc30c-678c-467d-a6be-15e075a3885b' conflicts with other measure, other measure will be used instead
[openstudio.MeasureManager] <1> UUID of user measure at 'C:/Users/jmaguire/BCL/fc337100-8634-404e-8966-01243d292a79/c418b65d-aa8d-41c2-98b3-7ae3af82a788' conflicts with other measure, other measure will be used instead
[openstudio.MeasureManager] <1> UUID of user measure at 'C:/Users/jmaguire/BCL/e6642d40-7366-4647-8724-53a37991d579/662dc30c-678c-467d-a6be-15e075a3885b' conflicts with other measure, other measure will be used instead
[openstudio.MeasureManager] <1> UUID of user measure at 'C:/Users/jmaguire/BCL/fc337100-8634-404e-8966-01243d292a79/c418b65d-aa8d-41c2-98b3-7ae3af82a788' conflicts with other measure, other measure will be used instead
[openstudio.MeasureManager] <1> UUID of user measure at 'C:/Users/jmaguire/BCL/e6642d40-7366-4647-8724-53a37991d579/662dc30c-678c-467d-a6be-15e075a3885b' conflicts with other measure, other measure will be used instead
[openstudio.MeasureManager] <1> UUID of user measure at 'C:/Users/jmaguire/BCL/fc337100-8634-404e-8966-01243d292a79/c418b65d-aa8d-41c2-98b3-7ae3af82a788' conflicts with other measure, other measure will be used instead
[openstudio.MeasureManager] <1> UUID of user measure at 'C:/Users/jmaguire/BCL/e6642d40-7366-4647-8724-53a37991d579/662dc30c-678c-467d-a6be-15e075a3885b' conflicts with other measure, other measure will be used instead
[openstudio.MeasureManager] <1> UUID of user measure at 'C:/Users/jmaguire/BCL/fc337100-8634-404e-8966-01243d292a79/c418b65d-aa8d-41c2-98b3-7ae3af82a788' conflicts with other measure, other measure will be used instead
[openstudio.MeasureManager] <1> UUID of user measure at 'C:/Users/jmaguire/BCL/e6642d40-7366-4647-8724-53a37991d579/662dc30c-678c-467d-a6be-15e075a3885b' conflicts with other measure, other measure will be used instead
[openstudio.MeasureManager] <1> UUID of user measure at 'C:/Users/jmaguire/BCL/fc337100-8634-404e-8966-01243d292a79/c418b65d-aa8d-41c2-98b3-7ae3af82a788' conflicts with other measure, other measure will be used instead
[openstudio.MeasureManager] <1> UUID of user measure at 'C:/Users/jmaguire/BCL/e6642d40-7366-4647-8724-53a37991d579/662dc30c-678c-467d-a6be-15e075a3885b' conflicts with other measure, other measure will be used instead
[openstudio.MeasureManager] <1> UUID of user measure at 'C:/Users/jmaguire/BCL/fc337100-8634-404e-8966-01243d292a79/c418b65d-aa8d-41c2-98b3-7ae3af82a788' conflicts with other measure, other measure will be used instead
[openstudio.MeasureManager] <1> UUID of user measure at 'C:/Users/jmaguire/BCL/e6642d40-7366-4647-8724-53a37991d579/662dc30c-678c-467d-a6be-15e075a3885b' conflicts with other measure, other measure will be used instead
[openstudio.MeasureManager] <1> UUID of user measure at 'C:/Users/jmaguire/BCL/fc337100-8634-404e-8966-01243d292a79/c418b65d-aa8d-41c2-98b3-7ae3af82a788' conflicts with other measure, other measure will be used instead
[utilities.bcl.BCLMeasure] <-2> Loading measures in path: C:/Program Files (x86)/OpenStudio 1.5.0/share/openstudio-1.5.0/pat/Measures/
[utilities.bcl.BCLMeasure] <-2> Attempting to load measure: C:/Program Files (x86)/OpenStudio 1.5.0/share/openstudio-1.5.0/pat/Measures/CalibrationReports
[utilities.bcl.BCLMeasure] <-2> Success loading measure: C:/Program Files (x86)/OpenStudio 1.5.0/share/openstudio-1.5.0/pat/Measures/CalibrationReports
[utilities.bcl.BCLMeasure] <-2> Attempting to load measure: C:/Program Files (x86)/OpenStudio 1.5.0/share/openstudio-1.5.0/pat/Measures/ReplaceModel
[utilities.bcl.BCLMeasure] <-2> Success loading measure: C:/Program Files (x86)/OpenStudio 1.5.0/share/openstudio-1.5.0/pat/Measures/ReplaceModel
[utilities.bcl.BCLMeasure] <-2> Attempting to load measure: C:/Program Files (x86)/OpenStudio 1.5.0/share/openstudio-1.5.0/pat/Measures/ReportRequest
[utilities.bcl.BCLMeasure] <-2> Success loading measure: C:/Program Files (x86)/OpenStudio 1.5.0/share/openstudio-1.5.0/pat/Measures/ReportRequest
[utilities.bcl.BCLMeasure] <-2> Attempting to load measure: C:/Program Files (x86)/OpenStudio 1.5.0/share/openstudio-1.5.0/pat/Measures/StandardReports
[utilities.bcl.BCLMeasure] <-2> Success loading measure: C:/Program Files (x86)/OpenStudio 1.5.0/share/openstudio-1.5.0/pat/Measures/StandardReports
[utilities.bcl.BCLMeasure] <-2> Loading measures in path: C:/Users/jmaguire/OpenStudio/Measures
[utilities.bcl.BCLMeasure] <-2> Attempting to load measure: C:/Users/jmaguire/OpenStudio/Measures/.idea
[utilities.bcl.BCLXML] <2> 'C:/Users/jmaguire/OpenStudio/Measures/.idea/measure.xml' does not exist
[utilities.bcl.BCLMeasure] <2> 'C:/Users/jmaguire/OpenStudio/Measures/.idea' is not a measure
[utilities.bcl.BCLMeasure] <-2> Attempting to load measure: C:/Users/jmaguire/OpenStudio/Measures/AddBuildingAmericaBenchmarkOccupants
[utilities.bcl.BCLMeasure] <-2> Success loading measure: C:/Users/jmaguire/OpenStudio/Measures/AddBuildingAmericaBenchmarkOccupants
[utilities.bcl.BCLMeasure] <-2> Attempting to load measure: C:/Users/jmaguire/OpenStudio/Measures/AddDistributionTimerAndRecirc
[utilities.bcl.BCLMeasure] <-2> Success loading measure: C:/Users/jmaguire/OpenStudio/Measures/AddDistributionTimerAndRecirc
[utilities.bcl.BCLMeasure] <-2> Attempting to load measure: C:/Users/jmaguire/OpenStudio/Measures/AddOSWaterHeaterMixedStorageElectric
[utilities.bcl.BCLMeasure] <-2> Success loading measure: C:/Users/jmaguire/OpenStudio/Measures/AddOSWaterHeaterMixedStorageElectric
[utilities.bcl.BCLMeasure] <-2> Attempting to load measure: C:/Users/jmaguire/OpenStudio/Measures/AddOSWaterHeaterMixedStorageGas
[utilities.bcl.BCLMeasure] <-2> Success loading measure: C:/Users/jmaguire/OpenStudio/Measures/AddOSWaterHeaterMixedStorageGas
[utilities.bcl.BCLMeasure] <-2> Attempting to load measure: C:/Users/jmaguire/OpenStudio/Measures/AddOSWaterHeaterMixedStorageOil
[utilities.bcl.BCLMeasure] <-2> Success loading measure: C:/Users/jmaguire/OpenStudio/Measures/AddOSWaterHeaterMixedStorageOil
[utilities.bcl.BCLMeasure] <-2> Attempting to load measure: C:/Users/jmaguire/OpenStudio/Measures/AddOSWaterHeaterMixedTanklessElectric
[utilities.bcl.BCLMeasure] <-2> Success loading measure: C:/Users/jmaguire/OpenStudio/Measures/AddOSWaterHeaterMixedTanklessElectric
[utilities.bcl.BCLMeasure] <-2> Attempting to load measure: C:/Users/jmaguire/OpenStudio/Measures/AddOSWaterHeaterMixedTanklessGas
[utilities.bcl.BCLMeasure] <-2> Success loading measure: C:/Users/jmaguire/OpenStudio/Measures/AddOSWaterHeaterMixedTanklessGas
[utilities.bcl.BCLMeasure] <-2> Attempting to load measure: C:/Users/jmaguire/OpenStudio/Measures/AddResidentialDehumidifier
[utilities.bcl.BCLMeasure] <-2> Success loading measure: C:/Users/jmaguire/OpenStudio/Measures/AddResidentialDehumidifier
[utilities.bcl.BCLMeasure] <-2> Attempting to load measure: C:/Users/jmaguire/OpenStudio/Measures/AddResidentialRefrigerator
[utilities.bcl.BCLMeasure] <-2> Success loading measure: C:/Users/jmaguire/OpenStudio/Measures/AddResidentialRefrigerator
[utilities.bcl.BCLMeasure] <-2> Attempting to load measure: C:/Users/jmaguire/OpenStudio/Measures/ChangeAirCooledEvapFanMotortoECMSingleSpeedDX
[utilities.bcl.BCLMeasure] <-2> Success loading measure: C:/Users/jmaguire/OpenStudio/Measures/ChangeAirCooledEvapFanMotortoECMSingleSpeedDX
[utilities.bcl.BCLMeasure] <-2> Attempting to load measure: C:/Users/jmaguire/OpenStudio/Measures/ExportTimeSeriesDatatoCSV
[utilities.bcl.BCLMeasure] <-2> Success loading measure: C:/Users/jmaguire/OpenStudio/Measures/ExportTimeSeriesDatatoCSV
[utilities.bcl.BCLMeasure] <-2> Attempting to load measure: C:/Users/jmaguire/OpenStudio/Measures/ModifySiteWaterMainsTemperature
[utilities.bcl.BCLMeasure] <-2> Success loading measure: C:/Users/jmaguire/OpenStudio/Measures/ModifySiteWaterMainsTemperature
[utilities.bcl.BCLMeasure] <-2> Attempting to load measure: C:/Users/jmaguire/OpenStudio/Measures/ModifySiteWaterTemperature
[utilities.bcl.BCLXML] <2> 'C:/Users/jmaguire/OpenStudio/Measures/ModifySiteWaterTemperature/measure.xml' is not a correct BCL XML
[utilities.bcl.BCLMeasure] <2> 'C:/Users/jmaguire/OpenStudio/Measures/ModifySiteWaterTemperature' is not a measure
[utilities.bcl.BCLMeasure] <-2> Attempting to load measure: C:/Users/jmaguire/OpenStudio/Measures/NewMeasure
[utilities.bcl.BCLMeasure] <-2> Success loading measure: C:/Users/jmaguire/OpenStudio/Measures/NewMeasure
[utilities.bcl.BCLMeasure] <-2> Attempting to load measure: C:/Users/jmaguire/OpenStudio/Measures/ProcessAirflow
[utilities.bcl.BCLMeasure] <-2> Success loading measure: C:/Users/jmaguire/OpenStudio/Measures/ProcessAirflow
[utilities.bcl.BCLMeasure] <-2> Attempting to load measure: C:/Users/jmaguire/OpenStudio/Measures/ProcessAirSourceHeatPump
[utilities.bcl.BCLMeasure] <-2> Success loading measure: C:/Users/jmaguire/OpenStudio/Measures/ProcessAirSourceHeatPump
[utilities.bcl.BCLMeasure] <-2> Attempting to load measure: C:/Users/jmaguire/OpenStudio/Measures/ProcessCentralAirConditioner
[utilities.bcl.BCLMeasure] <-2> Success loading measure: C:/Users/jmaguire/OpenStudio/Measures/ProcessCentralAirConditioner
[utilities.bcl.BCLMeasure] <-2> Attempting to load measure: C:/Users/jmaguire/OpenStudio/Measures/ProcessConstructionsCrawlspace
[utilities.bcl.BCLMeasure] <-2> Success loading measure: C:/Users/jmaguire/OpenStudio/Measures/ProcessConstructionsCrawlspace
[utilities.bcl.BCLMeasure] <-2> Attempting to load measure: C:/Users/jmaguire/OpenStudio/Measures/ProcessConstructionsDoors
[utilities.bcl.BCLMeasure] <-2> Success loading measure: C:/Users/jmaguire/OpenStudio/Measures/ProcessConstructionsDoors
[utilities.bcl.BCLMeasure] <-2> Attempting to load measure: C:/Users/jmaguire/OpenStudio/Measures/ProcessConstructionsExteriorInsulatedWallsDoubleWoodStud
[utilities.bcl.BCLMeasure] <-2> Success loading measure: C:/Users/jmaguire/OpenStudio/Measures/ProcessConstructionsExteriorInsulatedWallsDoubleWoodStud
[utilities.bcl.BCLMeasure] <-2> Attempting to load measure: C:/Users/jmaguire/OpenStudio/Measures/ProcessConstructionsExteriorInsulatedWallsWoodStud
[utilities.bcl.BCLMeasure] <-2> Success loading measure: C:/Users/jmaguire/OpenStudio/Measures/ProcessConstructionsExteriorInsulatedWallsWoodStud
[utilities.bcl.BCLMeasure] <-2> Attempting to load measure: C:/Users/jmaguire/OpenStudio/Measures/ProcessConstructionsExteriorUninsulatedWalls
[utilities.bcl.BCLMeasure] <-2> Success loading measure: C:/Users/jmaguire/OpenStudio/Measures/ProcessConstructionsExteriorUninsulatedWalls
[utilities.bcl.BCLMeasure] <-2> Attempting to load measure: C:/Users/jmaguire/OpenStudio/Measures/ProcessConstructionsFinishedBasement
[utilities.bcl.BCLMeasure] <-2> Success loading measure: C:/Users/jmaguire/OpenStudio/Measures/ProcessConstructionsFinishedBasement
[utilities.bcl.BCLMeasure] <-2> Attempting to load measure: C:/Users/jmaguire/OpenStudio/Measures/ProcessConstructionsGarageRoof
[utilities.bcl.BCLMeasure] <-2> Success loading measure: C:/Users/jmaguire/OpenStudio/Measures/ProcessConstructionsGarageRoof
[utilities.bcl.BCLMeasure] <-2> Attempting to load measure: C:/Users/jmaguire/OpenStudio/Measures/ProcessConstructionsGarageSlab
[utilities.bcl.BCLMeasure] <-2> Success loading measure: C:/Users/jmaguire/OpenStudio/Measures/ProcessConstructionsGarageSlab
[utilities.bcl.BCLMeasure] <-2> Attempting to load measure: C:/Users/jmaguire/OpenStudio/Measures/ProcessConstructionsInsulatedRoof
[utilities.bcl.BCLMeasure] <-2> Success loading measure: C:/Users/jmaguire/OpenStudio/Measures/ProcessConstructionsInsulatedRoof
[utilities.bcl.BCLMeasure] <-2> Attempting to load measure: C:/Users/jmaguire/OpenStudio/Measures/ProcessConstructionsInteriorInsulatedFloors
[utilities.bcl.BCLMeasure] <-2> Success loading measure: C:/Users/jmaguire/OpenStudio/Measures/ProcessConstructionsInteriorInsulatedFloors
[utilities.bcl.BCLMeasure] <-2> Attempting to load measure: C:/Users/jmaguire/OpenStudio/Measures/ProcessConstructionsInteriorInsulatedWalls
[utilities.bcl.BCLMeasure] <-2> Success loading measure: C:/Users/jmaguire/OpenStudio/Measures/ProcessConstructionsInteriorInsulatedWalls
[utilities.bcl.BCLMeasure] <-2> Attempting to load measure: C:/Users/jmaguire/OpenStudio/Measures/ProcessConstructionsInteriorUninsulatedFloors
[utilities.bcl.BCLMeasure] <-2> Success loading measure: C:/Users/jmaguire/OpenStudio/Measures/ProcessConstructionsInteriorUninsulatedFloors
[utilities.bcl.BCLMeasure] <-2> Attempting to load measure: C:/Users/jmaguire/OpenStudio/Measures/ProcessConstructionsInteriorUninsulatedWalls
[utilities.bcl.BCLMeasure] <-2> Success loading measure: C:/Users/jmaguire/OpenStudio/Measures/ProcessConstructionsInteriorUninsulatedWalls
[utilities.bcl.BCLMeasure] <-2> Attempting to load measure: C:/Users/jmaguire/OpenStudio/Measures/ProcessConstructionsSlab
[utilities.bcl.BCLMeasure] <-2> Success loading measure: C:/Users/jmaguire/OpenStudio/Measures/ProcessConstructionsSlab
[utilities.bcl.BCLMeasure] <-2> Attempting to load measure: C:/Users/jmaguire/OpenStudio/Measures/ProcessConstructionsUnfinishedAttic
[utilities.bcl.BCLMeasure] <-2> Success loading measure: C:/Users/jmaguire/OpenStudio/Measures/ProcessConstructionsUnfinishedAttic
[utilities.bcl.BCLMeasure] <-2> Attempting to load measure: C:/Users/jmaguire/OpenStudio/Measures/ProcessConstructionsUnfinishedBasement
[utilities.bcl.BCLMeasure] <-2> Success loading measure: C:/Users/jmaguire/OpenStudio/Measures/ProcessConstructionsUnfinishedBasement
[utilities.bcl.BCLMeasure] <-2> Attempting to load measure: C:/Users/jmaguire/OpenStudio/Measures/ProcessConstructionsWindows
[utilities.bcl.BCLMeasure] <-2> Success loading measure: C:/Users/jmaguire/OpenStudio/Measures/ProcessConstructionsWindows
[utilities.bcl.BCLMeasure] <-2> Attempting to load measure: C:/Users/jmaguire/OpenStudio/Measures/ProcessElectricBaseboard
[utilities.bcl.BCLMeasure] <-2> Success loading measure: C:/Users/jmaguire/OpenStudio/Measures/ProcessElectricBaseboard
[utilities.bcl.BCLMeasure] <-2> Attempting to load measure: C:/Users/jmaguire/OpenStudio/Measures/ProcessFurnace
[utilities.bcl.BCLMeasure] <-2> Success loading measure: C:/Users/jmaguire/OpenStudio/Measures/ProcessFurnace
[utilities.bcl.BCLMeasure] <-2> Attempting to load measure: C:/Users/jmaguire/OpenStudio/Measures/ProcessGroundTemperature
[utilities.bcl.BCLMeasure] <-2> Success loading measure: C:/Users/jmaguire/OpenStudio/Measures/ProcessGroundTemperature
[utilities.bcl.BCLMeasure] <-2> Attempting to load measure: C:/Users/jmaguire/OpenStudio/Measures/ProcessHeatingandCoolingSeasons
[utilities.bcl.BCLMeasure] <-2> Success loading measure: C:/Users/jmaguire/OpenStudio/Measures/ProcessHeatingandCoolingSeasons
[utilities.bcl.BCLMeasure] <-2> Attempting to load measure: C:/Users/jmaguire/OpenStudio/Measures/ProcessHeatingandCoolingSetpoints
[utilities.bcl.BCLMeasure] <-2> Success loading measure: C:/Users/jmaguire/OpenStudio/Measures/ProcessHeatingandCoolingSetpoints
[utilities.bcl.BCLMeasure] <-2> Attempting to load measure: C:/Users/jmaguire/OpenStudio/Measures/ProcessSystemCrankcaseHeater
[utilities.bcl.BCLMeasure] <-2> Success loading measure: C:/Users/jmaguire/OpenStudio/Measures/ProcessSystemCrankcaseHeater
[utilities.bcl.BCLMeasure] <-2> Attempting to load measure: C:/Users/jmaguire/OpenStudio/Measures/ProcessThermalMassFurniture
[utilities.bcl.BCLMeasure] <-2> Success loading measure: C:/Users/jmaguire/OpenStudio/Measures/ProcessThermalMassFurniture
[utilities.bcl.BCLMeasure] <-2> Attempting to load measure: C:/Users/jmaguire/OpenStudio/Measures/ProcessThermalMassPartitionWall
[utilities.bcl.BCLMeasure] <-2> Success loading measure: C:/Users/jmaguire/OpenStudio/Measures/ProcessThermalMassPartitionWall
[utilities.bcl.BCLMeasure] <-2> Attempting to load measure: C:/Users/jmaguire/OpenStudio/Measures/ReplaceallAirLoopHVACwithASHRAEAppendixGSystem5
[utilities.bcl.BCLMeasure] <-2> Success loading measure: C:/Users/jmaguire/OpenStudio/Measures/ReplaceallAirLoopHVACwithASHRAEAppendixGSystem5
[utilities.bcl.BCLMeasure] <-2> Attempting to load measure: C:/Users/jmaguire/OpenStudio/Measures/ResidentialClothesWasherandDryer
[utilities.bcl.BCLMeasure] <-2> Success loading measure: C:/Users/jmaguire/OpenStudio/Measures/ResidentialClothesWasherandDryer
[utilities.bcl.BCLMeasure] <-2> Attempting to load measure: C:/Users/jmaguire/OpenStudio/Measures/ResidentialCookingRange
[utilities.bcl.BCLMeasure] <-2> Success loading measure: C:/Users/jmaguire/OpenStudio/Measures/ResidentialCookingRange
[utilities.bcl.BCLMeasure] <-2> Attempting to load measure: C:/Users/jmaguire/OpenStudio/Measures/ResidentialDishwasher
[utilities.bcl.BCLMeasure] <-2> Success loading measure: C:/Users/jmaguire/OpenStudio/Measures/ResidentialDishwasher
[utilities.bcl.BCLMeasure] <-2> Attempting to load measure: C:/Users/jmaguire/OpenStudio/Measures/ResidentialLighting
[utilities.bcl.BCLMeasure] <-2> Success loading measure: C:/Users/jmaguire/OpenStudio/Measures/ResidentialLighting
[utilities.bcl.BCLMeasure] <-2> Attempting to load measure: C:/Users/jmaguire/OpenStudio/Measures/ResidentialMiscellaneousElectricLoads
[utilities.bcl.BCLMeasure] <-2> Success loading measure: C:/Users/jmaguire/OpenStudio/Measures/ResidentialMiscellaneousElectricLoads
[utilities.bcl.BCLMeasure] <-2> Attempting to load measure: C:/Users/jmaguire/OpenStudio/Measures/ResidentialMiscellaneousGasLoads
[utilities.bcl.BCLMeasure] <-2> Success loading measure: C:/Users/jmaguire/OpenStudio/Measures/ResidentialMiscellaneousGasLoads
[utilities.bcl.BCLMeasure] <-2> Attempting to load measure: C:/Users/jmaguire/OpenStudio/Measures/resources
[utilities.bcl.BCLXML] <2> 'C:/Users/jmaguire/OpenStudio/Measures/resources/measure.xml' does not exist
[utilities.bcl.BCLMeasure] <2> 'C:/Users/jmaguire/OpenStudio/Measures/resources' is not a measure
[openstudio.MeasureManager] <1> UUID of user measure at 'C:/Users/jmaguire/BCL/e6642d40-7366-4647-8724-53a37991d579/662dc30c-678c-467d-a6be-15e075a3885b' conflicts with other measure, other measure will be used instead
[openstudio.MeasureManager] <1> UUID of user measure at 'C:/Users/jmaguire/BCL/fc337100-8634-404e-8966-01243d292a79/c418b65d-aa8d-41c2-98b3-7ae3af82a788' conflicts with other measure, other measure will be used instead
[openstudio.MeasureManager] <1> UUID of user measure at 'C:/Users/jmaguire/BCL/e6642d40-7366-4647-8724-53a37991d579/662dc30c-678c-467d-a6be-15e075a3885b' conflicts with other measure, other measure will be used instead
[openstudio.MeasureManager] <1> UUID of user measure at 'C:/Users/jmaguire/BCL/fc337100-8634-404e-8966-01243d292a79/c418b65d-aa8d-41c2-98b3-7ae3af82a788' conflicts with other measure, other measure will be used instead
[openstudio.MeasureManager] <1> UUID of user measure at 'C:/Users/jmaguire/BCL/e6642d40-7366-4647-8724-53a37991d579/662dc30c-678c-467d-a6be-15e075a3885b' conflicts with other measure, other measure will be used instead
[openstudio.MeasureManager] <1> UUID of user measure at 'C:/Users/jmaguire/BCL/fc337100-8634-404e-8966-01243d292a79/c418b65d-aa8d-41c2-98b3-7ae3af82a788' conflicts with other measure, other measure will be used instead
[openstudio.MeasureManager] <1> UUID of user measure at 'C:/Users/jmaguire/BCL/e6642d40-7366-4647-8724-53a37991d579/662dc30c-678c-467d-a6be-15e075a3885b' conflicts with other measure, other measure will be used instead
[openstudio.MeasureManager] <1> UUID of user measure at 'C:/Users/jmaguire/BCL/fc337100-8634-404e-8966-01243d292a79/c418b65d-aa8d-41c2-98b3-7ae3af82a788' conflicts with other measure, other measure will be used instead
[openstudio.MeasureManager] <1> UUID of user measure at 'C:/Users/jmaguire/BCL/e6642d40-7366-4647-8724-53a37991d579/662dc30c-678c-467d-a6be-15e075a3885b' conflicts with other measure, other measure will be used instead
[openstudio.MeasureManager] <1> UUID of user measure at 'C:/Users/jmaguire/BCL/fc337100-8634-404e-8966-01243d292a79/c418b65d-aa8d-41c2-98b3-7ae3af82a788' conflicts with other measure, other measure will be used instead
[openstudio.MeasureManager] <1> UUID of user measure at 'C:/Users/jmaguire/BCL/e6642d40-7366-4647-8724-53a37991d579/662dc30c-678c-467d-a6be-15e075a3885b' conflicts with other measure, other measure will be used instead
[openstudio.MeasureManager] <1> UUID of user measure at 'C:/Users/jmaguire/BCL/fc337100-8634-404e-8966-01243d292a79/c418b65d-aa8d-41c2-98b3-7ae3af82a788' conflicts with other measure, other measure will be used instead
[openstudio.MeasureManager] <1> UUID of user measure at 'C:/Users/jmaguire/BCL/e6642d40-7366-4647-8724-53a37991d579/662dc30c-678c-467d-a6be-15e075a3885b' conflicts with other measure, other measure will be used instead
[openstudio.MeasureManager] <1> UUID of user measure at 'C:/Users/jmaguire/BCL/fc337100-8634-404e-8966-01243d292a79/c418b65d-aa8d-41c2-98b3-7ae3af82a788' conflicts with other measure, other measure will be used instead
[openstudio.MeasureManager] <1> UUID of user measure at 'C:/Users/jmaguire/BCL/e6642d40-7366-4647-8724-53a37991d579/662dc30c-678c-467d-a6be-15e075a3885b' conflicts with other measure, other measure will be used instead
[openstudio.MeasureManager] <1> UUID of user measure at 'C:/Users/jmaguire/BCL/fc337100-8634-404e-8966-01243d292a79/c418b65d-aa8d-41c2-98b3-7ae3af82a788' conflicts with other measure, other measure will be used instead
[openstudio.MeasureManager] <1> UUID of user measure at 'C:/Users/jmaguire/BCL/e6642d40-7366-4647-8724-53a37991d579/662dc30c-678c-467d-a6be-15e075a3885b' conflicts with other measure, other measure will be used instead
[openstudio.MeasureManager] <1> UUID of user measure at 'C:/Users/jmaguire/BCL/fc337100-8634-404e-8966-01243d292a79/c418b65d-aa8d-41c2-98b3-7ae3af82a788' conflicts with other measure, other measure will be used instead
[openstudio.MeasureManager] <1> UUID of user measure at 'C:/Users/jmaguire/BCL/e6642d40-7366-4647-8724-53a37991d579/662dc30c-678c-467d-a6be-15e075a3885b' conflicts with other measure, other measure will be used instead
[openstudio.MeasureManager] <1> UUID of user measure at 'C:/Users/jmaguire/BCL/fc337100-8634-404e-8966-01243d292a79/c418b65d-aa8d-41c2-98b3-7ae3af82a788' conflicts with other measure, other measure will be used instead
[openstudio.MeasureManager] <1> UUID of user measure at 'C:/Users/jmaguire/BCL/e6642d40-7366-4647-8724-53a37991d579/662dc30c-678c-467d-a6be-15e075a3885b' conflicts with other measure, other measure will be used instead
[openstudio.MeasureManager] <1> UUID of user measure at 'C:/Users/jmaguire/BCL/fc337100-8634-404e-8966-01243d292a79/c418b65d-aa8d-41c2-98b3-7ae3af82a788' conflicts with other measure, other measure will be used instead
[openstudio.MeasureManager] <1> UUID of user measure at 'C:/Users/jmaguire/BCL/e6642d40-7366-4647-8724-53a37991d579/662dc30c-678c-467d-a6be-15e075a3885b' conflicts with other measure, other measure will be used instead
[openstudio.MeasureManager] <1> UUID of user measure at 'C:/Users/jmaguire/BCL/fc337100-8634-404e-8966-01243d292a79/c418b65d-aa8d-41c2-98b3-7ae3af82a788' conflicts with other measure, other measure will be used instead
[openstudio.MeasureManager] <1> UUID of user measure at 'C:/Users/jmaguire/BCL/e6642d40-7366-4647-8724-53a37991d579/662dc30c-678c-467d-a6be-15e075a3885b' conflicts with other measure, other measure will be used instead
[openstudio.MeasureManager] <1> UUID of user measure at 'C:/Users/jmaguire/BCL/fc337100-8634-404e-8966-01243d292a79/c418b65d-aa8d-41c2-98b3-7ae3af82a788' conflicts with other measure, other measure will be used instead
[openstudio.MeasureManager] <1> UUID of user measure at 'C:/Users/jmaguire/BCL/e6642d40-7366-4647-8724-53a37991d579/662dc30c-678c-467d-a6be-15e075a3885b' conflicts with other measure, other measure will be used instead
[openstudio.MeasureManager] <1> UUID of user measure at 'C:/Users/jmaguire/BCL/fc337100-8634-404e-8966-01243d292a79/c418b65d-aa8d-41c2-98b3-7ae3af82a788' conflicts with other measure, other measure will be used instead
[openstudio.MeasureManager] <1> UUID of user measure at 'C:/Users/jmaguire/BCL/e6642d40-7366-4647-8724-53a37991d579/662dc30c-678c-467d-a6be-15e075a3885b' conflicts with other measure, other measure will be used instead
[openstudio.MeasureManager] <1> UUID of user measure at 'C:/Users/jmaguire/BCL/fc337100-8634-404e-8966-01243d292a79/c418b65d-aa8d-41c2-98b3-7ae3af82a788' conflicts with other measure, other measure will be used instead
[openstudio.MeasureManager] <1> UUID of user measure at 'C:/Users/jmaguire/BCL/e6642d40-7366-4647-8724-53a37991d579/662dc30c-678c-467d-a6be-15e075a3885b' conflicts with other measure, other measure will be used instead
[openstudio.MeasureManager] <1> UUID of user measure at 'C:/Users/jmaguire/BCL/fc337100-8634-404e-8966-01243d292a79/c418b65d-aa8d-41c2-98b3-7ae3af82a788' conflicts with other measure, other measure will be used instead
[openstudio.MeasureManager] <1> UUID of user measure at 'C:/Users/jmaguire/BCL/e6642d40-7366-4647-8724-53a37991d579/662dc30c-678c-467d-a6be-15e075a3885b' conflicts with other measure, other measure will be used instead
[openstudio.MeasureManager] <1> UUID of user measure at 'C:/Users/jmaguire/BCL/fc337100-8634-404e-8966-01243d292a79/c418b65d-aa8d-41c2-98b3-7ae3af82a788' conflicts with other measure, other measure will be used instead
[openstudio.MeasureManager] <1> UUID of user measure at 'C:/Users/jmaguire/BCL/e6642d40-7366-4647-8724-53a37991d579/662dc30c-678c-467d-a6be-15e075a3885b' conflicts with other measure, other measure will be used instead
[openstudio.MeasureManager] <1> UUID of user measure at 'C:/Users/jmaguire/BCL/fc337100-8634-404e-8966-01243d292a79/c418b65d-aa8d-41c2-98b3-7ae3af82a788' conflicts with other measure, other measure will be used instead
[openstudio.MeasureManager] <1> UUID of user measure at 'C:/Users/jmaguire/BCL/e6642d40-7366-4647-8724-53a37991d579/662dc30c-678c-467d-a6be-15e075a3885b' conflicts with other measure, other measure will be used instead
[openstudio.MeasureManager] <1> UUID of user measure at 'C:/Users/jmaguire/BCL/fc337100-8634-404e-8966-01243d292a79/c418b65d-aa8d-41c2-98b3-7ae3af82a788' conflicts with other measure, other measure will be used instead
[openstudio.MeasureManager] <1> UUID of user measure at 'C:/Users/jmaguire/BCL/e6642d40-7366-4647-8724-53a37991d579/662dc30c-678c-467d-a6be-15e075a3885b' conflicts with other measure, other measure will be used instead
[openstudio.MeasureManager] <1> UUID of user measure at 'C:/Users/jmaguire/BCL/fc337100-8634-404e-8966-01243d292a79/c418b65d-aa8d-41c2-98b3-7ae3af82a788' conflicts with other measure, other measure will be used instead
[openstudio.MeasureManager] <1> UUID of user measure at 'C:/Users/jmaguire/BCL/e6642d40-7366-4647-8724-53a37991d579/662dc30c-678c-467d-a6be-15e075a3885b' conflicts with other measure, other measure will be used instead
[openstudio.MeasureManager] <1> UUID of user measure at 'C:/Users/jmaguire/BCL/fc337100-8634-404e-8966-01243d292a79/c418b65d-aa8d-41c2-98b3-7ae3af82a788' conflicts with other measure, other measure will be used instead
[openstudio.MeasureManager] <1> UUID of user measure at 'C:/Users/jmaguire/BCL/e6642d40-7366-4647-8724-53a37991d579/662dc30c-678c-467d-a6be-15e075a3885b' conflicts with other measure, other measure will be used instead
[openstudio.MeasureManager] <1> UUID of user measure at 'C:/Users/jmaguire/BCL/fc337100-8634-404e-8966-01243d292a79/c418b65d-aa8d-41c2-98b3-7ae3af82a788' conflicts with other measure, other measure will be used instead
[openstudio.MeasureManager] <1> UUID of user measure at 'C:/Users/jmaguire/BCL/e6642d40-7366-4647-8724-53a37991d579/662dc30c-678c-467d-a6be-15e075a3885b' conflicts with other measure, other measure will be used instead
[openstudio.MeasureManager] <1> UUID of user measure at 'C:/Users/jmaguire/BCL/fc337100-8634-404e-8966-01243d292a79/c418b65d-aa8d-41c2-98b3-7ae3af82a788' conflicts with other measure, other measure will be used instead
[openstudio.MeasureManager] <1> UUID of user measure at 'C:/Users/jmaguire/BCL/e6642d40-7366-4647-8724-53a37991d579/662dc30c-678c-467d-a6be-15e075a3885b' conflicts with other measure, other measure will be used instead
[openstudio.MeasureManager] <1> UUID of user measure at 'C:/Users/jmaguire/BCL/fc337100-8634-404e-8966-01243d292a79/c418b65d-aa8d-41c2-98b3-7ae3af82a788' conflicts with other measure, other measure will be used instead
[openstudio.MeasureManager] <1> UUID of user measure at 'C:/Users/jmaguire/BCL/e6642d40-7366-4647-8724-53a37991d579/662dc30c-678c-467d-a6be-15e075a3885b' conflicts with other measure, other measure will be used instead
[openstudio.MeasureManager] <1> UUID of user measure at 'C:/Users/jmaguire/BCL/fc337100-8634-404e-8966-01243d292a79/c418b65d-aa8d-41c2-98b3-7ae3af82a788' conflicts with other measure, other measure will be used instead
[openstudio.MeasureManager] <1> UUID of user measure at 'C:/Users/jmaguire/BCL/e6642d40-7366-4647-8724-53a37991d579/662dc30c-678c-467d-a6be-15e075a3885b' conflicts with other measure, other measure will be used instead
[openstudio.MeasureManager] <1> UUID of user measure at 'C:/Users/jmaguire/BCL/fc337100-8634-404e-8966-01243d292a79/c418b65d-aa8d-41c2-98b3-7ae3af82a788' conflicts with other measure, other measure will be used instead
[openstudio.MeasureManager] <1> UUID of user measure at 'C:/Users/jmaguire/BCL/e6642d40-7366-4647-8724-53a37991d579/662dc30c-678c-467d-a6be-15e075a3885b' conflicts with other measure, other measure will be used instead
[openstudio.MeasureManager] <1> UUID of user measure at 'C:/Users/jmaguire/BCL/fc337100-8634-404e-8966-01243d292a79/c418b65d-aa8d-41c2-98b3-7ae3af82a788' conflicts with other measure, other measure will be used instead
[openstudio.MeasureManager] <1> UUID of user measure at 'C:/Users/jmaguire/BCL/e6642d40-7366-4647-8724-53a37991d579/662dc30c-678c-467d-a6be-15e075a3885b' conflicts with other measure, other measure will be used instead
[openstudio.MeasureManager] <1> UUID of user measure at 'C:/Users/jmaguire/BCL/fc337100-8634-404e-8966-01243d292a79/c418b65d-aa8d-41c2-98b3-7ae3af82a788' conflicts with other measure, other measure will be used instead
[openstudio.MeasureManager] <1> UUID of user measure at 'C:/Users/jmaguire/BCL/e6642d40-7366-4647-8724-53a37991d579/662dc30c-678c-467d-a6be-15e075a3885b' conflicts with other measure, other measure will be used instead
[openstudio.MeasureManager] <1> UUID of user measure at 'C:/Users/jmaguire/BCL/fc337100-8634-404e-8966-01243d292a79/c418b65d-aa8d-41c2-98b3-7ae3af82a788' conflicts with other measure, other measure will be used instead
[openstudio.MeasureManager] <1> UUID of user measure at 'C:/Users/jmaguire/BCL/e6642d40-7366-4647-8724-53a37991d579/662dc30c-678c-467d-a6be-15e075a3885b' conflicts with other measure, other measure will be used instead
[openstudio.MeasureManager] <1> UUID of user measure at 'C:/Users/jmaguire/BCL/fc337100-8634-404e-8966-01243d292a79/c418b65d-aa8d-41c2-98b3-7ae3af82a788' conflicts with other measure, other measure will be used instead
[openstudio.MeasureManager] <1> UUID of user measure at 'C:/Users/jmaguire/BCL/e6642d40-7366-4647-8724-53a37991d579/662dc30c-678c-467d-a6be-15e075a3885b' conflicts with other measure, other measure will be used instead
[openstudio.MeasureManager] <1> UUID of user measure at 'C:/Users/jmaguire/BCL/fc337100-8634-404e-8966-01243d292a79/c418b65d-aa8d-41c2-98b3-7ae3af82a788' conflicts with other measure, other measure will be used instead
[openstudio.MeasureManager] <1> UUID of user measure at 'C:/Users/jmaguire/BCL/e6642d40-7366-4647-8724-53a37991d579/662dc30c-678c-467d-a6be-15e075a3885b' conflicts with other measure, other measure will be used instead
[openstudio.MeasureManager] <1> UUID of user measure at 'C:/Users/jmaguire/BCL/fc337100-8634-404e-8966-01243d292a79/c418b65d-aa8d-41c2-98b3-7ae3af82a788' conflicts with other measure, other measure will be used instead
[openstudio.MeasureManager] <1> UUID of user measure at 'C:/Users/jmaguire/BCL/e6642d40-7366-4647-8724-53a37991d579/662dc30c-678c-467d-a6be-15e075a3885b' conflicts with other measure, other measure will be used instead
[openstudio.MeasureManager] <1> UUID of user measure at 'C:/Users/jmaguire/BCL/fc337100-8634-404e-8966-01243d292a79/c418b65d-aa8d-41c2-98b3-7ae3af82a788' conflicts with other measure, other measure will be used instead
[openstudio.MeasureManager] <1> UUID of user measure at 'C:/Users/jmaguire/BCL/e6642d40-7366-4647-8724-53a37991d579/662dc30c-678c-467d-a6be-15e075a3885b' conflicts with other measure, other measure will be used instead
[openstudio.MeasureManager] <1> UUID of user measure at 'C:/Users/jmaguire/BCL/fc337100-8634-404e-8966-01243d292a79/c418b65d-aa8d-41c2-98b3-7ae3af82a788' conflicts with other measure, other measure will be used instead
[openstudio.MeasureManager] <1> UUID of user measure at 'C:/Users/jmaguire/BCL/e6642d40-7366-4647-8724-53a37991d579/662dc30c-678c-467d-a6be-15e075a3885b' conflicts with other measure, other measure will be used instead
[openstudio.MeasureManager] <1> UUID of user measure at 'C:/Users/jmaguire/BCL/fc337100-8634-404e-8966-01243d292a79/c418b65d-aa8d-41c2-98b3-7ae3af82a788' conflicts with other measure, other measure will be used instead
[openstudio.VariableListItem] <-2> onOffClicked 0
[openstudio.VariableListItem] <-2> onOffClicked 0
[openstudio.VariableListItem] <-2> onOffClicked 0
[openstudio.VariableListItem] <-2> onOffClicked 0
[openstudio.VariableListItem] <-2> onOffClicked 0
[openstudio.VariableListItem] <-2> onOffClicked 0
[openstudio.VariableListItem] <-2> onOffClicked 0
[openstudio.VariableListItem] <-2> onOffClicked 0
[openstudio.VariableListItem] <-2> onOffClicked 0
[openstudio.VariableListItem] <-2> onOffClicked 0
[openstudio.VariableListItem] <-2> onOffClicked 0
[openstudio.VariableListItem] <-2> onOffClicked 0
[openstudio.VariableListItem] <-2> onOffClicked 0
[openstudio.VariableListItem] <-2> onOffClicked 0
[openstudio.VariableListItem] <-2> onOffClicked 0
[openstudio.VariableListItem] <-2> onOffClicked 0
[openstudio.VariableListItem] <-2> onOffClicked 0
[openstudio.VariableListItem] <-2> onOffClicked 0
[openstudio.VariableListItem] <-2> onOffClicked 0
[openstudio.VariableListItem] <-2> onOffClicked 0
[openstudio.VariableListItem] <-2> onOffClicked 0
[openstudio.VariableListItem] <-2> onOffClicked 0
[openstudio.VariableListItem] <-2> onOffClicked 0
[openstudio.VariableListItem] <-2> onOffClicked 0
[openstudio.VariableListItem] <-2> onOffClicked 0
[openstudio.VariableListItem] <-2> onOffClicked 0
[openstudio.VariableListItem] <-2> onOffClicked 0
[openstudio.VariableListItem] <-2> onOffClicked 0
[openstudio.VariableListItem] <-2> onOffClicked 0
[openstudio.VariableListItem] <-2> onOffClicked 0
[openstudio.VariableListItem] <-2> onOffClicked 0
[openstudio.VariableListItem] <-2> onOffClicked 0
[openstudio.VariableListItem] <-2> onOffClicked 0
[openstudio.VariableListItem] <-2> onOffClicked 0
[openstudio.VariableListItem] <-2> onOffClicked 0
[openstudio.VariableListItem] <-2> onOffClicked 0
[openstudio.VariableListItem] <-2> onOffClicked 0
[openstudio.VariableListItem] <-2> onOffClicked 0
[openstudio.VariableListItem] <-2> onOffClicked 0
[openstudio.VariableListItem] <-2> onOffClicked 0
[openstudio.VariableListItem] <-2> onOffClicked 0
[openstudio.VariableListItem] <-2> onOffClicked 0
[openstudio.VariableListItem] <-2> onOffClicked 0
[openstudio.VariableListItem] <-2> onOffClicked 0
[openstudio.VariableListItem] <-2> onOffClicked 0
[openstudio.VariableListItem] <-2> onOffClicked 0
[openstudio.VariableListItem] <-2> onOffClicked 0
[openstudio.VariableListItem] <-2> onOffClicked 0
[openstudio.VariableListItem] <-2> onOffClicked 0
[openstudio.VariableListItem] <-2> onOffClicked 0
[openstudio.VariableListItem] <-2> onOffClicked 0
[openstudio.VariableListItem] <-2> onOffClicked 0
[openstudio.VariableListItem] <-2> onOffClicked 0
[openstudio.VariableListItem] <-2> onOffClicked 0
[openstudio.VariableListItem] <-2> onOffClicked 0
[openstudio.VariableListItem] <-2> onOffClicked 0
[openstudio.VariableListItem] <-2> onOffClicked 0
[openstudio.VariableListItem] <-2> onOffClicked 0
[openstudio.VariableListItem] <-2> onOffClicked 0
[openstudio.VariableListItem] <-2> onOffClicked 0
[openstudio.VariableListItem] <-2> onOffClicked 0
[openstudio.VariableListItem] <-2> onOffClicked 0
[openstudio.VariableListItem] <-2> onOffClicked 0
[openstudio.VariableListItem] <-2> onOffClicked 0
[openstudio.VariableListItem] <-2> onOffClicked 0
[openstudio.VariableListItem] <-2> onOffClicked 0
[openstudio.VariableListItem] <-2> onOffClicked 0
[openstudio.VariableListItem] <-2> onOffClicked 0
[openstudio.VariableListItem] <-2> onOffClicked 0
[openstudio.VariableListItem] <-2> onOffClicked 0
[openstudio.VariableListItem] <-2> onOffClicked 0
[openstudio.VariableListItem] <-2> onOffClicked 0
[openstudio.VariableListItem] <-2> onOffClicked 0
[openstudio.VariableListItem] <-2> onOffClicked 0
[openstudio.VariableListItem] <-2> onOffClicked 0
[openstudio.VariableListItem] <-2> onOffClicked 0
[openstudio.VariableListItem] <-2> onOffClicked 0
[openstudio.VariableListItem] <-2> onOffClicked 0
[openstudio.VariableListItem] <-2> onOffClicked 0
[openstudio.VariableListItem] <-2> onOffClicked 0
[openstudio.VariableListItem] <-2> onOffClicked 0
[openstudio.VariableListItem] <-2> onOffClicked 0
[openstudio.VariableListItem] <-2> onOffClicked 0
[openstudio.VariableListItem] <-2> onOffClicked 0
[openstudio.VariableListItem] <-2> onOffClicked 0
[openstudio.VariableListItem] <-2> onOffClicked 0
[openstudio.VariableListItem] <-2> onOffClicked 0
[openstudio.VariableListItem] <-2> onOffClicked 0
[openstudio.VariableListItem] <-2> onOffClicked 0
[openstudio.VariableListItem] <-2> onOffClicked 0
[openstudio.VariableListItem] <-2> onOffClicked 0
[openstudio.VariableListItem] <-2> onOffClicked 0
[openstudio.VariableListItem] <-2> onOffClicked 0
[openstudio.VariableListItem] <-2> onOffClicked 0
[openstudio.VariableListItem] <-2> onOffClicked 0
[openstudio::ResultsTabController] <-2> searchForExistingResults C:/Users/jmaguire/AppData/Local/Temp/1/OpenStudio.SL5240/resources/run
[openstudio::ResultsTabView] <-2> searchForExistingResults C:/Users/jmaguire/AppData/Local/Temp/1/OpenStudio.SL5240/resources/run
[openstudio::ResultsView] <-2> Looking for existing results in: C:/Users/jmaguire/AppData/Local/Temp/1/OpenStudio.SL5240/resources/run
[openstudio::ResultsView] <-2> resultsGenerated  
[openstudio.model.WeatherFile] <-2> Current path 'files/USA_CO_Golden-NREL.724666_TMY3.epw' not complete. After calling system_complete have 'C:/Program Files (x86)/OpenStudio 1.5.0/files/USA_CO_Golden-NREL.724666_TMY3.epw'.
[openstudio.model.WeatherFile] <-2> Going to look for 'C:/OS_BEopt_GitHub/OpenStudio-Beopt/geometries/Res_Garage_IZFloor_slab_windows_fix/files/USA_CO_Golden-NREL.724666_TMY3.epw'.
[openstudio.model.WeatherFile] <-2> Setting weather file url to file:///C:/OS_BEopt_GitHub/OpenStudio-Beopt/geometries/Res_Garage_IZFloor_slab_windows_fix/files/USA_CO_Golden-NREL.724666_TMY3.epw
[openstudio.setFileExtension] <0> Path p, 'C:/EnergyPlusV8-1-0/WeatherData/USA_CO_Golden-NREL.724666_TMY3.ddy', has an unexpected file extension. Was expecting 'idf'.
[openstudio.energyplus.GeometryTranslator] <0> Could not find GlobalGeometryRules object, assuming defaults
[openstudio.energyplus.GeometryTranslator] <0> Could not find Building object, assuming 0 rotation
[openstudio.energyplus.GeometryTranslator] <0> Could not find Building object, assuming 0 rotation
[openstudio.energyplus.GeometryTranslator] <0> Could not find Building object, assuming 0 rotation
[openstudio.energyplus.GeometryTranslator] <0> Could not find Building object, assuming 0 rotation
[openstudio.VariablesList] <-2> onRemoved OS_SizingPeriod_DesignDay
[openstudio.VariablesList] <-2> onRemoved OS_SizingPeriod_DesignDay
[openstudio.VariablesList] <-2> onRemoved OS_SizingPeriod_DesignDay
[openstudio.VariablesList] <-2> onRemoved OS_SizingPeriod_DesignDay
[openstudio.VariablesList] <-2> onRemoved OS_SizingPeriod_DesignDay
[openstudio.VariablesList] <-2> onRemoved OS_SizingPeriod_DesignDay
[openstudio.VariablesList] <-2> onRemoved OS_SizingPeriod_DesignDay
[openstudio.VariablesList] <-2> onAdded: OS_SizingPeriod_DesignDay
[openstudio.VariablesList] <-2> onAdded: OS_SizingPeriod_DesignDay
[openstudio.VariablesList] <-2> onAdded: OS_SizingPeriod_DesignDay
[openstudio.VariablesList] <-2> onAdded: OS_SizingPeriod_DesignDay
[openstudio.VariablesList] <-2> onAdded: OS_SizingPeriod_DesignDay
[openstudio.VariablesList] <-2> onAdded: OS_SizingPeriod_DesignDay
[openstudio.VariablesList] <-2> onAdded: OS_SizingPeriod_DesignDay
[openstudio.VariableListItem] <-2> onOffClicked 0
[openstudio.VariableListItem] <-2> onOffClicked 0
[openstudio.VariableListItem] <-2> onOffClicked 0
[openstudio.VariableListItem] <-2> onOffClicked 0
[openstudio.VariableListItem] <-2> onOffClicked 0
[openstudio.VariableListItem] <-2> onOffClicked 0
[openstudio.VariableListItem] <-2> onOffClicked 0
[openstudio.VariableListItem] <-2> onOffClicked 0
[openstudio.VariableListItem] <-2> onOffClicked 0
[openstudio.VariableListItem] <-2> onOffClicked 0
[openstudio.VariableListItem] <-2> onOffClicked 0
[openstudio.VariableListItem] <-2> onOffClicked 0
[openstudio.VariableListItem] <-2> onOffClicked 0
[openstudio.VariableListItem] <-2> onOffClicked 0
[openstudio.VariableListItem] <-2> onOffClicked 0
[openstudio.VariableListItem] <-2> onOffClicked 0
[openstudio.VariableListItem] <-2> onOffClicked 0
[openstudio.VariableListItem] <-2> onOffClicked 0
[openstudio.VariableListItem] <-2> onOffClicked 0
[openstudio.VariableListItem] <-2> onOffClicked 0
[openstudio.VariableListItem] <-2> onOffClicked 0
[openstudio.VariableListItem] <-2> onOffClicked 0
[openstudio.VariableListItem] <-2> onOffClicked 0
[openstudio.VariableListItem] <-2> onOffClicked 0
[openstudio.VariableListItem] <-2> onOffClicked 0
[openstudio.VariableListItem] <-2> onOffClicked 0
[openstudio.VariableListItem] <-2> onOffClicked 0
[openstudio.VariableListItem] <-2> onOffClicked 0
[openstudio.VariableListItem] <-2> onOffClicked 0
[openstudio.VariableListItem] <-2> onOffClicked 0
[openstudio.VariableListItem] <-2> onOffClicked 0
[openstudio.VariableListItem] <-2> onOffClicked 0
[openstudio.VariableListItem] <-2> onOffClicked 0
[openstudio.VariableListItem] <-2> onOffClicked 0
[openstudio.VariableListItem] <-2> onOffClicked 0
[openstudio.VariableListItem] <-2> onOffClicked 0
[openstudio.VariableListItem] <-2> onOffClicked 0
[openstudio.VariableListItem] <-2> onOffClicked 0
[openstudio.VariableListItem] <-2> onOffClicked 0
[openstudio.VariableListItem] <-2> onOffClicked 0
[openstudio.VariableListItem] <-2> onOffClicked 0
[openstudio.VariableListItem] <-2> onOffClicked 0
[openstudio.VariableListItem] <-2> onOffClicked 0
[openstudio.VariableListItem] <-2> onOffClicked 0
[openstudio.VariableListItem] <-2> onOffClicked 0
[openstudio.VariableListItem] <-2> onOffClicked 0
[openstudio.VariableListItem] <-2> onOffClicked 0
[openstudio.VariableListItem] <-2> onOffClicked 0
[openstudio.VariableListItem] <-2> onOffClicked 0
[openstudio.VariableListItem] <-2> onOffClicked 0
[openstudio.VariableListItem] <-2> onOffClicked 0
[openstudio.VariableListItem] <-2> onOffClicked 0
[openstudio.VariableListItem] <-2> onOffClicked 0
[openstudio.VariableListItem] <-2> onOffClicked 0
[openstudio.VariableListItem] <-2> onOffClicked 0
[openstudio.VariableListItem] <-2> onOffClicked 0
[openstudio.VariableListItem] <-2> onOffClicked 0
[openstudio.VariableListItem] <-2> onOffClicked 0
[openstudio.VariableListItem] <-2> onOffClicked 0
[openstudio.VariableListItem] <-2> onOffClicked 0
[openstudio.VariableListItem] <-2> onOffClicked 0
[openstudio.VariableListItem] <-2> onOffClicked 0
[openstudio.VariableListItem] <-2> onOffClicked 0
[openstudio.VariableListItem] <-2> onOffClicked 0
[openstudio.VariableListItem] <-2> onOffClicked 0
[openstudio.VariableListItem] <-2> onOffClicked 0
[openstudio.VariableListItem] <-2> onOffClicked 0
[openstudio.VariableListItem] <-2> onOffClicked 0
[openstudio.VariableListItem] <-2> onOffClicked 0
[openstudio.VariableListItem] <-2> onOffClicked 0
[openstudio.VariableListItem] <-2> onOffClicked 0
[openstudio.VariableListItem] <-2> onOffClicked 0
[openstudio.VariableListItem] <-2> onOffClicked 0
[openstudio.VariableListItem] <-2> onOffClicked 0
[openstudio.VariableListItem] <-2> onOffClicked 0
[openstudio.VariableListItem] <-2> onOffClicked 0
[openstudio.VariableListItem] <-2> onOffClicked 0
[openstudio.VariableListItem] <-2> onOffClicked 0
[openstudio.VariableListItem] <-2> onOffClicked 0
[openstudio.VariableListItem] <-2> onOffClicked 0
[openstudio.VariableListItem] <-2> onOffClicked 0
[openstudio.VariableListItem] <-2> onOffClicked 0
[openstudio.VariableListItem] <-2> onOffClicked 0
[openstudio.VariableListItem] <-2> onOffClicked 0
[openstudio.VariableListItem] <-2> onOffClicked 0
[openstudio.VariableListItem] <-2> onOffClicked 0
[openstudio.VariableListItem] <-2> onOffClicked 0
[openstudio.VariableListItem] <-2> onOffClicked 0
[openstudio.VariableListItem] <-2> onOffClicked 0
[openstudio.VariableListItem] <-2> onOffClicked 0
[openstudio.VariableListItem] <-2> onOffClicked 0
[openstudio.VariableListItem] <-2> onOffClicked 0
[openstudio.VariableListItem] <-2> onOffClicked 0
[openstudio.VariableListItem] <-2> onOffClicked 0
[openstudio.VariableListItem] <-2> onOffClicked 0
[openstudio.model.WeatherFile] <-2> Setting weather file url to file:files/USA_CO_Golden-NREL.724666_TMY3.epw
[openstudio.VariablesList] <-2> onRemoved OS_Connection
[openstudio.VariablesList] <-2> onRemoved OS_Connection
[openstudio.VariablesList] <-2> onRemoved OS_Connection
[openstudio.VariablesList] <-2> onRemoved OS_Connection
[openstudio.VariablesList] <-2> onRemoved OS_Node
[openstudio.VariablesList] <-2> onRemoved OS_Node
[openstudio.VariablesList] <-2> onRemoved OS_WaterHeater_Mixed
[openstudio.VariableListItem] <-2> onOffClicked 0
[openstudio.VariableListItem] <-2> onOffClicked 0
[openstudio.VariableListItem] <-2> onOffClicked 0
[openstudio.VariableListItem] <-2> onOffClicked 0
[openstudio.VariableListItem] <-2> onOffClicked 0
[openstudio.VariableListItem] <-2> onOffClicked 0
[openstudio.VariableListItem] <-2> onOffClicked 0
[openstudio.VariableListItem] <-2> onOffClicked 0
[openstudio.VariableListItem] <-2> onOffClicked 0
[openstudio.VariableListItem] <-2> onOffClicked 0
[openstudio.VariableListItem] <-2> onOffClicked 0
[openstudio.VariableListItem] <-2> onOffClicked 0
[openstudio.VariableListItem] <-2> onOffClicked 0
[openstudio.VariableListItem] <-2> onOffClicked 0
[openstudio.VariableListItem] <-2> onOffClicked 0
[openstudio.VariableListItem] <-2> onOffClicked 0
[openstudio.VariableListItem] <-2> onOffClicked 0
[openstudio.VariableListItem] <-2> onOffClicked 0
[openstudio.VariableListItem] <-2> onOffClicked 0
[openstudio.VariableListItem] <-2> onOffClicked 0
[openstudio.VariableListItem] <-2> onOffClicked 0
[openstudio.VariableListItem] <-2> onOffClicked 0
[openstudio.VariableListItem] <-2> onOffClicked 0
[openstudio.VariableListItem] <-2> onOffClicked 0
[openstudio.VariableListItem] <-2> onOffClicked 0
[openstudio.VariableListItem] <-2> onOffClicked 0
[openstudio.VariableListItem] <-2> onOffClicked 0
[openstudio.VariableListItem] <-2> onOffClicked 0
[openstudio.VariableListItem] <-2> onOffClicked 0
[openstudio.VariableListItem] <-2> onOffClicked 0
[openstudio.VariableListItem] <-2> onOffClicked 0
[openstudio.VariableListItem] <-2> onOffClicked 0
[openstudio.VariableListItem] <-2> onOffClicked 0
[openstudio.VariableListItem] <-2> onOffClicked 0
[openstudio.VariableListItem] <-2> onOffClicked 0
[openstudio.VariableListItem] <-2> onOffClicked 0
[openstudio.VariableListItem] <-2> onOffClicked 0
[openstudio.VariableListItem] <-2> onOffClicked 0
[openstudio.VariableListItem] <-2> onOffClicked 0
[openstudio.VariableListItem] <-2> onOffClicked 0
[openstudio.VariableListItem] <-2> onOffClicked 0
[openstudio.VariableListItem] <-2> onOffClicked 0
[openstudio.VariableListItem] <-2> onOffClicked 0
[openstudio.VariableListItem] <-2> onOffClicked 0
[openstudio.VariableListItem] <-2> onOffClicked 0
[openstudio.VariableListItem] <-2> onOffClicked 0
[openstudio.VariableListItem] <-2> onOffClicked 0
[openstudio.VariableListItem] <-2> onOffClicked 0
[openstudio.VariableListItem] <-2> onOffClicked 0
[openstudio.VariableListItem] <-2> onOffClicked 0
[openstudio.VariableListItem] <-2> onOffClicked 0
[openstudio.VariableListItem] <-2> onOffClicked 0
[openstudio.VariableListItem] <-2> onOffClicked 0
[openstudio.VariableListItem] <-2> onOffClicked 0
[openstudio.VariableListItem] <-2> onOffClicked 0
[openstudio.VariableListItem] <-2> onOffClicked 0
[openstudio.VariableListItem] <-2> onOffClicked 0
[openstudio.VariableListItem] <-2> onOffClicked 0
[openstudio.VariableListItem] <-2> onOffClicked 0
[openstudio.VariableListItem] <-2> onOffClicked 0
[openstudio.VariableListItem] <-2> onOffClicked 0
[openstudio.VariableListItem] <-2> onOffClicked 0
[openstudio.VariableListItem] <-2> onOffClicked 0
[openstudio.VariableListItem] <-2> onOffClicked 0
[openstudio.VariableListItem] <-2> onOffClicked 0
[openstudio.VariableListItem] <-2> onOffClicked 0
[openstudio.VariableListItem] <-2> onOffClicked 0
[openstudio.VariableListItem] <-2> onOffClicked 0
[openstudio.VariableListItem] <-2> onOffClicked 0
[openstudio.VariableListItem] <-2> onOffClicked 0
[openstudio.VariableListItem] <-2> onOffClicked 0
[openstudio.VariableListItem] <-2> onOffClicked 0
[openstudio.VariableListItem] <-2> onOffClicked 0
[openstudio.VariableListItem] <-2> onOffClicked 0
[openstudio.VariableListItem] <-2> onOffClicked 0
[openstudio.VariableListItem] <-2> onOffClicked 0
[openstudio.VariableListItem] <-2> onOffClicked 0
[openstudio.VariableListItem] <-2> onOffClicked 0
[openstudio.VariableListItem] <-2> onOffClicked 0
[openstudio.VariableListItem] <-2> onOffClicked 0
[openstudio.VariableListItem] <-2> onOffClicked 0
[openstudio.VariableListItem] <-2> onOffClicked 0
[openstudio.VariableListItem] <-2> onOffClicked 0
[openstudio.VariableListItem] <-2> onOffClicked 0
[openstudio.VariableListItem] <-2> onOffClicked 0
[openstudio.VariableListItem] <-2> onOffClicked 0
[openstudio.VariableListItem] <-2> onOffClicked 0
[openstudio.VariableListItem] <-2> onOffClicked 0
[openstudio.VariableListItem] <-2> onOffClicked 0
[openstudio.VariableListItem] <-2> onOffClicked 0
[openstudio.VariableListItem] <-2> onOffClicked 0
[openstudio.VariableListItem] <-2> onOffClicked 0
[openstudio.VariableListItem] <-2> onOffClicked 0
[openstudio.VariableListItem] <-2> onOffClicked 0
[openstudio.VariableListItem] <-2> onOffClicked 0
[openstudio.project.ProjectDatabase] <-1> DB Message: cannot start a transaction within a transaction Unable to begin transaction
[saveModel] <-2> Saved model to 'C:/Users/jmaguire/AppData/Local/Temp/1/OpenStudio.SL5240/in.osm'
[saveModelTempDir] <-2> Copying C:/Users/jmaguire/AppData/Local/Temp/1/OpenStudio.SL5240/resources to C:/OS_BEopt_GitHub/OpenStudio-Beopt/geometries/Res_Garage_IZFloor_slab_windows_fix
[copyDir] <-1> copyDir 'C:/Users/jmaguire/AppData/Local/Temp/1/OpenStudio.SL5240/resources' to 'C:/OS_BEopt_GitHub/OpenStudio-Beopt/geometries/Res_Garage_IZFloor_slab_windows_fix'
[synchDirStructures] <-1> Synching destination 'C:/OS_BEopt_GitHub/OpenStudio-Beopt/geometries/Res_Garage_IZFloor_slab_windows_fix' with source 'C:/Users/jmaguire/AppData/Local/Temp/1/OpenStudio.SL5240/resources'
[synchDirStructures] <-1> Synching destination 'C:/OS_BEopt_GitHub/OpenStudio-Beopt/geometries/Res_Garage_IZFloor_slab_windows_fix/files' with source 'C:/Users/jmaguire/AppData/Local/Temp/1/OpenStudio.SL5240/resources/files'
[synchDirStructures] <-1> Synching destination 'C:/OS_BEopt_GitHub/OpenStudio-Beopt/geometries/Res_Garage_IZFloor_slab_windows_fix/run' with source 'C:/Users/jmaguire/AppData/Local/Temp/1/OpenStudio.SL5240/resources/run'
[synchDirStructures] <-1> Synching destination 'C:/OS_BEopt_GitHub/OpenStudio-Beopt/geometries/Res_Garage_IZFloor_slab_windows_fix/scripts' with source 'C:/Users/jmaguire/AppData/Local/Temp/1/OpenStudio.SL5240/resources/scripts'
[copyDir] <-1> copyDir 'C:/Users/jmaguire/AppData/Local/Temp/1/OpenStudio.SL5240/resources/files' to 'C:/OS_BEopt_GitHub/OpenStudio-Beopt/geometries/Res_Garage_IZFloor_slab_windows_fix/files'
[synchDirStructures] <-1> Synching destination 'C:/OS_BEopt_GitHub/OpenStudio-Beopt/geometries/Res_Garage_IZFloor_slab_windows_fix/files' with source 'C:/Users/jmaguire/AppData/Local/Temp/1/OpenStudio.SL5240/resources/files'
