[openstudio.runmanager.RunManager] <-1> Time to load for uuid: {740d867c-7eab-400c-8e6a-cbb572598d86} 0
[openstudio.runmanager.RunManager] <-1> Time to parse tools for uuid: {740d867c-7eab-400c-8e6a-cbb572598d86} 0
[openstudio.runmanager.RunManager] <-1> Time to parse params for uuid: {740d867c-7eab-400c-8e6a-cbb572598d86} 0
[openstudio.runmanager.RunManager] <-1> Time to parse files for uuid: {740d867c-7eab-400c-8e6a-cbb572598d86} 0
[openstudio.runmanager.RunManager] <-1> Time to load for uuid: {7c1be39f-86bb-4369-a65a-4b4249266ba7} 0
[openstudio.runmanager.RunManager] <-1> Time to parse tools for uuid: {7c1be39f-86bb-4369-a65a-4b4249266ba7} 1
[openstudio.runmanager.RunManager] <-1> Time to parse params for uuid: {7c1be39f-86bb-4369-a65a-4b4249266ba7} 0
[openstudio.runmanager.RunManager] <-1> Time to parse files for uuid: {7c1be39f-86bb-4369-a65a-4b4249266ba7} 0
[openstudio.runmanager.RunManager] <-1> Time to load for uuid: {e099d08d-6404-41a8-b0bd-48066d242b29} 0
[openstudio.runmanager.RunManager] <-1> Time to parse tools for uuid: {e099d08d-6404-41a8-b0bd-48066d242b29} 0
[openstudio.runmanager.RunManager] <-1> Time to parse params for uuid: {e099d08d-6404-41a8-b0bd-48066d242b29} 0
[openstudio.runmanager.RunManager] <-1> Time to parse files for uuid: {e099d08d-6404-41a8-b0bd-48066d242b29} 0
[openstudio.runmanager.RunManager] <-1> Time to load for uuid: {acdb5fee-e330-4734-9d51-6dcadd611d7f} 0
[openstudio.runmanager.RunManager] <-1> Time to parse tools for uuid: {acdb5fee-e330-4734-9d51-6dcadd611d7f} 0
[openstudio.runmanager.RunManager] <-1> Time to parse params for uuid: {acdb5fee-e330-4734-9d51-6dcadd611d7f} 0
[openstudio.runmanager.RunManager] <-1> Time to parse files for uuid: {acdb5fee-e330-4734-9d51-6dcadd611d7f} 0
[openstudio.runmanager.RunManager] <-1> Time to load for uuid: {ec6427c4-185c-4c0e-bbce-bbd0726fc537} 0
[openstudio.runmanager.RunManager] <-1> Time to parse tools for uuid: {ec6427c4-185c-4c0e-bbce-bbd0726fc537} 0
[openstudio.runmanager.RunManager] <-1> Time to parse params for uuid: {ec6427c4-185c-4c0e-bbce-bbd0726fc537} 0
[openstudio.runmanager.RunManager] <-1> Time to parse files for uuid: {ec6427c4-185c-4c0e-bbce-bbd0726fc537} 0
