[openstudio.measure.OSRunner] <1> Cannot find current Workflow Step
[openstudio.measure.OSRunner] <1> Cannot find current Workflow Step
[openstudio.measure.OSRunner] <1> Cannot find current Workflow Step
[openstudio.model.YearDescription] <1> 'UseWeatherFile' is not yet a supported option for YearDescription
[openstudio.measure.OSRunner] <1> Cannot find current Workflow Step
[openstudio.measure.OSRunner] <1> Cannot find current Workflow Step
[openstudio.measure.OSRunner] <1> Cannot find current Workflow Step
[openstudio.measure.OSRunner] <1> Cannot find current Workflow Step
[openstudio.measure.OSRunner] <1> Cannot find current Workflow Step
[openstudio.measure.OSRunner] <1> Cannot find current Workflow Step
[openstudio.measure.OSRunner] <1> Cannot find current Workflow Step
[openstudio.measure.OSRunner] <1> Cannot find current Workflow Step
[openstudio.measure.OSRunner] <1> Cannot find current Workflow Step
[openstudio.measure.OSRunner] <1> Cannot find current Workflow Step
[openstudio.measure.OSRunner] <1> Cannot find current Workflow Step
[openstudio.measure.OSRunner] <1> Cannot find current Workflow Step
[openstudio.measure.OSRunner] <1> Cannot find current Workflow Step
[openstudio.measure.OSRunner] <1> Cannot find current Workflow Step
[openstudio.model.YearDescription] <1> 'UseWeatherFile' is not yet a supported option for YearDescription
[openstudio.measure.OSRunner] <1> Cannot find current Workflow Step
[openstudio.model.YearDescription] <1> 'UseWeatherFile' is not yet a supported option for YearDescription
[openstudio.measure.OSRunner] <1> Cannot find current Workflow Step
[openstudio.model.YearDescription] <1> 'UseWeatherFile' is not yet a supported option for YearDescription
[openstudio.measure.OSRunner] <1> Cannot find current Workflow Step
[openstudio.model.YearDescription] <1> 'UseWeatherFile' is not yet a supported option for YearDescription
[openstudio.measure.OSRunner] <1> Cannot find current Workflow Step
[openstudio.measure.OSRunner] <1> Cannot find current Workflow Step
[openstudio.measure.OSRunner] <1> Cannot find current Workflow Step
[openstudio.measure.OSRunner] <1> Cannot find current Workflow Step
[openstudio.model.YearDescription] <1> 'UseWeatherFile' is not yet a supported option for YearDescription
[openstudio.model.YearDescription] <1> 'UseWeatherFile' is not yet a supported option for YearDescription
[openstudio.model.YearDescription] <1> 'UseWeatherFile' is not yet a supported option for YearDescription
[openstudio.measure.OSRunner] <1> Cannot find current Workflow Step
[openstudio.measure.OSRunner] <1> Cannot find current Workflow Step
[openstudio.measure.OSRunner] <1> Cannot find current Workflow Step
[openstudio.model.YearDescription] <1> 'UseWeatherFile' is not yet a supported option for YearDescription
[openstudio.model.YearDescription] <1> 'UseWeatherFile' is not yet a supported option for YearDescription
[openstudio.model.YearDescription] <1> 'UseWeatherFile' is not yet a supported option for YearDescription
[openstudio.measure.OSRunner] <1> Cannot find current Workflow Step
[openstudio.model.YearDescription] <1> 'UseWeatherFile' is not yet a supported option for YearDescription
[openstudio.model.YearDescription] <1> 'UseWeatherFile' is not yet a supported option for YearDescription
[openstudio.model.YearDescription] <1> 'UseWeatherFile' is not yet a supported option for YearDescription
[openstudio.measure.OSRunner] <1> Cannot find current Workflow Step
[openstudio.model.YearDescription] <1> 'UseWeatherFile' is not yet a supported option for YearDescription
[openstudio.model.YearDescription] <1> 'UseWeatherFile' is not yet a supported option for YearDescription
[openstudio.measure.OSRunner] <1> Cannot find current Workflow Step
[openstudio.model.YearDescription] <1> 'UseWeatherFile' is not yet a supported option for YearDescription
[openstudio.measure.OSRunner] <1> Cannot find current Workflow Step
[openstudio.model.YearDescription] <1> 'UseWeatherFile' is not yet a supported option for YearDescription
[openstudio.measure.OSRunner] <1> Cannot find current Workflow Step
[openstudio.model.YearDescription] <1> 'UseWeatherFile' is not yet a supported option for YearDescription
[openstudio.model.YearDescription] <1> 'UseWeatherFile' is not yet a supported option for YearDescription
[openstudio.model.YearDescription] <1> 'UseWeatherFile' is not yet a supported option for YearDescription
[openstudio.model.YearDescription] <1> 'UseWeatherFile' is not yet a supported option for YearDescription
[openstudio.model.YearDescription] <1> 'UseWeatherFile' is not yet a supported option for YearDescription
[openstudio.model.YearDescription] <1> 'UseWeatherFile' is not yet a supported option for YearDescription
[openstudio.measure.OSRunner] <1> Cannot find current Workflow Step
[openstudio.model.YearDescription] <1> 'UseWeatherFile' is not yet a supported option for YearDescription
[09:28:52.618405 WARN] No valid weather file defined in either the osm or osw.
[09:28:52.878286 WARN] No schema dir provided, no HPXML validation performed.
[09:28:53.894846 WARN] No DDY file found; calculating design conditions from EPW weather data.
[09:28:53.894846 WARN] Could not find DDY file at C:/Users/shorowit/Documents/GitHub/OpenStudio-ERI/workflow/sample_files/USA_CO_Denver_Intl_AP_725650_TMY3.ddy. As a backup, design day information will be calculated from the EPW file.
[09:28:53.957328 WARN] No schema dir provided, no HPXML validation performed.
