# Logfile created on 2015-11-11 10:29:27 -0700 by logger.rb/41954
I, [2015-11-11T10:29:27.630700 #19568]  INFO -- : post http://localhost:8080/projects.json
D, [2015-11-11T10:29:27.631200 #19568] DEBUG -- request: User-Agent: "Faraday v0.9.2"
Content-Type: "application/json"
I, [2015-11-11T10:29:27.880750 #19568]  INFO -- Status: 201
D, [2015-11-11T10:29:27.881250 #19568] DEBUG -- response: date: "Wed, 11 Nov 2015 17:29:27 GMT"
server: "Apache"
x-ua-compatible: "IE=Edge"
cache-control: "max-age=0, private, must-revalidate"
x-meta-request-version: "0.3.4"
x-request-id: "1eedae09b8da4f480eaf750697beedc2"
x-runtime: "0.232677"
x-powered-by: "Phusion Passenger 4.0.50"
set-cookie: "_openstudio-server_session=BAh7BkkiD3Nlc3Npb25faWQGOgZFVEkiJTlkZGYwYjczNWIxZWFmMWY0NmFkOGRjNmUyYjRmZDMyBjsAVA%3D%3D--dfdaabbe63bd335403b59aa36ff0f97a008f0426; path=/; HttpOnly"
location: "http://localhost:8080/projects/ed93ba0a-7ffd-413c-95b0-649ef4e4be81"
etag: "\"c50611695c0cdaa544d4b633d3a5dfab\""
status: "201 Created"
connection: "close"
transfer-encoding: "chunked"
content-type: "application/json; charset=utf-8"
I, [2015-11-11T10:29:27.888752 #19568]  INFO -- : post http://localhost:8080/projects/ed93ba0a-7ffd-413c-95b0-649ef4e4be81/analyses.json
D, [2015-11-11T10:29:27.888752 #19568] DEBUG -- request: User-Agent: "Faraday v0.9.2"
Content-Type: "application/json"
I, [2015-11-11T10:29:36.919558 #19568]  INFO -- Status: 201
D, [2015-11-11T10:29:36.920058 #19568] DEBUG -- response: date: "Wed, 11 Nov 2015 17:29:27 GMT"
server: "Apache"
x-ua-compatible: "IE=Edge"
cache-control: "max-age=0, private, must-revalidate"
x-meta-request-version: "0.3.4"
x-request-id: "800f6d5345797e9b68cc33f76caa70c6"
x-runtime: "6.186562"
x-powered-by: "Phusion Passenger 4.0.50"
set-cookie: "_openstudio-server_session=BAh7BkkiD3Nlc3Npb25faWQGOgZFVEkiJTRjMWFkYWQyMTY3ZTI4YmE1Y2Q5ZTdiNzhhYmMzNTk4BjsAVA%3D%3D--ed9f1daeb34b0f38227cce21a6e69fe3c1f4dd83; path=/; HttpOnly"
location: "http://localhost:8080/analyses/b4fe7536-d577-46fb-8a80-ccc1c9dc4e2c"
etag: "\"418865958d24b2c40478afadd1ad003b\""
status: "201 Created"
connection: "close"
transfer-encoding: "chunked"
content-type: "application/json; charset=utf-8"
I, [2015-11-11T10:29:36.925059 #19568]  INFO -- : post http://localhost:8080/analyses/b4fe7536-d577-46fb-8a80-ccc1c9dc4e2c/upload.json
D, [2015-11-11T10:29:36.925059 #19568] DEBUG -- request: User-Agent: "Faraday v0.9.2"
Content-Type: "multipart/form-data; boundary=-----------RubyMultipartPost"
Content-Length: "1582415"
I, [2015-11-11T10:29:47.134100 #19568]  INFO -- Status: 201
D, [2015-11-11T10:29:47.134600 #19568] DEBUG -- response: date: "Wed, 11 Nov 2015 17:29:36 GMT"
server: "Apache"
x-ua-compatible: "IE=Edge"
cache-control: "max-age=0, private, must-revalidate"
x-meta-request-version: "0.3.4"
x-request-id: "13a47fe2cb30cbda46dbf1797a906065"
x-runtime: "9.765985"
x-powered-by: "Phusion Passenger 4.0.50"
set-cookie: "_openstudio-server_session=BAh7BkkiD3Nlc3Npb25faWQGOgZFVEkiJTkyNjIyYzdmYzdjYTYzYzNiNGJmYjA3NzQ1M2E3ZDdiBjsAVA%3D%3D--c9f533b04ddf34bda260fe1ddfdb8b7a861bbeef; path=/; HttpOnly"
location: "http://localhost:8080/analyses/b4fe7536-d577-46fb-8a80-ccc1c9dc4e2c"
etag: "\"47e60be16f4520dcac0ae849730a0873\""
status: "201 Created"
connection: "close"
transfer-encoding: "chunked"
content-type: "application/json; charset=utf-8"
I, [2015-11-11T10:29:47.137101 #19568]  INFO -- : post http://localhost:8080/analyses/b4fe7536-d577-46fb-8a80-ccc1c9dc4e2c/action.json
D, [2015-11-11T10:29:47.137101 #19568] DEBUG -- request: User-Agent: "Faraday v0.9.2"
Content-Type: "application/json"
I, [2015-11-11T10:29:49.477569 #19568]  INFO -- Status: 200
D, [2015-11-11T10:29:49.478069 #19568] DEBUG -- response: date: "Wed, 11 Nov 2015 17:29:47 GMT"
server: "Apache"
x-ua-compatible: "IE=Edge"
cache-control: "max-age=0, private, must-revalidate"
x-meta-request-version: "0.3.4"
x-request-id: "507cf13ab0ef6333b4befa428a72eb1e"
x-runtime: "2.316169"
x-powered-by: "Phusion Passenger 4.0.50"
set-cookie: "_openstudio-server_session=BAh7BkkiD3Nlc3Npb25faWQGOgZFVEkiJTdkNGJkOTQwN2FkYzdiMWY0OWNiZTM1MTk0MGVmMDhlBjsAVA%3D%3D--d6c472ce5c311f3d5d9ff4130a807f1239a1ad16; path=/; HttpOnly"
etag: "\"c5fdcd7340e14e710946dfdca8d19db7\""
status: "200 OK"
connection: "close"
transfer-encoding: "chunked"
content-type: "application/json; charset=utf-8"
I, [2015-11-11T10:29:49.485570 #19568]  INFO -- : post http://localhost:8080/analyses/b4fe7536-d577-46fb-8a80-ccc1c9dc4e2c/action.json
D, [2015-11-11T10:29:49.485570 #19568] DEBUG -- request: User-Agent: "Faraday v0.9.2"
Content-Type: "application/json"
I, [2015-11-11T10:29:50.546782 #19568]  INFO -- Status: 200
D, [2015-11-11T10:29:50.546782 #19568] DEBUG -- response: date: "Wed, 11 Nov 2015 17:29:49 GMT"
server: "Apache"
x-ua-compatible: "IE=Edge"
cache-control: "max-age=0, private, must-revalidate"
x-meta-request-version: "0.3.4"
x-request-id: "708dd1557bfca238387397475c852620"
x-runtime: "1.033206"
x-powered-by: "Phusion Passenger 4.0.50"
set-cookie: "_openstudio-server_session=BAh7BkkiD3Nlc3Npb25faWQGOgZFVEkiJWE1MDczM2YyM2M1NjYxMmRhMWNkYzJmODYxMDA5ZjljBjsAVA%3D%3D--1804a33939d14789ec5b40b497e6a2b60dc95e4d; path=/; HttpOnly"
etag: "\"c5fdcd7340e14e710946dfdca8d19db7\""
status: "200 OK"
connection: "close"
transfer-encoding: "chunked"
content-type: "application/json; charset=utf-8"
