[openstudio.runmanager.RunManager] <-1> Time to load for uuid: {49e05ef2-d4bc-4b4d-93c9-aeef114d2278} 0
[openstudio.runmanager.RunManager] <-1> Time to parse tools for uuid: {49e05ef2-d4bc-4b4d-93c9-aeef114d2278} 0
[openstudio.runmanager.RunManager] <-1> Time to parse params for uuid: {49e05ef2-d4bc-4b4d-93c9-aeef114d2278} 0
[openstudio.runmanager.RunManager] <-1> Time to parse files for uuid: {49e05ef2-d4bc-4b4d-93c9-aeef114d2278} 0
[openstudio.runmanager.RunManager] <-1> Time to load for uuid: {b6c7f3ea-7d3e-4cab-b635-421069434742} 0
[openstudio.runmanager.RunManager] <-1> Time to parse tools for uuid: {b6c7f3ea-7d3e-4cab-b635-421069434742} 0
[openstudio.runmanager.RunManager] <-1> Time to parse params for uuid: {b6c7f3ea-7d3e-4cab-b635-421069434742} 0
[openstudio.runmanager.RunManager] <-1> Time to parse files for uuid: {b6c7f3ea-7d3e-4cab-b635-421069434742} 0
[openstudio.runmanager.RunManager] <-1> Time to load for uuid: {8bb71b90-c77b-4833-9e06-2d590a47fafd} 0
[openstudio.runmanager.RunManager] <-1> Time to parse tools for uuid: {8bb71b90-c77b-4833-9e06-2d590a47fafd} 0
[openstudio.runmanager.RunManager] <-1> Time to parse params for uuid: {8bb71b90-c77b-4833-9e06-2d590a47fafd} 0
[openstudio.runmanager.RunManager] <-1> Time to parse files for uuid: {8bb71b90-c77b-4833-9e06-2d590a47fafd} 0
[openstudio.runmanager.RunManager] <-1> Time to load for uuid: {4418551c-21d1-43f9-8ac1-23963d9df5f7} 0
[openstudio.runmanager.RunManager] <-1> Time to parse tools for uuid: {4418551c-21d1-43f9-8ac1-23963d9df5f7} 0
[openstudio.runmanager.RunManager] <-1> Time to parse params for uuid: {4418551c-21d1-43f9-8ac1-23963d9df5f7} 0
[openstudio.runmanager.RunManager] <-1> Time to parse files for uuid: {4418551c-21d1-43f9-8ac1-23963d9df5f7} 0
[openstudio.runmanager.RunManager] <-1> Time to load for uuid: {eb5d2545-d44e-4418-8c0a-d5d0d75d71f0} 0
[openstudio.runmanager.RunManager] <-1> Time to parse tools for uuid: {eb5d2545-d44e-4418-8c0a-d5d0d75d71f0} 0
[openstudio.runmanager.RunManager] <-1> Time to parse params for uuid: {eb5d2545-d44e-4418-8c0a-d5d0d75d71f0} 0
[openstudio.runmanager.RunManager] <-1> Time to parse files for uuid: {eb5d2545-d44e-4418-8c0a-d5d0d75d71f0} 0
[RunManager.ConfigOptions] <-1> Tools list in QSettings is from a previous version of OpenStudio, ignoring
[RunManager.ConfigOptions] <-1> RunManager settings in QSettings is from a previous version of OpenStudio, ignoring
[openstudio.LocalLibraryController] <-2> Creating LocalLibraryController with base app 000000000021FAE0
[openstudio.MeasureManager] <1> UUID of user measure at 'C:/Users/jmaguire/BCL/e6642d40-7366-4647-8724-53a37991d579/662dc30c-678c-467d-a6be-15e075a3885b' conflicts with other measure, other measure will be used instead
[openstudio.MeasureManager] <1> UUID of user measure at 'C:/Users/jmaguire/BCL/fc337100-8634-404e-8966-01243d292a79/c418b65d-aa8d-41c2-98b3-7ae3af82a788' conflicts with other measure, other measure will be used instead
[openstudio.MeasureManager] <1> UUID of user measure at 'C:/Users/jmaguire/BCL/e6642d40-7366-4647-8724-53a37991d579/662dc30c-678c-467d-a6be-15e075a3885b' conflicts with other measure, other measure will be used instead
[openstudio.MeasureManager] <1> UUID of user measure at 'C:/Users/jmaguire/BCL/fc337100-8634-404e-8966-01243d292a79/c418b65d-aa8d-41c2-98b3-7ae3af82a788' conflicts with other measure, other measure will be used instead
[openstudio.MeasureManager] <1> UUID of user measure at 'C:/Users/jmaguire/BCL/e6642d40-7366-4647-8724-53a37991d579/662dc30c-678c-467d-a6be-15e075a3885b' conflicts with other measure, other measure will be used instead
[openstudio.MeasureManager] <1> UUID of user measure at 'C:/Users/jmaguire/BCL/fc337100-8634-404e-8966-01243d292a79/c418b65d-aa8d-41c2-98b3-7ae3af82a788' conflicts with other measure, other measure will be used instead
[openstudio.MeasureManager] <1> UUID of user measure at 'C:/Users/jmaguire/BCL/e6642d40-7366-4647-8724-53a37991d579/662dc30c-678c-467d-a6be-15e075a3885b' conflicts with other measure, other measure will be used instead
[openstudio.MeasureManager] <1> UUID of user measure at 'C:/Users/jmaguire/BCL/fc337100-8634-404e-8966-01243d292a79/c418b65d-aa8d-41c2-98b3-7ae3af82a788' conflicts with other measure, other measure will be used instead
[openstudio.MeasureManager] <1> UUID of user measure at 'C:/Users/jmaguire/BCL/e6642d40-7366-4647-8724-53a37991d579/662dc30c-678c-467d-a6be-15e075a3885b' conflicts with other measure, other measure will be used instead
[openstudio.MeasureManager] <1> UUID of user measure at 'C:/Users/jmaguire/BCL/fc337100-8634-404e-8966-01243d292a79/c418b65d-aa8d-41c2-98b3-7ae3af82a788' conflicts with other measure, other measure will be used instead
[openstudio.MeasureManager] <1> UUID of user measure at 'C:/Users/jmaguire/BCL/e6642d40-7366-4647-8724-53a37991d579/662dc30c-678c-467d-a6be-15e075a3885b' conflicts with other measure, other measure will be used instead
[openstudio.MeasureManager] <1> UUID of user measure at 'C:/Users/jmaguire/BCL/fc337100-8634-404e-8966-01243d292a79/c418b65d-aa8d-41c2-98b3-7ae3af82a788' conflicts with other measure, other measure will be used instead
[openstudio.MeasureManager] <1> UUID of user measure at 'C:/Users/jmaguire/BCL/e6642d40-7366-4647-8724-53a37991d579/662dc30c-678c-467d-a6be-15e075a3885b' conflicts with other measure, other measure will be used instead
[openstudio.MeasureManager] <1> UUID of user measure at 'C:/Users/jmaguire/BCL/fc337100-8634-404e-8966-01243d292a79/c418b65d-aa8d-41c2-98b3-7ae3af82a788' conflicts with other measure, other measure will be used instead
[openstudio.MeasureManager] <1> UUID of user measure at 'C:/Users/jmaguire/BCL/e6642d40-7366-4647-8724-53a37991d579/662dc30c-678c-467d-a6be-15e075a3885b' conflicts with other measure, other measure will be used instead
[openstudio.MeasureManager] <1> UUID of user measure at 'C:/Users/jmaguire/BCL/fc337100-8634-404e-8966-01243d292a79/c418b65d-aa8d-41c2-98b3-7ae3af82a788' conflicts with other measure, other measure will be used instead
[openstudio.MeasureManager] <1> UUID of user measure at 'C:/Users/jmaguire/BCL/e6642d40-7366-4647-8724-53a37991d579/662dc30c-678c-467d-a6be-15e075a3885b' conflicts with other measure, other measure will be used instead
[openstudio.MeasureManager] <1> UUID of user measure at 'C:/Users/jmaguire/BCL/fc337100-8634-404e-8966-01243d292a79/c418b65d-aa8d-41c2-98b3-7ae3af82a788' conflicts with other measure, other measure will be used instead
[openstudio.MeasureManager] <1> UUID of user measure at 'C:/Users/jmaguire/BCL/e6642d40-7366-4647-8724-53a37991d579/662dc30c-678c-467d-a6be-15e075a3885b' conflicts with other measure, other measure will be used instead
[openstudio.MeasureManager] <1> UUID of user measure at 'C:/Users/jmaguire/BCL/fc337100-8634-404e-8966-01243d292a79/c418b65d-aa8d-41c2-98b3-7ae3af82a788' conflicts with other measure, other measure will be used instead
[openstudio.MeasureManager] <1> UUID of user measure at 'C:/Users/jmaguire/BCL/e6642d40-7366-4647-8724-53a37991d579/662dc30c-678c-467d-a6be-15e075a3885b' conflicts with other measure, other measure will be used instead
[openstudio.MeasureManager] <1> UUID of user measure at 'C:/Users/jmaguire/BCL/fc337100-8634-404e-8966-01243d292a79/c418b65d-aa8d-41c2-98b3-7ae3af82a788' conflicts with other measure, other measure will be used instead
[openstudio.MeasureManager] <1> UUID of user measure at 'C:/Users/jmaguire/BCL/e6642d40-7366-4647-8724-53a37991d579/662dc30c-678c-467d-a6be-15e075a3885b' conflicts with other measure, other measure will be used instead
[openstudio.MeasureManager] <1> UUID of user measure at 'C:/Users/jmaguire/BCL/fc337100-8634-404e-8966-01243d292a79/c418b65d-aa8d-41c2-98b3-7ae3af82a788' conflicts with other measure, other measure will be used instead
[openstudio.MeasureManager] <1> UUID of user measure at 'C:/Users/jmaguire/BCL/e6642d40-7366-4647-8724-53a37991d579/662dc30c-678c-467d-a6be-15e075a3885b' conflicts with other measure, other measure will be used instead
[openstudio.MeasureManager] <1> UUID of user measure at 'C:/Users/jmaguire/BCL/fc337100-8634-404e-8966-01243d292a79/c418b65d-aa8d-41c2-98b3-7ae3af82a788' conflicts with other measure, other measure will be used instead
[openstudio.MeasureManager] <1> UUID of user measure at 'C:/Users/jmaguire/BCL/e6642d40-7366-4647-8724-53a37991d579/662dc30c-678c-467d-a6be-15e075a3885b' conflicts with other measure, other measure will be used instead
[openstudio.MeasureManager] <1> UUID of user measure at 'C:/Users/jmaguire/BCL/fc337100-8634-404e-8966-01243d292a79/c418b65d-aa8d-41c2-98b3-7ae3af82a788' conflicts with other measure, other measure will be used instead
[openstudio.MeasureManager] <1> UUID of user measure at 'C:/Users/jmaguire/BCL/e6642d40-7366-4647-8724-53a37991d579/662dc30c-678c-467d-a6be-15e075a3885b' conflicts with other measure, other measure will be used instead
[openstudio.MeasureManager] <1> UUID of user measure at 'C:/Users/jmaguire/BCL/fc337100-8634-404e-8966-01243d292a79/c418b65d-aa8d-41c2-98b3-7ae3af82a788' conflicts with other measure, other measure will be used instead
[openstudio.MeasureManager] <1> UUID of user measure at 'C:/Users/jmaguire/BCL/e6642d40-7366-4647-8724-53a37991d579/662dc30c-678c-467d-a6be-15e075a3885b' conflicts with other measure, other measure will be used instead
[openstudio.MeasureManager] <1> UUID of user measure at 'C:/Users/jmaguire/BCL/fc337100-8634-404e-8966-01243d292a79/c418b65d-aa8d-41c2-98b3-7ae3af82a788' conflicts with other measure, other measure will be used instead
[openstudio.MeasureManager] <1> UUID of user measure at 'C:/Users/jmaguire/BCL/e6642d40-7366-4647-8724-53a37991d579/662dc30c-678c-467d-a6be-15e075a3885b' conflicts with other measure, other measure will be used instead
[openstudio.MeasureManager] <1> UUID of user measure at 'C:/Users/jmaguire/BCL/fc337100-8634-404e-8966-01243d292a79/c418b65d-aa8d-41c2-98b3-7ae3af82a788' conflicts with other measure, other measure will be used instead
[openstudio.MeasureManager] <1> UUID of user measure at 'C:/Users/jmaguire/BCL/e6642d40-7366-4647-8724-53a37991d579/662dc30c-678c-467d-a6be-15e075a3885b' conflicts with other measure, other measure will be used instead
[openstudio.MeasureManager] <1> UUID of user measure at 'C:/Users/jmaguire/BCL/fc337100-8634-404e-8966-01243d292a79/c418b65d-aa8d-41c2-98b3-7ae3af82a788' conflicts with other measure, other measure will be used instead
[openstudio.MeasureManager] <1> UUID of user measure at 'C:/Users/jmaguire/BCL/e6642d40-7366-4647-8724-53a37991d579/662dc30c-678c-467d-a6be-15e075a3885b' conflicts with other measure, other measure will be used instead
[openstudio.MeasureManager] <1> UUID of user measure at 'C:/Users/jmaguire/BCL/fc337100-8634-404e-8966-01243d292a79/c418b65d-aa8d-41c2-98b3-7ae3af82a788' conflicts with other measure, other measure will be used instead
[openstudio.MeasureManager] <1> UUID of user measure at 'C:/Users/jmaguire/BCL/e6642d40-7366-4647-8724-53a37991d579/662dc30c-678c-467d-a6be-15e075a3885b' conflicts with other measure, other measure will be used instead
[openstudio.MeasureManager] <1> UUID of user measure at 'C:/Users/jmaguire/BCL/fc337100-8634-404e-8966-01243d292a79/c418b65d-aa8d-41c2-98b3-7ae3af82a788' conflicts with other measure, other measure will be used instead
[openstudio.MeasureManager] <1> UUID of user measure at 'C:/Users/jmaguire/BCL/e6642d40-7366-4647-8724-53a37991d579/662dc30c-678c-467d-a6be-15e075a3885b' conflicts with other measure, other measure will be used instead
[openstudio.MeasureManager] <1> UUID of user measure at 'C:/Users/jmaguire/BCL/fc337100-8634-404e-8966-01243d292a79/c418b65d-aa8d-41c2-98b3-7ae3af82a788' conflicts with other measure, other measure will be used instead
[openstudio.MeasureManager] <1> UUID of user measure at 'C:/Users/jmaguire/BCL/e6642d40-7366-4647-8724-53a37991d579/662dc30c-678c-467d-a6be-15e075a3885b' conflicts with other measure, other measure will be used instead
[openstudio.MeasureManager] <1> UUID of user measure at 'C:/Users/jmaguire/BCL/fc337100-8634-404e-8966-01243d292a79/c418b65d-aa8d-41c2-98b3-7ae3af82a788' conflicts with other measure, other measure will be used instead
[openstudio.MeasureManager] <1> UUID of user measure at 'C:/Users/jmaguire/BCL/e6642d40-7366-4647-8724-53a37991d579/662dc30c-678c-467d-a6be-15e075a3885b' conflicts with other measure, other measure will be used instead
[openstudio.MeasureManager] <1> UUID of user measure at 'C:/Users/jmaguire/BCL/fc337100-8634-404e-8966-01243d292a79/c418b65d-aa8d-41c2-98b3-7ae3af82a788' conflicts with other measure, other measure will be used instead
[openstudio.MeasureManager] <1> UUID of user measure at 'C:/Users/jmaguire/BCL/e6642d40-7366-4647-8724-53a37991d579/662dc30c-678c-467d-a6be-15e075a3885b' conflicts with other measure, other measure will be used instead
[openstudio.MeasureManager] <1> UUID of user measure at 'C:/Users/jmaguire/BCL/fc337100-8634-404e-8966-01243d292a79/c418b65d-aa8d-41c2-98b3-7ae3af82a788' conflicts with other measure, other measure will be used instead
[openstudio.MeasureManager] <1> UUID of user measure at 'C:/Users/jmaguire/BCL/e6642d40-7366-4647-8724-53a37991d579/662dc30c-678c-467d-a6be-15e075a3885b' conflicts with other measure, other measure will be used instead
[openstudio.MeasureManager] <1> UUID of user measure at 'C:/Users/jmaguire/BCL/fc337100-8634-404e-8966-01243d292a79/c418b65d-aa8d-41c2-98b3-7ae3af82a788' conflicts with other measure, other measure will be used instead
[openstudio.MeasureManager] <1> UUID of user measure at 'C:/Users/jmaguire/BCL/e6642d40-7366-4647-8724-53a37991d579/662dc30c-678c-467d-a6be-15e075a3885b' conflicts with other measure, other measure will be used instead
[openstudio.MeasureManager] <1> UUID of user measure at 'C:/Users/jmaguire/BCL/fc337100-8634-404e-8966-01243d292a79/c418b65d-aa8d-41c2-98b3-7ae3af82a788' conflicts with other measure, other measure will be used instead
[openstudio.MeasureManager] <1> UUID of user measure at 'C:/Users/jmaguire/BCL/e6642d40-7366-4647-8724-53a37991d579/662dc30c-678c-467d-a6be-15e075a3885b' conflicts with other measure, other measure will be used instead
[openstudio.MeasureManager] <1> UUID of user measure at 'C:/Users/jmaguire/BCL/fc337100-8634-404e-8966-01243d292a79/c418b65d-aa8d-41c2-98b3-7ae3af82a788' conflicts with other measure, other measure will be used instead
[openstudio.MeasureManager] <1> UUID of user measure at 'C:/Users/jmaguire/BCL/e6642d40-7366-4647-8724-53a37991d579/662dc30c-678c-467d-a6be-15e075a3885b' conflicts with other measure, other measure will be used instead
[openstudio.MeasureManager] <1> UUID of user measure at 'C:/Users/jmaguire/BCL/fc337100-8634-404e-8966-01243d292a79/c418b65d-aa8d-41c2-98b3-7ae3af82a788' conflicts with other measure, other measure will be used instead
[openstudio.MeasureManager] <1> UUID of user measure at 'C:/Users/jmaguire/BCL/e6642d40-7366-4647-8724-53a37991d579/662dc30c-678c-467d-a6be-15e075a3885b' conflicts with other measure, other measure will be used instead
[openstudio.MeasureManager] <1> UUID of user measure at 'C:/Users/jmaguire/BCL/fc337100-8634-404e-8966-01243d292a79/c418b65d-aa8d-41c2-98b3-7ae3af82a788' conflicts with other measure, other measure will be used instead
[openstudio.MeasureManager] <1> UUID of user measure at 'C:/Users/jmaguire/BCL/e6642d40-7366-4647-8724-53a37991d579/662dc30c-678c-467d-a6be-15e075a3885b' conflicts with other measure, other measure will be used instead
[openstudio.MeasureManager] <1> UUID of user measure at 'C:/Users/jmaguire/BCL/fc337100-8634-404e-8966-01243d292a79/c418b65d-aa8d-41c2-98b3-7ae3af82a788' conflicts with other measure, other measure will be used instead
[openstudio.MeasureManager] <1> UUID of user measure at 'C:/Users/jmaguire/BCL/e6642d40-7366-4647-8724-53a37991d579/662dc30c-678c-467d-a6be-15e075a3885b' conflicts with other measure, other measure will be used instead
[openstudio.MeasureManager] <1> UUID of user measure at 'C:/Users/jmaguire/BCL/fc337100-8634-404e-8966-01243d292a79/c418b65d-aa8d-41c2-98b3-7ae3af82a788' conflicts with other measure, other measure will be used instead
[openstudio.MeasureManager] <1> UUID of user measure at 'C:/Users/jmaguire/BCL/e6642d40-7366-4647-8724-53a37991d579/662dc30c-678c-467d-a6be-15e075a3885b' conflicts with other measure, other measure will be used instead
[openstudio.MeasureManager] <1> UUID of user measure at 'C:/Users/jmaguire/BCL/fc337100-8634-404e-8966-01243d292a79/c418b65d-aa8d-41c2-98b3-7ae3af82a788' conflicts with other measure, other measure will be used instead
[openstudio.MeasureManager] <1> UUID of user measure at 'C:/Users/jmaguire/BCL/e6642d40-7366-4647-8724-53a37991d579/662dc30c-678c-467d-a6be-15e075a3885b' conflicts with other measure, other measure will be used instead
[openstudio.MeasureManager] <1> UUID of user measure at 'C:/Users/jmaguire/BCL/fc337100-8634-404e-8966-01243d292a79/c418b65d-aa8d-41c2-98b3-7ae3af82a788' conflicts with other measure, other measure will be used instead
[openstudio.MeasureManager] <1> UUID of user measure at 'C:/Users/jmaguire/BCL/e6642d40-7366-4647-8724-53a37991d579/662dc30c-678c-467d-a6be-15e075a3885b' conflicts with other measure, other measure will be used instead
[openstudio.MeasureManager] <1> UUID of user measure at 'C:/Users/jmaguire/BCL/fc337100-8634-404e-8966-01243d292a79/c418b65d-aa8d-41c2-98b3-7ae3af82a788' conflicts with other measure, other measure will be used instead
[openstudio.MeasureManager] <1> UUID of user measure at 'C:/Users/jmaguire/BCL/e6642d40-7366-4647-8724-53a37991d579/662dc30c-678c-467d-a6be-15e075a3885b' conflicts with other measure, other measure will be used instead
[openstudio.MeasureManager] <1> UUID of user measure at 'C:/Users/jmaguire/BCL/fc337100-8634-404e-8966-01243d292a79/c418b65d-aa8d-41c2-98b3-7ae3af82a788' conflicts with other measure, other measure will be used instead
[utilities.bcl.BCLMeasure] <-2> Loading measures in path: C:/Program Files/OpenStudio 1.9.0/share/openstudio-1.9.0/pat/Measures
[utilities.bcl.BCLMeasure] <-2> Attempting to load measure: C:/Program Files/OpenStudio 1.9.0/share/openstudio-1.9.0/pat/Measures/CalibrationReports
[utilities.bcl.BCLMeasure] <-2> Success loading measure: C:/Program Files/OpenStudio 1.9.0/share/openstudio-1.9.0/pat/Measures/CalibrationReports
[utilities.bcl.BCLMeasure] <-2> Attempting to load measure: C:/Program Files/OpenStudio 1.9.0/share/openstudio-1.9.0/pat/Measures/RadianceMeasure
[utilities.bcl.BCLMeasure] <-2> Success loading measure: C:/Program Files/OpenStudio 1.9.0/share/openstudio-1.9.0/pat/Measures/RadianceMeasure
[utilities.bcl.BCLMeasure] <-2> Attempting to load measure: C:/Program Files/OpenStudio 1.9.0/share/openstudio-1.9.0/pat/Measures/ReplaceModel
[utilities.bcl.BCLMeasure] <-2> Success loading measure: C:/Program Files/OpenStudio 1.9.0/share/openstudio-1.9.0/pat/Measures/ReplaceModel
[utilities.bcl.BCLMeasure] <-2> Attempting to load measure: C:/Program Files/OpenStudio 1.9.0/share/openstudio-1.9.0/pat/Measures/ReportRequest
[utilities.bcl.BCLMeasure] <-2> Success loading measure: C:/Program Files/OpenStudio 1.9.0/share/openstudio-1.9.0/pat/Measures/ReportRequest
[utilities.bcl.BCLMeasure] <-2> Attempting to load measure: C:/Program Files/OpenStudio 1.9.0/share/openstudio-1.9.0/pat/Measures/StandardReports
[utilities.bcl.BCLMeasure] <-2> Success loading measure: C:/Program Files/OpenStudio 1.9.0/share/openstudio-1.9.0/pat/Measures/StandardReports
[utilities.bcl.BCLMeasure] <-2> Loading measures in path: C:/Res_measures_git/OpenStudio-Beopt/measures
[utilities.bcl.BCLMeasure] <-2> Attempting to load measure: C:/Res_measures_git/OpenStudio-Beopt/measures/AddBuildingAmericaBenchmarkOccupants
[utilities.bcl.BCLMeasure] <-2> Success loading measure: C:/Res_measures_git/OpenStudio-Beopt/measures/AddBuildingAmericaBenchmarkOccupants
[utilities.bcl.BCLMeasure] <-2> Attempting to load measure: C:/Res_measures_git/OpenStudio-Beopt/measures/AddDistributionTimerAndRecirc
[utilities.bcl.BCLMeasure] <-2> Success loading measure: C:/Res_measures_git/OpenStudio-Beopt/measures/AddDistributionTimerAndRecirc
[utilities.bcl.BCLMeasure] <-2> Attempting to load measure: C:/Res_measures_git/OpenStudio-Beopt/measures/AddOSWaterHeaterMixedStorageElectric
[utilities.bcl.BCLMeasure] <-2> Success loading measure: C:/Res_measures_git/OpenStudio-Beopt/measures/AddOSWaterHeaterMixedStorageElectric
[utilities.bcl.BCLMeasure] <-2> Attempting to load measure: C:/Res_measures_git/OpenStudio-Beopt/measures/AddOSWaterHeaterMixedStorageGas
[utilities.bcl.BCLMeasure] <-2> Success loading measure: C:/Res_measures_git/OpenStudio-Beopt/measures/AddOSWaterHeaterMixedStorageGas
[utilities.bcl.BCLMeasure] <-2> Attempting to load measure: C:/Res_measures_git/OpenStudio-Beopt/measures/AddOSWaterHeaterMixedStorageOil
[utilities.bcl.BCLMeasure] <-2> Success loading measure: C:/Res_measures_git/OpenStudio-Beopt/measures/AddOSWaterHeaterMixedStorageOil
[utilities.bcl.BCLMeasure] <-2> Attempting to load measure: C:/Res_measures_git/OpenStudio-Beopt/measures/AddOSWaterHeaterMixedTanklessElectric
[utilities.bcl.BCLMeasure] <-2> Success loading measure: C:/Res_measures_git/OpenStudio-Beopt/measures/AddOSWaterHeaterMixedTanklessElectric
[utilities.bcl.BCLMeasure] <-2> Attempting to load measure: C:/Res_measures_git/OpenStudio-Beopt/measures/AddOSWaterHeaterMixedTanklessGas
[utilities.bcl.BCLMeasure] <-2> Success loading measure: C:/Res_measures_git/OpenStudio-Beopt/measures/AddOSWaterHeaterMixedTanklessGas
[utilities.bcl.BCLMeasure] <-2> Attempting to load measure: C:/Res_measures_git/OpenStudio-Beopt/measures/AddResidentialDehumidifier
[utilities.bcl.BCLMeasure] <-2> Success loading measure: C:/Res_measures_git/OpenStudio-Beopt/measures/AddResidentialDehumidifier
[utilities.bcl.BCLMeasure] <-2> Attempting to load measure: C:/Res_measures_git/OpenStudio-Beopt/measures/AddResidentialRefrigerator
[utilities.bcl.BCLMeasure] <-2> Success loading measure: C:/Res_measures_git/OpenStudio-Beopt/measures/AddResidentialRefrigerator
[utilities.bcl.BCLMeasure] <-2> Attempting to load measure: C:/Res_measures_git/OpenStudio-Beopt/measures/ModifySiteWaterMainsTemperature
[utilities.bcl.BCLMeasure] <-2> Success loading measure: C:/Res_measures_git/OpenStudio-Beopt/measures/ModifySiteWaterMainsTemperature
[utilities.bcl.BCLMeasure] <-2> Attempting to load measure: C:/Res_measures_git/OpenStudio-Beopt/measures/ProcessAirflow
[utilities.bcl.BCLMeasure] <-2> Success loading measure: C:/Res_measures_git/OpenStudio-Beopt/measures/ProcessAirflow
[utilities.bcl.BCLMeasure] <-2> Attempting to load measure: C:/Res_measures_git/OpenStudio-Beopt/measures/ProcessAirSourceHeatPump
[utilities.bcl.BCLMeasure] <-2> Success loading measure: C:/Res_measures_git/OpenStudio-Beopt/measures/ProcessAirSourceHeatPump
[utilities.bcl.BCLMeasure] <-2> Attempting to load measure: C:/Res_measures_git/OpenStudio-Beopt/measures/ProcessCentralAirConditioner
[utilities.bcl.BCLMeasure] <-2> Success loading measure: C:/Res_measures_git/OpenStudio-Beopt/measures/ProcessCentralAirConditioner
[utilities.bcl.BCLMeasure] <-2> Attempting to load measure: C:/Res_measures_git/OpenStudio-Beopt/measures/ProcessConstructionsCrawlspace
[utilities.bcl.BCLMeasure] <-2> Success loading measure: C:/Res_measures_git/OpenStudio-Beopt/measures/ProcessConstructionsCrawlspace
[utilities.bcl.BCLMeasure] <-2> Attempting to load measure: C:/Res_measures_git/OpenStudio-Beopt/measures/ProcessConstructionsDoors
[utilities.bcl.BCLMeasure] <-2> Success loading measure: C:/Res_measures_git/OpenStudio-Beopt/measures/ProcessConstructionsDoors
[utilities.bcl.BCLMeasure] <-2> Attempting to load measure: C:/Res_measures_git/OpenStudio-Beopt/measures/ProcessConstructionsExteriorInsulatedWallsDoubleWoodStud
[utilities.bcl.BCLMeasure] <-2> Success loading measure: C:/Res_measures_git/OpenStudio-Beopt/measures/ProcessConstructionsExteriorInsulatedWallsDoubleWoodStud
[utilities.bcl.BCLMeasure] <-2> Attempting to load measure: C:/Res_measures_git/OpenStudio-Beopt/measures/ProcessConstructionsExteriorInsulatedWallsSteelStud
[utilities.bcl.BCLMeasure] <-2> Success loading measure: C:/Res_measures_git/OpenStudio-Beopt/measures/ProcessConstructionsExteriorInsulatedWallsSteelStud
[utilities.bcl.BCLMeasure] <-2> Attempting to load measure: C:/Res_measures_git/OpenStudio-Beopt/measures/ProcessConstructionsExteriorInsulatedWallsWoodStud
[utilities.bcl.BCLMeasure] <-2> Success loading measure: C:/Res_measures_git/OpenStudio-Beopt/measures/ProcessConstructionsExteriorInsulatedWallsWoodStud
[utilities.bcl.BCLMeasure] <-2> Attempting to load measure: C:/Res_measures_git/OpenStudio-Beopt/measures/ProcessConstructionsExteriorUninsulatedWalls
[utilities.bcl.BCLMeasure] <-2> Success loading measure: C:/Res_measures_git/OpenStudio-Beopt/measures/ProcessConstructionsExteriorUninsulatedWalls
[utilities.bcl.BCLMeasure] <-2> Attempting to load measure: C:/Res_measures_git/OpenStudio-Beopt/measures/ProcessConstructionsFinishedBasement
[utilities.bcl.BCLMeasure] <-2> Success loading measure: C:/Res_measures_git/OpenStudio-Beopt/measures/ProcessConstructionsFinishedBasement
[utilities.bcl.BCLMeasure] <-2> Attempting to load measure: C:/Res_measures_git/OpenStudio-Beopt/measures/ProcessConstructionsGarageRoof
[utilities.bcl.BCLMeasure] <-2> Success loading measure: C:/Res_measures_git/OpenStudio-Beopt/measures/ProcessConstructionsGarageRoof
[utilities.bcl.BCLMeasure] <-2> Attempting to load measure: C:/Res_measures_git/OpenStudio-Beopt/measures/ProcessConstructionsGarageSlab
[utilities.bcl.BCLMeasure] <-2> Success loading measure: C:/Res_measures_git/OpenStudio-Beopt/measures/ProcessConstructionsGarageSlab
[utilities.bcl.BCLMeasure] <-2> Attempting to load measure: C:/Res_measures_git/OpenStudio-Beopt/measures/ProcessConstructionsInsulatedRoof
[utilities.bcl.BCLMeasure] <-2> Success loading measure: C:/Res_measures_git/OpenStudio-Beopt/measures/ProcessConstructionsInsulatedRoof
[utilities.bcl.BCLMeasure] <-2> Attempting to load measure: C:/Res_measures_git/OpenStudio-Beopt/measures/ProcessConstructionsInteriorInsulatedFloors
[utilities.bcl.BCLMeasure] <-2> Success loading measure: C:/Res_measures_git/OpenStudio-Beopt/measures/ProcessConstructionsInteriorInsulatedFloors
[utilities.bcl.BCLMeasure] <-2> Attempting to load measure: C:/Res_measures_git/OpenStudio-Beopt/measures/ProcessConstructionsInteriorInsulatedWalls
[utilities.bcl.BCLMeasure] <-2> Success loading measure: C:/Res_measures_git/OpenStudio-Beopt/measures/ProcessConstructionsInteriorInsulatedWalls
[utilities.bcl.BCLMeasure] <-2> Attempting to load measure: C:/Res_measures_git/OpenStudio-Beopt/measures/ProcessConstructionsInteriorUninsulatedFloors
[utilities.bcl.BCLMeasure] <-2> Success loading measure: C:/Res_measures_git/OpenStudio-Beopt/measures/ProcessConstructionsInteriorUninsulatedFloors
[utilities.bcl.BCLMeasure] <-2> Attempting to load measure: C:/Res_measures_git/OpenStudio-Beopt/measures/ProcessConstructionsInteriorUninsulatedWalls
[utilities.bcl.BCLMeasure] <-2> Success loading measure: C:/Res_measures_git/OpenStudio-Beopt/measures/ProcessConstructionsInteriorUninsulatedWalls
[utilities.bcl.BCLMeasure] <-2> Attempting to load measure: C:/Res_measures_git/OpenStudio-Beopt/measures/ProcessConstructionsSlab
[utilities.bcl.BCLMeasure] <-2> Success loading measure: C:/Res_measures_git/OpenStudio-Beopt/measures/ProcessConstructionsSlab
[utilities.bcl.BCLMeasure] <-2> Attempting to load measure: C:/Res_measures_git/OpenStudio-Beopt/measures/ProcessConstructionsUnfinishedAttic
[utilities.bcl.BCLMeasure] <-2> Success loading measure: C:/Res_measures_git/OpenStudio-Beopt/measures/ProcessConstructionsUnfinishedAttic
[utilities.bcl.BCLMeasure] <-2> Attempting to load measure: C:/Res_measures_git/OpenStudio-Beopt/measures/ProcessConstructionsUnfinishedBasement
[utilities.bcl.BCLMeasure] <-2> Success loading measure: C:/Res_measures_git/OpenStudio-Beopt/measures/ProcessConstructionsUnfinishedBasement
[utilities.bcl.BCLMeasure] <-2> Attempting to load measure: C:/Res_measures_git/OpenStudio-Beopt/measures/ProcessConstructionsWindows
[utilities.bcl.BCLMeasure] <-2> Success loading measure: C:/Res_measures_git/OpenStudio-Beopt/measures/ProcessConstructionsWindows
[utilities.bcl.BCLMeasure] <-2> Attempting to load measure: C:/Res_measures_git/OpenStudio-Beopt/measures/ProcessElectricBaseboard
[utilities.bcl.BCLMeasure] <-2> Success loading measure: C:/Res_measures_git/OpenStudio-Beopt/measures/ProcessElectricBaseboard
[utilities.bcl.BCLMeasure] <-2> Attempting to load measure: C:/Res_measures_git/OpenStudio-Beopt/measures/ProcessFurnace
[utilities.bcl.BCLMeasure] <-2> Success loading measure: C:/Res_measures_git/OpenStudio-Beopt/measures/ProcessFurnace
[utilities.bcl.BCLMeasure] <-2> Attempting to load measure: C:/Res_measures_git/OpenStudio-Beopt/measures/ProcessGroundTemperature
[utilities.bcl.BCLMeasure] <-2> Success loading measure: C:/Res_measures_git/OpenStudio-Beopt/measures/ProcessGroundTemperature
[utilities.bcl.BCLMeasure] <-2> Attempting to load measure: C:/Res_measures_git/OpenStudio-Beopt/measures/ProcessHeatingandCoolingSetpoints
[utilities.bcl.BCLMeasure] <-2> Success loading measure: C:/Res_measures_git/OpenStudio-Beopt/measures/ProcessHeatingandCoolingSetpoints
[utilities.bcl.BCLMeasure] <-2> Attempting to load measure: C:/Res_measures_git/OpenStudio-Beopt/measures/ProcessSystemCrankcaseHeater
[utilities.bcl.BCLMeasure] <-2> Success loading measure: C:/Res_measures_git/OpenStudio-Beopt/measures/ProcessSystemCrankcaseHeater
[utilities.bcl.BCLMeasure] <-2> Attempting to load measure: C:/Res_measures_git/OpenStudio-Beopt/measures/ProcessThermalMassFurniture
[utilities.bcl.BCLMeasure] <-2> Success loading measure: C:/Res_measures_git/OpenStudio-Beopt/measures/ProcessThermalMassFurniture
[utilities.bcl.BCLMeasure] <-2> Attempting to load measure: C:/Res_measures_git/OpenStudio-Beopt/measures/ProcessThermalMassPartitionWall
[utilities.bcl.BCLMeasure] <-2> Success loading measure: C:/Res_measures_git/OpenStudio-Beopt/measures/ProcessThermalMassPartitionWall
[utilities.bcl.BCLMeasure] <-2> Attempting to load measure: C:/Res_measures_git/OpenStudio-Beopt/measures/ResidentialClothesWasherandDryer
[utilities.bcl.BCLMeasure] <-2> Success loading measure: C:/Res_measures_git/OpenStudio-Beopt/measures/ResidentialClothesWasherandDryer
[utilities.bcl.BCLMeasure] <-2> Attempting to load measure: C:/Res_measures_git/OpenStudio-Beopt/measures/ResidentialCookingRange
[utilities.bcl.BCLMeasure] <-2> Success loading measure: C:/Res_measures_git/OpenStudio-Beopt/measures/ResidentialCookingRange
[utilities.bcl.BCLMeasure] <-2> Attempting to load measure: C:/Res_measures_git/OpenStudio-Beopt/measures/ResidentialDishwasher
[utilities.bcl.BCLMeasure] <-2> Success loading measure: C:/Res_measures_git/OpenStudio-Beopt/measures/ResidentialDishwasher
[utilities.bcl.BCLMeasure] <-2> Attempting to load measure: C:/Res_measures_git/OpenStudio-Beopt/measures/ResidentialLighting
[utilities.bcl.BCLMeasure] <-2> Success loading measure: C:/Res_measures_git/OpenStudio-Beopt/measures/ResidentialLighting
[utilities.bcl.BCLMeasure] <-2> Attempting to load measure: C:/Res_measures_git/OpenStudio-Beopt/measures/ResidentialMiscellaneousElectricLoads
[utilities.bcl.BCLMeasure] <-2> Success loading measure: C:/Res_measures_git/OpenStudio-Beopt/measures/ResidentialMiscellaneousElectricLoads
[utilities.bcl.BCLMeasure] <-2> Attempting to load measure: C:/Res_measures_git/OpenStudio-Beopt/measures/ResidentialMiscellaneousGasLoads
[utilities.bcl.BCLMeasure] <-2> Success loading measure: C:/Res_measures_git/OpenStudio-Beopt/measures/ResidentialMiscellaneousGasLoads
[utilities.bcl.BCLMeasure] <-2> Attempting to load measure: C:/Res_measures_git/OpenStudio-Beopt/measures/SetDRWeatherFile
[utilities.bcl.BCLXML] <2> 'C:/Res_measures_git/OpenStudio-Beopt/measures/SetDRWeatherFile/measure.xml' does not exist
[utilities.bcl.BCLMeasure] <2> 'C:/Res_measures_git/OpenStudio-Beopt/measures/SetDRWeatherFile' is not a measure
[openstudio.MeasureManager] <1> UUID of user measure at 'C:/Users/jmaguire/BCL/e6642d40-7366-4647-8724-53a37991d579/662dc30c-678c-467d-a6be-15e075a3885b' conflicts with other measure, other measure will be used instead
[openstudio.MeasureManager] <1> UUID of user measure at 'C:/Users/jmaguire/BCL/fc337100-8634-404e-8966-01243d292a79/c418b65d-aa8d-41c2-98b3-7ae3af82a788' conflicts with other measure, other measure will be used instead
[openstudio.MeasureManager] <1> UUID of user measure at 'C:/Users/jmaguire/BCL/e6642d40-7366-4647-8724-53a37991d579/662dc30c-678c-467d-a6be-15e075a3885b' conflicts with other measure, other measure will be used instead
[openstudio.MeasureManager] <1> UUID of user measure at 'C:/Users/jmaguire/BCL/fc337100-8634-404e-8966-01243d292a79/c418b65d-aa8d-41c2-98b3-7ae3af82a788' conflicts with other measure, other measure will be used instead
[openstudio.MeasureManager] <1> UUID of user measure at 'C:/Users/jmaguire/BCL/e6642d40-7366-4647-8724-53a37991d579/662dc30c-678c-467d-a6be-15e075a3885b' conflicts with other measure, other measure will be used instead
[openstudio.MeasureManager] <1> UUID of user measure at 'C:/Users/jmaguire/BCL/fc337100-8634-404e-8966-01243d292a79/c418b65d-aa8d-41c2-98b3-7ae3af82a788' conflicts with other measure, other measure will be used instead
[openstudio.MeasureManager] <1> UUID of user measure at 'C:/Users/jmaguire/BCL/e6642d40-7366-4647-8724-53a37991d579/662dc30c-678c-467d-a6be-15e075a3885b' conflicts with other measure, other measure will be used instead
[openstudio.MeasureManager] <1> UUID of user measure at 'C:/Users/jmaguire/BCL/fc337100-8634-404e-8966-01243d292a79/c418b65d-aa8d-41c2-98b3-7ae3af82a788' conflicts with other measure, other measure will be used instead
[openstudio.MeasureManager] <1> UUID of user measure at 'C:/Users/jmaguire/BCL/e6642d40-7366-4647-8724-53a37991d579/662dc30c-678c-467d-a6be-15e075a3885b' conflicts with other measure, other measure will be used instead
[openstudio.MeasureManager] <1> UUID of user measure at 'C:/Users/jmaguire/BCL/fc337100-8634-404e-8966-01243d292a79/c418b65d-aa8d-41c2-98b3-7ae3af82a788' conflicts with other measure, other measure will be used instead
[openstudio.MeasureManager] <1> UUID of user measure at 'C:/Users/jmaguire/BCL/e6642d40-7366-4647-8724-53a37991d579/662dc30c-678c-467d-a6be-15e075a3885b' conflicts with other measure, other measure will be used instead
[openstudio.MeasureManager] <1> UUID of user measure at 'C:/Users/jmaguire/BCL/fc337100-8634-404e-8966-01243d292a79/c418b65d-aa8d-41c2-98b3-7ae3af82a788' conflicts with other measure, other measure will be used instead
[openstudio.MeasureManager] <1> UUID of user measure at 'C:/Users/jmaguire/BCL/e6642d40-7366-4647-8724-53a37991d579/662dc30c-678c-467d-a6be-15e075a3885b' conflicts with other measure, other measure will be used instead
[openstudio.MeasureManager] <1> UUID of user measure at 'C:/Users/jmaguire/BCL/fc337100-8634-404e-8966-01243d292a79/c418b65d-aa8d-41c2-98b3-7ae3af82a788' conflicts with other measure, other measure will be used instead
[openstudio.MeasureManager] <1> UUID of user measure at 'C:/Users/jmaguire/BCL/e6642d40-7366-4647-8724-53a37991d579/662dc30c-678c-467d-a6be-15e075a3885b' conflicts with other measure, other measure will be used instead
[openstudio.MeasureManager] <1> UUID of user measure at 'C:/Users/jmaguire/BCL/fc337100-8634-404e-8966-01243d292a79/c418b65d-aa8d-41c2-98b3-7ae3af82a788' conflicts with other measure, other measure will be used instead
[openstudio.MeasureManager] <1> UUID of user measure at 'C:/Users/jmaguire/BCL/e6642d40-7366-4647-8724-53a37991d579/662dc30c-678c-467d-a6be-15e075a3885b' conflicts with other measure, other measure will be used instead
[openstudio.MeasureManager] <1> UUID of user measure at 'C:/Users/jmaguire/BCL/fc337100-8634-404e-8966-01243d292a79/c418b65d-aa8d-41c2-98b3-7ae3af82a788' conflicts with other measure, other measure will be used instead
[openstudio.MeasureManager] <1> UUID of user measure at 'C:/Users/jmaguire/BCL/e6642d40-7366-4647-8724-53a37991d579/662dc30c-678c-467d-a6be-15e075a3885b' conflicts with other measure, other measure will be used instead
[openstudio.MeasureManager] <1> UUID of user measure at 'C:/Users/jmaguire/BCL/fc337100-8634-404e-8966-01243d292a79/c418b65d-aa8d-41c2-98b3-7ae3af82a788' conflicts with other measure, other measure will be used instead
[openstudio.MeasureManager] <1> UUID of user measure at 'C:/Users/jmaguire/BCL/e6642d40-7366-4647-8724-53a37991d579/662dc30c-678c-467d-a6be-15e075a3885b' conflicts with other measure, other measure will be used instead
[openstudio.MeasureManager] <1> UUID of user measure at 'C:/Users/jmaguire/BCL/fc337100-8634-404e-8966-01243d292a79/c418b65d-aa8d-41c2-98b3-7ae3af82a788' conflicts with other measure, other measure will be used instead
[openstudio.MeasureManager] <1> UUID of user measure at 'C:/Users/jmaguire/BCL/e6642d40-7366-4647-8724-53a37991d579/662dc30c-678c-467d-a6be-15e075a3885b' conflicts with other measure, other measure will be used instead
[openstudio.MeasureManager] <1> UUID of user measure at 'C:/Users/jmaguire/BCL/fc337100-8634-404e-8966-01243d292a79/c418b65d-aa8d-41c2-98b3-7ae3af82a788' conflicts with other measure, other measure will be used instead
[openstudio.MeasureManager] <1> UUID of user measure at 'C:/Users/jmaguire/BCL/e6642d40-7366-4647-8724-53a37991d579/662dc30c-678c-467d-a6be-15e075a3885b' conflicts with other measure, other measure will be used instead
[openstudio.MeasureManager] <1> UUID of user measure at 'C:/Users/jmaguire/BCL/fc337100-8634-404e-8966-01243d292a79/c418b65d-aa8d-41c2-98b3-7ae3af82a788' conflicts with other measure, other measure will be used instead
[openstudio.MeasureManager] <1> UUID of user measure at 'C:/Users/jmaguire/BCL/e6642d40-7366-4647-8724-53a37991d579/662dc30c-678c-467d-a6be-15e075a3885b' conflicts with other measure, other measure will be used instead
[openstudio.MeasureManager] <1> UUID of user measure at 'C:/Users/jmaguire/BCL/fc337100-8634-404e-8966-01243d292a79/c418b65d-aa8d-41c2-98b3-7ae3af82a788' conflicts with other measure, other measure will be used instead
[openstudio.MeasureManager] <1> UUID of user measure at 'C:/Users/jmaguire/BCL/e6642d40-7366-4647-8724-53a37991d579/662dc30c-678c-467d-a6be-15e075a3885b' conflicts with other measure, other measure will be used instead
[openstudio.MeasureManager] <1> UUID of user measure at 'C:/Users/jmaguire/BCL/fc337100-8634-404e-8966-01243d292a79/c418b65d-aa8d-41c2-98b3-7ae3af82a788' conflicts with other measure, other measure will be used instead
[openstudio.MeasureManager] <1> UUID of user measure at 'C:/Users/jmaguire/BCL/e6642d40-7366-4647-8724-53a37991d579/662dc30c-678c-467d-a6be-15e075a3885b' conflicts with other measure, other measure will be used instead
[openstudio.MeasureManager] <1> UUID of user measure at 'C:/Users/jmaguire/BCL/fc337100-8634-404e-8966-01243d292a79/c418b65d-aa8d-41c2-98b3-7ae3af82a788' conflicts with other measure, other measure will be used instead
[openstudio.MeasureManager] <1> UUID of user measure at 'C:/Users/jmaguire/BCL/e6642d40-7366-4647-8724-53a37991d579/662dc30c-678c-467d-a6be-15e075a3885b' conflicts with other measure, other measure will be used instead
[openstudio.MeasureManager] <1> UUID of user measure at 'C:/Users/jmaguire/BCL/fc337100-8634-404e-8966-01243d292a79/c418b65d-aa8d-41c2-98b3-7ae3af82a788' conflicts with other measure, other measure will be used instead
[openstudio.MeasureManager] <1> UUID of user measure at 'C:/Users/jmaguire/BCL/e6642d40-7366-4647-8724-53a37991d579/662dc30c-678c-467d-a6be-15e075a3885b' conflicts with other measure, other measure will be used instead
[openstudio.MeasureManager] <1> UUID of user measure at 'C:/Users/jmaguire/BCL/fc337100-8634-404e-8966-01243d292a79/c418b65d-aa8d-41c2-98b3-7ae3af82a788' conflicts with other measure, other measure will be used instead
[openstudio.MeasureManager] <1> UUID of user measure at 'C:/Users/jmaguire/BCL/e6642d40-7366-4647-8724-53a37991d579/662dc30c-678c-467d-a6be-15e075a3885b' conflicts with other measure, other measure will be used instead
[openstudio.MeasureManager] <1> UUID of user measure at 'C:/Users/jmaguire/BCL/fc337100-8634-404e-8966-01243d292a79/c418b65d-aa8d-41c2-98b3-7ae3af82a788' conflicts with other measure, other measure will be used instead
[openstudio.MeasureManager] <1> UUID of user measure at 'C:/Users/jmaguire/BCL/e6642d40-7366-4647-8724-53a37991d579/662dc30c-678c-467d-a6be-15e075a3885b' conflicts with other measure, other measure will be used instead
[openstudio.MeasureManager] <1> UUID of user measure at 'C:/Users/jmaguire/BCL/fc337100-8634-404e-8966-01243d292a79/c418b65d-aa8d-41c2-98b3-7ae3af82a788' conflicts with other measure, other measure will be used instead
[openstudio.MeasureManager] <1> UUID of user measure at 'C:/Users/jmaguire/BCL/e6642d40-7366-4647-8724-53a37991d579/662dc30c-678c-467d-a6be-15e075a3885b' conflicts with other measure, other measure will be used instead
[openstudio.MeasureManager] <1> UUID of user measure at 'C:/Users/jmaguire/BCL/fc337100-8634-404e-8966-01243d292a79/c418b65d-aa8d-41c2-98b3-7ae3af82a788' conflicts with other measure, other measure will be used instead
[openstudio.MeasureManager] <1> UUID of user measure at 'C:/Users/jmaguire/BCL/e6642d40-7366-4647-8724-53a37991d579/662dc30c-678c-467d-a6be-15e075a3885b' conflicts with other measure, other measure will be used instead
[openstudio.MeasureManager] <1> UUID of user measure at 'C:/Users/jmaguire/BCL/fc337100-8634-404e-8966-01243d292a79/c418b65d-aa8d-41c2-98b3-7ae3af82a788' conflicts with other measure, other measure will be used instead
[openstudio.MeasureManager] <1> UUID of user measure at 'C:/Users/jmaguire/BCL/e6642d40-7366-4647-8724-53a37991d579/662dc30c-678c-467d-a6be-15e075a3885b' conflicts with other measure, other measure will be used instead
[openstudio.MeasureManager] <1> UUID of user measure at 'C:/Users/jmaguire/BCL/fc337100-8634-404e-8966-01243d292a79/c418b65d-aa8d-41c2-98b3-7ae3af82a788' conflicts with other measure, other measure will be used instead
[openstudio.MeasureManager] <1> UUID of user measure at 'C:/Users/jmaguire/BCL/e6642d40-7366-4647-8724-53a37991d579/662dc30c-678c-467d-a6be-15e075a3885b' conflicts with other measure, other measure will be used instead
[openstudio.MeasureManager] <1> UUID of user measure at 'C:/Users/jmaguire/BCL/fc337100-8634-404e-8966-01243d292a79/c418b65d-aa8d-41c2-98b3-7ae3af82a788' conflicts with other measure, other measure will be used instead
[openstudio.MeasureManager] <1> UUID of user measure at 'C:/Users/jmaguire/BCL/e6642d40-7366-4647-8724-53a37991d579/662dc30c-678c-467d-a6be-15e075a3885b' conflicts with other measure, other measure will be used instead
[openstudio.MeasureManager] <1> UUID of user measure at 'C:/Users/jmaguire/BCL/fc337100-8634-404e-8966-01243d292a79/c418b65d-aa8d-41c2-98b3-7ae3af82a788' conflicts with other measure, other measure will be used instead
[openstudio.MeasureManager] <1> UUID of user measure at 'C:/Users/jmaguire/BCL/e6642d40-7366-4647-8724-53a37991d579/662dc30c-678c-467d-a6be-15e075a3885b' conflicts with other measure, other measure will be used instead
[openstudio.MeasureManager] <1> UUID of user measure at 'C:/Users/jmaguire/BCL/fc337100-8634-404e-8966-01243d292a79/c418b65d-aa8d-41c2-98b3-7ae3af82a788' conflicts with other measure, other measure will be used instead
[openstudio.MeasureManager] <1> UUID of user measure at 'C:/Users/jmaguire/BCL/e6642d40-7366-4647-8724-53a37991d579/662dc30c-678c-467d-a6be-15e075a3885b' conflicts with other measure, other measure will be used instead
[openstudio.MeasureManager] <1> UUID of user measure at 'C:/Users/jmaguire/BCL/fc337100-8634-404e-8966-01243d292a79/c418b65d-aa8d-41c2-98b3-7ae3af82a788' conflicts with other measure, other measure will be used instead
[openstudio.MeasureManager] <1> UUID of user measure at 'C:/Users/jmaguire/BCL/e6642d40-7366-4647-8724-53a37991d579/662dc30c-678c-467d-a6be-15e075a3885b' conflicts with other measure, other measure will be used instead
[openstudio.MeasureManager] <1> UUID of user measure at 'C:/Users/jmaguire/BCL/fc337100-8634-404e-8966-01243d292a79/c418b65d-aa8d-41c2-98b3-7ae3af82a788' conflicts with other measure, other measure will be used instead
[openstudio.MeasureManager] <1> UUID of user measure at 'C:/Users/jmaguire/BCL/e6642d40-7366-4647-8724-53a37991d579/662dc30c-678c-467d-a6be-15e075a3885b' conflicts with other measure, other measure will be used instead
[openstudio.MeasureManager] <1> UUID of user measure at 'C:/Users/jmaguire/BCL/fc337100-8634-404e-8966-01243d292a79/c418b65d-aa8d-41c2-98b3-7ae3af82a788' conflicts with other measure, other measure will be used instead
[openstudio.MeasureManager] <1> UUID of user measure at 'C:/Users/jmaguire/BCL/e6642d40-7366-4647-8724-53a37991d579/662dc30c-678c-467d-a6be-15e075a3885b' conflicts with other measure, other measure will be used instead
[openstudio.MeasureManager] <1> UUID of user measure at 'C:/Users/jmaguire/BCL/fc337100-8634-404e-8966-01243d292a79/c418b65d-aa8d-41c2-98b3-7ae3af82a788' conflicts with other measure, other measure will be used instead
[openstudio.MeasureManager] <1> UUID of user measure at 'C:/Users/jmaguire/BCL/e6642d40-7366-4647-8724-53a37991d579/662dc30c-678c-467d-a6be-15e075a3885b' conflicts with other measure, other measure will be used instead
[openstudio.MeasureManager] <1> UUID of user measure at 'C:/Users/jmaguire/BCL/fc337100-8634-404e-8966-01243d292a79/c418b65d-aa8d-41c2-98b3-7ae3af82a788' conflicts with other measure, other measure will be used instead
[openstudio.MeasureManager] <1> UUID of user measure at 'C:/Users/jmaguire/BCL/e6642d40-7366-4647-8724-53a37991d579/662dc30c-678c-467d-a6be-15e075a3885b' conflicts with other measure, other measure will be used instead
[openstudio.MeasureManager] <1> UUID of user measure at 'C:/Users/jmaguire/BCL/fc337100-8634-404e-8966-01243d292a79/c418b65d-aa8d-41c2-98b3-7ae3af82a788' conflicts with other measure, other measure will be used instead
[openstudio.MeasureManager] <1> UUID of user measure at 'C:/Users/jmaguire/BCL/e6642d40-7366-4647-8724-53a37991d579/662dc30c-678c-467d-a6be-15e075a3885b' conflicts with other measure, other measure will be used instead
[openstudio.MeasureManager] <1> UUID of user measure at 'C:/Users/jmaguire/BCL/fc337100-8634-404e-8966-01243d292a79/c418b65d-aa8d-41c2-98b3-7ae3af82a788' conflicts with other measure, other measure will be used instead
[openstudio.MeasureManager] <1> UUID of user measure at 'C:/Users/jmaguire/BCL/e6642d40-7366-4647-8724-53a37991d579/662dc30c-678c-467d-a6be-15e075a3885b' conflicts with other measure, other measure will be used instead
[openstudio.MeasureManager] <1> UUID of user measure at 'C:/Users/jmaguire/BCL/fc337100-8634-404e-8966-01243d292a79/c418b65d-aa8d-41c2-98b3-7ae3af82a788' conflicts with other measure, other measure will be used instead
[openstudio.MeasureManager] <1> UUID of user measure at 'C:/Users/jmaguire/BCL/e6642d40-7366-4647-8724-53a37991d579/662dc30c-678c-467d-a6be-15e075a3885b' conflicts with other measure, other measure will be used instead
[openstudio.MeasureManager] <1> UUID of user measure at 'C:/Users/jmaguire/BCL/fc337100-8634-404e-8966-01243d292a79/c418b65d-aa8d-41c2-98b3-7ae3af82a788' conflicts with other measure, other measure will be used instead
[openstudio.model.WeatherFile] <-2> Current path 'files/USA_GA_Atlanta-Hartsfield-Jackson.Intl.AP.722190_TMY3.epw' not complete. After calling system_complete have 'C:/Program Files/OpenStudio 1.9.0/files/USA_GA_Atlanta-Hartsfield-Jackson.Intl.AP.722190_TMY3.epw'.
[openstudio.model.WeatherFile] <-2> Going to look for 'C:/Res_measures_git/OpenStudio-Beopt/geometries/007Atlanta_MF_Rowhouses/007Atlanta_MF_Rowhouses_c/files/USA_GA_Atlanta-Hartsfield-Jackson.Intl.AP.722190_TMY3.epw'.
[openstudio.model.WeatherFile] <-2> Setting weather file url to file:///C:/Res_measures_git/OpenStudio-Beopt/geometries/007Atlanta_MF_Rowhouses/007Atlanta_MF_Rowhouses_c/files/USA_GA_Atlanta-Hartsfield-Jackson.Intl.AP.722190_TMY3.epw
[openstudio.EpwFile] <0> Successive data points (1988-Jan-31 to 1981-Feb-01, ending on line 753) are greater than 1 day apart in EPW file 'C:/Res_measures_git/OpenStudio-Beopt/geometries/007Atlanta_MF_Rowhouses/007Atlanta_MF_Rowhouses_c/files/USA_GA_Atlanta-Hartsfield-Jackson.Intl.AP.722190_TMY3.epw'. Data will be treated as typical (TMY)
[BOOST_ASSERT] <2> Assertion m_choicesMap.find(result) != m_choicesMap.end() failed on line 534 of class std::basic_string<char,struct std::char_traits<char>,class std::allocator<char> > __cdecl openstudio::RequiredChoiceConceptImpl<class std::basic_string<char,struct std::char_traits<char>,class std::allocator<char> > >::get(void) in file c:\git\openstudio_1\openstudiocore\src\shared_gui_components\OSConcepts.hpp.
[BOOST_ASSERT] <2> Assertion m_choicesMap.find(result) != m_choicesMap.end() failed on line 534 of class std::basic_string<char,struct std::char_traits<char>,class std::allocator<char> > __cdecl openstudio::RequiredChoiceConceptImpl<class std::basic_string<char,struct std::char_traits<char>,class std::allocator<char> > >::get(void) in file c:\git\openstudio_1\openstudiocore\src\shared_gui_components\OSConcepts.hpp.
[BOOST_ASSERT] <2> Assertion m_choicesMap.find(result) != m_choicesMap.end() failed on line 534 of class std::basic_string<char,struct std::char_traits<char>,class std::allocator<char> > __cdecl openstudio::RequiredChoiceConceptImpl<class std::basic_string<char,struct std::char_traits<char>,class std::allocator<char> > >::get(void) in file c:\git\openstudio_1\openstudiocore\src\shared_gui_components\OSConcepts.hpp.
[BOOST_ASSERT] <2> Assertion m_choicesMap.find(result) != m_choicesMap.end() failed on line 534 of class std::basic_string<char,struct std::char_traits<char>,class std::allocator<char> > __cdecl openstudio::RequiredChoiceConceptImpl<class std::basic_string<char,struct std::char_traits<char>,class std::allocator<char> > >::get(void) in file c:\git\openstudio_1\openstudiocore\src\shared_gui_components\OSConcepts.hpp.
[BOOST_ASSERT] <2> Assertion m_choicesMap.find(result) != m_choicesMap.end() failed on line 534 of class std::basic_string<char,struct std::char_traits<char>,class std::allocator<char> > __cdecl openstudio::RequiredChoiceConceptImpl<class std::basic_string<char,struct std::char_traits<char>,class std::allocator<char> > >::get(void) in file c:\git\openstudio_1\openstudiocore\src\shared_gui_components\OSConcepts.hpp.
[BOOST_ASSERT] <2> Assertion m_choicesMap.find(result) != m_choicesMap.end() failed on line 534 of class std::basic_string<char,struct std::char_traits<char>,class std::allocator<char> > __cdecl openstudio::RequiredChoiceConceptImpl<class std::basic_string<char,struct std::char_traits<char>,class std::allocator<char> > >::get(void) in file c:\git\openstudio_1\openstudiocore\src\shared_gui_components\OSConcepts.hpp.
[BOOST_ASSERT] <2> Assertion m_choicesMap.find(result) != m_choicesMap.end() failed on line 534 of class std::basic_string<char,struct std::char_traits<char>,class std::allocator<char> > __cdecl openstudio::RequiredChoiceConceptImpl<class std::basic_string<char,struct std::char_traits<char>,class std::allocator<char> > >::get(void) in file c:\git\openstudio_1\openstudiocore\src\shared_gui_components\OSConcepts.hpp.
[BOOST_ASSERT] <2> Assertion m_choicesMap.find(result) != m_choicesMap.end() failed on line 534 of class std::basic_string<char,struct std::char_traits<char>,class std::allocator<char> > __cdecl openstudio::RequiredChoiceConceptImpl<class std::basic_string<char,struct std::char_traits<char>,class std::allocator<char> > >::get(void) in file c:\git\openstudio_1\openstudiocore\src\shared_gui_components\OSConcepts.hpp.
[BOOST_ASSERT] <2> Assertion m_choicesMap.find(result) != m_choicesMap.end() failed on line 534 of class std::basic_string<char,struct std::char_traits<char>,class std::allocator<char> > __cdecl openstudio::RequiredChoiceConceptImpl<class std::basic_string<char,struct std::char_traits<char>,class std::allocator<char> > >::get(void) in file c:\git\openstudio_1\openstudiocore\src\shared_gui_components\OSConcepts.hpp.
[BOOST_ASSERT] <2> Assertion m_choicesMap.find(result) != m_choicesMap.end() failed on line 534 of class std::basic_string<char,struct std::char_traits<char>,class std::allocator<char> > __cdecl openstudio::RequiredChoiceConceptImpl<class std::basic_string<char,struct std::char_traits<char>,class std::allocator<char> > >::get(void) in file c:\git\openstudio_1\openstudiocore\src\shared_gui_components\OSConcepts.hpp.
[BOOST_ASSERT] <2> Assertion m_choicesMap.find(result) != m_choicesMap.end() failed on line 534 of class std::basic_string<char,struct std::char_traits<char>,class std::allocator<char> > __cdecl openstudio::RequiredChoiceConceptImpl<class std::basic_string<char,struct std::char_traits<char>,class std::allocator<char> > >::get(void) in file c:\git\openstudio_1\openstudiocore\src\shared_gui_components\OSConcepts.hpp.
[BOOST_ASSERT] <2> Assertion m_choicesMap.find(result) != m_choicesMap.end() failed on line 534 of class std::basic_string<char,struct std::char_traits<char>,class std::allocator<char> > __cdecl openstudio::RequiredChoiceConceptImpl<class std::basic_string<char,struct std::char_traits<char>,class std::allocator<char> > >::get(void) in file c:\git\openstudio_1\openstudiocore\src\shared_gui_components\OSConcepts.hpp.
[BOOST_ASSERT] <2> Assertion m_choicesMap.find(result) != m_choicesMap.end() failed on line 534 of class std::basic_string<char,struct std::char_traits<char>,class std::allocator<char> > __cdecl openstudio::RequiredChoiceConceptImpl<class std::basic_string<char,struct std::char_traits<char>,class std::allocator<char> > >::get(void) in file c:\git\openstudio_1\openstudiocore\src\shared_gui_components\OSConcepts.hpp.
[BOOST_ASSERT] <2> Assertion m_choicesMap.find(result) != m_choicesMap.end() failed on line 534 of class std::basic_string<char,struct std::char_traits<char>,class std::allocator<char> > __cdecl openstudio::RequiredChoiceConceptImpl<class std::basic_string<char,struct std::char_traits<char>,class std::allocator<char> > >::get(void) in file c:\git\openstudio_1\openstudiocore\src\shared_gui_components\OSConcepts.hpp.
[BOOST_ASSERT] <2> Assertion m_choicesMap.find(result) != m_choicesMap.end() failed on line 534 of class std::basic_string<char,struct std::char_traits<char>,class std::allocator<char> > __cdecl openstudio::RequiredChoiceConceptImpl<class std::basic_string<char,struct std::char_traits<char>,class std::allocator<char> > >::get(void) in file c:\git\openstudio_1\openstudiocore\src\shared_gui_components\OSConcepts.hpp.
[BOOST_ASSERT] <2> Assertion m_choicesMap.find(result) != m_choicesMap.end() failed on line 534 of class std::basic_string<char,struct std::char_traits<char>,class std::allocator<char> > __cdecl openstudio::RequiredChoiceConceptImpl<class std::basic_string<char,struct std::char_traits<char>,class std::allocator<char> > >::get(void) in file c:\git\openstudio_1\openstudiocore\src\shared_gui_components\OSConcepts.hpp.
[openstudio.project.ProjectDatabase] <-1> DB Message: cannot start a transaction within a transaction Unable to begin transaction
[saveModel] <-2> Saved model to 'C:/Users/jmaguire/AppData/Local/Temp/1/OpenStudio.Sp5016/in.osm'
[saveModelTempDir] <-2> Copying C:/Users/jmaguire/AppData/Local/Temp/1/OpenStudio.Sp5016/resources to C:/Res_measures_git/OpenStudio-Beopt/geometries/007Atlanta_MF_Rowhouses/007Atlanta_MF_Rowhouses_c
[copyDir] <-1> copyDir 'C:/Users/jmaguire/AppData/Local/Temp/1/OpenStudio.Sp5016/resources' to 'C:/Res_measures_git/OpenStudio-Beopt/geometries/007Atlanta_MF_Rowhouses/007Atlanta_MF_Rowhouses_c'
[synchDirStructures] <-1> Synching destination 'C:/Res_measures_git/OpenStudio-Beopt/geometries/007Atlanta_MF_Rowhouses/007Atlanta_MF_Rowhouses_c' with source 'C:/Users/jmaguire/AppData/Local/Temp/1/OpenStudio.Sp5016/resources'
[synchDirStructures] <-1> Synching destination 'C:/Res_measures_git/OpenStudio-Beopt/geometries/007Atlanta_MF_Rowhouses/007Atlanta_MF_Rowhouses_c/files' with source 'C:/Users/jmaguire/AppData/Local/Temp/1/OpenStudio.Sp5016/resources/files'
[synchDirStructures] <-1> Synching destination 'C:/Res_measures_git/OpenStudio-Beopt/geometries/007Atlanta_MF_Rowhouses/007Atlanta_MF_Rowhouses_c/run' with source 'C:/Users/jmaguire/AppData/Local/Temp/1/OpenStudio.Sp5016/resources/run'
[synchDirStructures] <-1> Synching destination 'C:/Res_measures_git/OpenStudio-Beopt/geometries/007Atlanta_MF_Rowhouses/007Atlanta_MF_Rowhouses_c/scripts' with source 'C:/Users/jmaguire/AppData/Local/Temp/1/OpenStudio.Sp5016/resources/scripts'
[copyDir] <-1> copyDir 'C:/Users/jmaguire/AppData/Local/Temp/1/OpenStudio.Sp5016/resources/files' to 'C:/Res_measures_git/OpenStudio-Beopt/geometries/007Atlanta_MF_Rowhouses/007Atlanta_MF_Rowhouses_c/files'
[synchDirStructures] <-1> Synching destination 'C:/Res_measures_git/OpenStudio-Beopt/geometries/007Atlanta_MF_Rowhouses/007Atlanta_MF_Rowhouses_c/files' with source 'C:/Users/jmaguire/AppData/Local/Temp/1/OpenStudio.Sp5016/resources/files'
