[openstudio.runmanager.RunManager] <-1> Time to load for uuid: {740d867c-7eab-400c-8e6a-cbb572598d86} 0
[openstudio.runmanager.RunManager] <-1> Time to parse tools for uuid: {740d867c-7eab-400c-8e6a-cbb572598d86} 0
[openstudio.runmanager.RunManager] <-1> Time to parse params for uuid: {740d867c-7eab-400c-8e6a-cbb572598d86} 0
[openstudio.runmanager.RunManager] <-1> Time to parse files for uuid: {740d867c-7eab-400c-8e6a-cbb572598d86} 0
[openstudio.runmanager.RunManager] <-1> Time to load for uuid: {7c1be39f-86bb-4369-a65a-4b4249266ba7} 0
[openstudio.runmanager.RunManager] <-1> Time to parse tools for uuid: {7c1be39f-86bb-4369-a65a-4b4249266ba7} 0
[openstudio.runmanager.RunManager] <-1> Time to parse params for uuid: {7c1be39f-86bb-4369-a65a-4b4249266ba7} 0
[openstudio.runmanager.RunManager] <-1> Time to parse files for uuid: {7c1be39f-86bb-4369-a65a-4b4249266ba7} 0
[openstudio.runmanager.RunManager] <-1> Time to load for uuid: {e099d08d-6404-41a8-b0bd-48066d242b29} 0
[openstudio.runmanager.RunManager] <-1> Time to parse tools for uuid: {e099d08d-6404-41a8-b0bd-48066d242b29} 0
[openstudio.runmanager.RunManager] <-1> Time to parse params for uuid: {e099d08d-6404-41a8-b0bd-48066d242b29} 0
[openstudio.runmanager.RunManager] <-1> Time to parse files for uuid: {e099d08d-6404-41a8-b0bd-48066d242b29} 0
[openstudio.runmanager.RunManager] <-1> Time to load for uuid: {acdb5fee-e330-4734-9d51-6dcadd611d7f} 0
[openstudio.runmanager.RunManager] <-1> Time to parse tools for uuid: {acdb5fee-e330-4734-9d51-6dcadd611d7f} 0
[openstudio.runmanager.RunManager] <-1> Time to parse params for uuid: {acdb5fee-e330-4734-9d51-6dcadd611d7f} 0
[openstudio.runmanager.RunManager] <-1> Time to parse files for uuid: {acdb5fee-e330-4734-9d51-6dcadd611d7f} 0
[openstudio.runmanager.RunManager] <-1> Time to load for uuid: {ec6427c4-185c-4c0e-bbce-bbd0726fc537} 0
[openstudio.runmanager.RunManager] <-1> Time to parse tools for uuid: {ec6427c4-185c-4c0e-bbce-bbd0726fc537} 0
[openstudio.runmanager.RunManager] <-1> Time to parse params for uuid: {ec6427c4-185c-4c0e-bbce-bbd0726fc537} 0
[openstudio.runmanager.RunManager] <-1> Time to parse files for uuid: {ec6427c4-185c-4c0e-bbce-bbd0726fc537} 0
[utilities.bcl.BCLMeasure] <-2> Loading measures in path: C:/Program Files (x86)/OpenStudio 1.4.0/share/openstudio-1.4.0/pat/Measures/
[utilities.bcl.BCLMeasure] <-2> Attempting to load measure: C:/Program Files (x86)/OpenStudio 1.4.0/share/openstudio-1.4.0/pat/Measures/CalibrationReports
[utilities.bcl.BCLMeasure] <-2> Success loading measure: C:/Program Files (x86)/OpenStudio 1.4.0/share/openstudio-1.4.0/pat/Measures/CalibrationReports
[utilities.bcl.BCLMeasure] <-2> Attempting to load measure: C:/Program Files (x86)/OpenStudio 1.4.0/share/openstudio-1.4.0/pat/Measures/ReplaceModel
[utilities.bcl.BCLMeasure] <-2> Success loading measure: C:/Program Files (x86)/OpenStudio 1.4.0/share/openstudio-1.4.0/pat/Measures/ReplaceModel
[utilities.bcl.BCLMeasure] <-2> Attempting to load measure: C:/Program Files (x86)/OpenStudio 1.4.0/share/openstudio-1.4.0/pat/Measures/StandardReports
[utilities.bcl.BCLMeasure] <-2> Success loading measure: C:/Program Files (x86)/OpenStudio 1.4.0/share/openstudio-1.4.0/pat/Measures/StandardReports
[utilities.bcl.BCLMeasure] <-2> Loading measures in path: C:/OS-BEopt/OpenStudio-Beopt/measures
[utilities.bcl.BCLMeasure] <-2> Attempting to load measure: C:/OS-BEopt/OpenStudio-Beopt/measures/AddResidentialRefrigerator
[utilities.bcl.BCLMeasure] <-2> Success loading measure: C:/OS-BEopt/OpenStudio-Beopt/measures/AddResidentialRefrigerator
[utilities.bcl.BCLMeasure] <-2> Attempting to load measure: C:/OS-BEopt/OpenStudio-Beopt/measures/ProcessAirflow
[utilities.bcl.BCLMeasure] <-2> Success loading measure: C:/OS-BEopt/OpenStudio-Beopt/measures/ProcessAirflow
[utilities.bcl.BCLMeasure] <-2> Attempting to load measure: C:/OS-BEopt/OpenStudio-Beopt/measures/ProcessConstructionsCrawlspace
[utilities.bcl.BCLMeasure] <-2> Success loading measure: C:/OS-BEopt/OpenStudio-Beopt/measures/ProcessConstructionsCrawlspace
[utilities.bcl.BCLMeasure] <-2> Attempting to load measure: C:/OS-BEopt/OpenStudio-Beopt/measures/ProcessConstructionsDoors
[utilities.bcl.BCLMeasure] <-2> Success loading measure: C:/OS-BEopt/OpenStudio-Beopt/measures/ProcessConstructionsDoors
[utilities.bcl.BCLMeasure] <-2> Attempting to load measure: C:/OS-BEopt/OpenStudio-Beopt/measures/ProcessConstructionsExteriorInsulatedWallsDoubleWoodStud
[utilities.bcl.BCLMeasure] <-2> Success loading measure: C:/OS-BEopt/OpenStudio-Beopt/measures/ProcessConstructionsExteriorInsulatedWallsDoubleWoodStud
[utilities.bcl.BCLMeasure] <-2> Attempting to load measure: C:/OS-BEopt/OpenStudio-Beopt/measures/ProcessConstructionsExteriorInsulatedWallsWoodStud
[utilities.bcl.BCLMeasure] <-2> Success loading measure: C:/OS-BEopt/OpenStudio-Beopt/measures/ProcessConstructionsExteriorInsulatedWallsWoodStud
[utilities.bcl.BCLMeasure] <-2> Attempting to load measure: C:/OS-BEopt/OpenStudio-Beopt/measures/ProcessConstructionsExteriorUninsulatedWalls
[utilities.bcl.BCLMeasure] <-2> Success loading measure: C:/OS-BEopt/OpenStudio-Beopt/measures/ProcessConstructionsExteriorUninsulatedWalls
[utilities.bcl.BCLMeasure] <-2> Attempting to load measure: C:/OS-BEopt/OpenStudio-Beopt/measures/ProcessConstructionsFinishedBasement
[utilities.bcl.BCLMeasure] <-2> Success loading measure: C:/OS-BEopt/OpenStudio-Beopt/measures/ProcessConstructionsFinishedBasement
[utilities.bcl.BCLMeasure] <-2> Attempting to load measure: C:/OS-BEopt/OpenStudio-Beopt/measures/ProcessConstructionsGarageRoof
[utilities.bcl.BCLMeasure] <-2> Success loading measure: C:/OS-BEopt/OpenStudio-Beopt/measures/ProcessConstructionsGarageRoof
[utilities.bcl.BCLMeasure] <-2> Attempting to load measure: C:/OS-BEopt/OpenStudio-Beopt/measures/ProcessConstructionsGarageSlab
[utilities.bcl.BCLMeasure] <-2> Success loading measure: C:/OS-BEopt/OpenStudio-Beopt/measures/ProcessConstructionsGarageSlab
[utilities.bcl.BCLMeasure] <-2> Attempting to load measure: C:/OS-BEopt/OpenStudio-Beopt/measures/ProcessConstructionsInsulatedRoof
[utilities.bcl.BCLMeasure] <-2> Success loading measure: C:/OS-BEopt/OpenStudio-Beopt/measures/ProcessConstructionsInsulatedRoof
[utilities.bcl.BCLMeasure] <-2> Attempting to load measure: C:/OS-BEopt/OpenStudio-Beopt/measures/ProcessConstructionsInteriorInsulatedFloors
[utilities.bcl.BCLMeasure] <-2> Success loading measure: C:/OS-BEopt/OpenStudio-Beopt/measures/ProcessConstructionsInteriorInsulatedFloors
[utilities.bcl.BCLMeasure] <-2> Attempting to load measure: C:/OS-BEopt/OpenStudio-Beopt/measures/ProcessConstructionsInteriorInsulatedWalls
[utilities.bcl.BCLMeasure] <-2> Success loading measure: C:/OS-BEopt/OpenStudio-Beopt/measures/ProcessConstructionsInteriorInsulatedWalls
[utilities.bcl.BCLMeasure] <-2> Attempting to load measure: C:/OS-BEopt/OpenStudio-Beopt/measures/ProcessConstructionsInteriorUninsulatedFloors
[utilities.bcl.BCLMeasure] <-2> Success loading measure: C:/OS-BEopt/OpenStudio-Beopt/measures/ProcessConstructionsInteriorUninsulatedFloors
[utilities.bcl.BCLMeasure] <-2> Attempting to load measure: C:/OS-BEopt/OpenStudio-Beopt/measures/ProcessConstructionsInteriorUninsulatedWalls
[utilities.bcl.BCLMeasure] <-2> Success loading measure: C:/OS-BEopt/OpenStudio-Beopt/measures/ProcessConstructionsInteriorUninsulatedWalls
[utilities.bcl.BCLMeasure] <-2> Attempting to load measure: C:/OS-BEopt/OpenStudio-Beopt/measures/ProcessConstructionsSlab
[utilities.bcl.BCLMeasure] <-2> Success loading measure: C:/OS-BEopt/OpenStudio-Beopt/measures/ProcessConstructionsSlab
[utilities.bcl.BCLMeasure] <-2> Attempting to load measure: C:/OS-BEopt/OpenStudio-Beopt/measures/ProcessConstructionsUnfinishedAttic
[utilities.bcl.BCLMeasure] <-2> Success loading measure: C:/OS-BEopt/OpenStudio-Beopt/measures/ProcessConstructionsUnfinishedAttic
[utilities.bcl.BCLMeasure] <-2> Attempting to load measure: C:/OS-BEopt/OpenStudio-Beopt/measures/ProcessConstructionsUnfinishedBasement
[utilities.bcl.BCLMeasure] <-2> Success loading measure: C:/OS-BEopt/OpenStudio-Beopt/measures/ProcessConstructionsUnfinishedBasement
[utilities.bcl.BCLMeasure] <-2> Attempting to load measure: C:/OS-BEopt/OpenStudio-Beopt/measures/ProcessConstructionsWindows
[utilities.bcl.BCLMeasure] <-2> Success loading measure: C:/OS-BEopt/OpenStudio-Beopt/measures/ProcessConstructionsWindows
[utilities.bcl.BCLMeasure] <-2> Attempting to load measure: C:/OS-BEopt/OpenStudio-Beopt/measures/ProcessHeatingandCoolingSeasons
[utilities.bcl.BCLMeasure] <-2> Success loading measure: C:/OS-BEopt/OpenStudio-Beopt/measures/ProcessHeatingandCoolingSeasons
[utilities.bcl.BCLMeasure] <-2> Attempting to load measure: C:/OS-BEopt/OpenStudio-Beopt/measures/ProcessThermalMassFurniture
[utilities.bcl.BCLMeasure] <-2> Success loading measure: C:/OS-BEopt/OpenStudio-Beopt/measures/ProcessThermalMassFurniture
[utilities.bcl.BCLMeasure] <-2> Attempting to load measure: C:/OS-BEopt/OpenStudio-Beopt/measures/ProcessThermalMassPartitionWall
[utilities.bcl.BCLMeasure] <-2> Success loading measure: C:/OS-BEopt/OpenStudio-Beopt/measures/ProcessThermalMassPartitionWall
[utilities.bcl.BCLMeasure] <-2> Attempting to load measure: C:/OS-BEopt/OpenStudio-Beopt/measures/ResidentialCookingRange
[utilities.bcl.BCLMeasure] <-2> Success loading measure: C:/OS-BEopt/OpenStudio-Beopt/measures/ResidentialCookingRange
[utilities.bcl.BCLMeasure] <-2> Attempting to load measure: C:/OS-BEopt/OpenStudio-Beopt/measures/ResidentialDishwasher
[utilities.bcl.BCLMeasure] <-2> Success loading measure: C:/OS-BEopt/OpenStudio-Beopt/measures/ResidentialDishwasher
[utilities.bcl.BCLMeasure] <-2> Attempting to load measure: C:/OS-BEopt/OpenStudio-Beopt/measures/ResidentialLighting
[utilities.bcl.BCLMeasure] <-2> Success loading measure: C:/OS-BEopt/OpenStudio-Beopt/measures/ResidentialLighting
[utilities.bcl.BCLMeasure] <-2> Attempting to load measure: C:/OS-BEopt/OpenStudio-Beopt/measures/ResidentialMiscellaneousElectricLoads
[utilities.bcl.BCLMeasure] <-2> Success loading measure: C:/OS-BEopt/OpenStudio-Beopt/measures/ResidentialMiscellaneousElectricLoads
[openstudio.MeasureManager] <1> UUID of user measure at 'C:/Users/jrobert1/BCL/e6642d40-7366-4647-8724-53a37991d579/662dc30c-678c-467d-a6be-15e075a3885b' conflicts with other measure, other measure will be used instead
[openstudio.MeasureManager] <1> UUID of user measure at 'C:/Users/jrobert1/BCL/fc337100-8634-404e-8966-01243d292a79/c418b65d-aa8d-41c2-98b3-7ae3af82a788' conflicts with other measure, other measure will be used instead
[openstudio.MeasureManager] <1> UUID of user measure at 'C:/Users/jrobert1/BCL/e6642d40-7366-4647-8724-53a37991d579/662dc30c-678c-467d-a6be-15e075a3885b' conflicts with other measure, other measure will be used instead
[openstudio.MeasureManager] <1> UUID of user measure at 'C:/Users/jrobert1/BCL/fc337100-8634-404e-8966-01243d292a79/c418b65d-aa8d-41c2-98b3-7ae3af82a788' conflicts with other measure, other measure will be used instead
[openstudio.MeasureManager] <1> UUID of user measure at 'C:/Users/jrobert1/BCL/e6642d40-7366-4647-8724-53a37991d579/662dc30c-678c-467d-a6be-15e075a3885b' conflicts with other measure, other measure will be used instead
[openstudio.MeasureManager] <1> UUID of user measure at 'C:/Users/jrobert1/BCL/fc337100-8634-404e-8966-01243d292a79/c418b65d-aa8d-41c2-98b3-7ae3af82a788' conflicts with other measure, other measure will be used instead
[openstudio.MeasureManager] <1> UUID of user measure at 'C:/Users/jrobert1/BCL/e6642d40-7366-4647-8724-53a37991d579/662dc30c-678c-467d-a6be-15e075a3885b' conflicts with other measure, other measure will be used instead
[openstudio.MeasureManager] <1> UUID of user measure at 'C:/Users/jrobert1/BCL/fc337100-8634-404e-8966-01243d292a79/c418b65d-aa8d-41c2-98b3-7ae3af82a788' conflicts with other measure, other measure will be used instead
[openstudio.MeasureManager] <1> UUID of user measure at 'C:/Users/jrobert1/BCL/e6642d40-7366-4647-8724-53a37991d579/662dc30c-678c-467d-a6be-15e075a3885b' conflicts with other measure, other measure will be used instead
[openstudio.MeasureManager] <1> UUID of user measure at 'C:/Users/jrobert1/BCL/fc337100-8634-404e-8966-01243d292a79/c418b65d-aa8d-41c2-98b3-7ae3af82a788' conflicts with other measure, other measure will be used instead
[openstudio.MeasureManager] <1> UUID of user measure at 'C:/Users/jrobert1/BCL/e6642d40-7366-4647-8724-53a37991d579/662dc30c-678c-467d-a6be-15e075a3885b' conflicts with other measure, other measure will be used instead
[openstudio.MeasureManager] <1> UUID of user measure at 'C:/Users/jrobert1/BCL/fc337100-8634-404e-8966-01243d292a79/c418b65d-aa8d-41c2-98b3-7ae3af82a788' conflicts with other measure, other measure will be used instead
[openstudio.MeasureManager] <1> UUID of user measure at 'C:/Users/jrobert1/BCL/e6642d40-7366-4647-8724-53a37991d579/662dc30c-678c-467d-a6be-15e075a3885b' conflicts with other measure, other measure will be used instead
[openstudio.MeasureManager] <1> UUID of user measure at 'C:/Users/jrobert1/BCL/fc337100-8634-404e-8966-01243d292a79/c418b65d-aa8d-41c2-98b3-7ae3af82a788' conflicts with other measure, other measure will be used instead
[openstudio.MeasureManager] <1> UUID of user measure at 'C:/Users/jrobert1/BCL/e6642d40-7366-4647-8724-53a37991d579/662dc30c-678c-467d-a6be-15e075a3885b' conflicts with other measure, other measure will be used instead
[openstudio.MeasureManager] <1> UUID of user measure at 'C:/Users/jrobert1/BCL/fc337100-8634-404e-8966-01243d292a79/c418b65d-aa8d-41c2-98b3-7ae3af82a788' conflicts with other measure, other measure will be used instead
[openstudio.MeasureManager] <1> UUID of user measure at 'C:/Users/jrobert1/BCL/e6642d40-7366-4647-8724-53a37991d579/662dc30c-678c-467d-a6be-15e075a3885b' conflicts with other measure, other measure will be used instead
[openstudio.MeasureManager] <1> UUID of user measure at 'C:/Users/jrobert1/BCL/fc337100-8634-404e-8966-01243d292a79/c418b65d-aa8d-41c2-98b3-7ae3af82a788' conflicts with other measure, other measure will be used instead
[openstudio.MeasureManager] <1> UUID of user measure at 'C:/Users/jrobert1/BCL/e6642d40-7366-4647-8724-53a37991d579/662dc30c-678c-467d-a6be-15e075a3885b' conflicts with other measure, other measure will be used instead
[openstudio.MeasureManager] <1> UUID of user measure at 'C:/Users/jrobert1/BCL/fc337100-8634-404e-8966-01243d292a79/c418b65d-aa8d-41c2-98b3-7ae3af82a788' conflicts with other measure, other measure will be used instead
[openstudio.MeasureManager] <1> UUID of user measure at 'C:/Users/jrobert1/BCL/e6642d40-7366-4647-8724-53a37991d579/662dc30c-678c-467d-a6be-15e075a3885b' conflicts with other measure, other measure will be used instead
[openstudio.MeasureManager] <1> UUID of user measure at 'C:/Users/jrobert1/BCL/fc337100-8634-404e-8966-01243d292a79/c418b65d-aa8d-41c2-98b3-7ae3af82a788' conflicts with other measure, other measure will be used instead
[openstudio.MeasureManager] <1> UUID of user measure at 'C:/Users/jrobert1/BCL/e6642d40-7366-4647-8724-53a37991d579/662dc30c-678c-467d-a6be-15e075a3885b' conflicts with other measure, other measure will be used instead
[openstudio.MeasureManager] <1> UUID of user measure at 'C:/Users/jrobert1/BCL/fc337100-8634-404e-8966-01243d292a79/c418b65d-aa8d-41c2-98b3-7ae3af82a788' conflicts with other measure, other measure will be used instead
[openstudio.MeasureManager] <1> UUID of user measure at 'C:/Users/jrobert1/BCL/e6642d40-7366-4647-8724-53a37991d579/662dc30c-678c-467d-a6be-15e075a3885b' conflicts with other measure, other measure will be used instead
[openstudio.MeasureManager] <1> UUID of user measure at 'C:/Users/jrobert1/BCL/fc337100-8634-404e-8966-01243d292a79/c418b65d-aa8d-41c2-98b3-7ae3af82a788' conflicts with other measure, other measure will be used instead
[openstudio.MeasureManager] <1> UUID of user measure at 'C:/Users/jrobert1/BCL/e6642d40-7366-4647-8724-53a37991d579/662dc30c-678c-467d-a6be-15e075a3885b' conflicts with other measure, other measure will be used instead
[openstudio.MeasureManager] <1> UUID of user measure at 'C:/Users/jrobert1/BCL/fc337100-8634-404e-8966-01243d292a79/c418b65d-aa8d-41c2-98b3-7ae3af82a788' conflicts with other measure, other measure will be used instead
[openstudio.MeasureManager] <1> UUID of user measure at 'C:/Users/jrobert1/BCL/e6642d40-7366-4647-8724-53a37991d579/662dc30c-678c-467d-a6be-15e075a3885b' conflicts with other measure, other measure will be used instead
[openstudio.MeasureManager] <1> UUID of user measure at 'C:/Users/jrobert1/BCL/fc337100-8634-404e-8966-01243d292a79/c418b65d-aa8d-41c2-98b3-7ae3af82a788' conflicts with other measure, other measure will be used instead
[openstudio.MeasureManager] <1> UUID of user measure at 'C:/Users/jrobert1/BCL/e6642d40-7366-4647-8724-53a37991d579/662dc30c-678c-467d-a6be-15e075a3885b' conflicts with other measure, other measure will be used instead
[openstudio.MeasureManager] <1> UUID of user measure at 'C:/Users/jrobert1/BCL/fc337100-8634-404e-8966-01243d292a79/c418b65d-aa8d-41c2-98b3-7ae3af82a788' conflicts with other measure, other measure will be used instead
[openstudio.MeasureManager] <1> UUID of user measure at 'C:/Users/jrobert1/BCL/e6642d40-7366-4647-8724-53a37991d579/662dc30c-678c-467d-a6be-15e075a3885b' conflicts with other measure, other measure will be used instead
[openstudio.MeasureManager] <1> UUID of user measure at 'C:/Users/jrobert1/BCL/fc337100-8634-404e-8966-01243d292a79/c418b65d-aa8d-41c2-98b3-7ae3af82a788' conflicts with other measure, other measure will be used instead
[openstudio.MeasureManager] <1> UUID of user measure at 'C:/Users/jrobert1/BCL/e6642d40-7366-4647-8724-53a37991d579/662dc30c-678c-467d-a6be-15e075a3885b' conflicts with other measure, other measure will be used instead
[openstudio.MeasureManager] <1> UUID of user measure at 'C:/Users/jrobert1/BCL/fc337100-8634-404e-8966-01243d292a79/c418b65d-aa8d-41c2-98b3-7ae3af82a788' conflicts with other measure, other measure will be used instead
[openstudio.MeasureManager] <1> UUID of user measure at 'C:/Users/jrobert1/BCL/e6642d40-7366-4647-8724-53a37991d579/662dc30c-678c-467d-a6be-15e075a3885b' conflicts with other measure, other measure will be used instead
[openstudio.MeasureManager] <1> UUID of user measure at 'C:/Users/jrobert1/BCL/fc337100-8634-404e-8966-01243d292a79/c418b65d-aa8d-41c2-98b3-7ae3af82a788' conflicts with other measure, other measure will be used instead
[openstudio.MeasureManager] <1> UUID of user measure at 'C:/Users/jrobert1/BCL/e6642d40-7366-4647-8724-53a37991d579/662dc30c-678c-467d-a6be-15e075a3885b' conflicts with other measure, other measure will be used instead
[openstudio.MeasureManager] <1> UUID of user measure at 'C:/Users/jrobert1/BCL/fc337100-8634-404e-8966-01243d292a79/c418b65d-aa8d-41c2-98b3-7ae3af82a788' conflicts with other measure, other measure will be used instead
[openstudio.MeasureManager] <1> UUID of user measure at 'C:/Users/jrobert1/BCL/e6642d40-7366-4647-8724-53a37991d579/662dc30c-678c-467d-a6be-15e075a3885b' conflicts with other measure, other measure will be used instead
[openstudio.MeasureManager] <1> UUID of user measure at 'C:/Users/jrobert1/BCL/fc337100-8634-404e-8966-01243d292a79/c418b65d-aa8d-41c2-98b3-7ae3af82a788' conflicts with other measure, other measure will be used instead
[openstudio.MeasureManager] <1> UUID of user measure at 'C:/Users/jrobert1/BCL/e6642d40-7366-4647-8724-53a37991d579/662dc30c-678c-467d-a6be-15e075a3885b' conflicts with other measure, other measure will be used instead
[openstudio.MeasureManager] <1> UUID of user measure at 'C:/Users/jrobert1/BCL/fc337100-8634-404e-8966-01243d292a79/c418b65d-aa8d-41c2-98b3-7ae3af82a788' conflicts with other measure, other measure will be used instead
[openstudio.MeasureManager] <1> UUID of user measure at 'C:/Users/jrobert1/BCL/e6642d40-7366-4647-8724-53a37991d579/662dc30c-678c-467d-a6be-15e075a3885b' conflicts with other measure, other measure will be used instead
[openstudio.MeasureManager] <1> UUID of user measure at 'C:/Users/jrobert1/BCL/fc337100-8634-404e-8966-01243d292a79/c418b65d-aa8d-41c2-98b3-7ae3af82a788' conflicts with other measure, other measure will be used instead
[openstudio.MeasureManager] <1> UUID of user measure at 'C:/Users/jrobert1/BCL/e6642d40-7366-4647-8724-53a37991d579/662dc30c-678c-467d-a6be-15e075a3885b' conflicts with other measure, other measure will be used instead
[openstudio.MeasureManager] <1> UUID of user measure at 'C:/Users/jrobert1/BCL/fc337100-8634-404e-8966-01243d292a79/c418b65d-aa8d-41c2-98b3-7ae3af82a788' conflicts with other measure, other measure will be used instead
[openstudio.MeasureManager] <1> UUID of user measure at 'C:/Users/jrobert1/BCL/e6642d40-7366-4647-8724-53a37991d579/662dc30c-678c-467d-a6be-15e075a3885b' conflicts with other measure, other measure will be used instead
[openstudio.MeasureManager] <1> UUID of user measure at 'C:/Users/jrobert1/BCL/fc337100-8634-404e-8966-01243d292a79/c418b65d-aa8d-41c2-98b3-7ae3af82a788' conflicts with other measure, other measure will be used instead
[openstudio.MeasureManager] <1> UUID of user measure at 'C:/Users/jrobert1/BCL/e6642d40-7366-4647-8724-53a37991d579/662dc30c-678c-467d-a6be-15e075a3885b' conflicts with other measure, other measure will be used instead
[openstudio.MeasureManager] <1> UUID of user measure at 'C:/Users/jrobert1/BCL/fc337100-8634-404e-8966-01243d292a79/c418b65d-aa8d-41c2-98b3-7ae3af82a788' conflicts with other measure, other measure will be used instead
[openstudio.MeasureManager] <1> UUID of user measure at 'C:/Users/jrobert1/BCL/e6642d40-7366-4647-8724-53a37991d579/662dc30c-678c-467d-a6be-15e075a3885b' conflicts with other measure, other measure will be used instead
[openstudio.MeasureManager] <1> UUID of user measure at 'C:/Users/jrobert1/BCL/fc337100-8634-404e-8966-01243d292a79/c418b65d-aa8d-41c2-98b3-7ae3af82a788' conflicts with other measure, other measure will be used instead
[openstudio.MeasureManager] <1> UUID of user measure at 'C:/Users/jrobert1/BCL/e6642d40-7366-4647-8724-53a37991d579/662dc30c-678c-467d-a6be-15e075a3885b' conflicts with other measure, other measure will be used instead
[openstudio.MeasureManager] <1> UUID of user measure at 'C:/Users/jrobert1/BCL/fc337100-8634-404e-8966-01243d292a79/c418b65d-aa8d-41c2-98b3-7ae3af82a788' conflicts with other measure, other measure will be used instead
[openstudio.MeasureManager] <1> UUID of user measure at 'C:/Users/jrobert1/BCL/e6642d40-7366-4647-8724-53a37991d579/662dc30c-678c-467d-a6be-15e075a3885b' conflicts with other measure, other measure will be used instead
[openstudio.MeasureManager] <1> UUID of user measure at 'C:/Users/jrobert1/BCL/fc337100-8634-404e-8966-01243d292a79/c418b65d-aa8d-41c2-98b3-7ae3af82a788' conflicts with other measure, other measure will be used instead
[openstudio.MeasureManager] <1> UUID of user measure at 'C:/Users/jrobert1/BCL/e6642d40-7366-4647-8724-53a37991d579/662dc30c-678c-467d-a6be-15e075a3885b' conflicts with other measure, other measure will be used instead
[openstudio.MeasureManager] <1> UUID of user measure at 'C:/Users/jrobert1/BCL/fc337100-8634-404e-8966-01243d292a79/c418b65d-aa8d-41c2-98b3-7ae3af82a788' conflicts with other measure, other measure will be used instead
[openstudio.MeasureManager] <1> UUID of user measure at 'C:/Users/jrobert1/BCL/e6642d40-7366-4647-8724-53a37991d579/662dc30c-678c-467d-a6be-15e075a3885b' conflicts with other measure, other measure will be used instead
[openstudio.MeasureManager] <1> UUID of user measure at 'C:/Users/jrobert1/BCL/fc337100-8634-404e-8966-01243d292a79/c418b65d-aa8d-41c2-98b3-7ae3af82a788' conflicts with other measure, other measure will be used instead
[openstudio.MeasureManager] <1> UUID of user measure at 'C:/Users/jrobert1/BCL/e6642d40-7366-4647-8724-53a37991d579/662dc30c-678c-467d-a6be-15e075a3885b' conflicts with other measure, other measure will be used instead
[openstudio.MeasureManager] <1> UUID of user measure at 'C:/Users/jrobert1/BCL/fc337100-8634-404e-8966-01243d292a79/c418b65d-aa8d-41c2-98b3-7ae3af82a788' conflicts with other measure, other measure will be used instead
[openstudio.MeasureManager] <1> UUID of user measure at 'C:/Users/jrobert1/BCL/e6642d40-7366-4647-8724-53a37991d579/662dc30c-678c-467d-a6be-15e075a3885b' conflicts with other measure, other measure will be used instead
[openstudio.MeasureManager] <1> UUID of user measure at 'C:/Users/jrobert1/BCL/fc337100-8634-404e-8966-01243d292a79/c418b65d-aa8d-41c2-98b3-7ae3af82a788' conflicts with other measure, other measure will be used instead
[openstudio.MeasureManager] <1> UUID of user measure at 'C:/Users/jrobert1/BCL/e6642d40-7366-4647-8724-53a37991d579/662dc30c-678c-467d-a6be-15e075a3885b' conflicts with other measure, other measure will be used instead
[openstudio.MeasureManager] <1> UUID of user measure at 'C:/Users/jrobert1/BCL/fc337100-8634-404e-8966-01243d292a79/c418b65d-aa8d-41c2-98b3-7ae3af82a788' conflicts with other measure, other measure will be used instead
[openstudio.MeasureManager] <1> UUID of user measure at 'C:/Users/jrobert1/BCL/e6642d40-7366-4647-8724-53a37991d579/662dc30c-678c-467d-a6be-15e075a3885b' conflicts with other measure, other measure will be used instead
[openstudio.MeasureManager] <1> UUID of user measure at 'C:/Users/jrobert1/BCL/fc337100-8634-404e-8966-01243d292a79/c418b65d-aa8d-41c2-98b3-7ae3af82a788' conflicts with other measure, other measure will be used instead
[openstudio.completePathToFile] <-1> Path 'C:/Program Files (x86)/OpenStudio 1.4.0/*.osm' could not be resolved to an existing file. Returning an empty path.
[openstudio.completePathToFile] <-1> Path 'C:/Program Files (x86)/OpenStudio 1.4.0/*.osm' could not be resolved to an existing file. Returning an empty path.
