[openstudio.runmanager.RunManager] <-1> Time to load for uuid: {0dd568ad-53da-4b92-8ba0-3eccbd389c54} 0
[openstudio.runmanager.RunManager] <-1> Time to parse tools for uuid: {0dd568ad-53da-4b92-8ba0-3eccbd389c54} 0
[openstudio.runmanager.RunManager] <-1> Time to parse params for uuid: {0dd568ad-53da-4b92-8ba0-3eccbd389c54} 0
[openstudio.runmanager.RunManager] <-1> Time to parse files for uuid: {0dd568ad-53da-4b92-8ba0-3eccbd389c54} 0
[openstudio.runmanager.RunManager] <-1> Time to load for uuid: {36c0e79b-3adf-4fe8-a342-76598a711644} 0
[openstudio.runmanager.RunManager] <-1> Time to parse tools for uuid: {36c0e79b-3adf-4fe8-a342-76598a711644} 0
[openstudio.runmanager.RunManager] <-1> Time to parse params for uuid: {36c0e79b-3adf-4fe8-a342-76598a711644} 0
[openstudio.runmanager.RunManager] <-1> Time to parse files for uuid: {36c0e79b-3adf-4fe8-a342-76598a711644} 0
[openstudio.runmanager.RunManager] <-1> Time to load for uuid: {79488d3b-6400-48b9-bd4d-8fb81b44bc94} 0
[openstudio.runmanager.RunManager] <-1> Time to parse tools for uuid: {79488d3b-6400-48b9-bd4d-8fb81b44bc94} 0
[openstudio.runmanager.RunManager] <-2> Looking at path: C:/OS_BEopt_GitHub/OpenStudio-Beopt/pat slab/.idf
[openstudio.runmanager.RunManager] <-2> Looking at path: C:/OS_BEopt_GitHub/OpenStudio-Beopt/pat slab/.idf
[openstudio.runmanager.RunManager] <-2> Looking at path: C:/OS_BEopt_GitHub/OpenStudio-Beopt/pat slab/.osm
[openstudio.runmanager.RunManager] <-2> Looking at path: C:/OS_BEopt_GitHub/OpenStudio-Beopt/pat slab/Ruby
[openstudio.runmanager.RunManager] <-2> Looking at path: C:/OS_BEopt_GitHub/OpenStudio-Beopt/pat slab/OpenStudio 1.5.0/Ruby
[openstudio.runmanager.RunManager] <-2> Looking at path: C:/OS_BEopt_GitHub/OpenStudio-Beopt/pat slab/Program Files (x86)/OpenStudio 1.5.0/Ruby
[openstudio.runmanager.RunManager] <-2> Looking at path: C:/OS_BEopt_GitHub/OpenStudio-Beopt/pat slab/Program Files (x86)/OpenStudio 1.5.0/Ruby
[openstudio.runmanager.RunManager] <-2> Looking at path: C:/OS_BEopt_GitHub/OpenStudio-Beopt/pat slab/measure.rb
[openstudio.runmanager.RunManager] <-2> Looking at path: C:/OS_BEopt_GitHub/OpenStudio-Beopt/pat slab/ReportRequest/measure.rb
[openstudio.runmanager.RunManager] <-2> Looking at path: C:/OS_BEopt_GitHub/OpenStudio-Beopt/pat slab/scripts/ReportRequest/measure.rb
[openstudio.runmanager.RunManager] <-2> Looking at path: C:/OS_BEopt_GitHub/OpenStudio-Beopt/pat slab/measure.rb
[openstudio.runmanager.RunManager] <-2> Looking at path: C:/OS_BEopt_GitHub/OpenStudio-Beopt/pat slab/ReportRequest/measure.rb
[openstudio.runmanager.RunManager] <-2> Looking at path: C:/OS_BEopt_GitHub/OpenStudio-Beopt/pat slab/scripts/ReportRequest/measure.rb
[openstudio.runmanager.RunManager] <-2> Looking at path: C:/OS_BEopt_GitHub/OpenStudio-Beopt/pat slab/UserScriptAdapter.rb
[openstudio.runmanager.RunManager] <-2> Looking at path: C:/OS_BEopt_GitHub/OpenStudio-Beopt/pat slab/rubyscripts/UserScriptAdapter.rb
[openstudio.runmanager.RunManager] <-2> Looking at path: C:/OS_BEopt_GitHub/OpenStudio-Beopt/pat slab/runmanager/rubyscripts/UserScriptAdapter.rb
[openstudio.runmanager.RunManager] <-1> Time to parse params for uuid: {79488d3b-6400-48b9-bd4d-8fb81b44bc94} 2
[openstudio.runmanager.RunManager] <-2> Looking at path: C:/OS_BEopt_GitHub/OpenStudio-Beopt/pat slab/UserScriptAdapter.rb
[openstudio.runmanager.RunManager] <-2> Looking at path: C:/OS_BEopt_GitHub/OpenStudio-Beopt/pat slab/rubyscripts/UserScriptAdapter.rb
[openstudio.runmanager.RunManager] <-2> Looking at path: C:/OS_BEopt_GitHub/OpenStudio-Beopt/pat slab/runmanager/rubyscripts/UserScriptAdapter.rb
[openstudio.runmanager.RunManager] <-2> Looking at path: C:/OS_BEopt_GitHub/OpenStudio-Beopt/pat slab/measure.rb
[openstudio.runmanager.RunManager] <-2> Looking at path: C:/OS_BEopt_GitHub/OpenStudio-Beopt/pat slab/ReportRequest/measure.rb
[openstudio.runmanager.RunManager] <-2> Looking at path: C:/OS_BEopt_GitHub/OpenStudio-Beopt/pat slab/scripts/ReportRequest/measure.rb
[openstudio.runmanager.RunManager] <-1> Time to parse files for uuid: {79488d3b-6400-48b9-bd4d-8fb81b44bc94} 1
[openstudio.runmanager.RunManager] <-1> Time to load for uuid: {9e9598e3-e6c9-4c19-bad0-1aa304812c81} 0
[openstudio.runmanager.RunManager] <-1> Time to parse tools for uuid: {9e9598e3-e6c9-4c19-bad0-1aa304812c81} 0
[openstudio.runmanager.RunManager] <-1> Time to parse params for uuid: {9e9598e3-e6c9-4c19-bad0-1aa304812c81} 0
[openstudio.runmanager.RunManager] <-1> Time to parse files for uuid: {9e9598e3-e6c9-4c19-bad0-1aa304812c81} 0
[openstudio.runmanager.RunManager] <-1> Time to load for uuid: {a44fa95c-61ad-4a45-a41a-70edf2ec7d0c} 0
[openstudio.runmanager.RunManager] <-1> Time to parse tools for uuid: {a44fa95c-61ad-4a45-a41a-70edf2ec7d0c} 0
[openstudio.runmanager.RunManager] <-1> Time to parse params for uuid: {a44fa95c-61ad-4a45-a41a-70edf2ec7d0c} 0
[openstudio.runmanager.RunManager] <-1> Time to parse files for uuid: {a44fa95c-61ad-4a45-a41a-70edf2ec7d0c} 0
[openstudio.runmanager.RunManager] <-1> Time to load for uuid: {344d641e-e83f-4127-9f02-4452f0444a9f} 0
[openstudio.runmanager.RunManager] <-1> Time to parse tools for uuid: {344d641e-e83f-4127-9f02-4452f0444a9f} 0
[openstudio.runmanager.RunManager] <-2> Looking at path: C:/OS_BEopt_GitHub/OpenStudio-Beopt/pat slab/.idf
[openstudio.runmanager.RunManager] <-2> Looking at path: C:/OS_BEopt_GitHub/OpenStudio-Beopt/pat slab/.osm
[openstudio.runmanager.RunManager] <-2> Looking at path: C:/OS_BEopt_GitHub/OpenStudio-Beopt/pat slab/Ruby
[openstudio.runmanager.RunManager] <-2> Looking at path: C:/OS_BEopt_GitHub/OpenStudio-Beopt/pat slab/OpenStudio 1.4.0/Ruby
[openstudio.runmanager.RunManager] <-2> Looking at path: C:/OS_BEopt_GitHub/OpenStudio-Beopt/pat slab/Program Files (x86)/OpenStudio 1.4.0/Ruby
[openstudio.runmanager.RunManager] <-2> Looking at path: C:/OS_BEopt_GitHub/OpenStudio-Beopt/pat slab/Program Files (x86)/OpenStudio 1.4.0/Ruby
[openstudio.runmanager.RunManager] <-2> Looking at path: C:/OS_BEopt_GitHub/OpenStudio-Beopt/pat slab/measure.rb
[openstudio.runmanager.RunManager] <-2> Looking at path: C:/OS_BEopt_GitHub/OpenStudio-Beopt/pat slab/StandardReports/measure.rb
[openstudio.runmanager.RunManager] <-2> Looking at path: C:/OS_BEopt_GitHub/OpenStudio-Beopt/pat slab/scripts/StandardReports/measure.rb
[openstudio.runmanager.RunManager] <-2> Looking at path: C:/OS_BEopt_GitHub/OpenStudio-Beopt/pat slab/report.html.in
[openstudio.runmanager.RunManager] <-2> Looking at path: C:/OS_BEopt_GitHub/OpenStudio-Beopt/pat slab/resources/report.html.in
[openstudio.runmanager.RunManager] <-2> Looking at path: C:/OS_BEopt_GitHub/OpenStudio-Beopt/pat slab/StandardReports/resources/report.html.in
[openstudio.runmanager.RunManager] <-2> Looking at path: C:/OS_BEopt_GitHub/OpenStudio-Beopt/pat slab/scripts/StandardReports/resources/report.html.in
[openstudio.runmanager.RunManager] <-2> Looking at path: C:/OS_BEopt_GitHub/OpenStudio-Beopt/pat slab/report.html.in
[openstudio.runmanager.RunManager] <-2> Looking at path: C:/OS_BEopt_GitHub/OpenStudio-Beopt/pat slab/measure.rb
[openstudio.runmanager.RunManager] <-2> Looking at path: C:/OS_BEopt_GitHub/OpenStudio-Beopt/pat slab/StandardReports/measure.rb
[openstudio.runmanager.RunManager] <-2> Looking at path: C:/OS_BEopt_GitHub/OpenStudio-Beopt/pat slab/scripts/StandardReports/measure.rb
[openstudio.runmanager.RunManager] <-2> Looking at path: C:/OS_BEopt_GitHub/OpenStudio-Beopt/pat slab/UserScriptAdapter.rb
[openstudio.runmanager.RunManager] <-2> Looking at path: C:/OS_BEopt_GitHub/OpenStudio-Beopt/pat slab/rubyscripts/UserScriptAdapter.rb
[openstudio.runmanager.RunManager] <-2> Looking at path: C:/OS_BEopt_GitHub/OpenStudio-Beopt/pat slab/runmanager/rubyscripts/UserScriptAdapter.rb
[openstudio.runmanager.RunManager] <-2> Fixed up path from: C:/Program Files (x86)/OpenStudio 1.4.0/Ruby/openstudio/runmanager/rubyscripts/UserScriptAdapter.rb to C:/Program Files (x86)/OpenStudio 1.5.0/Ruby/openstudio/runmanager/rubyscripts/UserScriptAdapter.rb
[openstudio.runmanager.RunManager] <-1> Time to parse params for uuid: {344d641e-e83f-4127-9f02-4452f0444a9f} 2
[openstudio.runmanager.RunManager] <-2> Looking at path: C:/OS_BEopt_GitHub/OpenStudio-Beopt/pat slab/UserScriptAdapter.rb
[openstudio.runmanager.RunManager] <-2> Looking at path: C:/OS_BEopt_GitHub/OpenStudio-Beopt/pat slab/rubyscripts/UserScriptAdapter.rb
[openstudio.runmanager.RunManager] <-2> Looking at path: C:/OS_BEopt_GitHub/OpenStudio-Beopt/pat slab/runmanager/rubyscripts/UserScriptAdapter.rb
[openstudio.runmanager.RunManager] <-2> Looking at path: C:/OS_BEopt_GitHub/OpenStudio-Beopt/pat slab/measure.rb
[openstudio.runmanager.RunManager] <-2> Looking at path: C:/OS_BEopt_GitHub/OpenStudio-Beopt/pat slab/StandardReports/measure.rb
[openstudio.runmanager.RunManager] <-2> Looking at path: C:/OS_BEopt_GitHub/OpenStudio-Beopt/pat slab/scripts/StandardReports/measure.rb
[openstudio.runmanager.RunManager] <-2> Looking at path: C:/OS_BEopt_GitHub/OpenStudio-Beopt/pat slab/report.html.in
[openstudio.runmanager.RunManager] <-2> Looking at path: C:/OS_BEopt_GitHub/OpenStudio-Beopt/pat slab/resources/report.html.in
[openstudio.runmanager.RunManager] <-2> Looking at path: C:/OS_BEopt_GitHub/OpenStudio-Beopt/pat slab/StandardReports/resources/report.html.in
[openstudio.runmanager.RunManager] <-2> Looking at path: C:/OS_BEopt_GitHub/OpenStudio-Beopt/pat slab/scripts/StandardReports/resources/report.html.in
[openstudio.runmanager.RunManager] <-1> Time to parse files for uuid: {344d641e-e83f-4127-9f02-4452f0444a9f} 1
[openstudio.runmanager.RunManager] <-1> Time to load for uuid: {462e1d00-9c83-42a4-b00c-24a682aac80e} 0
[openstudio.runmanager.RunManager] <-1> Time to parse tools for uuid: {462e1d00-9c83-42a4-b00c-24a682aac80e} 0
[openstudio.runmanager.RunManager] <-1> Time to parse params for uuid: {462e1d00-9c83-42a4-b00c-24a682aac80e} 0
[openstudio.runmanager.RunManager] <-1> Time to parse files for uuid: {462e1d00-9c83-42a4-b00c-24a682aac80e} 0
[BOOST_ASSERT] <2> Assertion result failed on line 79 of __thiscall openstudio::ruleset::OSArgument::OSArgument(const class QUuid &,const class QUuid &,const class std::basic_string<char,struct std::char_traits<char>,class std::allocator<char> > &,const class std::basic_string<char,struct std::char_traits<char>,class std::allocator<char> > &,const class boost::optional<class std::basic_string<char,struct std::char_traits<char>,class std::allocator<char> > > &,const class openstudio::ruleset::OSArgumentType &,const class boost::optional<class std::basic_string<char,struct std::char_traits<char>,class std::allocator<char> > > &,bool,bool,const class boost::optional<class std::basic_string<char,struct std::char_traits<char>,class std::allocator<char> > > &,const class boost::optional<class std::basic_string<char,struct std::char_traits<char>,class std::allocator<char> > > &,const class openstudio::ruleset::OSDomainType &,class std::vector<class std::basic_string<char,struct std::char_traits<char>,class std::allocator<char> >,class std::allocator<class std::basic_string<char,struct std::char_traits<char>,class std::allocator<char> > > > &,const class std::vector<class std::basic_string<char,struct std::char_traits<char>,class std::allocator<char> >,class std::allocator<class std::basic_string<char,struct std::char_traits<char>,class std::allocator<char> > > > &,const class std::vector<class std::basic_string<char,struct std::char_traits<char>,class std::allocator<char> >,class std::allocator<class std::basic_string<char,struct std::char_traits<char>,class std::allocator<char> > > > &,bool,const class std::basic_string<char,struct std::char_traits<char>,class std::allocator<char> > &) in file C:\OpenStudio.1.5.0\openstudiocore\src\ruleset\OSArgument.cpp.
[BOOST_ASSERT] <2> Assertion result failed on line 79 of __thiscall openstudio::ruleset::OSArgument::OSArgument(const class QUuid &,const class QUuid &,const class std::basic_string<char,struct std::char_traits<char>,class std::allocator<char> > &,const class std::basic_string<char,struct std::char_traits<char>,class std::allocator<char> > &,const class boost::optional<class std::basic_string<char,struct std::char_traits<char>,class std::allocator<char> > > &,const class openstudio::ruleset::OSArgumentType &,const class boost::optional<class std::basic_string<char,struct std::char_traits<char>,class std::allocator<char> > > &,bool,bool,const class boost::optional<class std::basic_string<char,struct std::char_traits<char>,class std::allocator<char> > > &,const class boost::optional<class std::basic_string<char,struct std::char_traits<char>,class std::allocator<char> > > &,const class openstudio::ruleset::OSDomainType &,class std::vector<class std::basic_string<char,struct std::char_traits<char>,class std::allocator<char> >,class std::allocator<class std::basic_string<char,struct std::char_traits<char>,class std::allocator<char> > > > &,const class std::vector<class std::basic_string<char,struct std::char_traits<char>,class std::allocator<char> >,class std::allocator<class std::basic_string<char,struct std::char_traits<char>,class std::allocator<char> > > > &,const class std::vector<class std::basic_string<char,struct std::char_traits<char>,class std::allocator<char> >,class std::allocator<class std::basic_string<char,struct std::char_traits<char>,class std::allocator<char> > > > &,bool,const class std::basic_string<char,struct std::char_traits<char>,class std::allocator<char> > &) in file C:\OpenStudio.1.5.0\openstudiocore\src\ruleset\OSArgument.cpp.
[BOOST_ASSERT] <2> Assertion result failed on line 79 of __thiscall openstudio::ruleset::OSArgument::OSArgument(const class QUuid &,const class QUuid &,const class std::basic_string<char,struct std::char_traits<char>,class std::allocator<char> > &,const class std::basic_string<char,struct std::char_traits<char>,class std::allocator<char> > &,const class boost::optional<class std::basic_string<char,struct std::char_traits<char>,class std::allocator<char> > > &,const class openstudio::ruleset::OSArgumentType &,const class boost::optional<class std::basic_string<char,struct std::char_traits<char>,class std::allocator<char> > > &,bool,bool,const class boost::optional<class std::basic_string<char,struct std::char_traits<char>,class std::allocator<char> > > &,const class boost::optional<class std::basic_string<char,struct std::char_traits<char>,class std::allocator<char> > > &,const class openstudio::ruleset::OSDomainType &,class std::vector<class std::basic_string<char,struct std::char_traits<char>,class std::allocator<char> >,class std::allocator<class std::basic_string<char,struct std::char_traits<char>,class std::allocator<char> > > > &,const class std::vector<class std::basic_string<char,struct std::char_traits<char>,class std::allocator<char> >,class std::allocator<class std::basic_string<char,struct std::char_traits<char>,class std::allocator<char> > > > &,const class std::vector<class std::basic_string<char,struct std::char_traits<char>,class std::allocator<char> >,class std::allocator<class std::basic_string<char,struct std::char_traits<char>,class std::allocator<char> > > > &,bool,const class std::basic_string<char,struct std::char_traits<char>,class std::allocator<char> > &) in file C:\OpenStudio.1.5.0\openstudiocore\src\ruleset\OSArgument.cpp.
[BOOST_ASSERT] <2> Assertion result failed on line 79 of __thiscall openstudio::ruleset::OSArgument::OSArgument(const class QUuid &,const class QUuid &,const class std::basic_string<char,struct std::char_traits<char>,class std::allocator<char> > &,const class std::basic_string<char,struct std::char_traits<char>,class std::allocator<char> > &,const class boost::optional<class std::basic_string<char,struct std::char_traits<char>,class std::allocator<char> > > &,const class openstudio::ruleset::OSArgumentType &,const class boost::optional<class std::basic_string<char,struct std::char_traits<char>,class std::allocator<char> > > &,bool,bool,const class boost::optional<class std::basic_string<char,struct std::char_traits<char>,class std::allocator<char> > > &,const class boost::optional<class std::basic_string<char,struct std::char_traits<char>,class std::allocator<char> > > &,const class openstudio::ruleset::OSDomainType &,class std::vector<class std::basic_string<char,struct std::char_traits<char>,class std::allocator<char> >,class std::allocator<class std::basic_string<char,struct std::char_traits<char>,class std::allocator<char> > > > &,const class std::vector<class std::basic_string<char,struct std::char_traits<char>,class std::allocator<char> >,class std::allocator<class std::basic_string<char,struct std::char_traits<char>,class std::allocator<char> > > > &,const class std::vector<class std::basic_string<char,struct std::char_traits<char>,class std::allocator<char> >,class std::allocator<class std::basic_string<char,struct std::char_traits<char>,class std::allocator<char> > > > &,bool,const class std::basic_string<char,struct std::char_traits<char>,class std::allocator<char> > &) in file C:\OpenStudio.1.5.0\openstudiocore\src\ruleset\OSArgument.cpp.
[BOOST_ASSERT] <2> Assertion result failed on line 79 of __thiscall openstudio::ruleset::OSArgument::OSArgument(const class QUuid &,const class QUuid &,const class std::basic_string<char,struct std::char_traits<char>,class std::allocator<char> > &,const class std::basic_string<char,struct std::char_traits<char>,class std::allocator<char> > &,const class boost::optional<class std::basic_string<char,struct std::char_traits<char>,class std::allocator<char> > > &,const class openstudio::ruleset::OSArgumentType &,const class boost::optional<class std::basic_string<char,struct std::char_traits<char>,class std::allocator<char> > > &,bool,bool,const class boost::optional<class std::basic_string<char,struct std::char_traits<char>,class std::allocator<char> > > &,const class boost::optional<class std::basic_string<char,struct std::char_traits<char>,class std::allocator<char> > > &,const class openstudio::ruleset::OSDomainType &,class std::vector<class std::basic_string<char,struct std::char_traits<char>,class std::allocator<char> >,class std::allocator<class std::basic_string<char,struct std::char_traits<char>,class std::allocator<char> > > > &,const class std::vector<class std::basic_string<char,struct std::char_traits<char>,class std::allocator<char> >,class std::allocator<class std::basic_string<char,struct std::char_traits<char>,class std::allocator<char> > > > &,const class std::vector<class std::basic_string<char,struct std::char_traits<char>,class std::allocator<char> >,class std::allocator<class std::basic_string<char,struct std::char_traits<char>,class std::allocator<char> > > > &,bool,const class std::basic_string<char,struct std::char_traits<char>,class std::allocator<char> > &) in file C:\OpenStudio.1.5.0\openstudiocore\src\ruleset\OSArgument.cpp.
[openstudio.runmanager.RunManager] <-1> Time to load for uuid: {0dd568ad-53da-4b92-8ba0-3eccbd389c54} 0
[openstudio.runmanager.RunManager] <-1> Time to parse tools for uuid: {0dd568ad-53da-4b92-8ba0-3eccbd389c54} 0
[openstudio.runmanager.RunManager] <-1> Time to parse params for uuid: {0dd568ad-53da-4b92-8ba0-3eccbd389c54} 0
[openstudio.runmanager.RunManager] <-1> Time to parse files for uuid: {0dd568ad-53da-4b92-8ba0-3eccbd389c54} 0
[openstudio.runmanager.RunManager] <-1> Time to load for uuid: {36c0e79b-3adf-4fe8-a342-76598a711644} 0
[openstudio.runmanager.RunManager] <-1> Time to parse tools for uuid: {36c0e79b-3adf-4fe8-a342-76598a711644} 0
[openstudio.runmanager.RunManager] <-1> Time to parse params for uuid: {36c0e79b-3adf-4fe8-a342-76598a711644} 0
[openstudio.runmanager.RunManager] <-1> Time to parse files for uuid: {36c0e79b-3adf-4fe8-a342-76598a711644} 0
[openstudio.runmanager.RunManager] <-1> Time to load for uuid: {79488d3b-6400-48b9-bd4d-8fb81b44bc94} 0
[openstudio.runmanager.RunManager] <-1> Time to parse tools for uuid: {79488d3b-6400-48b9-bd4d-8fb81b44bc94} 0
[openstudio.runmanager.RunManager] <-2> Looking at path: C:/OS_BEopt_GitHub/OpenStudio-Beopt/pat slab/.idf
[openstudio.runmanager.RunManager] <-2> Looking at path: C:/OS_BEopt_GitHub/OpenStudio-Beopt/pat slab/.idf
[openstudio.runmanager.RunManager] <-2> Looking at path: C:/OS_BEopt_GitHub/OpenStudio-Beopt/pat slab/.osm
[openstudio.runmanager.RunManager] <-2> Looking at path: C:/OS_BEopt_GitHub/OpenStudio-Beopt/pat slab/Ruby
[openstudio.runmanager.RunManager] <-2> Looking at path: C:/OS_BEopt_GitHub/OpenStudio-Beopt/pat slab/OpenStudio 1.5.0/Ruby
[openstudio.runmanager.RunManager] <-2> Looking at path: C:/OS_BEopt_GitHub/OpenStudio-Beopt/pat slab/Program Files (x86)/OpenStudio 1.5.0/Ruby
[openstudio.runmanager.RunManager] <-2> Looking at path: C:/OS_BEopt_GitHub/OpenStudio-Beopt/pat slab/Program Files (x86)/OpenStudio 1.5.0/Ruby
[openstudio.runmanager.RunManager] <-2> Looking at path: C:/OS_BEopt_GitHub/OpenStudio-Beopt/pat slab/measure.rb
[openstudio.runmanager.RunManager] <-2> Looking at path: C:/OS_BEopt_GitHub/OpenStudio-Beopt/pat slab/ReportRequest/measure.rb
[openstudio.runmanager.RunManager] <-2> Looking at path: C:/OS_BEopt_GitHub/OpenStudio-Beopt/pat slab/scripts/ReportRequest/measure.rb
[openstudio.runmanager.RunManager] <-2> Looking at path: C:/OS_BEopt_GitHub/OpenStudio-Beopt/pat slab/measure.rb
[openstudio.runmanager.RunManager] <-2> Looking at path: C:/OS_BEopt_GitHub/OpenStudio-Beopt/pat slab/ReportRequest/measure.rb
[openstudio.runmanager.RunManager] <-2> Looking at path: C:/OS_BEopt_GitHub/OpenStudio-Beopt/pat slab/scripts/ReportRequest/measure.rb
[openstudio.runmanager.RunManager] <-2> Looking at path: C:/OS_BEopt_GitHub/OpenStudio-Beopt/pat slab/UserScriptAdapter.rb
[openstudio.runmanager.RunManager] <-2> Looking at path: C:/OS_BEopt_GitHub/OpenStudio-Beopt/pat slab/rubyscripts/UserScriptAdapter.rb
[openstudio.runmanager.RunManager] <-2> Looking at path: C:/OS_BEopt_GitHub/OpenStudio-Beopt/pat slab/runmanager/rubyscripts/UserScriptAdapter.rb
[openstudio.runmanager.RunManager] <-1> Time to parse params for uuid: {79488d3b-6400-48b9-bd4d-8fb81b44bc94} 2
[openstudio.runmanager.RunManager] <-2> Looking at path: C:/OS_BEopt_GitHub/OpenStudio-Beopt/pat slab/UserScriptAdapter.rb
[openstudio.runmanager.RunManager] <-2> Looking at path: C:/OS_BEopt_GitHub/OpenStudio-Beopt/pat slab/rubyscripts/UserScriptAdapter.rb
[openstudio.runmanager.RunManager] <-2> Looking at path: C:/OS_BEopt_GitHub/OpenStudio-Beopt/pat slab/runmanager/rubyscripts/UserScriptAdapter.rb
[openstudio.runmanager.RunManager] <-2> Looking at path: C:/OS_BEopt_GitHub/OpenStudio-Beopt/pat slab/measure.rb
[openstudio.runmanager.RunManager] <-2> Looking at path: C:/OS_BEopt_GitHub/OpenStudio-Beopt/pat slab/ReportRequest/measure.rb
[openstudio.runmanager.RunManager] <-2> Looking at path: C:/OS_BEopt_GitHub/OpenStudio-Beopt/pat slab/scripts/ReportRequest/measure.rb
[openstudio.runmanager.RunManager] <-1> Time to parse files for uuid: {79488d3b-6400-48b9-bd4d-8fb81b44bc94} 1
[openstudio.runmanager.RunManager] <-1> Time to load for uuid: {9e9598e3-e6c9-4c19-bad0-1aa304812c81} 0
[openstudio.runmanager.RunManager] <-1> Time to parse tools for uuid: {9e9598e3-e6c9-4c19-bad0-1aa304812c81} 0
[openstudio.runmanager.RunManager] <-1> Time to parse params for uuid: {9e9598e3-e6c9-4c19-bad0-1aa304812c81} 0
[openstudio.runmanager.RunManager] <-1> Time to parse files for uuid: {9e9598e3-e6c9-4c19-bad0-1aa304812c81} 0
[openstudio.runmanager.RunManager] <-1> Time to load for uuid: {a44fa95c-61ad-4a45-a41a-70edf2ec7d0c} 0
[openstudio.runmanager.RunManager] <-1> Time to parse tools for uuid: {a44fa95c-61ad-4a45-a41a-70edf2ec7d0c} 0
[openstudio.runmanager.RunManager] <-1> Time to parse params for uuid: {a44fa95c-61ad-4a45-a41a-70edf2ec7d0c} 0
[openstudio.runmanager.RunManager] <-1> Time to parse files for uuid: {a44fa95c-61ad-4a45-a41a-70edf2ec7d0c} 0
[openstudio.runmanager.RunManager] <-1> Time to load for uuid: {344d641e-e83f-4127-9f02-4452f0444a9f} 0
[openstudio.runmanager.RunManager] <-1> Time to parse tools for uuid: {344d641e-e83f-4127-9f02-4452f0444a9f} 0
[openstudio.runmanager.RunManager] <-2> Looking at path: C:/OS_BEopt_GitHub/OpenStudio-Beopt/pat slab/.idf
[openstudio.runmanager.RunManager] <-2> Looking at path: C:/OS_BEopt_GitHub/OpenStudio-Beopt/pat slab/.osm
[openstudio.runmanager.RunManager] <-2> Looking at path: C:/OS_BEopt_GitHub/OpenStudio-Beopt/pat slab/Ruby
[openstudio.runmanager.RunManager] <-2> Looking at path: C:/OS_BEopt_GitHub/OpenStudio-Beopt/pat slab/OpenStudio 1.4.0/Ruby
[openstudio.runmanager.RunManager] <-2> Looking at path: C:/OS_BEopt_GitHub/OpenStudio-Beopt/pat slab/Program Files (x86)/OpenStudio 1.4.0/Ruby
[openstudio.runmanager.RunManager] <-2> Looking at path: C:/OS_BEopt_GitHub/OpenStudio-Beopt/pat slab/Program Files (x86)/OpenStudio 1.4.0/Ruby
[openstudio.runmanager.RunManager] <-2> Looking at path: C:/OS_BEopt_GitHub/OpenStudio-Beopt/pat slab/measure.rb
[openstudio.runmanager.RunManager] <-2> Looking at path: C:/OS_BEopt_GitHub/OpenStudio-Beopt/pat slab/StandardReports/measure.rb
[openstudio.runmanager.RunManager] <-2> Looking at path: C:/OS_BEopt_GitHub/OpenStudio-Beopt/pat slab/scripts/StandardReports/measure.rb
[openstudio.runmanager.RunManager] <-2> Looking at path: C:/OS_BEopt_GitHub/OpenStudio-Beopt/pat slab/report.html.in
[openstudio.runmanager.RunManager] <-2> Looking at path: C:/OS_BEopt_GitHub/OpenStudio-Beopt/pat slab/resources/report.html.in
[openstudio.runmanager.RunManager] <-2> Looking at path: C:/OS_BEopt_GitHub/OpenStudio-Beopt/pat slab/StandardReports/resources/report.html.in
[openstudio.runmanager.RunManager] <-2> Looking at path: C:/OS_BEopt_GitHub/OpenStudio-Beopt/pat slab/scripts/StandardReports/resources/report.html.in
[openstudio.runmanager.RunManager] <-2> Looking at path: C:/OS_BEopt_GitHub/OpenStudio-Beopt/pat slab/report.html.in
[openstudio.runmanager.RunManager] <-2> Looking at path: C:/OS_BEopt_GitHub/OpenStudio-Beopt/pat slab/measure.rb
[openstudio.runmanager.RunManager] <-2> Looking at path: C:/OS_BEopt_GitHub/OpenStudio-Beopt/pat slab/StandardReports/measure.rb
[openstudio.runmanager.RunManager] <-2> Looking at path: C:/OS_BEopt_GitHub/OpenStudio-Beopt/pat slab/scripts/StandardReports/measure.rb
[openstudio.runmanager.RunManager] <-2> Looking at path: C:/OS_BEopt_GitHub/OpenStudio-Beopt/pat slab/UserScriptAdapter.rb
[openstudio.runmanager.RunManager] <-2> Looking at path: C:/OS_BEopt_GitHub/OpenStudio-Beopt/pat slab/rubyscripts/UserScriptAdapter.rb
[openstudio.runmanager.RunManager] <-2> Looking at path: C:/OS_BEopt_GitHub/OpenStudio-Beopt/pat slab/runmanager/rubyscripts/UserScriptAdapter.rb
[openstudio.runmanager.RunManager] <-2> Fixed up path from: C:/Program Files (x86)/OpenStudio 1.4.0/Ruby/openstudio/runmanager/rubyscripts/UserScriptAdapter.rb to C:/Program Files (x86)/OpenStudio 1.5.0/Ruby/openstudio/runmanager/rubyscripts/UserScriptAdapter.rb
[openstudio.runmanager.RunManager] <-1> Time to parse params for uuid: {344d641e-e83f-4127-9f02-4452f0444a9f} 2
[openstudio.runmanager.RunManager] <-2> Looking at path: C:/OS_BEopt_GitHub/OpenStudio-Beopt/pat slab/UserScriptAdapter.rb
[openstudio.runmanager.RunManager] <-2> Looking at path: C:/OS_BEopt_GitHub/OpenStudio-Beopt/pat slab/rubyscripts/UserScriptAdapter.rb
[openstudio.runmanager.RunManager] <-2> Looking at path: C:/OS_BEopt_GitHub/OpenStudio-Beopt/pat slab/runmanager/rubyscripts/UserScriptAdapter.rb
[openstudio.runmanager.RunManager] <-2> Looking at path: C:/OS_BEopt_GitHub/OpenStudio-Beopt/pat slab/measure.rb
[openstudio.runmanager.RunManager] <-2> Looking at path: C:/OS_BEopt_GitHub/OpenStudio-Beopt/pat slab/StandardReports/measure.rb
[openstudio.runmanager.RunManager] <-2> Looking at path: C:/OS_BEopt_GitHub/OpenStudio-Beopt/pat slab/scripts/StandardReports/measure.rb
[openstudio.runmanager.RunManager] <-2> Looking at path: C:/OS_BEopt_GitHub/OpenStudio-Beopt/pat slab/report.html.in
[openstudio.runmanager.RunManager] <-2> Looking at path: C:/OS_BEopt_GitHub/OpenStudio-Beopt/pat slab/resources/report.html.in
[openstudio.runmanager.RunManager] <-2> Looking at path: C:/OS_BEopt_GitHub/OpenStudio-Beopt/pat slab/StandardReports/resources/report.html.in
[openstudio.runmanager.RunManager] <-2> Looking at path: C:/OS_BEopt_GitHub/OpenStudio-Beopt/pat slab/scripts/StandardReports/resources/report.html.in
[openstudio.runmanager.RunManager] <-1> Time to parse files for uuid: {344d641e-e83f-4127-9f02-4452f0444a9f} 1
[openstudio.runmanager.RunManager] <-1> Time to load for uuid: {462e1d00-9c83-42a4-b00c-24a682aac80e} 0
[openstudio.runmanager.RunManager] <-1> Time to parse tools for uuid: {462e1d00-9c83-42a4-b00c-24a682aac80e} 0
[openstudio.runmanager.RunManager] <-1> Time to parse params for uuid: {462e1d00-9c83-42a4-b00c-24a682aac80e} 0
[openstudio.runmanager.RunManager] <-1> Time to parse files for uuid: {462e1d00-9c83-42a4-b00c-24a682aac80e} 0
[utilities.bcl.BCLMeasure] <-2> Loading measures in path: C:/Program Files (x86)/OpenStudio 1.5.0/share/openstudio-1.5.0/pat/Measures/
[utilities.bcl.BCLMeasure] <-2> Attempting to load measure: C:/Program Files (x86)/OpenStudio 1.5.0/share/openstudio-1.5.0/pat/Measures/CalibrationReports
[utilities.bcl.BCLMeasure] <-2> Success loading measure: C:/Program Files (x86)/OpenStudio 1.5.0/share/openstudio-1.5.0/pat/Measures/CalibrationReports
[utilities.bcl.BCLMeasure] <-2> Attempting to load measure: C:/Program Files (x86)/OpenStudio 1.5.0/share/openstudio-1.5.0/pat/Measures/ReplaceModel
[utilities.bcl.BCLMeasure] <-2> Success loading measure: C:/Program Files (x86)/OpenStudio 1.5.0/share/openstudio-1.5.0/pat/Measures/ReplaceModel
[utilities.bcl.BCLMeasure] <-2> Attempting to load measure: C:/Program Files (x86)/OpenStudio 1.5.0/share/openstudio-1.5.0/pat/Measures/ReportRequest
[utilities.bcl.BCLMeasure] <-2> Success loading measure: C:/Program Files (x86)/OpenStudio 1.5.0/share/openstudio-1.5.0/pat/Measures/ReportRequest
[utilities.bcl.BCLMeasure] <-2> Attempting to load measure: C:/Program Files (x86)/OpenStudio 1.5.0/share/openstudio-1.5.0/pat/Measures/StandardReports
[utilities.bcl.BCLMeasure] <-2> Success loading measure: C:/Program Files (x86)/OpenStudio 1.5.0/share/openstudio-1.5.0/pat/Measures/StandardReports
[utilities.bcl.BCLMeasure] <-2> Loading measures in path: C:/Users/jmaguire/OpenStudio/Measures
[utilities.bcl.BCLMeasure] <-2> Attempting to load measure: C:/Users/jmaguire/OpenStudio/Measures/.idea
[utilities.bcl.BCLXML] <2> 'C:/Users/jmaguire/OpenStudio/Measures/.idea/measure.xml' does not exist
[utilities.bcl.BCLMeasure] <2> 'C:/Users/jmaguire/OpenStudio/Measures/.idea' is not a measure
[utilities.bcl.BCLMeasure] <-2> Attempting to load measure: C:/Users/jmaguire/OpenStudio/Measures/AddBuildingAmericaBenchmarkOccupants
[utilities.bcl.BCLMeasure] <-2> Success loading measure: C:/Users/jmaguire/OpenStudio/Measures/AddBuildingAmericaBenchmarkOccupants
[utilities.bcl.BCLMeasure] <-2> Attempting to load measure: C:/Users/jmaguire/OpenStudio/Measures/AddDistributionTimerAndRecirc
[utilities.bcl.BCLMeasure] <-2> Success loading measure: C:/Users/jmaguire/OpenStudio/Measures/AddDistributionTimerAndRecirc
[utilities.bcl.BCLMeasure] <-2> Attempting to load measure: C:/Users/jmaguire/OpenStudio/Measures/AddOSWaterHeaterMixedStorageElectric
[utilities.bcl.BCLMeasure] <-2> Success loading measure: C:/Users/jmaguire/OpenStudio/Measures/AddOSWaterHeaterMixedStorageElectric
[utilities.bcl.BCLMeasure] <-2> Attempting to load measure: C:/Users/jmaguire/OpenStudio/Measures/AddOSWaterHeaterMixedStorageGas
[utilities.bcl.BCLMeasure] <-2> Success loading measure: C:/Users/jmaguire/OpenStudio/Measures/AddOSWaterHeaterMixedStorageGas
[utilities.bcl.BCLMeasure] <-2> Attempting to load measure: C:/Users/jmaguire/OpenStudio/Measures/AddOSWaterHeaterMixedStorageOil
[utilities.bcl.BCLMeasure] <-2> Success loading measure: C:/Users/jmaguire/OpenStudio/Measures/AddOSWaterHeaterMixedStorageOil
[utilities.bcl.BCLMeasure] <-2> Attempting to load measure: C:/Users/jmaguire/OpenStudio/Measures/AddOSWaterHeaterMixedTanklessElectric
[utilities.bcl.BCLMeasure] <-2> Success loading measure: C:/Users/jmaguire/OpenStudio/Measures/AddOSWaterHeaterMixedTanklessElectric
[utilities.bcl.BCLMeasure] <-2> Attempting to load measure: C:/Users/jmaguire/OpenStudio/Measures/AddOSWaterHeaterMixedTanklessGas
[utilities.bcl.BCLMeasure] <-2> Success loading measure: C:/Users/jmaguire/OpenStudio/Measures/AddOSWaterHeaterMixedTanklessGas
[utilities.bcl.BCLMeasure] <-2> Attempting to load measure: C:/Users/jmaguire/OpenStudio/Measures/AddResidentialDehumidifier
[utilities.bcl.BCLMeasure] <-2> Success loading measure: C:/Users/jmaguire/OpenStudio/Measures/AddResidentialDehumidifier
[utilities.bcl.BCLMeasure] <-2> Attempting to load measure: C:/Users/jmaguire/OpenStudio/Measures/AddResidentialRefrigerator
[utilities.bcl.BCLMeasure] <-2> Success loading measure: C:/Users/jmaguire/OpenStudio/Measures/AddResidentialRefrigerator
[utilities.bcl.BCLMeasure] <-2> Attempting to load measure: C:/Users/jmaguire/OpenStudio/Measures/ChangeAirCooledEvapFanMotortoECMSingleSpeedDX
[utilities.bcl.BCLMeasure] <-2> Success loading measure: C:/Users/jmaguire/OpenStudio/Measures/ChangeAirCooledEvapFanMotortoECMSingleSpeedDX
[utilities.bcl.BCLMeasure] <-2> Attempting to load measure: C:/Users/jmaguire/OpenStudio/Measures/ExportTimeSeriesDatatoCSV
[utilities.bcl.BCLMeasure] <-2> Success loading measure: C:/Users/jmaguire/OpenStudio/Measures/ExportTimeSeriesDatatoCSV
[utilities.bcl.BCLMeasure] <-2> Attempting to load measure: C:/Users/jmaguire/OpenStudio/Measures/ModifySiteWaterMainsTemperature
[utilities.bcl.BCLMeasure] <-2> Success loading measure: C:/Users/jmaguire/OpenStudio/Measures/ModifySiteWaterMainsTemperature
[utilities.bcl.BCLMeasure] <-2> Attempting to load measure: C:/Users/jmaguire/OpenStudio/Measures/ModifySiteWaterTemperature
[utilities.bcl.BCLXML] <2> 'C:/Users/jmaguire/OpenStudio/Measures/ModifySiteWaterTemperature/measure.xml' is not a correct BCL XML
[utilities.bcl.BCLMeasure] <2> 'C:/Users/jmaguire/OpenStudio/Measures/ModifySiteWaterTemperature' is not a measure
[utilities.bcl.BCLMeasure] <-2> Attempting to load measure: C:/Users/jmaguire/OpenStudio/Measures/NewMeasure
[utilities.bcl.BCLMeasure] <-2> Success loading measure: C:/Users/jmaguire/OpenStudio/Measures/NewMeasure
[utilities.bcl.BCLMeasure] <-2> Attempting to load measure: C:/Users/jmaguire/OpenStudio/Measures/ProcessAirflow
[utilities.bcl.BCLMeasure] <-2> Success loading measure: C:/Users/jmaguire/OpenStudio/Measures/ProcessAirflow
[utilities.bcl.BCLMeasure] <-2> Attempting to load measure: C:/Users/jmaguire/OpenStudio/Measures/ProcessAirSourceHeatPump
[utilities.bcl.BCLMeasure] <-2> Success loading measure: C:/Users/jmaguire/OpenStudio/Measures/ProcessAirSourceHeatPump
[utilities.bcl.BCLMeasure] <-2> Attempting to load measure: C:/Users/jmaguire/OpenStudio/Measures/ProcessCentralAirConditioner
[utilities.bcl.BCLMeasure] <-2> Success loading measure: C:/Users/jmaguire/OpenStudio/Measures/ProcessCentralAirConditioner
[utilities.bcl.BCLMeasure] <-2> Attempting to load measure: C:/Users/jmaguire/OpenStudio/Measures/ProcessConstructionsCrawlspace
[utilities.bcl.BCLMeasure] <-2> Success loading measure: C:/Users/jmaguire/OpenStudio/Measures/ProcessConstructionsCrawlspace
[utilities.bcl.BCLMeasure] <-2> Attempting to load measure: C:/Users/jmaguire/OpenStudio/Measures/ProcessConstructionsDoors
[utilities.bcl.BCLMeasure] <-2> Success loading measure: C:/Users/jmaguire/OpenStudio/Measures/ProcessConstructionsDoors
[utilities.bcl.BCLMeasure] <-2> Attempting to load measure: C:/Users/jmaguire/OpenStudio/Measures/ProcessConstructionsExteriorInsulatedWallsDoubleWoodStud
[utilities.bcl.BCLMeasure] <-2> Success loading measure: C:/Users/jmaguire/OpenStudio/Measures/ProcessConstructionsExteriorInsulatedWallsDoubleWoodStud
[utilities.bcl.BCLMeasure] <-2> Attempting to load measure: C:/Users/jmaguire/OpenStudio/Measures/ProcessConstructionsExteriorInsulatedWallsWoodStud
[utilities.bcl.BCLMeasure] <-2> Success loading measure: C:/Users/jmaguire/OpenStudio/Measures/ProcessConstructionsExteriorInsulatedWallsWoodStud
[utilities.bcl.BCLMeasure] <-2> Attempting to load measure: C:/Users/jmaguire/OpenStudio/Measures/ProcessConstructionsExteriorUninsulatedWalls
[utilities.bcl.BCLMeasure] <-2> Success loading measure: C:/Users/jmaguire/OpenStudio/Measures/ProcessConstructionsExteriorUninsulatedWalls
[utilities.bcl.BCLMeasure] <-2> Attempting to load measure: C:/Users/jmaguire/OpenStudio/Measures/ProcessConstructionsFinishedBasement
[utilities.bcl.BCLMeasure] <-2> Success loading measure: C:/Users/jmaguire/OpenStudio/Measures/ProcessConstructionsFinishedBasement
[utilities.bcl.BCLMeasure] <-2> Attempting to load measure: C:/Users/jmaguire/OpenStudio/Measures/ProcessConstructionsGarageRoof
[utilities.bcl.BCLMeasure] <-2> Success loading measure: C:/Users/jmaguire/OpenStudio/Measures/ProcessConstructionsGarageRoof
[utilities.bcl.BCLMeasure] <-2> Attempting to load measure: C:/Users/jmaguire/OpenStudio/Measures/ProcessConstructionsGarageSlab
[utilities.bcl.BCLMeasure] <-2> Success loading measure: C:/Users/jmaguire/OpenStudio/Measures/ProcessConstructionsGarageSlab
[utilities.bcl.BCLMeasure] <-2> Attempting to load measure: C:/Users/jmaguire/OpenStudio/Measures/ProcessConstructionsInsulatedRoof
[utilities.bcl.BCLMeasure] <-2> Success loading measure: C:/Users/jmaguire/OpenStudio/Measures/ProcessConstructionsInsulatedRoof
[utilities.bcl.BCLMeasure] <-2> Attempting to load measure: C:/Users/jmaguire/OpenStudio/Measures/ProcessConstructionsInteriorInsulatedFloors
[utilities.bcl.BCLMeasure] <-2> Success loading measure: C:/Users/jmaguire/OpenStudio/Measures/ProcessConstructionsInteriorInsulatedFloors
[utilities.bcl.BCLMeasure] <-2> Attempting to load measure: C:/Users/jmaguire/OpenStudio/Measures/ProcessConstructionsInteriorInsulatedWalls
[utilities.bcl.BCLMeasure] <-2> Success loading measure: C:/Users/jmaguire/OpenStudio/Measures/ProcessConstructionsInteriorInsulatedWalls
[utilities.bcl.BCLMeasure] <-2> Attempting to load measure: C:/Users/jmaguire/OpenStudio/Measures/ProcessConstructionsInteriorUninsulatedFloors
[utilities.bcl.BCLMeasure] <-2> Success loading measure: C:/Users/jmaguire/OpenStudio/Measures/ProcessConstructionsInteriorUninsulatedFloors
[utilities.bcl.BCLMeasure] <-2> Attempting to load measure: C:/Users/jmaguire/OpenStudio/Measures/ProcessConstructionsInteriorUninsulatedWalls
[utilities.bcl.BCLMeasure] <-2> Success loading measure: C:/Users/jmaguire/OpenStudio/Measures/ProcessConstructionsInteriorUninsulatedWalls
[utilities.bcl.BCLMeasure] <-2> Attempting to load measure: C:/Users/jmaguire/OpenStudio/Measures/ProcessConstructionsSlab
[utilities.bcl.BCLMeasure] <-2> Success loading measure: C:/Users/jmaguire/OpenStudio/Measures/ProcessConstructionsSlab
[utilities.bcl.BCLMeasure] <-2> Attempting to load measure: C:/Users/jmaguire/OpenStudio/Measures/ProcessConstructionsUnfinishedAttic
[utilities.bcl.BCLMeasure] <-2> Success loading measure: C:/Users/jmaguire/OpenStudio/Measures/ProcessConstructionsUnfinishedAttic
[utilities.bcl.BCLMeasure] <-2> Attempting to load measure: C:/Users/jmaguire/OpenStudio/Measures/ProcessConstructionsUnfinishedBasement
[utilities.bcl.BCLMeasure] <-2> Success loading measure: C:/Users/jmaguire/OpenStudio/Measures/ProcessConstructionsUnfinishedBasement
[utilities.bcl.BCLMeasure] <-2> Attempting to load measure: C:/Users/jmaguire/OpenStudio/Measures/ProcessConstructionsWindows
[utilities.bcl.BCLMeasure] <-2> Success loading measure: C:/Users/jmaguire/OpenStudio/Measures/ProcessConstructionsWindows
[utilities.bcl.BCLMeasure] <-2> Attempting to load measure: C:/Users/jmaguire/OpenStudio/Measures/ProcessElectricBaseboard
[utilities.bcl.BCLMeasure] <-2> Success loading measure: C:/Users/jmaguire/OpenStudio/Measures/ProcessElectricBaseboard
[utilities.bcl.BCLMeasure] <-2> Attempting to load measure: C:/Users/jmaguire/OpenStudio/Measures/ProcessFurnace
[utilities.bcl.BCLMeasure] <-2> Success loading measure: C:/Users/jmaguire/OpenStudio/Measures/ProcessFurnace
[utilities.bcl.BCLMeasure] <-2> Attempting to load measure: C:/Users/jmaguire/OpenStudio/Measures/ProcessHeatingandCoolingSeasons
[utilities.bcl.BCLMeasure] <-2> Success loading measure: C:/Users/jmaguire/OpenStudio/Measures/ProcessHeatingandCoolingSeasons
[utilities.bcl.BCLMeasure] <-2> Attempting to load measure: C:/Users/jmaguire/OpenStudio/Measures/ProcessHeatingandCoolingSetpoints
[utilities.bcl.BCLMeasure] <-2> Success loading measure: C:/Users/jmaguire/OpenStudio/Measures/ProcessHeatingandCoolingSetpoints
[utilities.bcl.BCLMeasure] <-2> Attempting to load measure: C:/Users/jmaguire/OpenStudio/Measures/ProcessSystemCrankcaseHeater
[utilities.bcl.BCLMeasure] <-2> Success loading measure: C:/Users/jmaguire/OpenStudio/Measures/ProcessSystemCrankcaseHeater
[utilities.bcl.BCLMeasure] <-2> Attempting to load measure: C:/Users/jmaguire/OpenStudio/Measures/ProcessThermalMassFurniture
[utilities.bcl.BCLMeasure] <-2> Success loading measure: C:/Users/jmaguire/OpenStudio/Measures/ProcessThermalMassFurniture
[utilities.bcl.BCLMeasure] <-2> Attempting to load measure: C:/Users/jmaguire/OpenStudio/Measures/ProcessThermalMassPartitionWall
[utilities.bcl.BCLMeasure] <-2> Success loading measure: C:/Users/jmaguire/OpenStudio/Measures/ProcessThermalMassPartitionWall
[utilities.bcl.BCLMeasure] <-2> Attempting to load measure: C:/Users/jmaguire/OpenStudio/Measures/ReplaceallAirLoopHVACwithASHRAEAppendixGSystem5
[utilities.bcl.BCLMeasure] <-2> Success loading measure: C:/Users/jmaguire/OpenStudio/Measures/ReplaceallAirLoopHVACwithASHRAEAppendixGSystem5
[utilities.bcl.BCLMeasure] <-2> Attempting to load measure: C:/Users/jmaguire/OpenStudio/Measures/ResidentialClothesWasherandDryer
[utilities.bcl.BCLMeasure] <-2> Success loading measure: C:/Users/jmaguire/OpenStudio/Measures/ResidentialClothesWasherandDryer
[utilities.bcl.BCLMeasure] <-2> Attempting to load measure: C:/Users/jmaguire/OpenStudio/Measures/ResidentialCookingRange
[utilities.bcl.BCLMeasure] <-2> Success loading measure: C:/Users/jmaguire/OpenStudio/Measures/ResidentialCookingRange
[utilities.bcl.BCLMeasure] <-2> Attempting to load measure: C:/Users/jmaguire/OpenStudio/Measures/ResidentialDishwasher
[utilities.bcl.BCLMeasure] <-2> Success loading measure: C:/Users/jmaguire/OpenStudio/Measures/ResidentialDishwasher
[utilities.bcl.BCLMeasure] <-2> Attempting to load measure: C:/Users/jmaguire/OpenStudio/Measures/ResidentialLighting
[utilities.bcl.BCLMeasure] <-2> Success loading measure: C:/Users/jmaguire/OpenStudio/Measures/ResidentialLighting
[utilities.bcl.BCLMeasure] <-2> Attempting to load measure: C:/Users/jmaguire/OpenStudio/Measures/ResidentialMiscellaneousElectricLoads
[utilities.bcl.BCLMeasure] <-2> Success loading measure: C:/Users/jmaguire/OpenStudio/Measures/ResidentialMiscellaneousElectricLoads
[utilities.bcl.BCLMeasure] <-2> Attempting to load measure: C:/Users/jmaguire/OpenStudio/Measures/ResidentialMiscellaneousGasLoads
[utilities.bcl.BCLMeasure] <-2> Success loading measure: C:/Users/jmaguire/OpenStudio/Measures/ResidentialMiscellaneousGasLoads
[utilities.bcl.BCLMeasure] <-2> Attempting to load measure: C:/Users/jmaguire/OpenStudio/Measures/resources
[utilities.bcl.BCLXML] <2> 'C:/Users/jmaguire/OpenStudio/Measures/resources/measure.xml' does not exist
[utilities.bcl.BCLMeasure] <2> 'C:/Users/jmaguire/OpenStudio/Measures/resources' is not a measure
[openstudio.osversion.VersionTranslator] <-2> Starting translation from Version 1.5.0.
[openstudio.osversion.VersionTranslator] <-2> Initial model has 193 objects.
[openstudio.osversion.VersionTranslator] <-2> Final model has 193 objects in IDF form.
[utilities.idf.Workspace] <-2> Workspace::isValid called.
[openstudio.osversion.VersionTranslator] <-2> Final model has 193 objects in Model form.
[openstudio.energyplus.ForwardTranslator] <1> No construction for either surface 'Surface 26', and 'Surface 31'
[openstudio.energyplus.ForwardTranslator] <1> No construction for either surface 'Surface 20', and 'Surface 4'
[openstudio.energyplus.ForwardTranslator] <1> No construction for either surface 'Surface 23', and 'Surface 22'
[openstudio.energyplus.ForwardTranslator] <1> No construction for either surface 'Surface 7', and 'Surface 16'
[openstudio.model.PlanarSurface] <-2> Before setVertices have 20 fields.
[openstudio.model.PlanarSurface] <-2> After clearExtensibleGroups in setVertices have 11 fields.
[openstudio.model.PlanarSurface] <-2> After setVertices have 20 fields.  Size of vertices is 3.
[openstudio.model.PlanarSurface] <-2> Before setVertices have 23 fields.
[openstudio.model.PlanarSurface] <-2> After clearExtensibleGroups in setVertices have 11 fields.
[openstudio.model.PlanarSurface] <-2> After setVertices have 23 fields.  Size of vertices is 4.
[openstudio.model.PlanarSurface] <-2> Before setVertices have 23 fields.
[openstudio.model.PlanarSurface] <-2> After clearExtensibleGroups in setVertices have 11 fields.
[openstudio.model.PlanarSurface] <-2> After setVertices have 23 fields.  Size of vertices is 4.
[openstudio.model.PlanarSurface] <-2> Before setVertices have 23 fields.
[openstudio.model.PlanarSurface] <-2> After clearExtensibleGroups in setVertices have 11 fields.
[openstudio.model.PlanarSurface] <-2> After setVertices have 23 fields.  Size of vertices is 4.
[openstudio.model.PlanarSurface] <-2> Before setVertices have 23 fields.
[openstudio.model.PlanarSurface] <-2> After clearExtensibleGroups in setVertices have 11 fields.
[openstudio.model.PlanarSurface] <-2> After setVertices have 23 fields.  Size of vertices is 4.
[openstudio.model.PlanarSurface] <-2> Before setVertices have 23 fields.
[openstudio.model.PlanarSurface] <-2> After clearExtensibleGroups in setVertices have 11 fields.
[openstudio.model.PlanarSurface] <-2> After setVertices have 23 fields.  Size of vertices is 4.
[openstudio.model.PlanarSurface] <-2> Before setVertices have 23 fields.
[openstudio.model.PlanarSurface] <-2> After clearExtensibleGroups in setVertices have 11 fields.
[openstudio.model.PlanarSurface] <-2> After setVertices have 23 fields.  Size of vertices is 4.
[openstudio.model.PlanarSurface] <-2> Before setVertices have 23 fields.
[openstudio.model.PlanarSurface] <-2> After clearExtensibleGroups in setVertices have 11 fields.
[openstudio.model.PlanarSurface] <-2> After setVertices have 23 fields.  Size of vertices is 4.
[openstudio.model.PlanarSurface] <-2> Before setVertices have 20 fields.
[openstudio.model.PlanarSurface] <-2> After clearExtensibleGroups in setVertices have 11 fields.
[openstudio.model.PlanarSurface] <-2> After setVertices have 20 fields.  Size of vertices is 3.
[openstudio.model.PlanarSurface] <-2> Before setVertices have 23 fields.
[openstudio.model.PlanarSurface] <-2> After clearExtensibleGroups in setVertices have 11 fields.
[openstudio.model.PlanarSurface] <-2> After setVertices have 23 fields.  Size of vertices is 4.
[openstudio.model.PlanarSurface] <-2> Before setVertices have 23 fields.
[openstudio.model.PlanarSurface] <-2> After clearExtensibleGroups in setVertices have 11 fields.
[openstudio.model.PlanarSurface] <-2> After setVertices have 23 fields.  Size of vertices is 4.
[openstudio.model.PlanarSurface] <-2> Before setVertices have 23 fields.
[openstudio.model.PlanarSurface] <-2> After clearExtensibleGroups in setVertices have 11 fields.
[openstudio.model.PlanarSurface] <-2> After setVertices have 23 fields.  Size of vertices is 4.
[openstudio.model.PlanarSurface] <-2> Before setVertices have 23 fields.
[openstudio.model.PlanarSurface] <-2> After clearExtensibleGroups in setVertices have 11 fields.
[openstudio.model.PlanarSurface] <-2> After setVertices have 23 fields.  Size of vertices is 4.
[openstudio.model.PlanarSurface] <-2> Before setVertices have 23 fields.
[openstudio.model.PlanarSurface] <-2> After clearExtensibleGroups in setVertices have 11 fields.
[openstudio.model.PlanarSurface] <-2> After setVertices have 23 fields.  Size of vertices is 4.
[openstudio.model.PlanarSurface] <-2> Before setVertices have 23 fields.
[openstudio.model.PlanarSurface] <-2> After clearExtensibleGroups in setVertices have 11 fields.
[openstudio.model.PlanarSurface] <-2> After setVertices have 23 fields.  Size of vertices is 4.
[openstudio.model.PlanarSurface] <-2> Before setVertices have 23 fields.
[openstudio.model.PlanarSurface] <-2> After clearExtensibleGroups in setVertices have 11 fields.
[openstudio.model.PlanarSurface] <-2> After setVertices have 23 fields.  Size of vertices is 4.
[openstudio.model.PlanarSurface] <-2> Before setVertices have 23 fields.
[openstudio.model.PlanarSurface] <-2> After clearExtensibleGroups in setVertices have 11 fields.
[openstudio.model.PlanarSurface] <-2> After setVertices have 23 fields.  Size of vertices is 4.
[openstudio.model.PlanarSurface] <-2> Before setVertices have 23 fields.
[openstudio.model.PlanarSurface] <-2> After clearExtensibleGroups in setVertices have 11 fields.
[openstudio.model.PlanarSurface] <-2> After setVertices have 23 fields.  Size of vertices is 4.
[openstudio.model.PlanarSurface] <-2> Before setVertices have 23 fields.
[openstudio.model.PlanarSurface] <-2> After clearExtensibleGroups in setVertices have 11 fields.
[openstudio.model.PlanarSurface] <-2> After setVertices have 23 fields.  Size of vertices is 4.
[openstudio.model.PlanarSurface] <-2> Before setVertices have 23 fields.
[openstudio.model.PlanarSurface] <-2> After clearExtensibleGroups in setVertices have 11 fields.
[openstudio.model.PlanarSurface] <-2> After setVertices have 23 fields.  Size of vertices is 4.
[openstudio.model.PlanarSurface] <-2> Before setVertices have 23 fields.
[openstudio.model.PlanarSurface] <-2> After clearExtensibleGroups in setVertices have 11 fields.
[openstudio.model.PlanarSurface] <-2> After setVertices have 23 fields.  Size of vertices is 4.
[openstudio.model.PlanarSurface] <-2> Before setVertices have 23 fields.
[openstudio.model.PlanarSurface] <-2> After clearExtensibleGroups in setVertices have 11 fields.
[openstudio.model.PlanarSurface] <-2> After setVertices have 23 fields.  Size of vertices is 4.
[openstudio.model.PlanarSurface] <-2> Before setVertices have 23 fields.
[openstudio.model.PlanarSurface] <-2> After clearExtensibleGroups in setVertices have 11 fields.
[openstudio.model.PlanarSurface] <-2> After setVertices have 23 fields.  Size of vertices is 4.
[openstudio.model.PlanarSurface] <-2> Before setVertices have 23 fields.
[openstudio.model.PlanarSurface] <-2> After clearExtensibleGroups in setVertices have 11 fields.
[openstudio.model.PlanarSurface] <-2> After setVertices have 23 fields.  Size of vertices is 4.
[openstudio.model.PlanarSurface] <-2> Before setVertices have 23 fields.
[openstudio.model.PlanarSurface] <-2> After clearExtensibleGroups in setVertices have 11 fields.
[openstudio.model.PlanarSurface] <-2> After setVertices have 23 fields.  Size of vertices is 4.
[openstudio.model.PlanarSurface] <-2> Before setVertices have 23 fields.
[openstudio.model.PlanarSurface] <-2> After clearExtensibleGroups in setVertices have 11 fields.
[openstudio.model.PlanarSurface] <-2> After setVertices have 23 fields.  Size of vertices is 4.
[openstudio.model.PlanarSurface] <-2> Before setVertices have 23 fields.
[openstudio.model.PlanarSurface] <-2> After clearExtensibleGroups in setVertices have 11 fields.
[openstudio.model.PlanarSurface] <-2> After setVertices have 23 fields.  Size of vertices is 4.
[openstudio.model.PlanarSurface] <-2> Before setVertices have 23 fields.
[openstudio.model.PlanarSurface] <-2> After clearExtensibleGroups in setVertices have 11 fields.
[openstudio.model.PlanarSurface] <-2> After setVertices have 23 fields.  Size of vertices is 4.
[openstudio.energyplus.ForwardTranslator] <0> Unknown IddObjectType: 'OS:ClimateZones'
[openstudio.energyplus.ForwardTranslator] <0> Unknown IddObjectType: 'OS:ClimateZones'
[openstudio.energyplus.ForwardTranslator] <-1> SpaceType attic spacetype has no children, it will not be translated
[openstudio.energyplus.ForwardTranslator] <-1> SpaceType garage spacetype has no children, it will not be translated
[openstudio.energyplus.ForwardTranslator] <-1> SpaceType living spacetype has no children, it will not be translated
[openstudio.runmanager.RunManager] <-1> Removing job: {c83b0c90-4e5f-42d9-8b91-19d7cdacbe6e}
[openstudio.runmanager.RunManager] <-1> Removing job: {8bdde1aa-1beb-456f-89b3-562ba74fee53}
[openstudio.runmanager.RunManager] <-1> Removing job: {1f677c38-8f95-4a1a-8cca-b6c7bf33fc51}
[openstudio.runmanager.RunManager] <-1> Removing job: {4d4ee33f-5d39-4e3b-9ae0-d7f4404e61e4}
[openstudio.runmanager.RunManager] <-1> Removing job: {c82a3e8d-519a-4be1-9ba8-6a94c621c185}
[openstudio.runmanager.RunManager] <-1> Removing job: {eadaabae-1a65-4ffb-ad21-e950ea0d3f88}
[openstudio.runmanager.RunManager] <-1> Removing job: {23d640c1-69c2-4eff-995e-517b14d2c7f2}
[openstudio.runmanager.RunManager] <-1> Removing job: {6f6fa99f-5dc4-45f7-83fd-5791945f83b1}
[openstudio.runmanager.RunManager] <-1> Removing job: {6aa9c153-73a4-410b-af53-4396b7ca8efa}
[openstudio.project.ProjectDatabase] <-1> DB Message: cannot start a transaction within a transaction Unable to begin transaction
[openstudio.runmanager.RunManager] <-1> Time to load for uuid: {0dd568ad-53da-4b92-8ba0-3eccbd389c54} 0
[openstudio.runmanager.RunManager] <-1> Time to parse tools for uuid: {0dd568ad-53da-4b92-8ba0-3eccbd389c54} 0
[openstudio.runmanager.RunManager] <-1> Time to parse params for uuid: {0dd568ad-53da-4b92-8ba0-3eccbd389c54} 0
[openstudio.runmanager.RunManager] <-1> Time to parse files for uuid: {0dd568ad-53da-4b92-8ba0-3eccbd389c54} 0
[openstudio.runmanager.RunManager] <-1> Time to load for uuid: {36c0e79b-3adf-4fe8-a342-76598a711644} 0
[openstudio.runmanager.RunManager] <-1> Time to parse tools for uuid: {36c0e79b-3adf-4fe8-a342-76598a711644} 0
[openstudio.runmanager.RunManager] <-1> Time to parse params for uuid: {36c0e79b-3adf-4fe8-a342-76598a711644} 0
[openstudio.runmanager.RunManager] <-1> Time to parse files for uuid: {36c0e79b-3adf-4fe8-a342-76598a711644} 0
[openstudio.runmanager.RunManager] <-1> Time to load for uuid: {79488d3b-6400-48b9-bd4d-8fb81b44bc94} 0
[openstudio.runmanager.RunManager] <-1> Time to parse tools for uuid: {79488d3b-6400-48b9-bd4d-8fb81b44bc94} 0
[openstudio.runmanager.RunManager] <-2> Looking at path: C:/OS_BEopt_GitHub/OpenStudio-Beopt/pat slab/.idf
[openstudio.runmanager.RunManager] <-2> Looking at path: C:/OS_BEopt_GitHub/OpenStudio-Beopt/pat slab/.idf
[openstudio.runmanager.RunManager] <-2> Looking at path: C:/OS_BEopt_GitHub/OpenStudio-Beopt/pat slab/.osm
[openstudio.runmanager.RunManager] <-2> Looking at path: C:/OS_BEopt_GitHub/OpenStudio-Beopt/pat slab/Ruby
[openstudio.runmanager.RunManager] <-2> Looking at path: C:/OS_BEopt_GitHub/OpenStudio-Beopt/pat slab/OpenStudio 1.5.0/Ruby
[openstudio.runmanager.RunManager] <-2> Looking at path: C:/OS_BEopt_GitHub/OpenStudio-Beopt/pat slab/Program Files (x86)/OpenStudio 1.5.0/Ruby
[openstudio.runmanager.RunManager] <-2> Looking at path: C:/OS_BEopt_GitHub/OpenStudio-Beopt/pat slab/Program Files (x86)/OpenStudio 1.5.0/Ruby
[openstudio.runmanager.RunManager] <-2> Looking at path: C:/OS_BEopt_GitHub/OpenStudio-Beopt/pat slab/measure.rb
[openstudio.runmanager.RunManager] <-2> Looking at path: C:/OS_BEopt_GitHub/OpenStudio-Beopt/pat slab/ReportRequest/measure.rb
[openstudio.runmanager.RunManager] <-2> Looking at path: C:/OS_BEopt_GitHub/OpenStudio-Beopt/pat slab/scripts/ReportRequest/measure.rb
[openstudio.runmanager.RunManager] <-2> Looking at path: C:/OS_BEopt_GitHub/OpenStudio-Beopt/pat slab/measure.rb
[openstudio.runmanager.RunManager] <-2> Looking at path: C:/OS_BEopt_GitHub/OpenStudio-Beopt/pat slab/ReportRequest/measure.rb
[openstudio.runmanager.RunManager] <-2> Looking at path: C:/OS_BEopt_GitHub/OpenStudio-Beopt/pat slab/scripts/ReportRequest/measure.rb
[openstudio.runmanager.RunManager] <-2> Looking at path: C:/OS_BEopt_GitHub/OpenStudio-Beopt/pat slab/UserScriptAdapter.rb
[openstudio.runmanager.RunManager] <-2> Looking at path: C:/OS_BEopt_GitHub/OpenStudio-Beopt/pat slab/rubyscripts/UserScriptAdapter.rb
[openstudio.runmanager.RunManager] <-2> Looking at path: C:/OS_BEopt_GitHub/OpenStudio-Beopt/pat slab/runmanager/rubyscripts/UserScriptAdapter.rb
[openstudio.runmanager.RunManager] <-1> Time to parse params for uuid: {79488d3b-6400-48b9-bd4d-8fb81b44bc94} 4
[openstudio.runmanager.RunManager] <-2> Looking at path: C:/OS_BEopt_GitHub/OpenStudio-Beopt/pat slab/UserScriptAdapter.rb
[openstudio.runmanager.RunManager] <-2> Looking at path: C:/OS_BEopt_GitHub/OpenStudio-Beopt/pat slab/rubyscripts/UserScriptAdapter.rb
[openstudio.runmanager.RunManager] <-2> Looking at path: C:/OS_BEopt_GitHub/OpenStudio-Beopt/pat slab/runmanager/rubyscripts/UserScriptAdapter.rb
[openstudio.runmanager.RunManager] <-2> Looking at path: C:/OS_BEopt_GitHub/OpenStudio-Beopt/pat slab/measure.rb
[openstudio.runmanager.RunManager] <-2> Looking at path: C:/OS_BEopt_GitHub/OpenStudio-Beopt/pat slab/ReportRequest/measure.rb
[openstudio.runmanager.RunManager] <-2> Looking at path: C:/OS_BEopt_GitHub/OpenStudio-Beopt/pat slab/scripts/ReportRequest/measure.rb
[openstudio.runmanager.RunManager] <-1> Time to parse files for uuid: {79488d3b-6400-48b9-bd4d-8fb81b44bc94} 1
[openstudio.runmanager.RunManager] <-1> Time to load for uuid: {9e9598e3-e6c9-4c19-bad0-1aa304812c81} 0
[openstudio.runmanager.RunManager] <-1> Time to parse tools for uuid: {9e9598e3-e6c9-4c19-bad0-1aa304812c81} 0
[openstudio.runmanager.RunManager] <-1> Time to parse params for uuid: {9e9598e3-e6c9-4c19-bad0-1aa304812c81} 0
[openstudio.runmanager.RunManager] <-1> Time to parse files for uuid: {9e9598e3-e6c9-4c19-bad0-1aa304812c81} 0
[openstudio.runmanager.RunManager] <-1> Time to load for uuid: {a44fa95c-61ad-4a45-a41a-70edf2ec7d0c} 0
[openstudio.runmanager.RunManager] <-1> Time to parse tools for uuid: {a44fa95c-61ad-4a45-a41a-70edf2ec7d0c} 0
[openstudio.runmanager.RunManager] <-1> Time to parse params for uuid: {a44fa95c-61ad-4a45-a41a-70edf2ec7d0c} 0
[openstudio.runmanager.RunManager] <-1> Time to parse files for uuid: {a44fa95c-61ad-4a45-a41a-70edf2ec7d0c} 0
[openstudio.runmanager.RunManager] <-1> Time to load for uuid: {344d641e-e83f-4127-9f02-4452f0444a9f} 0
[openstudio.runmanager.RunManager] <-1> Time to parse tools for uuid: {344d641e-e83f-4127-9f02-4452f0444a9f} 0
[openstudio.runmanager.RunManager] <-2> Looking at path: C:/OS_BEopt_GitHub/OpenStudio-Beopt/pat slab/.idf
[openstudio.runmanager.RunManager] <-2> Looking at path: C:/OS_BEopt_GitHub/OpenStudio-Beopt/pat slab/.osm
[openstudio.runmanager.RunManager] <-2> Looking at path: C:/OS_BEopt_GitHub/OpenStudio-Beopt/pat slab/Ruby
[openstudio.runmanager.RunManager] <-2> Looking at path: C:/OS_BEopt_GitHub/OpenStudio-Beopt/pat slab/OpenStudio 1.4.0/Ruby
[openstudio.runmanager.RunManager] <-2> Looking at path: C:/OS_BEopt_GitHub/OpenStudio-Beopt/pat slab/Program Files (x86)/OpenStudio 1.4.0/Ruby
[openstudio.runmanager.RunManager] <-2> Looking at path: C:/OS_BEopt_GitHub/OpenStudio-Beopt/pat slab/Program Files (x86)/OpenStudio 1.4.0/Ruby
[openstudio.runmanager.RunManager] <-2> Looking at path: C:/OS_BEopt_GitHub/OpenStudio-Beopt/pat slab/measure.rb
[openstudio.runmanager.RunManager] <-2> Looking at path: C:/OS_BEopt_GitHub/OpenStudio-Beopt/pat slab/StandardReports/measure.rb
[openstudio.runmanager.RunManager] <-2> Looking at path: C:/OS_BEopt_GitHub/OpenStudio-Beopt/pat slab/scripts/StandardReports/measure.rb
[openstudio.runmanager.RunManager] <-2> Looking at path: C:/OS_BEopt_GitHub/OpenStudio-Beopt/pat slab/report.html.in
[openstudio.runmanager.RunManager] <-2> Looking at path: C:/OS_BEopt_GitHub/OpenStudio-Beopt/pat slab/resources/report.html.in
[openstudio.runmanager.RunManager] <-2> Looking at path: C:/OS_BEopt_GitHub/OpenStudio-Beopt/pat slab/StandardReports/resources/report.html.in
[openstudio.runmanager.RunManager] <-2> Looking at path: C:/OS_BEopt_GitHub/OpenStudio-Beopt/pat slab/scripts/StandardReports/resources/report.html.in
[openstudio.runmanager.RunManager] <-2> Looking at path: C:/OS_BEopt_GitHub/OpenStudio-Beopt/pat slab/report.html.in
[openstudio.runmanager.RunManager] <-2> Looking at path: C:/OS_BEopt_GitHub/OpenStudio-Beopt/pat slab/measure.rb
[openstudio.runmanager.RunManager] <-2> Looking at path: C:/OS_BEopt_GitHub/OpenStudio-Beopt/pat slab/StandardReports/measure.rb
[openstudio.runmanager.RunManager] <-2> Looking at path: C:/OS_BEopt_GitHub/OpenStudio-Beopt/pat slab/scripts/StandardReports/measure.rb
[openstudio.runmanager.RunManager] <-2> Looking at path: C:/OS_BEopt_GitHub/OpenStudio-Beopt/pat slab/UserScriptAdapter.rb
[openstudio.runmanager.RunManager] <-2> Looking at path: C:/OS_BEopt_GitHub/OpenStudio-Beopt/pat slab/rubyscripts/UserScriptAdapter.rb
[openstudio.runmanager.RunManager] <-2> Looking at path: C:/OS_BEopt_GitHub/OpenStudio-Beopt/pat slab/runmanager/rubyscripts/UserScriptAdapter.rb
[openstudio.runmanager.RunManager] <-2> Fixed up path from: C:/Program Files (x86)/OpenStudio 1.4.0/Ruby/openstudio/runmanager/rubyscripts/UserScriptAdapter.rb to C:/Program Files (x86)/OpenStudio 1.5.0/Ruby/openstudio/runmanager/rubyscripts/UserScriptAdapter.rb
[openstudio.runmanager.RunManager] <-1> Time to parse params for uuid: {344d641e-e83f-4127-9f02-4452f0444a9f} 5
[openstudio.runmanager.RunManager] <-2> Looking at path: C:/OS_BEopt_GitHub/OpenStudio-Beopt/pat slab/UserScriptAdapter.rb
[openstudio.runmanager.RunManager] <-2> Looking at path: C:/OS_BEopt_GitHub/OpenStudio-Beopt/pat slab/rubyscripts/UserScriptAdapter.rb
[openstudio.runmanager.RunManager] <-2> Looking at path: C:/OS_BEopt_GitHub/OpenStudio-Beopt/pat slab/runmanager/rubyscripts/UserScriptAdapter.rb
[openstudio.runmanager.RunManager] <-2> Looking at path: C:/OS_BEopt_GitHub/OpenStudio-Beopt/pat slab/measure.rb
[openstudio.runmanager.RunManager] <-2> Looking at path: C:/OS_BEopt_GitHub/OpenStudio-Beopt/pat slab/StandardReports/measure.rb
[openstudio.runmanager.RunManager] <-2> Looking at path: C:/OS_BEopt_GitHub/OpenStudio-Beopt/pat slab/scripts/StandardReports/measure.rb
[openstudio.runmanager.RunManager] <-2> Looking at path: C:/OS_BEopt_GitHub/OpenStudio-Beopt/pat slab/report.html.in
[openstudio.runmanager.RunManager] <-2> Looking at path: C:/OS_BEopt_GitHub/OpenStudio-Beopt/pat slab/resources/report.html.in
[openstudio.runmanager.RunManager] <-2> Looking at path: C:/OS_BEopt_GitHub/OpenStudio-Beopt/pat slab/StandardReports/resources/report.html.in
[openstudio.runmanager.RunManager] <-2> Looking at path: C:/OS_BEopt_GitHub/OpenStudio-Beopt/pat slab/scripts/StandardReports/resources/report.html.in
[openstudio.runmanager.RunManager] <-1> Time to parse files for uuid: {344d641e-e83f-4127-9f02-4452f0444a9f} 2
[openstudio.runmanager.RunManager] <-1> Time to load for uuid: {462e1d00-9c83-42a4-b00c-24a682aac80e} 0
[openstudio.runmanager.RunManager] <-1> Time to parse tools for uuid: {462e1d00-9c83-42a4-b00c-24a682aac80e} 0
[openstudio.runmanager.RunManager] <-1> Time to parse params for uuid: {462e1d00-9c83-42a4-b00c-24a682aac80e} 0
[openstudio.runmanager.RunManager] <-1> Time to parse files for uuid: {462e1d00-9c83-42a4-b00c-24a682aac80e} 0
[openstudio.runmanager.RunManager] <-1> Time to load for uuid: {0dd568ad-53da-4b92-8ba0-3eccbd389c54} 0
[openstudio.runmanager.RunManager] <-1> Time to parse tools for uuid: {0dd568ad-53da-4b92-8ba0-3eccbd389c54} 0
[openstudio.runmanager.RunManager] <-1> Time to parse params for uuid: {0dd568ad-53da-4b92-8ba0-3eccbd389c54} 0
[openstudio.runmanager.RunManager] <-1> Time to parse files for uuid: {0dd568ad-53da-4b92-8ba0-3eccbd389c54} 0
[openstudio.runmanager.RunManager] <-1> Time to load for uuid: {36c0e79b-3adf-4fe8-a342-76598a711644} 0
[openstudio.runmanager.RunManager] <-1> Time to parse tools for uuid: {36c0e79b-3adf-4fe8-a342-76598a711644} 0
[openstudio.runmanager.RunManager] <-1> Time to parse params for uuid: {36c0e79b-3adf-4fe8-a342-76598a711644} 0
[openstudio.runmanager.RunManager] <-1> Time to parse files for uuid: {36c0e79b-3adf-4fe8-a342-76598a711644} 0
[openstudio.runmanager.RunManager] <-1> Time to load for uuid: {79488d3b-6400-48b9-bd4d-8fb81b44bc94} 0
[openstudio.runmanager.RunManager] <-1> Time to parse tools for uuid: {79488d3b-6400-48b9-bd4d-8fb81b44bc94} 0
[openstudio.runmanager.RunManager] <-2> Looking at path: C:/OS_BEopt_GitHub/OpenStudio-Beopt/pat slab/.idf
[openstudio.runmanager.RunManager] <-2> Looking at path: C:/OS_BEopt_GitHub/OpenStudio-Beopt/pat slab/.idf
[openstudio.runmanager.RunManager] <-2> Looking at path: C:/OS_BEopt_GitHub/OpenStudio-Beopt/pat slab/.osm
[openstudio.runmanager.RunManager] <-2> Looking at path: C:/OS_BEopt_GitHub/OpenStudio-Beopt/pat slab/Ruby
[openstudio.runmanager.RunManager] <-2> Looking at path: C:/OS_BEopt_GitHub/OpenStudio-Beopt/pat slab/OpenStudio 1.5.0/Ruby
[openstudio.runmanager.RunManager] <-2> Looking at path: C:/OS_BEopt_GitHub/OpenStudio-Beopt/pat slab/Program Files (x86)/OpenStudio 1.5.0/Ruby
[openstudio.runmanager.RunManager] <-2> Looking at path: C:/OS_BEopt_GitHub/OpenStudio-Beopt/pat slab/Program Files (x86)/OpenStudio 1.5.0/Ruby
[openstudio.runmanager.RunManager] <-2> Looking at path: C:/OS_BEopt_GitHub/OpenStudio-Beopt/pat slab/measure.rb
[openstudio.runmanager.RunManager] <-2> Looking at path: C:/OS_BEopt_GitHub/OpenStudio-Beopt/pat slab/ReportRequest/measure.rb
[openstudio.runmanager.RunManager] <-2> Looking at path: C:/OS_BEopt_GitHub/OpenStudio-Beopt/pat slab/scripts/ReportRequest/measure.rb
[openstudio.runmanager.RunManager] <-2> Looking at path: C:/OS_BEopt_GitHub/OpenStudio-Beopt/pat slab/measure.rb
[openstudio.runmanager.RunManager] <-2> Looking at path: C:/OS_BEopt_GitHub/OpenStudio-Beopt/pat slab/ReportRequest/measure.rb
[openstudio.runmanager.RunManager] <-2> Looking at path: C:/OS_BEopt_GitHub/OpenStudio-Beopt/pat slab/scripts/ReportRequest/measure.rb
[openstudio.runmanager.RunManager] <-2> Looking at path: C:/OS_BEopt_GitHub/OpenStudio-Beopt/pat slab/UserScriptAdapter.rb
[openstudio.runmanager.RunManager] <-2> Looking at path: C:/OS_BEopt_GitHub/OpenStudio-Beopt/pat slab/rubyscripts/UserScriptAdapter.rb
[openstudio.runmanager.RunManager] <-2> Looking at path: C:/OS_BEopt_GitHub/OpenStudio-Beopt/pat slab/runmanager/rubyscripts/UserScriptAdapter.rb
[openstudio.runmanager.RunManager] <-1> Time to parse params for uuid: {79488d3b-6400-48b9-bd4d-8fb81b44bc94} 4
[openstudio.runmanager.RunManager] <-2> Looking at path: C:/OS_BEopt_GitHub/OpenStudio-Beopt/pat slab/UserScriptAdapter.rb
[openstudio.runmanager.RunManager] <-2> Looking at path: C:/OS_BEopt_GitHub/OpenStudio-Beopt/pat slab/rubyscripts/UserScriptAdapter.rb
[openstudio.runmanager.RunManager] <-2> Looking at path: C:/OS_BEopt_GitHub/OpenStudio-Beopt/pat slab/runmanager/rubyscripts/UserScriptAdapter.rb
[openstudio.runmanager.RunManager] <-2> Looking at path: C:/OS_BEopt_GitHub/OpenStudio-Beopt/pat slab/measure.rb
[openstudio.runmanager.RunManager] <-2> Looking at path: C:/OS_BEopt_GitHub/OpenStudio-Beopt/pat slab/ReportRequest/measure.rb
[openstudio.runmanager.RunManager] <-2> Looking at path: C:/OS_BEopt_GitHub/OpenStudio-Beopt/pat slab/scripts/ReportRequest/measure.rb
[openstudio.runmanager.RunManager] <-1> Time to parse files for uuid: {79488d3b-6400-48b9-bd4d-8fb81b44bc94} 1
[openstudio.runmanager.RunManager] <-1> Time to load for uuid: {9e9598e3-e6c9-4c19-bad0-1aa304812c81} 0
[openstudio.runmanager.RunManager] <-1> Time to parse tools for uuid: {9e9598e3-e6c9-4c19-bad0-1aa304812c81} 0
[openstudio.runmanager.RunManager] <-1> Time to parse params for uuid: {9e9598e3-e6c9-4c19-bad0-1aa304812c81} 0
[openstudio.runmanager.RunManager] <-1> Time to parse files for uuid: {9e9598e3-e6c9-4c19-bad0-1aa304812c81} 0
[openstudio.runmanager.RunManager] <-1> Time to load for uuid: {a44fa95c-61ad-4a45-a41a-70edf2ec7d0c} 0
[openstudio.runmanager.RunManager] <-1> Time to parse tools for uuid: {a44fa95c-61ad-4a45-a41a-70edf2ec7d0c} 0
[openstudio.runmanager.RunManager] <-1> Time to parse params for uuid: {a44fa95c-61ad-4a45-a41a-70edf2ec7d0c} 0
[openstudio.runmanager.RunManager] <-1> Time to parse files for uuid: {a44fa95c-61ad-4a45-a41a-70edf2ec7d0c} 0
[openstudio.runmanager.RunManager] <-1> Time to load for uuid: {344d641e-e83f-4127-9f02-4452f0444a9f} 0
[openstudio.runmanager.RunManager] <-1> Time to parse tools for uuid: {344d641e-e83f-4127-9f02-4452f0444a9f} 0
[openstudio.runmanager.RunManager] <-2> Looking at path: C:/OS_BEopt_GitHub/OpenStudio-Beopt/pat slab/.idf
[openstudio.runmanager.RunManager] <-2> Looking at path: C:/OS_BEopt_GitHub/OpenStudio-Beopt/pat slab/.osm
[openstudio.runmanager.RunManager] <-2> Looking at path: C:/OS_BEopt_GitHub/OpenStudio-Beopt/pat slab/Ruby
[openstudio.runmanager.RunManager] <-2> Looking at path: C:/OS_BEopt_GitHub/OpenStudio-Beopt/pat slab/OpenStudio 1.4.0/Ruby
[openstudio.runmanager.RunManager] <-2> Looking at path: C:/OS_BEopt_GitHub/OpenStudio-Beopt/pat slab/Program Files (x86)/OpenStudio 1.4.0/Ruby
[openstudio.runmanager.RunManager] <-2> Looking at path: C:/OS_BEopt_GitHub/OpenStudio-Beopt/pat slab/Program Files (x86)/OpenStudio 1.4.0/Ruby
[openstudio.runmanager.RunManager] <-2> Looking at path: C:/OS_BEopt_GitHub/OpenStudio-Beopt/pat slab/measure.rb
[openstudio.runmanager.RunManager] <-2> Looking at path: C:/OS_BEopt_GitHub/OpenStudio-Beopt/pat slab/StandardReports/measure.rb
[openstudio.runmanager.RunManager] <-2> Looking at path: C:/OS_BEopt_GitHub/OpenStudio-Beopt/pat slab/scripts/StandardReports/measure.rb
[openstudio.runmanager.RunManager] <-2> Looking at path: C:/OS_BEopt_GitHub/OpenStudio-Beopt/pat slab/report.html.in
[openstudio.runmanager.RunManager] <-2> Looking at path: C:/OS_BEopt_GitHub/OpenStudio-Beopt/pat slab/resources/report.html.in
[openstudio.runmanager.RunManager] <-2> Looking at path: C:/OS_BEopt_GitHub/OpenStudio-Beopt/pat slab/StandardReports/resources/report.html.in
[openstudio.runmanager.RunManager] <-2> Looking at path: C:/OS_BEopt_GitHub/OpenStudio-Beopt/pat slab/scripts/StandardReports/resources/report.html.in
[openstudio.runmanager.RunManager] <-2> Looking at path: C:/OS_BEopt_GitHub/OpenStudio-Beopt/pat slab/report.html.in
[openstudio.runmanager.RunManager] <-2> Looking at path: C:/OS_BEopt_GitHub/OpenStudio-Beopt/pat slab/measure.rb
[openstudio.runmanager.RunManager] <-2> Looking at path: C:/OS_BEopt_GitHub/OpenStudio-Beopt/pat slab/StandardReports/measure.rb
[openstudio.runmanager.RunManager] <-2> Looking at path: C:/OS_BEopt_GitHub/OpenStudio-Beopt/pat slab/scripts/StandardReports/measure.rb
[openstudio.runmanager.RunManager] <-2> Looking at path: C:/OS_BEopt_GitHub/OpenStudio-Beopt/pat slab/UserScriptAdapter.rb
[openstudio.runmanager.RunManager] <-2> Looking at path: C:/OS_BEopt_GitHub/OpenStudio-Beopt/pat slab/rubyscripts/UserScriptAdapter.rb
[openstudio.runmanager.RunManager] <-2> Looking at path: C:/OS_BEopt_GitHub/OpenStudio-Beopt/pat slab/runmanager/rubyscripts/UserScriptAdapter.rb
[openstudio.runmanager.RunManager] <-2> Fixed up path from: C:/Program Files (x86)/OpenStudio 1.4.0/Ruby/openstudio/runmanager/rubyscripts/UserScriptAdapter.rb to C:/Program Files (x86)/OpenStudio 1.5.0/Ruby/openstudio/runmanager/rubyscripts/UserScriptAdapter.rb
[openstudio.runmanager.RunManager] <-1> Time to parse params for uuid: {344d641e-e83f-4127-9f02-4452f0444a9f} 3
[openstudio.runmanager.RunManager] <-2> Looking at path: C:/OS_BEopt_GitHub/OpenStudio-Beopt/pat slab/UserScriptAdapter.rb
[openstudio.runmanager.RunManager] <-2> Looking at path: C:/OS_BEopt_GitHub/OpenStudio-Beopt/pat slab/rubyscripts/UserScriptAdapter.rb
[openstudio.runmanager.RunManager] <-2> Looking at path: C:/OS_BEopt_GitHub/OpenStudio-Beopt/pat slab/runmanager/rubyscripts/UserScriptAdapter.rb
[openstudio.runmanager.RunManager] <-2> Looking at path: C:/OS_BEopt_GitHub/OpenStudio-Beopt/pat slab/measure.rb
[openstudio.runmanager.RunManager] <-2> Looking at path: C:/OS_BEopt_GitHub/OpenStudio-Beopt/pat slab/StandardReports/measure.rb
[openstudio.runmanager.RunManager] <-2> Looking at path: C:/OS_BEopt_GitHub/OpenStudio-Beopt/pat slab/scripts/StandardReports/measure.rb
[openstudio.runmanager.RunManager] <-2> Looking at path: C:/OS_BEopt_GitHub/OpenStudio-Beopt/pat slab/report.html.in
[openstudio.runmanager.RunManager] <-2> Looking at path: C:/OS_BEopt_GitHub/OpenStudio-Beopt/pat slab/resources/report.html.in
[openstudio.runmanager.RunManager] <-2> Looking at path: C:/OS_BEopt_GitHub/OpenStudio-Beopt/pat slab/StandardReports/resources/report.html.in
[openstudio.runmanager.RunManager] <-2> Looking at path: C:/OS_BEopt_GitHub/OpenStudio-Beopt/pat slab/scripts/StandardReports/resources/report.html.in
[openstudio.runmanager.RunManager] <-1> Time to parse files for uuid: {344d641e-e83f-4127-9f02-4452f0444a9f} 1
[openstudio.runmanager.RunManager] <-1> Time to load for uuid: {462e1d00-9c83-42a4-b00c-24a682aac80e} 0
[openstudio.runmanager.RunManager] <-1> Time to parse tools for uuid: {462e1d00-9c83-42a4-b00c-24a682aac80e} 0
[openstudio.runmanager.RunManager] <-1> Time to parse params for uuid: {462e1d00-9c83-42a4-b00c-24a682aac80e} 0
[openstudio.runmanager.RunManager] <-1> Time to parse files for uuid: {462e1d00-9c83-42a4-b00c-24a682aac80e} 0
[openstudio.runmanager.RunManager] <-2> WorkflowFound {9ecf666d-6f6f-4aba-8954-d8ce29f4d3bf} with uuid {0dd568ad-53da-4b92-8ba0-3eccbd389c54} deleting
[openstudio.project.ProjectDatabase] <-1> DB Message: cannot start a transaction within a transaction Unable to begin transaction
[openstudio.runmanager.RunManager] <-1> Time to load for uuid: {79488d3b-6400-48b9-bd4d-8fb81b44bc94} 0
[openstudio.runmanager.RunManager] <-1> Time to parse tools for uuid: {79488d3b-6400-48b9-bd4d-8fb81b44bc94} 0
[openstudio.runmanager.RunManager] <-2> Looking at path: C:/OS_BEopt_GitHub/OpenStudio-Beopt/pat slab/.idf
[openstudio.runmanager.RunManager] <-2> Looking at path: C:/OS_BEopt_GitHub/OpenStudio-Beopt/pat slab/.idf
[openstudio.runmanager.RunManager] <-2> Looking at path: C:/OS_BEopt_GitHub/OpenStudio-Beopt/pat slab/.osm
[openstudio.runmanager.RunManager] <-2> Looking at path: C:/OS_BEopt_GitHub/OpenStudio-Beopt/pat slab/Ruby
[openstudio.runmanager.RunManager] <-2> Looking at path: C:/OS_BEopt_GitHub/OpenStudio-Beopt/pat slab/OpenStudio 1.5.0/Ruby
[openstudio.runmanager.RunManager] <-2> Looking at path: C:/OS_BEopt_GitHub/OpenStudio-Beopt/pat slab/Program Files (x86)/OpenStudio 1.5.0/Ruby
[openstudio.runmanager.RunManager] <-2> Looking at path: C:/OS_BEopt_GitHub/OpenStudio-Beopt/pat slab/Program Files (x86)/OpenStudio 1.5.0/Ruby
[openstudio.runmanager.RunManager] <-2> Looking at path: C:/OS_BEopt_GitHub/OpenStudio-Beopt/pat slab/measure.rb
[openstudio.runmanager.RunManager] <-2> Looking at path: C:/OS_BEopt_GitHub/OpenStudio-Beopt/pat slab/ReportRequest/measure.rb
[openstudio.runmanager.RunManager] <-2> Looking at path: C:/OS_BEopt_GitHub/OpenStudio-Beopt/pat slab/scripts/ReportRequest/measure.rb
[openstudio.runmanager.RunManager] <-2> Looking at path: C:/OS_BEopt_GitHub/OpenStudio-Beopt/pat slab/measure.rb
[openstudio.runmanager.RunManager] <-2> Looking at path: C:/OS_BEopt_GitHub/OpenStudio-Beopt/pat slab/ReportRequest/measure.rb
[openstudio.runmanager.RunManager] <-2> Looking at path: C:/OS_BEopt_GitHub/OpenStudio-Beopt/pat slab/scripts/ReportRequest/measure.rb
[openstudio.runmanager.RunManager] <-2> Looking at path: C:/OS_BEopt_GitHub/OpenStudio-Beopt/pat slab/UserScriptAdapter.rb
[openstudio.runmanager.RunManager] <-2> Looking at path: C:/OS_BEopt_GitHub/OpenStudio-Beopt/pat slab/rubyscripts/UserScriptAdapter.rb
[openstudio.runmanager.RunManager] <-2> Looking at path: C:/OS_BEopt_GitHub/OpenStudio-Beopt/pat slab/runmanager/rubyscripts/UserScriptAdapter.rb
[openstudio.runmanager.RunManager] <-1> Time to parse params for uuid: {79488d3b-6400-48b9-bd4d-8fb81b44bc94} 2
[openstudio.runmanager.RunManager] <-2> Looking at path: C:/OS_BEopt_GitHub/OpenStudio-Beopt/pat slab/UserScriptAdapter.rb
[openstudio.runmanager.RunManager] <-2> Looking at path: C:/OS_BEopt_GitHub/OpenStudio-Beopt/pat slab/rubyscripts/UserScriptAdapter.rb
[openstudio.runmanager.RunManager] <-2> Looking at path: C:/OS_BEopt_GitHub/OpenStudio-Beopt/pat slab/runmanager/rubyscripts/UserScriptAdapter.rb
[openstudio.runmanager.RunManager] <-2> Looking at path: C:/OS_BEopt_GitHub/OpenStudio-Beopt/pat slab/measure.rb
[openstudio.runmanager.RunManager] <-2> Looking at path: C:/OS_BEopt_GitHub/OpenStudio-Beopt/pat slab/ReportRequest/measure.rb
[openstudio.runmanager.RunManager] <-2> Looking at path: C:/OS_BEopt_GitHub/OpenStudio-Beopt/pat slab/scripts/ReportRequest/measure.rb
[openstudio.runmanager.RunManager] <-1> Time to parse files for uuid: {79488d3b-6400-48b9-bd4d-8fb81b44bc94} 0
[openstudio.runmanager.RunManager] <-1> Time to load for uuid: {9e9598e3-e6c9-4c19-bad0-1aa304812c81} 0
[openstudio.runmanager.RunManager] <-1> Time to parse tools for uuid: {9e9598e3-e6c9-4c19-bad0-1aa304812c81} 0
[openstudio.runmanager.RunManager] <-1> Time to parse params for uuid: {9e9598e3-e6c9-4c19-bad0-1aa304812c81} 0
[openstudio.runmanager.RunManager] <-1> Time to parse files for uuid: {9e9598e3-e6c9-4c19-bad0-1aa304812c81} 0
[openstudio.runmanager.RunManager] <-1> Time to load for uuid: {a44fa95c-61ad-4a45-a41a-70edf2ec7d0c} 0
[openstudio.runmanager.RunManager] <-1> Time to parse tools for uuid: {a44fa95c-61ad-4a45-a41a-70edf2ec7d0c} 0
[openstudio.runmanager.RunManager] <-1> Time to parse params for uuid: {a44fa95c-61ad-4a45-a41a-70edf2ec7d0c} 0
[openstudio.runmanager.RunManager] <-1> Time to parse files for uuid: {a44fa95c-61ad-4a45-a41a-70edf2ec7d0c} 0
[openstudio.runmanager.RunManager] <-1> Time to load for uuid: {344d641e-e83f-4127-9f02-4452f0444a9f} 0
[openstudio.runmanager.RunManager] <-1> Time to parse tools for uuid: {344d641e-e83f-4127-9f02-4452f0444a9f} 0
[openstudio.runmanager.RunManager] <-2> Looking at path: C:/OS_BEopt_GitHub/OpenStudio-Beopt/pat slab/.idf
[openstudio.runmanager.RunManager] <-2> Looking at path: C:/OS_BEopt_GitHub/OpenStudio-Beopt/pat slab/.osm
[openstudio.runmanager.RunManager] <-2> Looking at path: C:/OS_BEopt_GitHub/OpenStudio-Beopt/pat slab/Ruby
[openstudio.runmanager.RunManager] <-2> Looking at path: C:/OS_BEopt_GitHub/OpenStudio-Beopt/pat slab/OpenStudio 1.4.0/Ruby
[openstudio.runmanager.RunManager] <-2> Looking at path: C:/OS_BEopt_GitHub/OpenStudio-Beopt/pat slab/Program Files (x86)/OpenStudio 1.4.0/Ruby
[openstudio.runmanager.RunManager] <-2> Looking at path: C:/OS_BEopt_GitHub/OpenStudio-Beopt/pat slab/Program Files (x86)/OpenStudio 1.4.0/Ruby
[openstudio.runmanager.RunManager] <-2> Looking at path: C:/OS_BEopt_GitHub/OpenStudio-Beopt/pat slab/measure.rb
[openstudio.runmanager.RunManager] <-2> Looking at path: C:/OS_BEopt_GitHub/OpenStudio-Beopt/pat slab/StandardReports/measure.rb
[openstudio.runmanager.RunManager] <-2> Looking at path: C:/OS_BEopt_GitHub/OpenStudio-Beopt/pat slab/scripts/StandardReports/measure.rb
[openstudio.runmanager.RunManager] <-2> Looking at path: C:/OS_BEopt_GitHub/OpenStudio-Beopt/pat slab/report.html.in
[openstudio.runmanager.RunManager] <-2> Looking at path: C:/OS_BEopt_GitHub/OpenStudio-Beopt/pat slab/resources/report.html.in
[openstudio.runmanager.RunManager] <-2> Looking at path: C:/OS_BEopt_GitHub/OpenStudio-Beopt/pat slab/StandardReports/resources/report.html.in
[openstudio.runmanager.RunManager] <-2> Looking at path: C:/OS_BEopt_GitHub/OpenStudio-Beopt/pat slab/scripts/StandardReports/resources/report.html.in
[openstudio.runmanager.RunManager] <-2> Looking at path: C:/OS_BEopt_GitHub/OpenStudio-Beopt/pat slab/report.html.in
[openstudio.runmanager.RunManager] <-2> Looking at path: C:/OS_BEopt_GitHub/OpenStudio-Beopt/pat slab/measure.rb
[openstudio.runmanager.RunManager] <-2> Looking at path: C:/OS_BEopt_GitHub/OpenStudio-Beopt/pat slab/StandardReports/measure.rb
[openstudio.runmanager.RunManager] <-2> Looking at path: C:/OS_BEopt_GitHub/OpenStudio-Beopt/pat slab/scripts/StandardReports/measure.rb
[openstudio.runmanager.RunManager] <-2> Looking at path: C:/OS_BEopt_GitHub/OpenStudio-Beopt/pat slab/UserScriptAdapter.rb
[openstudio.runmanager.RunManager] <-2> Looking at path: C:/OS_BEopt_GitHub/OpenStudio-Beopt/pat slab/rubyscripts/UserScriptAdapter.rb
[openstudio.runmanager.RunManager] <-2> Looking at path: C:/OS_BEopt_GitHub/OpenStudio-Beopt/pat slab/runmanager/rubyscripts/UserScriptAdapter.rb
[openstudio.runmanager.RunManager] <-2> Fixed up path from: C:/Program Files (x86)/OpenStudio 1.4.0/Ruby/openstudio/runmanager/rubyscripts/UserScriptAdapter.rb to C:/Program Files (x86)/OpenStudio 1.5.0/Ruby/openstudio/runmanager/rubyscripts/UserScriptAdapter.rb
[openstudio.runmanager.RunManager] <-1> Time to parse params for uuid: {344d641e-e83f-4127-9f02-4452f0444a9f} 2
[openstudio.runmanager.RunManager] <-2> Looking at path: C:/OS_BEopt_GitHub/OpenStudio-Beopt/pat slab/UserScriptAdapter.rb
[openstudio.runmanager.RunManager] <-2> Looking at path: C:/OS_BEopt_GitHub/OpenStudio-Beopt/pat slab/rubyscripts/UserScriptAdapter.rb
[openstudio.runmanager.RunManager] <-2> Looking at path: C:/OS_BEopt_GitHub/OpenStudio-Beopt/pat slab/runmanager/rubyscripts/UserScriptAdapter.rb
[openstudio.runmanager.RunManager] <-2> Looking at path: C:/OS_BEopt_GitHub/OpenStudio-Beopt/pat slab/measure.rb
[openstudio.runmanager.RunManager] <-2> Looking at path: C:/OS_BEopt_GitHub/OpenStudio-Beopt/pat slab/StandardReports/measure.rb
[openstudio.runmanager.RunManager] <-2> Looking at path: C:/OS_BEopt_GitHub/OpenStudio-Beopt/pat slab/scripts/StandardReports/measure.rb
[openstudio.runmanager.RunManager] <-2> Looking at path: C:/OS_BEopt_GitHub/OpenStudio-Beopt/pat slab/report.html.in
[openstudio.runmanager.RunManager] <-2> Looking at path: C:/OS_BEopt_GitHub/OpenStudio-Beopt/pat slab/resources/report.html.in
[openstudio.runmanager.RunManager] <-2> Looking at path: C:/OS_BEopt_GitHub/OpenStudio-Beopt/pat slab/StandardReports/resources/report.html.in
[openstudio.runmanager.RunManager] <-2> Looking at path: C:/OS_BEopt_GitHub/OpenStudio-Beopt/pat slab/scripts/StandardReports/resources/report.html.in
[openstudio.runmanager.RunManager] <-1> Time to parse files for uuid: {344d641e-e83f-4127-9f02-4452f0444a9f} 1
[openstudio.runmanager.RunManager] <-1> Time to load for uuid: {462e1d00-9c83-42a4-b00c-24a682aac80e} 0
[openstudio.runmanager.RunManager] <-1> Time to parse tools for uuid: {462e1d00-9c83-42a4-b00c-24a682aac80e} 0
[openstudio.runmanager.RunManager] <-1> Time to parse params for uuid: {462e1d00-9c83-42a4-b00c-24a682aac80e} 0
[openstudio.runmanager.RunManager] <-1> Time to parse files for uuid: {462e1d00-9c83-42a4-b00c-24a682aac80e} 0
[openstudio.runmanager.RunManager] <-1> Time to load for uuid: {79488d3b-6400-48b9-bd4d-8fb81b44bc94} 0
[openstudio.runmanager.RunManager] <-1> Time to parse tools for uuid: {79488d3b-6400-48b9-bd4d-8fb81b44bc94} 0
[openstudio.runmanager.RunManager] <-2> Looking at path: C:/OS_BEopt_GitHub/OpenStudio-Beopt/pat slab/.idf
[openstudio.runmanager.RunManager] <-2> Looking at path: C:/OS_BEopt_GitHub/OpenStudio-Beopt/pat slab/.idf
[openstudio.runmanager.RunManager] <-2> Looking at path: C:/OS_BEopt_GitHub/OpenStudio-Beopt/pat slab/.osm
[openstudio.runmanager.RunManager] <-2> Looking at path: C:/OS_BEopt_GitHub/OpenStudio-Beopt/pat slab/Ruby
[openstudio.runmanager.RunManager] <-2> Looking at path: C:/OS_BEopt_GitHub/OpenStudio-Beopt/pat slab/OpenStudio 1.5.0/Ruby
[openstudio.runmanager.RunManager] <-2> Looking at path: C:/OS_BEopt_GitHub/OpenStudio-Beopt/pat slab/Program Files (x86)/OpenStudio 1.5.0/Ruby
[openstudio.runmanager.RunManager] <-2> Looking at path: C:/OS_BEopt_GitHub/OpenStudio-Beopt/pat slab/Program Files (x86)/OpenStudio 1.5.0/Ruby
[openstudio.runmanager.RunManager] <-2> Looking at path: C:/OS_BEopt_GitHub/OpenStudio-Beopt/pat slab/measure.rb
[openstudio.runmanager.RunManager] <-2> Looking at path: C:/OS_BEopt_GitHub/OpenStudio-Beopt/pat slab/ReportRequest/measure.rb
[openstudio.runmanager.RunManager] <-2> Looking at path: C:/OS_BEopt_GitHub/OpenStudio-Beopt/pat slab/scripts/ReportRequest/measure.rb
[openstudio.runmanager.RunManager] <-2> Looking at path: C:/OS_BEopt_GitHub/OpenStudio-Beopt/pat slab/measure.rb
[openstudio.runmanager.RunManager] <-2> Looking at path: C:/OS_BEopt_GitHub/OpenStudio-Beopt/pat slab/ReportRequest/measure.rb
[openstudio.runmanager.RunManager] <-2> Looking at path: C:/OS_BEopt_GitHub/OpenStudio-Beopt/pat slab/scripts/ReportRequest/measure.rb
[openstudio.runmanager.RunManager] <-2> Looking at path: C:/OS_BEopt_GitHub/OpenStudio-Beopt/pat slab/UserScriptAdapter.rb
[openstudio.runmanager.RunManager] <-2> Looking at path: C:/OS_BEopt_GitHub/OpenStudio-Beopt/pat slab/rubyscripts/UserScriptAdapter.rb
[openstudio.runmanager.RunManager] <-2> Looking at path: C:/OS_BEopt_GitHub/OpenStudio-Beopt/pat slab/runmanager/rubyscripts/UserScriptAdapter.rb
[openstudio.runmanager.RunManager] <-1> Time to parse params for uuid: {79488d3b-6400-48b9-bd4d-8fb81b44bc94} 3
[openstudio.runmanager.RunManager] <-2> Looking at path: C:/OS_BEopt_GitHub/OpenStudio-Beopt/pat slab/UserScriptAdapter.rb
[openstudio.runmanager.RunManager] <-2> Looking at path: C:/OS_BEopt_GitHub/OpenStudio-Beopt/pat slab/rubyscripts/UserScriptAdapter.rb
[openstudio.runmanager.RunManager] <-2> Looking at path: C:/OS_BEopt_GitHub/OpenStudio-Beopt/pat slab/runmanager/rubyscripts/UserScriptAdapter.rb
[openstudio.runmanager.RunManager] <-2> Looking at path: C:/OS_BEopt_GitHub/OpenStudio-Beopt/pat slab/measure.rb
[openstudio.runmanager.RunManager] <-2> Looking at path: C:/OS_BEopt_GitHub/OpenStudio-Beopt/pat slab/ReportRequest/measure.rb
[openstudio.runmanager.RunManager] <-2> Looking at path: C:/OS_BEopt_GitHub/OpenStudio-Beopt/pat slab/scripts/ReportRequest/measure.rb
[openstudio.runmanager.RunManager] <-1> Time to parse files for uuid: {79488d3b-6400-48b9-bd4d-8fb81b44bc94} 1
[openstudio.runmanager.RunManager] <-1> Time to load for uuid: {9e9598e3-e6c9-4c19-bad0-1aa304812c81} 0
[openstudio.runmanager.RunManager] <-1> Time to parse tools for uuid: {9e9598e3-e6c9-4c19-bad0-1aa304812c81} 0
[openstudio.runmanager.RunManager] <-1> Time to parse params for uuid: {9e9598e3-e6c9-4c19-bad0-1aa304812c81} 0
[openstudio.runmanager.RunManager] <-1> Time to parse files for uuid: {9e9598e3-e6c9-4c19-bad0-1aa304812c81} 0
[openstudio.runmanager.RunManager] <-1> Time to load for uuid: {a44fa95c-61ad-4a45-a41a-70edf2ec7d0c} 0
[openstudio.runmanager.RunManager] <-1> Time to parse tools for uuid: {a44fa95c-61ad-4a45-a41a-70edf2ec7d0c} 0
[openstudio.runmanager.RunManager] <-1> Time to parse params for uuid: {a44fa95c-61ad-4a45-a41a-70edf2ec7d0c} 0
[openstudio.runmanager.RunManager] <-1> Time to parse files for uuid: {a44fa95c-61ad-4a45-a41a-70edf2ec7d0c} 0
[openstudio.runmanager.RunManager] <-1> Time to load for uuid: {344d641e-e83f-4127-9f02-4452f0444a9f} 0
[openstudio.runmanager.RunManager] <-1> Time to parse tools for uuid: {344d641e-e83f-4127-9f02-4452f0444a9f} 0
[openstudio.runmanager.RunManager] <-2> Looking at path: C:/OS_BEopt_GitHub/OpenStudio-Beopt/pat slab/.idf
[openstudio.runmanager.RunManager] <-2> Looking at path: C:/OS_BEopt_GitHub/OpenStudio-Beopt/pat slab/.osm
[openstudio.runmanager.RunManager] <-2> Looking at path: C:/OS_BEopt_GitHub/OpenStudio-Beopt/pat slab/Ruby
[openstudio.runmanager.RunManager] <-2> Looking at path: C:/OS_BEopt_GitHub/OpenStudio-Beopt/pat slab/OpenStudio 1.4.0/Ruby
[openstudio.runmanager.RunManager] <-2> Looking at path: C:/OS_BEopt_GitHub/OpenStudio-Beopt/pat slab/Program Files (x86)/OpenStudio 1.4.0/Ruby
[openstudio.runmanager.RunManager] <-2> Looking at path: C:/OS_BEopt_GitHub/OpenStudio-Beopt/pat slab/Program Files (x86)/OpenStudio 1.4.0/Ruby
[openstudio.runmanager.RunManager] <-2> Looking at path: C:/OS_BEopt_GitHub/OpenStudio-Beopt/pat slab/measure.rb
[openstudio.runmanager.RunManager] <-2> Looking at path: C:/OS_BEopt_GitHub/OpenStudio-Beopt/pat slab/StandardReports/measure.rb
[openstudio.runmanager.RunManager] <-2> Looking at path: C:/OS_BEopt_GitHub/OpenStudio-Beopt/pat slab/scripts/StandardReports/measure.rb
[openstudio.runmanager.RunManager] <-2> Looking at path: C:/OS_BEopt_GitHub/OpenStudio-Beopt/pat slab/report.html.in
[openstudio.runmanager.RunManager] <-2> Looking at path: C:/OS_BEopt_GitHub/OpenStudio-Beopt/pat slab/resources/report.html.in
[openstudio.runmanager.RunManager] <-2> Looking at path: C:/OS_BEopt_GitHub/OpenStudio-Beopt/pat slab/StandardReports/resources/report.html.in
[openstudio.runmanager.RunManager] <-2> Looking at path: C:/OS_BEopt_GitHub/OpenStudio-Beopt/pat slab/scripts/StandardReports/resources/report.html.in
[openstudio.runmanager.RunManager] <-2> Looking at path: C:/OS_BEopt_GitHub/OpenStudio-Beopt/pat slab/report.html.in
[openstudio.runmanager.RunManager] <-2> Looking at path: C:/OS_BEopt_GitHub/OpenStudio-Beopt/pat slab/measure.rb
[openstudio.runmanager.RunManager] <-2> Looking at path: C:/OS_BEopt_GitHub/OpenStudio-Beopt/pat slab/StandardReports/measure.rb
[openstudio.runmanager.RunManager] <-2> Looking at path: C:/OS_BEopt_GitHub/OpenStudio-Beopt/pat slab/scripts/StandardReports/measure.rb
[openstudio.runmanager.RunManager] <-2> Looking at path: C:/OS_BEopt_GitHub/OpenStudio-Beopt/pat slab/UserScriptAdapter.rb
[openstudio.runmanager.RunManager] <-2> Looking at path: C:/OS_BEopt_GitHub/OpenStudio-Beopt/pat slab/rubyscripts/UserScriptAdapter.rb
[openstudio.runmanager.RunManager] <-2> Looking at path: C:/OS_BEopt_GitHub/OpenStudio-Beopt/pat slab/runmanager/rubyscripts/UserScriptAdapter.rb
[openstudio.runmanager.RunManager] <-2> Fixed up path from: C:/Program Files (x86)/OpenStudio 1.4.0/Ruby/openstudio/runmanager/rubyscripts/UserScriptAdapter.rb to C:/Program Files (x86)/OpenStudio 1.5.0/Ruby/openstudio/runmanager/rubyscripts/UserScriptAdapter.rb
[openstudio.runmanager.RunManager] <-1> Time to parse params for uuid: {344d641e-e83f-4127-9f02-4452f0444a9f} 3
[openstudio.runmanager.RunManager] <-2> Looking at path: C:/OS_BEopt_GitHub/OpenStudio-Beopt/pat slab/UserScriptAdapter.rb
[openstudio.runmanager.RunManager] <-2> Looking at path: C:/OS_BEopt_GitHub/OpenStudio-Beopt/pat slab/rubyscripts/UserScriptAdapter.rb
[openstudio.runmanager.RunManager] <-2> Looking at path: C:/OS_BEopt_GitHub/OpenStudio-Beopt/pat slab/runmanager/rubyscripts/UserScriptAdapter.rb
[openstudio.runmanager.RunManager] <-2> Looking at path: C:/OS_BEopt_GitHub/OpenStudio-Beopt/pat slab/measure.rb
[openstudio.runmanager.RunManager] <-2> Looking at path: C:/OS_BEopt_GitHub/OpenStudio-Beopt/pat slab/StandardReports/measure.rb
[openstudio.runmanager.RunManager] <-2> Looking at path: C:/OS_BEopt_GitHub/OpenStudio-Beopt/pat slab/scripts/StandardReports/measure.rb
[openstudio.runmanager.RunManager] <-2> Looking at path: C:/OS_BEopt_GitHub/OpenStudio-Beopt/pat slab/report.html.in
[openstudio.runmanager.RunManager] <-2> Looking at path: C:/OS_BEopt_GitHub/OpenStudio-Beopt/pat slab/resources/report.html.in
[openstudio.runmanager.RunManager] <-2> Looking at path: C:/OS_BEopt_GitHub/OpenStudio-Beopt/pat slab/StandardReports/resources/report.html.in
[openstudio.runmanager.RunManager] <-2> Looking at path: C:/OS_BEopt_GitHub/OpenStudio-Beopt/pat slab/scripts/StandardReports/resources/report.html.in
[openstudio.runmanager.RunManager] <-1> Time to parse files for uuid: {344d641e-e83f-4127-9f02-4452f0444a9f} 1
[openstudio.runmanager.RunManager] <-1> Time to load for uuid: {462e1d00-9c83-42a4-b00c-24a682aac80e} 0
[openstudio.runmanager.RunManager] <-1> Time to parse tools for uuid: {462e1d00-9c83-42a4-b00c-24a682aac80e} 0
[openstudio.runmanager.RunManager] <-1> Time to parse params for uuid: {462e1d00-9c83-42a4-b00c-24a682aac80e} 0
[openstudio.runmanager.RunManager] <-1> Time to parse files for uuid: {462e1d00-9c83-42a4-b00c-24a682aac80e} 0
[openstudio.runmanager.RunManager] <-2> WorkflowFound {b9be0f19-8aed-45a3-a58d-1f7e6d36fdc5} with uuid {79488d3b-6400-48b9-bd4d-8fb81b44bc94} deleting
[openstudio.runmanager.Workflow] <-2> creating workflow
[openstudio.runmanager.Job_Impl] <-2> Returning previously saved outputfiles
[openstudio.runmanager.RunManager] <-2> (C:/OS_BEopt_GitHub/OpenStudio-Beopt/pat slab/run.db) Persisting job status for {c4355005-a451-459b-a660-25129aa73917}
[openstudio.runmanager.RunManager] <-2> Deleted previous data job status for {c4355005-a451-459b-a660-25129aa73917}
[openstudio.runmanager.RunManager] <-2> Not persisting, job has not actually finished {c4355005-a451-459b-a660-25129aa73917}
[openstudio.runmanager.Job_Impl] <-2> Returning previously saved outputfiles
[openstudio.runmanager.RunManager] <-2> (C:/OS_BEopt_GitHub/OpenStudio-Beopt/pat slab/run.db) Persisting job status for {2c294ce1-955b-4de8-95d9-c3ed46e5aa53}
[openstudio.runmanager.RunManager] <-2> Deleted previous data job status for {2c294ce1-955b-4de8-95d9-c3ed46e5aa53}
[openstudio.runmanager.RunManager] <-2> Not persisting, job has not actually finished {2c294ce1-955b-4de8-95d9-c3ed46e5aa53}
[openstudio.runmanager.Workflow] <-2> creating workflow
[openstudio.runmanager.Workflow] <-2> Workflow contains file C:/Program Files (x86)/OpenStudio 1.5.0/Ruby/openstudio/runmanager/rubyscripts/UserScriptAdapter.rb
[openstudio.runmanager.RunManager] <-1> Time to load for uuid: {c4355005-a451-459b-a660-25129aa73917} 0
[openstudio.runmanager.RunManager] <-1> Time to parse tools for uuid: {c4355005-a451-459b-a660-25129aa73917} 0
[openstudio.runmanager.RunManager] <-1> Time to parse params for uuid: {c4355005-a451-459b-a660-25129aa73917} 0
[openstudio.runmanager.RunManager] <-1> Time to parse files for uuid: {c4355005-a451-459b-a660-25129aa73917} 0
[openstudio.runmanager.RunManager] <-1> Time to load for uuid: {2c294ce1-955b-4de8-95d9-c3ed46e5aa53} 0
[openstudio.runmanager.RunManager] <-1> Time to parse tools for uuid: {2c294ce1-955b-4de8-95d9-c3ed46e5aa53} 0
[openstudio.runmanager.RunManager] <-1> Time to parse params for uuid: {2c294ce1-955b-4de8-95d9-c3ed46e5aa53} 0
[openstudio.runmanager.RunManager] <-1> Time to parse files for uuid: {2c294ce1-955b-4de8-95d9-c3ed46e5aa53} 0
[openstudio.runmanager.RunManager] <-2> Persisting JobFile C:/Program Files (x86)/OpenStudio 1.5.0/Ruby/openstudio/runmanager/rubyscripts/UserScriptAdapter.rb
[openstudio.runmanager.RunManager] <-2> Persisting RequiredFile file:///C:/OS_BEopt_GitHub/OpenStudio-Beopt/pat slab/scripts/ReportRequest/measure.rb to user_script.rb
[openstudio.runmanager.Job_Impl] <-2> Returning previously saved outputfiles
[openstudio.runmanager.RunManager] <-2> (C:/OS_BEopt_GitHub/OpenStudio-Beopt/pat slab/run.db) Persisting job status for {c0196713-9ae7-4ee0-9042-c9ed30f32d90}
[openstudio.runmanager.RunManager] <-2> Deleted previous data job status for {c0196713-9ae7-4ee0-9042-c9ed30f32d90}
[openstudio.runmanager.RunManager] <-2> Not persisting, job has not actually finished {c0196713-9ae7-4ee0-9042-c9ed30f32d90}
[openstudio.runmanager.Job_Impl] <-2> Returning previously saved outputfiles
[openstudio.runmanager.RunManager] <-2> (C:/OS_BEopt_GitHub/OpenStudio-Beopt/pat slab/run.db) Persisting job status for {40f2e900-e410-4d9b-bfb9-cffe74f1bebc}
[openstudio.runmanager.RunManager] <-2> Deleted previous data job status for {40f2e900-e410-4d9b-bfb9-cffe74f1bebc}
[openstudio.runmanager.RunManager] <-2> Not persisting, job has not actually finished {40f2e900-e410-4d9b-bfb9-cffe74f1bebc}
[openstudio.runmanager.Job_Impl] <-2> Returning previously saved outputfiles
[openstudio.runmanager.RunManager] <-2> (C:/OS_BEopt_GitHub/OpenStudio-Beopt/pat slab/run.db) Persisting job status for {b08adc13-98cd-4c1e-8bc1-e67067aaec0a}
[openstudio.runmanager.RunManager] <-2> Deleted previous data job status for {b08adc13-98cd-4c1e-8bc1-e67067aaec0a}
[openstudio.runmanager.RunManager] <-2> Not persisting, job has not actually finished {b08adc13-98cd-4c1e-8bc1-e67067aaec0a}
[openstudio.runmanager.RunManager] <-2> Persisting JobFile C:/Program Files (x86)/OpenStudio 1.5.0/Ruby/openstudio/runmanager/rubyscripts/UserScriptAdapter.rb
[openstudio.runmanager.RunManager] <-2> Persisting RequiredFile file:///C:/OS_BEopt_GitHub/OpenStudio-Beopt/pat slab/scripts/StandardReports/measure.rb to user_script.rb
[openstudio.runmanager.RunManager] <-2> Persisting RequiredFile file:///C:/OS_BEopt_GitHub/OpenStudio-Beopt/pat slab/scripts/StandardReports/resources/report.html.in to resources/report.html.in
[openstudio.runmanager.Job_Impl] <-2> Returning previously saved outputfiles
[openstudio.runmanager.RunManager] <-2> (C:/OS_BEopt_GitHub/OpenStudio-Beopt/pat slab/run.db) Persisting job status for {4a994ef3-8e52-4ce6-ac27-fc12d41df0d9}
[openstudio.runmanager.RunManager] <-2> Deleted previous data job status for {4a994ef3-8e52-4ce6-ac27-fc12d41df0d9}
[openstudio.runmanager.RunManager] <-2> Not persisting, job has not actually finished {4a994ef3-8e52-4ce6-ac27-fc12d41df0d9}
[openstudio.runmanager.Job_Impl] <-2> Returning previously saved outputfiles
[openstudio.runmanager.RunManager] <-2> (C:/OS_BEopt_GitHub/OpenStudio-Beopt/pat slab/run.db) Persisting job status for {d9f3f9f5-ca6d-427a-b76c-af2626b88af5}
[openstudio.runmanager.RunManager] <-2> Deleted previous data job status for {d9f3f9f5-ca6d-427a-b76c-af2626b88af5}
[openstudio.runmanager.RunManager] <-2> Not persisting, job has not actually finished {d9f3f9f5-ca6d-427a-b76c-af2626b88af5}
[openstudio.project.ProjectDatabase] <-1> DB Message: cannot start a transaction within a transaction Unable to begin transaction
[openstudio.project.ProjectDatabase] <-1> DB Message: cannot start a transaction within a transaction Unable to begin transaction
[openstudio.project.ProjectDatabase] <-1> DB Message: cannot start a transaction within a transaction Unable to begin transaction
[openstudio.project.ProjectDatabase] <-1> DB Message: cannot start a transaction within a transaction Unable to begin transaction
[openstudio.project.ProjectDatabase] <-1> DB Message: cannot start a transaction within a transaction Unable to begin transaction
[openstudio.project.ProjectDatabase] <-1> DB Message: cannot start a transaction within a transaction Unable to begin transaction
[openstudio.project.ProjectDatabase] <-1> DB Message: cannot start a transaction within a transaction Unable to begin transaction
[openstudio.project.ProjectDatabase] <-1> DB Message: cannot start a transaction within a transaction Unable to begin transaction
[openstudio.project.ProjectDatabase] <-1> DB Message: cannot start a transaction within a transaction Unable to begin transaction
[openstudio.project.ProjectDatabase] <-1> DB Message: cannot start a transaction within a transaction Unable to begin transaction
