[openstudio.runmanager.RunManager] <-1> Time to load for uuid: {dcfc2114-aa76-46f3-a2ed-6acb94494153} 0
[openstudio.runmanager.RunManager] <-1> Time to parse tools for uuid: {dcfc2114-aa76-46f3-a2ed-6acb94494153} 0
[openstudio.runmanager.RunManager] <-1> Time to parse params for uuid: {dcfc2114-aa76-46f3-a2ed-6acb94494153} 0
[openstudio.runmanager.RunManager] <-1> Time to parse files for uuid: {dcfc2114-aa76-46f3-a2ed-6acb94494153} 0
[openstudio.runmanager.RunManager] <-1> Time to load for uuid: {871a0ac9-12e8-4bab-86a3-199fd8d23c13} 0
[openstudio.runmanager.RunManager] <-1> Time to parse tools for uuid: {871a0ac9-12e8-4bab-86a3-199fd8d23c13} 0
[openstudio.runmanager.RunManager] <-1> Time to parse params for uuid: {871a0ac9-12e8-4bab-86a3-199fd8d23c13} 0
[openstudio.runmanager.RunManager] <-1> Time to parse files for uuid: {871a0ac9-12e8-4bab-86a3-199fd8d23c13} 0
[openstudio.runmanager.RunManager] <-1> Time to load for uuid: {3de067ed-cabb-4385-8923-49e95260e30f} 0
[openstudio.runmanager.RunManager] <-1> Time to parse tools for uuid: {3de067ed-cabb-4385-8923-49e95260e30f} 0
[openstudio.runmanager.RunManager] <-1> Time to parse params for uuid: {3de067ed-cabb-4385-8923-49e95260e30f} 0
[openstudio.runmanager.RunManager] <-1> Time to parse files for uuid: {3de067ed-cabb-4385-8923-49e95260e30f} 0
[openstudio.runmanager.RunManager] <-1> Time to load for uuid: {bde3f09f-64b3-4b93-8b8f-125c5bd4fdfa} 0
[openstudio.runmanager.RunManager] <-1> Time to parse tools for uuid: {bde3f09f-64b3-4b93-8b8f-125c5bd4fdfa} 0
[openstudio.runmanager.RunManager] <-1> Time to parse params for uuid: {bde3f09f-64b3-4b93-8b8f-125c5bd4fdfa} 0
[openstudio.runmanager.RunManager] <-1> Time to parse files for uuid: {bde3f09f-64b3-4b93-8b8f-125c5bd4fdfa} 0
[openstudio.runmanager.RunManager] <-1> Time to load for uuid: {41f31063-efe8-4d66-89dc-67ff6135f7f4} 0
[openstudio.runmanager.RunManager] <-1> Time to parse tools for uuid: {41f31063-efe8-4d66-89dc-67ff6135f7f4} 0
[openstudio.runmanager.RunManager] <-1> Time to parse params for uuid: {41f31063-efe8-4d66-89dc-67ff6135f7f4} 0
[openstudio.runmanager.RunManager] <-1> Time to parse files for uuid: {41f31063-efe8-4d66-89dc-67ff6135f7f4} 0
